Trial 11 finished with value: 0.35464795973355545 and parameters: {'lambda': 618.6922950113895, 'kappa': 2.3731805084721884}. Best is trial 10 with value: 0.3546479597335557.
Trial 12 finished with value: -0.5639019236906884 and parameters: {'lambda': 1137.2136429924706, 'kappa': 2.3498615318795473}. Best is trial 10 with value: 0.3546479597335557.
Trial 13 finished with value: 0.3546479597335555 and parameters: {'lambda': 539.6896907896688, 'kappa': 2.949078774567327}. Best is trial 10 with value: 0.3546479597335557.
Trial 14 finished with value: 0.35464795973355545 and parameters: {'lambda': 997.0283057518049, 'kappa': 1.0411523272835173}. Best is trial 10 with value: 0.3546479597335557.
Trial 15 finished with value: 0.35464795973355545 and parameters: {'lambda': 1931.1367191612144, 'kappa': 2.1121105028305935}. Best is trial 10 with value: 0.3546479597335557.
Trial 16 finished with value: 0.35464795973355545 and parameters: {'lambda': 671.5832567251399, 'kappa': 2.672811152226558}. Best is trial 10 with value: 0.3546479597335557.
Trial 17 finished with value: 0.3546479597335555 and parameters: {'lambda': 453.6296069042539, 'kappa': 3.356841072333643}. Best is trial 10 with value: 0.3546479597335557.
Trial 18 finished with value: 0.35464795973355545 and parameters: {'lambda': 1344.8933754689238, 'kappa': 2.576164566873109}. Best is trial 10 with value: 0.3546479597335557.
Trial 19 finished with value: -0.0640276764497735 and parameters: {'lambda': 896.0093466557214, 'kappa': 2.181949891407493}. Best is trial 10 with value: 0.3546479597335557.
Trial 20 finished with value: 0.3546479597335555 and parameters: {'lambda': 260.8604671712654, 'kappa': 1.1175345209635106}. Best is trial 10 with value: 0.3546479597335557.
Trial 21 finished with value: 0.3546479597335555 and parameters: {'lambda': 523.4398038169871, 'kappa': 2.9726101873753463}. Best is trial 10 with value: 0.3546479597335557.
Trial 22 finished with value: -0.3195983941617627 and parameters: {'lambda': 780.1595065382437, 'kappa': 3.306377830648519}. Best is trial 10 with value: 0.3546479597335557.
Trial 23 finished with value: 0.3546479597335555 and parameters: {'lambda': 568.1458136140953, 'kappa': 2.869311720480847}. Best is trial 10 with value: 0.3546479597335557.
Trial 24 finished with value: -0.1360215764765951 and parameters: {'lambda': 224.7809486792063, 'kappa': 1.9376667011437876}. Best is trial 10 with value: 0.3546479597335557.
Trial 25 finished with value: 0.3546479597335555 and parameters: {'lambda': 466.05619298939877, 'kappa': 3.0949468812918868}. Best is trial 10 with value: 0.3546479597335557.
Trial 26 finished with value: -0.26358030151950573 and parameters: {'lambda': 696.261868497025, 'kappa': 3.606485673350474}. Best is trial 10 with value: 0.3546479597335557.
Trial 27 finished with value: -0.18840459344798033 and parameters: {'lambda': 1001.8502188109624, 'kappa': 2.441016049888713}. Best is trial 10 with value: 0.3546479597335557.
Trial 28 finished with value: -0.4102748972072546 and parameters: {'lambda': 881.9902843716534, 'kappa': 2.629156030172865}. Best is trial 10 with value: 0.3546479597335557.
Trial 29 finished with value: -0.1969881354744564 and parameters: {'lambda': 723.4507309730317, 'kappa': 2.7587562820678646}. Best is trial 10 with value: 0.3546479597335557.
Optuna best λ=634.9561, κ=2.220943325373505, Sharpe=0.3546
A new study created in memory with name: no-name-4591f548-5441-4b5a-8a67-07ca338d639b
Trial 0 finished with value: -0.03750719528083571 and parameters: {'lambda': 759.7853498839952, 'kappa': 3.9691811987040015}. Best is trial 0 with value: -0.03750719528083571.
Trial 1 finished with value: 0.12809514348655535 and parameters: {'lambda': 1465.8673507626895, 'kappa': 2.869673679819506}. Best is trial 1 with value: 0.12809514348655535.
Trial 2 finished with value: -0.430972598430061 and parameters: {'lambda': 328.1377557200871, 'kappa': 1.487187364027523}. Best is trial 1 with value: 0.12809514348655535.
Trial 3 finished with value: -0.0981398210749334 and parameters: {'lambda': 134.68574520140024, 'kappa': 3.705159593645523}. Best is trial 1 with value: 0.12809514348655535.
Trial 4 finished with value: 0.12809514348655535 and parameters: {'lambda': 1207.3409317440553, 'kappa': 3.2113854510604285}. Best is trial 1 with value: 0.12809514348655535.
Trial 5 finished with value: -0.8338403184728609 and parameters: {'lambda': 60.6133742333842, 'kappa': 4.029130915629118}. Best is trial 1 with value: 0.12809514348655535.
Trial 6 finished with value: 0.12809514348655535 and parameters: {'lambda': 1664.2846394063226, 'kappa': 1.6631574710979753}. Best is trial 1 with value: 0.12809514348655535.
Trial 7 finished with value: -0.4819951883467355 and parameters: {'lambda': 379.11324308858104, 'kappa': 1.5727916564869089}. Best is trial 1 with value: 0.12809514348655535.
Trial 8 finished with value: -0.5515416662085321 and parameters: {'lambda': 620.9252743284724, 'kappa': 2.638869763709691}. Best is trial 1 with value: 0.12809514348655535.
Trial 9 finished with value: 0.06280200502849861 and parameters: {'lambda': 873.1778048064807, 'kappa': 1.9095393660962992}. Best is trial 1 with value: 0.12809514348655535.
Trial 10 finished with value: 0.12809514348655535 and parameters: {'lambda': 1936.5795254032687, 'kappa': 2.4782512203936142}. Best is trial 1 with value: 0.12809514348655535.
Trial 11 finished with value: 0.12809514348655535 and parameters: {'lambda': 1390.2252518943073, 'kappa': 3.18332783541338}. Best is trial 1 with value: 0.12809514348655535.
Trial 12 finished with value: 0.12809514348655535 and parameters: {'lambda': 1284.3256456958843, 'kappa': 3.155714518529925}. Best is trial 1 with value: 0.12809514348655535.
Trial 13 finished with value: 0.12809514348655535 and parameters: {'lambda': 1241.1722695690644, 'kappa': 3.021337815946988}. Best is trial 1 with value: 0.12809514348655535.
Trial 14 finished with value: 0.12809514348655535 and parameters: {'lambda': 1567.8638086019419, 'kappa': 2.1855441481340363}. Best is trial 1 with value: 0.12809514348655535.
Trial 15 finished with value: -0.03750719528083571 and parameters: {'lambda': 1141.6398330287896, 'kappa': 3.4226504092668155}. Best is trial 1 with value: 0.12809514348655535.
Trial 16 finished with value: 0.12809514348655535 and parameters: {'lambda': 1798.7518030151937, 'kappa': 2.6871233931365808}. Best is trial 1 with value: 0.12809514348655535.
Trial 17 finished with value: -0.03750719528083571 and parameters: {'lambda': 971.8471135857591, 'kappa': 3.5210584037895685}. Best is trial 1 with value: 0.12809514348655535.
Trial 18 finished with value: 0.12809514348655535 and parameters: {'lambda': 1463.2644939284787, 'kappa': 2.847890491959081}. Best is trial 1 with value: 0.12809514348655535.
Trial 19 finished with value: 0.05093911992338039 and parameters: {'lambda': 1103.0929973510547, 'kappa': 2.2347208910546077}. Best is trial 1 with value: 0.12809514348655535.
Trial 20 finished with value: 0.12809514348655535 and parameters: {'lambda': 1670.218171188245, 'kappa': 1.0823503127445389}. Best is trial 1 with value: 0.12809514348655535.
Trial 21 finished with value: 0.12809514348655535 and parameters: {'lambda': 1804.261315957426, 'kappa': 2.3795644956684163}. Best is trial 1 with value: 0.12809514348655535.
Trial 22 finished with value: 0.12809514348655535 and parameters: {'lambda': 1629.6967826907173, 'kappa': 1.104892266180197}. Best is trial 1 with value: 0.12809514348655535.
Trial 23 finished with value: 0.12809514348655535 and parameters: {'lambda': 1399.5072184544717, 'kappa': 1.8558208467023807}. Best is trial 1 with value: 0.12809514348655535.
Trial 24 finished with value: 0.12809514348655535 and parameters: {'lambda': 1962.4761132743597, 'kappa': 2.8720401051615}. Best is trial 1 with value: 0.12809514348655535.
Trial 25 finished with value: 0.12809514348655535 and parameters: {'lambda': 1482.6981312366265, 'kappa': 3.211900005641687}. Best is trial 1 with value: 0.12809514348655535.
Trial 26 finished with value: 0.12809514348655535 and parameters: {'lambda': 1277.6242602859804, 'kappa': 3.4357071359018256}. Best is trial 1 with value: 0.12809514348655535.
Trial 27 finished with value: 0.12809514348655535 and parameters: {'lambda': 1740.7367296028574, 'kappa': 1.9682790081244042}. Best is trial 1 with value: 0.12809514348655535.
Trial 28 finished with value: 0.18341333584121147 and parameters: {'lambda': 1074.196407294737, 'kappa': 1.407321078454788}. Best is trial 28 with value: 0.18341333584121147.
Trial 29 finished with value: -0.03750719528083571 and parameters: {'lambda': 691.5357705800199, 'kappa': 3.747127202931212}. Best is trial 28 with value: 0.18341333584121147.
Optuna best λ=1074.1964, κ=1.407321078454788, Sharpe=0.1834
A new study created in memory with name: no-name-ef0992f2-59c6-417f-9a49-85dffc99259f
Trial 0 finished with value: 0.32328891964402984 and parameters: {'lambda': 759.7853498839952, 'kappa': 3.9691811987040015}. Best is trial 0 with value: 0.32328891964402984.
Trial 1 finished with value: 0.005000473645840939 and parameters: {'lambda': 1465.8673507626895, 'kappa': 2.869673679819506}. Best is trial 0 with value: 0.32328891964402984.
Trial 2 finished with value: 0.4253936070862152 and parameters: {'lambda': 328.1377557200871, 'kappa': 1.487187364027523}. Best is trial 2 with value: 0.4253936070862152.
Trial 3 finished with value: 1.034577381959221 and parameters: {'lambda': 134.68574520140024, 'kappa': 3.705159593645523}. Best is trial 3 with value: 1.034577381959221.
Trial 4 finished with value: 0.005000473645840939 and parameters: {'lambda': 1207.3409317440553, 'kappa': 3.2113854510604285}. Best is trial 3 with value: 1.034577381959221.
Trial 5 finished with value: 0.41739859586533656 and parameters: {'lambda': 60.6133742333842, 'kappa': 4.029130915629118}. Best is trial 3 with value: 1.034577381959221.
Trial 6 finished with value: 0.005000473645840939 and parameters: {'lambda': 1664.2846394063226, 'kappa': 1.6631574710979753}. Best is trial 3 with value: 1.034577381959221.
Trial 7 finished with value: 0.04793858603870789 and parameters: {'lambda': 379.11324308858104, 'kappa': 1.5727916564869089}. Best is trial 3 with value: 1.034577381959221.
Trial 8 finished with value: 0.5249032322949173 and parameters: {'lambda': 620.9252743284724, 'kappa': 2.638869763709691}. Best is trial 3 with value: 1.034577381959221.
Trial 9 finished with value: 0.00500047364584104 and parameters: {'lambda': 873.1778048064807, 'kappa': 1.9095393660962992}. Best is trial 3 with value: 1.034577381959221.
Trial 10 finished with value: 0.005000473645840939 and parameters: {'lambda': 1886.8899990604687, 'kappa': 3.4270596555033017}. Best is trial 3 with value: 1.034577381959221.
Trial 11 finished with value: 0.5741199682586354 and parameters: {'lambda': 538.6026346880678, 'kappa': 2.3497775522740345}. Best is trial 3 with value: 1.034577381959221.
Trial 12 finished with value: 0.43802433391749357 and parameters: {'lambda': 38.17784474997448, 'kappa': 2.1467475420513855}. Best is trial 3 with value: 1.034577381959221.
Trial 13 finished with value: 0.38513970529186065 and parameters: {'lambda': 476.48337189093377, 'kappa': 2.3021229995289887}. Best is trial 3 with value: 1.034577381959221.
Trial 14 finished with value: 0.005000473645840939 and parameters: {'lambda': 1101.5497235715259, 'kappa': 1.0411523272835173}. Best is trial 3 with value: 1.034577381959221.
Trial 15 finished with value: 0.5429866536911705 and parameters: {'lambda': 243.25655156751037, 'kappa': 3.4226504092668155}. Best is trial 3 with value: 1.034577381959221.
Trial 16 finished with value: 0.5377403439975275 and parameters: {'lambda': 632.6423877783049, 'kappa': 2.9763897065573106}. Best is trial 3 with value: 1.034577381959221.
Trial 17 finished with value: 0.4706473763366713 and parameters: {'lambda': 233.05317407241927, 'kappa': 2.4416819894620114}. Best is trial 3 with value: 1.034577381959221.
Trial 18 finished with value: 0.00500047364584065 and parameters: {'lambda': 909.9413110390899, 'kappa': 3.6462053162658696}. Best is trial 3 with value: 1.034577381959221.
Trial 19 finished with value: 0.6062195382328737 and parameters: {'lambda': 547.3426771678813, 'kappa': 2.7240362558684192}. Best is trial 3 with value: 1.034577381959221.
Trial 20 finished with value: 0.005000473645840939 and parameters: {'lambda': 1309.8360941711126, 'kappa': 3.746424802485941}. Best is trial 3 with value: 1.034577381959221.
Trial 21 finished with value: 0.655539155085559 and parameters: {'lambda': 513.7843178880928, 'kappa': 2.7250787575864144}. Best is trial 3 with value: 1.034577381959221.
Trial 22 finished with value: 0.28697019173303445 and parameters: {'lambda': 183.14618554745135, 'kappa': 2.9554581802632174}. Best is trial 3 with value: 1.034577381959221.
Trial 23 finished with value: 0.6745809813535468 and parameters: {'lambda': 431.00689079260746, 'kappa': 2.756452250727644}. Best is trial 3 with value: 1.034577381959221.
Trial 24 finished with value: 0.2204793271113057 and parameters: {'lambda': 773.7864004305127, 'kappa': 3.3165318665992647}. Best is trial 3 with value: 1.034577381959221.
Trial 25 finished with value: 0.4531196441543473 and parameters: {'lambda': 392.2070600732741, 'kappa': 3.178103093738386}. Best is trial 3 with value: 1.034577381959221.
Trial 26 finished with value: 0.5347739422143661 and parameters: {'lambda': 139.76968133873874, 'kappa': 2.0695935859629966}. Best is trial 3 with value: 1.034577381959221.
Trial 27 finished with value: 0.43330735308062784 and parameters: {'lambda': 721.7208091908877, 'kappa': 3.6253905814762923}. Best is trial 3 with value: 1.034577381959221.
Trial 28 finished with value: 0.1660563752410953 and parameters: {'lambda': 356.62245443177727, 'kappa': 3.0506610161207894}. Best is trial 3 with value: 1.034577381959221.
Trial 29 finished with value: 0.00500047364584065 and parameters: {'lambda': 945.8507481157393, 'kappa': 4.101489590118212}. Best is trial 3 with value: 1.034577381959221.
Optuna best λ=134.6857, κ=3.705159593645523, Sharpe=1.0346
A new study created in memory with name: no-name-20d4dd80-c5d4-4c18-8218-3036d213a019
Trial 0 finished with value: 0.492555746931087 and parameters: {'lambda': 759.7853498839952, 'kappa': 3.9691811987040015}. Best is trial 0 with value: 0.492555746931087.
Trial 1 finished with value: 1.1937242454239747 and parameters: {'lambda': 1465.8673507626895, 'kappa': 2.869673679819506}. Best is trial 1 with value: 1.1937242454239747.
Trial 2 finished with value: 1.0943077703146937 and parameters: {'lambda': 328.1377557200871, 'kappa': 1.487187364027523}. Best is trial 1 with value: 1.1937242454239747.
Trial 3 finished with value: 0.4717737265372988 and parameters: {'lambda': 134.68574520140024, 'kappa': 3.705159593645523}. Best is trial 1 with value: 1.1937242454239747.
Trial 4 finished with value: 1.1937242454239747 and parameters: {'lambda': 1207.3409317440553, 'kappa': 3.2113854510604285}. Best is trial 1 with value: 1.1937242454239747.
Trial 5 finished with value: 1.1963366073718715 and parameters: {'lambda': 60.6133742333842, 'kappa': 4.029130915629118}. Best is trial 5 with value: 1.1963366073718715.
Trial 6 finished with value: 1.1937242454239747 and parameters: {'lambda': 1664.2846394063226, 'kappa': 1.6631574710979753}. Best is trial 5 with value: 1.1963366073718715.
Trial 7 finished with value: 0.9968028736210257 and parameters: {'lambda': 379.11324308858104, 'kappa': 1.5727916564869089}. Best is trial 5 with value: 1.1963366073718715.
Trial 8 finished with value: 0.5054121441873348 and parameters: {'lambda': 620.9252743284724, 'kappa': 2.638869763709691}. Best is trial 5 with value: 1.1963366073718715.
Trial 9 finished with value: 1.1937242454239747 and parameters: {'lambda': 873.1778048064807, 'kappa': 1.9095393660962992}. Best is trial 5 with value: 1.1963366073718715.
Trial 10 finished with value: 1.1937242454239747 and parameters: {'lambda': 1886.8899990604687, 'kappa': 3.403359914931464}. Best is trial 5 with value: 1.1963366073718715.
Trial 11 finished with value: 1.1937242454239747 and parameters: {'lambda': 1332.1117571260556, 'kappa': 2.772337891048111}. Best is trial 5 with value: 1.1963366073718715.
Trial 12 finished with value: 1.1937242454239747 and parameters: {'lambda': 1460.6549280008735, 'kappa': 2.0739346614866854}. Best is trial 5 with value: 1.1963366073718715.
Trial 13 finished with value: 1.1937242454239747 and parameters: {'lambda': 1100.9760739817916, 'kappa': 3.087186354637091}. Best is trial 5 with value: 1.1963366073718715.
Trial 14 finished with value: 1.1937242454239747 and parameters: {'lambda': 1661.3510041463487, 'kappa': 1.0411523272835173}. Best is trial 5 with value: 1.1963366073718715.
Trial 15 finished with value: 1.1411250973772635 and parameters: {'lambda': 51.04627507325116, 'kappa': 3.975965926708013}. Best is trial 5 with value: 1.1963366073718715.
Trial 16 finished with value: 0.9327299383205327 and parameters: {'lambda': 573.4782130220214, 'kappa': 2.3565405158447614}. Best is trial 5 with value: 1.1963366073718715.
Trial 17 finished with value: 1.1937242454239747 and parameters: {'lambda': 1976.7280371106629, 'kappa': 3.5247357677702635}. Best is trial 5 with value: 1.1963366073718715.
Trial 18 finished with value: 1.1937242454239747 and parameters: {'lambda': 1036.4017609530122, 'kappa': 2.847890491959081}. Best is trial 5 with value: 1.1963366073718715.
Trial 19 finished with value: 1.1937242454239747 and parameters: {'lambda': 1467.1618019009602, 'kappa': 2.2884760192421343}. Best is trial 5 with value: 1.1963366073718715.
Trial 20 finished with value: 1.1937242454239747 and parameters: {'lambda': 882.8595088407143, 'kappa': 4.114451762045703}. Best is trial 5 with value: 1.1963366073718715.
Trial 21 finished with value: 1.1937242454239747 and parameters: {'lambda': 1223.062128624122, 'kappa': 3.1845459609909335}. Best is trial 5 with value: 1.1963366073718715.
Trial 22 finished with value: 1.1937242454239747 and parameters: {'lambda': 1228.4464890962543, 'kappa': 3.0682543998051197}. Best is trial 5 with value: 1.1963366073718715.
Trial 23 finished with value: 1.1937242454239747 and parameters: {'lambda': 1544.7526113531517, 'kappa': 3.7349598844138407}. Best is trial 5 with value: 1.1963366073718715.
Trial 24 finished with value: 1.1937242454239747 and parameters: {'lambda': 1770.1953293963143, 'kappa': 3.5201674841906505}. Best is trial 5 with value: 1.1963366073718715.
Trial 25 finished with value: 1.1937242454239747 and parameters: {'lambda': 1324.831034498138, 'kappa': 3.2487624384612914}. Best is trial 5 with value: 1.1963366073718715.
Trial 26 finished with value: 1.1937242454239747 and parameters: {'lambda': 1149.7810828979802, 'kappa': 2.914421195357084}. Best is trial 5 with value: 1.1963366073718715.
Trial 27 finished with value: 1.1937242454239747 and parameters: {'lambda': 972.777483995754, 'kappa': 2.441016049888713}. Best is trial 5 with value: 1.1963366073718715.
Trial 28 finished with value: 0.28114224939373567 and parameters: {'lambda': 694.2589094423811, 'kappa': 3.7368621831882636}. Best is trial 5 with value: 1.1963366073718715.
Trial 29 finished with value: 0.7563585733275836 and parameters: {'lambda': 385.8979818589678, 'kappa': 2.578482458947756}. Best is trial 5 with value: 1.1963366073718715.
Optuna best λ=60.6134, κ=4.029130915629118, Sharpe=1.1963
A new study created in memory with name: no-name-3093d35f-1961-42cc-9fa7-530b1ec0118a
Trial 0 finished with value: 1.4467934776559133 and parameters: {'lambda': 759.7853498839952, 'kappa': 3.9691811987040015}. Best is trial 0 with value: 1.4467934776559133.
Trial 1 finished with value: 1.3763185573206982 and parameters: {'lambda': 1465.8673507626895, 'kappa': 2.869673679819506}. Best is trial 0 with value: 1.4467934776559133.
Trial 2 finished with value: 1.3926390977109486 and parameters: {'lambda': 328.1377557200871, 'kappa': 1.487187364027523}. Best is trial 0 with value: 1.4467934776559133.
Trial 3 finished with value: 1.4237019220531972 and parameters: {'lambda': 134.68574520140024, 'kappa': 3.705159593645523}. Best is trial 0 with value: 1.4467934776559133.
Trial 4 finished with value: 1.3763185573206982 and parameters: {'lambda': 1207.3409317440553, 'kappa': 3.2113854510604285}. Best is trial 0 with value: 1.4467934776559133.
Trial 5 finished with value: 1.4043953042192885 and parameters: {'lambda': 60.6133742333842, 'kappa': 4.029130915629118}. Best is trial 0 with value: 1.4467934776559133.
Trial 6 finished with value: 1.3763185573206982 and parameters: {'lambda': 1664.2846394063226, 'kappa': 1.6631574710979753}. Best is trial 0 with value: 1.4467934776559133.
Trial 7 finished with value: 1.1439091265749204 and parameters: {'lambda': 379.11324308858104, 'kappa': 1.5727916564869089}. Best is trial 0 with value: 1.4467934776559133.
Trial 8 finished with value: 1.3763156265342933 and parameters: {'lambda': 620.9252743284724, 'kappa': 2.638869763709691}. Best is trial 0 with value: 1.4467934776559133.
Trial 9 finished with value: 1.2880273472219121 and parameters: {'lambda': 873.1778048064807, 'kappa': 1.9095393660962992}. Best is trial 0 with value: 1.4467934776559133.
Trial 10 finished with value: 1.3763185573206982 and parameters: {'lambda': 1886.8899990604687, 'kappa': 3.4091247782378664}. Best is trial 0 with value: 1.4467934776559133.
Trial 11 finished with value: 1.5633798400004442 and parameters: {'lambda': 896.4970192263532, 'kappa': 4.037001575400478}. Best is trial 11 with value: 1.5633798400004442.
Trial 12 finished with value: 1.3763185573206982 and parameters: {'lambda': 952.6968278997535, 'kappa': 3.919576211810751}. Best is trial 11 with value: 1.5633798400004442.
Trial 13 finished with value: 1.5849282870832324 and parameters: {'lambda': 740.147441444154, 'kappa': 2.2256718351156524}. Best is trial 13 with value: 1.5849282870832324.
