Trial 19 finished with value: 0.9879630177947161 and parameters: {'lambda': 1267.3870585295888, 'kappa': 3.0611357071645893}. Best is trial 2 with value: 0.9879630177947162.
Trial 20 finished with value: -0.6401353274711529 and parameters: {'lambda': 244.96439745667638, 'kappa': 1.954592983102062}. Best is trial 2 with value: 0.9879630177947162.
Trial 21 finished with value: 0.9879630177947162 and parameters: {'lambda': 855.5680240768293, 'kappa': 1.745275305561343}. Best is trial 2 with value: 0.9879630177947162.
Trial 22 finished with value: -1.0007681235331753 and parameters: {'lambda': 728.7654922853135, 'kappa': 2.481234914365787}. Best is trial 2 with value: 0.9879630177947162.
Trial 23 finished with value: 0.9879630177947162 and parameters: {'lambda': 486.23815972276503, 'kappa': 1.9834673992992986}. Best is trial 2 with value: 0.9879630177947162.
Trial 24 finished with value: 0.9879630177947162 and parameters: {'lambda': 909.4738509433681, 'kappa': 1.503733305954819}. Best is trial 2 with value: 0.9879630177947162.
Trial 25 finished with value: 0.20921402182336343 and parameters: {'lambda': 48.48044875828498, 'kappa': 1.195847274993168}. Best is trial 2 with value: 0.9879630177947162.
Trial 26 finished with value: 0.9879630177947161 and parameters: {'lambda': 1095.7454613522434, 'kappa': 1.9249500629673006}. Best is trial 2 with value: 0.9879630177947162.
Trial 27 finished with value: 0.9879630177947161 and parameters: {'lambda': 1379.4190483009081, 'kappa': 1.6357547968682375}. Best is trial 2 with value: 0.9879630177947162.
Trial 28 finished with value: -0.8764269885095468 and parameters: {'lambda': 292.85406383352904, 'kappa': 2.4303082058389753}. Best is trial 2 with value: 0.9879630177947162.
Trial 29 finished with value: 0.987963017794716 and parameters: {'lambda': 750.4107071217053, 'kappa': 1.2483170226076934}. Best is trial 2 with value: 0.9879630177947162.
Optuna best λ=328.1378, κ=1.487187364027523, Sharpe=0.9880
A new study created in memory with name: no-name-484e066b-aa31-43b1-8752-7460dcdd0ea1
Trial 0 finished with value: -0.4539235450928331 and parameters: {'lambda': 759.7853498839952, 'kappa': 3.9691811987040015}. Best is trial 0 with value: -0.4539235450928331.
Trial 1 finished with value: -0.4539235450928331 and parameters: {'lambda': 1465.8673507626895, 'kappa': 2.869673679819506}. Best is trial 0 with value: -0.4539235450928331.
Trial 2 finished with value: -0.3784614180065422 and parameters: {'lambda': 328.1377557200871, 'kappa': 1.487187364027523}. Best is trial 2 with value: -0.3784614180065422.
Trial 3 finished with value: -0.01935324831469818 and parameters: {'lambda': 134.68574520140024, 'kappa': 3.705159593645523}. Best is trial 3 with value: -0.01935324831469818.
Trial 4 finished with value: -0.4539235450928331 and parameters: {'lambda': 1207.3409317440553, 'kappa': 3.2113854510604285}. Best is trial 3 with value: -0.01935324831469818.
Trial 5 finished with value: 0.07464823882221786 and parameters: {'lambda': 60.6133742333842, 'kappa': 4.029130915629118}. Best is trial 5 with value: 0.07464823882221786.
Trial 6 finished with value: -0.4539235450928331 and parameters: {'lambda': 1664.2846394063226, 'kappa': 1.6631574710979753}. Best is trial 5 with value: 0.07464823882221786.
Trial 7 finished with value: -0.4539235450928332 and parameters: {'lambda': 379.11324308858104, 'kappa': 1.5727916564869089}. Best is trial 5 with value: 0.07464823882221786.
Trial 8 finished with value: -0.4539235450928331 and parameters: {'lambda': 620.9252743284724, 'kappa': 2.638869763709691}. Best is trial 5 with value: 0.07464823882221786.
Trial 9 finished with value: -0.4539235450928333 and parameters: {'lambda': 873.1778048064807, 'kappa': 1.9095393660962992}. Best is trial 5 with value: 0.07464823882221786.
Trial 10 finished with value: -0.4539235450928331 and parameters: {'lambda': 1886.8899990604687, 'kappa': 3.403359914931464}. Best is trial 5 with value: 0.07464823882221786.
Trial 11 finished with value: -0.002001521238091581 and parameters: {'lambda': 34.8609161424165, 'kappa': 3.9798232276603978}. Best is trial 5 with value: 0.07464823882221786.
Trial 12 finished with value: 0.007500680522070005 and parameters: {'lambda': 48.62839461429785, 'kappa': 3.834733028321934}. Best is trial 5 with value: 0.07464823882221786.
Trial 13 finished with value: -0.4539235450928334 and parameters: {'lambda': 458.70649859535825, 'kappa': 2.2138004647354244}. Best is trial 5 with value: 0.07464823882221786.
Trial 14 finished with value: -0.4539235450928331 and parameters: {'lambda': 1101.5497235715259, 'kappa': 1.0411523272835173}. Best is trial 5 with value: 0.07464823882221786.
Trial 15 finished with value: -0.017206262608405954 and parameters: {'lambda': 37.041088242378734, 'kappa': 3.4226504092668155}. Best is trial 5 with value: 0.07464823882221786.
Trial 16 finished with value: -0.3634636341995412 and parameters: {'lambda': 268.40090468770285, 'kappa': 4.108557595648523}. Best is trial 5 with value: 0.07464823882221786.
Trial 17 finished with value: -0.4539235450928331 and parameters: {'lambda': 580.2885136918369, 'kappa': 2.9348699430616354}. Best is trial 5 with value: 0.07464823882221786.
Trial 18 finished with value: -0.4539235450928331 and parameters: {'lambda': 1359.2422121044156, 'kappa': 3.6599983389133954}. Best is trial 5 with value: 0.07464823882221786.
Trial 19 finished with value: -0.4539235450928331 and parameters: {'lambda': 841.124743477924, 'kappa': 3.683596596190284}. Best is trial 5 with value: 0.07464823882221786.
Trial 20 finished with value: -0.11631818049321258 and parameters: {'lambda': 212.26908378417397, 'kappa': 3.1349829256242616}. Best is trial 5 with value: 0.07464823882221786.
Trial 21 finished with value: 0.007500680522070005 and parameters: {'lambda': 49.46162762008374, 'kappa': 3.9689982127442596}. Best is trial 5 with value: 0.07464823882221786.
Trial 22 finished with value: -0.4539235450928331 and parameters: {'lambda': 500.8622653957354, 'kappa': 3.80095754254786}. Best is trial 5 with value: 0.07464823882221786.
Trial 23 finished with value: -0.2471784217074541 and parameters: {'lambda': 194.2022597420422, 'kappa': 4.110664833508607}. Best is trial 5 with value: 0.07464823882221786.
Trial 24 finished with value: -0.08539116350552378 and parameters: {'lambda': 88.70313658285895, 'kappa': 3.627088065134563}. Best is trial 5 with value: 0.07464823882221786.
Trial 25 finished with value: -0.24984948496696824 and parameters: {'lambda': 342.15585338897876, 'kappa': 3.4066120364754258}. Best is trial 5 with value: 0.07464823882221786.
Trial 26 finished with value: -0.4539235450928331 and parameters: {'lambda': 712.4142378517423, 'kappa': 3.869182806548374}. Best is trial 5 with value: 0.07464823882221786.
Trial 27 finished with value: -0.17822936128568978 and parameters: {'lambda': 225.34236631006678, 'kappa': 2.441016049888713}. Best is trial 5 with value: 0.07464823882221786.
Trial 28 finished with value: -0.4257454741347808 and parameters: {'lambda': 398.8200318045358, 'kappa': 3.4934833162574104}. Best is trial 5 with value: 0.07464823882221786.
Trial 29 finished with value: -0.4539235450928331 and parameters: {'lambda': 998.345018623694, 'kappa': 3.9192620098564643}. Best is trial 5 with value: 0.07464823882221786.
Optuna best λ=60.6134, κ=4.029130915629118, Sharpe=0.0746
A new study created in memory with name: no-name-d6b15433-c8bc-4ed7-b786-d483a61338c5
Trial 0 finished with value: -0.09651158993674504 and parameters: {'lambda': 759.7853498839952, 'kappa': 3.9691811987040015}. Best is trial 0 with value: -0.09651158993674504.
Trial 1 finished with value: 0.6318261687721353 and parameters: {'lambda': 1465.8673507626895, 'kappa': 2.869673679819506}. Best is trial 1 with value: 0.6318261687721353.
Trial 2 finished with value: -0.6381050205031346 and parameters: {'lambda': 328.1377557200871, 'kappa': 1.487187364027523}. Best is trial 1 with value: 0.6318261687721353.
Trial 3 finished with value: -0.3612912184062378 and parameters: {'lambda': 134.68574520140024, 'kappa': 3.705159593645523}. Best is trial 1 with value: 0.6318261687721353.
Trial 4 finished with value: 0.6318261687721353 and parameters: {'lambda': 1207.3409317440553, 'kappa': 3.2113854510604285}. Best is trial 1 with value: 0.6318261687721353.
Trial 5 finished with value: -0.07975179170419543 and parameters: {'lambda': 60.6133742333842, 'kappa': 4.029130915629118}. Best is trial 1 with value: 0.6318261687721353.
Trial 6 finished with value: 0.6318261687721353 and parameters: {'lambda': 1664.2846394063226, 'kappa': 1.6631574710979753}. Best is trial 1 with value: 0.6318261687721353.
Trial 7 finished with value: -0.6381050205031344 and parameters: {'lambda': 379.11324308858104, 'kappa': 1.5727916564869089}. Best is trial 1 with value: 0.6318261687721353.
Trial 8 finished with value: -0.6381050205031343 and parameters: {'lambda': 620.9252743284724, 'kappa': 2.638869763709691}. Best is trial 1 with value: 0.6318261687721353.
Trial 9 finished with value: 0.14226830790290695 and parameters: {'lambda': 873.1778048064807, 'kappa': 1.9095393660962992}. Best is trial 1 with value: 0.6318261687721353.
Trial 10 finished with value: 0.6318261687721353 and parameters: {'lambda': 1936.5795254032687, 'kappa': 2.4782512203936142}. Best is trial 1 with value: 0.6318261687721353.
Trial 11 finished with value: 0.6318261687721353 and parameters: {'lambda': 1390.2252518943073, 'kappa': 3.18332783541338}. Best is trial 1 with value: 0.6318261687721353.
Trial 12 finished with value: 0.6318261687721353 and parameters: {'lambda': 1284.3256456958843, 'kappa': 3.155714518529925}. Best is trial 1 with value: 0.6318261687721353.
Trial 13 finished with value: 0.6318261687721353 and parameters: {'lambda': 1241.1722695690644, 'kappa': 3.021337815946988}. Best is trial 1 with value: 0.6318261687721353.
Trial 14 finished with value: 0.6318261687721353 and parameters: {'lambda': 1567.8638086019419, 'kappa': 2.1855441481340363}. Best is trial 1 with value: 0.6318261687721353.
Trial 15 finished with value: 0.6318261687721353 and parameters: {'lambda': 1141.6398330287896, 'kappa': 3.4226504092668155}. Best is trial 1 with value: 0.6318261687721353.
Trial 16 finished with value: 0.6318261687721353 and parameters: {'lambda': 1798.7518030151937, 'kappa': 2.6871233931365808}. Best is trial 1 with value: 0.6318261687721353.
Trial 17 finished with value: -0.09651158993674504 and parameters: {'lambda': 971.8471135857591, 'kappa': 3.5210584037895685}. Best is trial 1 with value: 0.6318261687721353.
Trial 18 finished with value: 0.6318261687721353 and parameters: {'lambda': 1463.2644939284787, 'kappa': 2.847890491959081}. Best is trial 1 with value: 0.6318261687721353.
Trial 19 finished with value: 0.6318261687721353 and parameters: {'lambda': 1103.0929973510547, 'kappa': 2.2347208910546077}. Best is trial 1 with value: 0.6318261687721353.
Trial 20 finished with value: 0.6318261687721353 and parameters: {'lambda': 1670.218171188245, 'kappa': 1.0823503127445389}. Best is trial 1 with value: 0.6318261687721353.
Trial 21 finished with value: 0.6318261687721353 and parameters: {'lambda': 1804.261315957426, 'kappa': 2.3795644956684163}. Best is trial 1 with value: 0.6318261687721353.
Trial 22 finished with value: 0.6318261687721353 and parameters: {'lambda': 1629.6967826907173, 'kappa': 1.104892266180197}. Best is trial 1 with value: 0.6318261687721353.
Trial 23 finished with value: 0.6318261687721353 and parameters: {'lambda': 1399.5072184544717, 'kappa': 1.8558208467023807}. Best is trial 1 with value: 0.6318261687721353.
Trial 24 finished with value: 0.6318261687721353 and parameters: {'lambda': 1962.4761132743597, 'kappa': 2.8720401051615}. Best is trial 1 with value: 0.6318261687721353.
Trial 25 finished with value: 0.6318261687721353 and parameters: {'lambda': 1482.6981312366265, 'kappa': 3.211900005641687}. Best is trial 1 with value: 0.6318261687721353.
Trial 26 finished with value: 0.6318261687721353 and parameters: {'lambda': 1277.6242602859804, 'kappa': 3.4357071359018256}. Best is trial 1 with value: 0.6318261687721353.
Trial 27 finished with value: 0.6318261687721353 and parameters: {'lambda': 1740.7367296028574, 'kappa': 1.9682790081244042}. Best is trial 1 with value: 0.6318261687721353.
Trial 28 finished with value: 0.6318261687721353 and parameters: {'lambda': 1074.196407294737, 'kappa': 1.407321078454788}. Best is trial 1 with value: 0.6318261687721353.
Trial 29 finished with value: 0.6318261687721353 and parameters: {'lambda': 1531.029759487401, 'kappa': 3.747127202931212}. Best is trial 1 with value: 0.6318261687721353.
Optuna best λ=1465.8674, κ=2.869673679819506, Sharpe=0.6318
A new study created in memory with name: no-name-676e4e20-5036-4abc-8c5f-96339e5c6d81
Trial 0 finished with value: -0.05698375376358441 and parameters: {'lambda': 759.7853498839952, 'kappa': 3.9691811987040015}. Best is trial 0 with value: -0.05698375376358441.
Trial 1 finished with value: 0.07026111963047967 and parameters: {'lambda': 1465.8673507626895, 'kappa': 2.869673679819506}. Best is trial 1 with value: 0.07026111963047967.
Trial 2 finished with value: 0.5821948647837909 and parameters: {'lambda': 328.1377557200871, 'kappa': 1.487187364027523}. Best is trial 2 with value: 0.5821948647837909.
Trial 3 finished with value: 0.4566424307888781 and parameters: {'lambda': 134.68574520140024, 'kappa': 3.705159593645523}. Best is trial 2 with value: 0.5821948647837909.
Trial 4 finished with value: 0.07026111963047967 and parameters: {'lambda': 1207.3409317440553, 'kappa': 3.2113854510604285}. Best is trial 2 with value: 0.5821948647837909.
Trial 5 finished with value: 0.26402537231622053 and parameters: {'lambda': 60.6133742333842, 'kappa': 4.029130915629118}. Best is trial 2 with value: 0.5821948647837909.
Trial 6 finished with value: 0.07026111963047967 and parameters: {'lambda': 1664.2846394063226, 'kappa': 1.6631574710979753}. Best is trial 2 with value: 0.5821948647837909.
Trial 7 finished with value: 0.5515596094104023 and parameters: {'lambda': 379.11324308858104, 'kappa': 1.5727916564869089}. Best is trial 2 with value: 0.5821948647837909.
Trial 8 finished with value: 0.07049064287136761 and parameters: {'lambda': 620.9252743284724, 'kappa': 2.638869763709691}. Best is trial 2 with value: 0.5821948647837909.
Trial 9 finished with value: -0.1253544627659787 and parameters: {'lambda': 873.1778048064807, 'kappa': 1.9095393660962992}. Best is trial 2 with value: 0.5821948647837909.
Trial 10 finished with value: 0.07026111963047967 and parameters: {'lambda': 1886.8899990604687, 'kappa': 1.0187298358271706}. Best is trial 2 with value: 0.5821948647837909.
Trial 11 finished with value: 0.5908497326833867 and parameters: {'lambda': 446.06469989323665, 'kappa': 1.7980101744817147}. Best is trial 11 with value: 0.5908497326833867.
Trial 12 finished with value: 0.2659092151368549 and parameters: {'lambda': 488.7154174067108, 'kappa': 2.0929527705244535}. Best is trial 11 with value: 0.5908497326833867.
Trial 13 finished with value: 0.4283313042630519 and parameters: {'lambda': 329.02272053091826, 'kappa': 1.0313836079300345}. Best is trial 11 with value: 0.5908497326833867.
Trial 14 finished with value: 0.07026111963047967 and parameters: {'lambda': 1101.5497235715259, 'kappa': 2.1855441481340363}. Best is trial 11 with value: 0.5908497326833867.
Trial 15 finished with value: 0.035224477991649385 and parameters: {'lambda': 214.86173130034067, 'kappa': 1.4408401917881994}. Best is trial 11 with value: 0.5908497326833867.
Trial 16 finished with value: 0.03781307781927288 and parameters: {'lambda': 607.5756466509447, 'kappa': 2.3565405158447614}. Best is trial 11 with value: 0.5908497326833867.
Trial 17 finished with value: 0.07026111963047967 and parameters: {'lambda': 897.0126710738041, 'kappa': 1.3465667452302736}. Best is trial 11 with value: 0.5908497326833867.
Trial 18 finished with value: 0.07026111963047967 and parameters: {'lambda': 1317.044903890826, 'kappa': 1.848725800742293}. Best is trial 11 with value: 0.5908497326833867.
Trial 19 finished with value: 0.07877519019653224 and parameters: {'lambda': 547.3426771678813, 'kappa': 1.2784724730096833}. Best is trial 11 with value: 0.5908497326833867.
Trial 20 finished with value: 0.1545624210797415 and parameters: {'lambda': 262.32107005356465, 'kappa': 2.5176991357040883}. Best is trial 11 with value: 0.5908497326833867.
Trial 21 finished with value: 0.39804836710094826 and parameters: {'lambda': 402.26289983812853, 'kappa': 1.745275305561343}. Best is trial 11 with value: 0.5908497326833867.
Trial 22 finished with value: -0.03277836360944332 and parameters: {'lambda': 706.6363076099412, 'kappa': 1.5444569559645893}. Best is trial 11 with value: 0.5908497326833867.
Trial 23 finished with value: 0.23792853168356642 and parameters: {'lambda': 34.000331529919436, 'kappa': 2.03228973362049}. Best is trial 11 with value: 0.5908497326833867.
Trial 24 finished with value: 0.33439429290214706 and parameters: {'lambda': 400.51016838368616, 'kappa': 1.2875095691458722}. Best is trial 11 with value: 0.5908497326833867.
Trial 25 finished with value: 0.07026111963047967 and parameters: {'lambda': 945.9427797451915, 'kappa': 1.6298777553211208}. Best is trial 11 with value: 0.5908497326833867.
Trial 26 finished with value: 0.16807421676773304 and parameters: {'lambda': 235.55253964718653, 'kappa': 2.361293822582388}. Best is trial 11 with value: 0.5908497326833867.
Trial 27 finished with value: 0.29666161181062245 and parameters: {'lambda': 449.95742274908764, 'kappa': 2.9557418182523474}. Best is trial 11 with value: 0.5908497326833867.
Trial 28 finished with value: 0.12842709554751106 and parameters: {'lambda': 746.8800262028121, 'kappa': 1.1821734166873739}. Best is trial 11 with value: 0.5908497326833867.
Trial 29 finished with value: -0.2736938651927896 and parameters: {'lambda': 778.8232138490108, 'kappa': 1.796213992770671}. Best is trial 11 with value: 0.5908497326833867.
Optuna best λ=446.0647, κ=1.7980101744817147, Sharpe=0.5908
A new study created in memory with name: no-name-56457efb-5da0-4dd7-a2cd-2fd297984d24
Trial 0 finished with value: -0.16738607904538433 and parameters: {'lambda': 759.7853498839952, 'kappa': 3.9691811987040015}. Best is trial 0 with value: -0.16738607904538433.
Trial 1 finished with value: -0.16738607904538455 and parameters: {'lambda': 1465.8673507626895, 'kappa': 2.869673679819506}. Best is trial 0 with value: -0.16738607904538433.
Trial 2 finished with value: -0.16738607904538455 and parameters: {'lambda': 328.1377557200871, 'kappa': 1.487187364027523}. Best is trial 0 with value: -0.16738607904538433.
Trial 3 finished with value: -0.3699376156156836 and parameters: {'lambda': 134.68574520140024, 'kappa': 3.705159593645523}. Best is trial 0 with value: -0.16738607904538433.
Trial 4 finished with value: -0.16738607904538455 and parameters: {'lambda': 1207.3409317440553, 'kappa': 3.2113854510604285}. Best is trial 0 with value: -0.16738607904538433.
Trial 5 finished with value: -0.812427842710123 and parameters: {'lambda': 60.6133742333842, 'kappa': 4.029130915629118}. Best is trial 0 with value: -0.16738607904538433.
Trial 6 finished with value: -0.16738607904538455 and parameters: {'lambda': 1664.2846394063226, 'kappa': 1.6631574710979753}. Best is trial 0 with value: -0.16738607904538433.
Trial 7 finished with value: -0.16738607904538455 and parameters: {'lambda': 379.11324308858104, 'kappa': 1.5727916564869089}. Best is trial 0 with value: -0.16738607904538433.
Trial 8 finished with value: -0.16738607904538433 and parameters: {'lambda': 620.9252743284724, 'kappa': 2.638869763709691}. Best is trial 0 with value: -0.16738607904538433.
Trial 9 finished with value: -0.16738607904538455 and parameters: {'lambda': 873.1778048064807, 'kappa': 1.9095393660962992}. Best is trial 0 with value: -0.16738607904538433.
Trial 10 finished with value: -0.16738607904538455 and parameters: {'lambda': 1886.8899990604687, 'kappa': 3.4091247782378664}. Best is trial 0 with value: -0.16738607904538433.
Trial 11 finished with value: -0.16738607904538455 and parameters: {'lambda': 809.873088210113, 'kappa': 2.310154832382016}. Best is trial 0 with value: -0.16738607904538433.
Trial 12 finished with value: -0.16738607904538433 and parameters: {'lambda': 674.9999134149766, 'kappa': 2.6038721002470457}. Best is trial 0 with value: -0.16738607904538433.
Trial 13 finished with value: -0.16738607904538455 and parameters: {'lambda': 1123.672971053165, 'kappa': 4.053810295299152}. Best is trial 0 with value: -0.16738607904538433.
Trial 14 finished with value: -0.16738607904538444 and parameters: {'lambda': 586.6942083953295, 'kappa': 1.0411523272835173}. Best is trial 0 with value: -0.16738607904538433.
Trial 15 finished with value: -0.16738607904538433 and parameters: {'lambda': 574.5424571437802, 'kappa': 2.950763571465935}. Best is trial 0 with value: -0.16738607904538433.
Trial 16 finished with value: -0.16738607904538455 and parameters: {'lambda': 1028.5830255600483, 'kappa': 2.2480763926531226}. Best is trial 0 with value: -0.16738607904538433.
Trial 17 finished with value: -0.16738607904538455 and parameters: {'lambda': 1368.2621657889094, 'kappa': 3.6403636104869124}. Best is trial 0 with value: -0.16738607904538433.
Trial 18 finished with value: -0.618674586834323 and parameters: {'lambda': 336.1085403003575, 'kappa': 3.131860159117194}. Best is trial 0 with value: -0.16738607904538433.
Trial 19 finished with value: -0.16738607904538455 and parameters: {'lambda': 884.725771295957, 'kappa': 2.618265805251587}. Best is trial 0 with value: -0.16738607904538433.
Trial 20 finished with value: -0.16738607904538433 and parameters: {'lambda': 494.27345451292564, 'kappa': 3.695428500450457}. Best is trial 0 with value: -0.16738607904538433.
