Trial 13 finished with value: -0.8804413954918747 and parameters: {'lambda': 451.4173152151434, 'kappa': 2.2256718351156524}. Best is trial 11 with value: -0.16016981659711876.
Trial 14 finished with value: -0.7062645166273652 and parameters: {'lambda': 56.44148341318614, 'kappa': 1.0411523272835173}. Best is trial 11 with value: -0.16016981659711876.
Trial 15 finished with value: -0.8804413954918747 and parameters: {'lambda': 1233.7057774188484, 'kappa': 3.4226504092668155}. Best is trial 11 with value: -0.16016981659711876.
Trial 16 finished with value: -0.8804413954918748 and parameters: {'lambda': 584.603409069565, 'kappa': 3.011181376809703}. Best is trial 11 with value: -0.16016981659711876.
Trial 17 finished with value: -0.8804413954918748 and parameters: {'lambda': 247.44910477412216, 'kappa': 3.7001527763966013}. Best is trial 11 with value: -0.16016981659711876.
Trial 18 finished with value: -0.8804413954918747 and parameters: {'lambda': 1040.4029593384987, 'kappa': 4.117207365706669}. Best is trial 11 with value: -0.16016981659711876.
Trial 19 finished with value: -0.8804413954918748 and parameters: {'lambda': 547.3426771678813, 'kappa': 3.667441334663277}. Best is trial 11 with value: -0.16016981659711876.
Trial 20 finished with value: -0.8804413954918748 and parameters: {'lambda': 239.60438509757205, 'kappa': 2.6483092299043545}. Best is trial 11 with value: -0.16016981659711876.
Trial 21 finished with value: -0.3795147058998882 and parameters: {'lambda': 49.46162762008374, 'kappa': 3.9689982127442596}. Best is trial 11 with value: -0.16016981659711876.
Trial 22 finished with value: -0.8307668999094531 and parameters: {'lambda': 73.9170270798929, 'kappa': 3.7855009190835816}. Best is trial 11 with value: -0.16016981659711876.
Trial 23 finished with value: -0.8804413954918748 and parameters: {'lambda': 234.51848983427845, 'kappa': 3.332111375302701}. Best is trial 11 with value: -0.16016981659711876.
Trial 24 finished with value: -0.8804413954918748 and parameters: {'lambda': 358.13334308973697, 'kappa': 3.8776150672872927}. Best is trial 11 with value: -0.16016981659711876.
Trial 25 finished with value: -0.4391275366922477 and parameters: {'lambda': 26.748048690783392, 'kappa': 3.0601096830073553}. Best is trial 11 with value: -0.16016981659711876.
Trial 26 finished with value: -0.8804413954918748 and parameters: {'lambda': 469.6872364458779, 'kappa': 3.5478069494371}. Best is trial 11 with value: -0.16016981659711876.
Trial 27 finished with value: -0.8804413954918748 and parameters: {'lambda': 725.3200229884402, 'kappa': 4.119922355759505}. Best is trial 11 with value: -0.16016981659711876.
Trial 28 finished with value: -0.4917853797452632 and parameters: {'lambda': 184.31635363930616, 'kappa': 3.5108750596501643}. Best is trial 11 with value: -0.16016981659711876.
Trial 29 finished with value: -0.8804413954918747 and parameters: {'lambda': 774.288146485685, 'kappa': 3.8834482272364212}. Best is trial 11 with value: -0.16016981659711876.
Optuna best λ=34.8609, κ=3.983014214982241, Sharpe=-0.1602
A new study created in memory with name: no-name-6d12ff3d-a73e-4750-a142-7e7644f9d28b
Trial 0 finished with value: 1.5251661444893585 and parameters: {'lambda': 759.7853498839952, 'kappa': 3.9691811987040015}. Best is trial 0 with value: 1.5251661444893585.
Trial 1 finished with value: 1.5251661444893585 and parameters: {'lambda': 1465.8673507626895, 'kappa': 2.869673679819506}. Best is trial 0 with value: 1.5251661444893585.
Trial 2 finished with value: 1.5251661444893585 and parameters: {'lambda': 328.1377557200871, 'kappa': 1.487187364027523}. Best is trial 0 with value: 1.5251661444893585.
Trial 3 finished with value: 1.686385575418321 and parameters: {'lambda': 134.68574520140024, 'kappa': 3.705159593645523}. Best is trial 3 with value: 1.686385575418321.
Trial 4 finished with value: 1.5251661444893585 and parameters: {'lambda': 1207.3409317440553, 'kappa': 3.2113854510604285}. Best is trial 3 with value: 1.686385575418321.
Trial 5 finished with value: 0.7763552601235283 and parameters: {'lambda': 60.6133742333842, 'kappa': 4.029130915629118}. Best is trial 3 with value: 1.686385575418321.
Trial 6 finished with value: 1.5251661444893585 and parameters: {'lambda': 1664.2846394063226, 'kappa': 1.6631574710979753}. Best is trial 3 with value: 1.686385575418321.
Trial 7 finished with value: 1.5251661444893585 and parameters: {'lambda': 379.11324308858104, 'kappa': 1.5727916564869089}. Best is trial 3 with value: 1.686385575418321.
Trial 8 finished with value: 1.5251661444893585 and parameters: {'lambda': 620.9252743284724, 'kappa': 2.638869763709691}. Best is trial 3 with value: 1.686385575418321.
Trial 9 finished with value: 1.5251661444893585 and parameters: {'lambda': 873.1778048064807, 'kappa': 1.9095393660962992}. Best is trial 3 with value: 1.686385575418321.
Trial 10 finished with value: 1.5251661444893585 and parameters: {'lambda': 1886.8899990604687, 'kappa': 3.4270596555033017}. Best is trial 3 with value: 1.686385575418321.
Trial 11 finished with value: 1.5251661444893585 and parameters: {'lambda': 896.4970192263532, 'kappa': 4.037001575400478}. Best is trial 3 with value: 1.686385575418321.
Trial 12 finished with value: 1.0369154375468173 and parameters: {'lambda': 82.0901779633491, 'kappa': 3.5733115097889425}. Best is trial 3 with value: 1.686385575418321.
Trial 13 finished with value: 1.525166144489358 and parameters: {'lambda': 610.4382668265166, 'kappa': 2.2256718351156524}. Best is trial 3 with value: 1.686385575418321.
Trial 14 finished with value: 1.5251661444893585 and parameters: {'lambda': 1224.540329717715, 'kappa': 1.0411523272835173}. Best is trial 3 with value: 1.686385575418321.
Trial 15 finished with value: 1.5251661444893585 and parameters: {'lambda': 589.6618555967364, 'kappa': 3.7164421443642444}. Best is trial 3 with value: 1.686385575418321.
Trial 16 finished with value: 1.5251661444893585 and parameters: {'lambda': 363.74762732277577, 'kappa': 3.0028427230934547}. Best is trial 3 with value: 1.686385575418321.
Trial 17 finished with value: 1.5251661444893585 and parameters: {'lambda': 1216.7603299821067, 'kappa': 3.6954136146059247}. Best is trial 3 with value: 1.686385575418321.
Trial 18 finished with value: 1.5251661444893585 and parameters: {'lambda': 777.109128551261, 'kappa': 4.117042046677768}. Best is trial 3 with value: 1.686385575418321.
Trial 19 finished with value: 1.5251661444893587 and parameters: {'lambda': 214.7653138607444, 'kappa': 3.33862648387014}. Best is trial 3 with value: 1.686385575418321.
Trial 20 finished with value: 1.5251661444893587 and parameters: {'lambda': 212.26908378417397, 'kappa': 3.1534956380291588}. Best is trial 3 with value: 1.686385575418321.
Trial 21 finished with value: 1.5251661444893587 and parameters: {'lambda': 215.98612461584554, 'kappa': 3.2427372849707887}. Best is trial 3 with value: 1.686385575418321.
Trial 22 finished with value: 1.5251661444893585 and parameters: {'lambda': 204.98336571784262, 'kappa': 2.597154658898407}. Best is trial 3 with value: 1.686385575418321.
Trial 23 finished with value: 1.5251661444893585 and parameters: {'lambda': 488.45365893560904, 'kappa': 2.9693360867799976}. Best is trial 3 with value: 1.686385575418321.
Trial 24 finished with value: 1.5251661444893585 and parameters: {'lambda': 187.8120569501117, 'kappa': 3.312853162667923}. Best is trial 3 with value: 1.686385575418321.
Trial 25 finished with value: 0.44501968771889816 and parameters: {'lambda': 24.350016530356214, 'kappa': 2.302099589726057}. Best is trial 3 with value: 1.686385575418321.
Trial 26 finished with value: 1.5251661444893585 and parameters: {'lambda': 463.75188414391994, 'kappa': 3.7422463685552803}. Best is trial 3 with value: 1.686385575418321.
Trial 27 finished with value: 1.5251661444893585 and parameters: {'lambda': 254.89889453971278, 'kappa': 3.130975166849629}. Best is trial 3 with value: 1.686385575418321.
Trial 28 finished with value: 1.5251661444893585 and parameters: {'lambda': 485.43769997219306, 'kappa': 3.4843590904827395}. Best is trial 3 with value: 1.686385575418321.
Trial 29 finished with value: 1.7154651932826117 and parameters: {'lambda': 138.9605593801032, 'kappa': 2.885838566901792}. Best is trial 29 with value: 1.7154651932826117.
Optuna best λ=138.9606, κ=2.885838566901792, Sharpe=1.7155
A new study created in memory with name: no-name-15850382-536f-40e9-8f9d-71369c6e8740
Trial 0 finished with value: -1.3004399884577722 and parameters: {'lambda': 759.7853498839952, 'kappa': 3.9691811987040015}. Best is trial 0 with value: -1.3004399884577722.
Trial 1 finished with value: 1.286883400985487 and parameters: {'lambda': 1465.8673507626895, 'kappa': 2.869673679819506}. Best is trial 1 with value: 1.286883400985487.
Trial 2 finished with value: 1.2868834009854873 and parameters: {'lambda': 328.1377557200871, 'kappa': 1.487187364027523}. Best is trial 2 with value: 1.2868834009854873.
Trial 3 finished with value: -0.08504951906339957 and parameters: {'lambda': 134.68574520140024, 'kappa': 3.705159593645523}. Best is trial 2 with value: 1.2868834009854873.
Trial 4 finished with value: 1.286883400985487 and parameters: {'lambda': 1207.3409317440553, 'kappa': 3.2113854510604285}. Best is trial 2 with value: 1.2868834009854873.
Trial 5 finished with value: 0.2873450201610794 and parameters: {'lambda': 60.6133742333842, 'kappa': 4.029130915629118}. Best is trial 2 with value: 1.2868834009854873.
Trial 6 finished with value: 1.286883400985487 and parameters: {'lambda': 1664.2846394063226, 'kappa': 1.6631574710979753}. Best is trial 2 with value: 1.2868834009854873.
Trial 7 finished with value: 1.2868834009854873 and parameters: {'lambda': 379.11324308858104, 'kappa': 1.5727916564869089}. Best is trial 2 with value: 1.2868834009854873.
Trial 8 finished with value: -1.3004399884577718 and parameters: {'lambda': 620.9252743284724, 'kappa': 2.638869763709691}. Best is trial 2 with value: 1.2868834009854873.
Trial 9 finished with value: 1.2868834009854873 and parameters: {'lambda': 873.1778048064807, 'kappa': 1.9095393660962992}. Best is trial 2 with value: 1.2868834009854873.
Trial 10 finished with value: 1.286883400985487 and parameters: {'lambda': 1886.8899990604687, 'kappa': 1.0187298358271706}. Best is trial 2 with value: 1.2868834009854873.
Trial 11 finished with value: 1.286883400985487 and parameters: {'lambda': 446.06469989323665, 'kappa': 1.7980101744817147}. Best is trial 2 with value: 1.2868834009854873.
Trial 12 finished with value: 1.0704003392169694 and parameters: {'lambda': 353.10944076736615, 'kappa': 1.1209428898519396}. Best is trial 2 with value: 1.2868834009854873.
Trial 13 finished with value: 1.286883400985487 and parameters: {'lambda': 1100.9760739817916, 'kappa': 2.2256718351156524}. Best is trial 2 with value: 1.2868834009854873.
Trial 14 finished with value: 1.1810683301876197 and parameters: {'lambda': 367.05033656852584, 'kappa': 1.3921151933115674}. Best is trial 2 with value: 1.2868834009854873.
Trial 15 finished with value: -1.300439988457772 and parameters: {'lambda': 574.5424571437802, 'kappa': 2.2718069069486355}. Best is trial 2 with value: 1.2868834009854873.
Trial 16 finished with value: -0.4694512600743959 and parameters: {'lambda': 228.20240472072473, 'kappa': 1.4498881943951683}. Best is trial 2 with value: 1.2868834009854873.
Trial 17 finished with value: 1.286883400985487 and parameters: {'lambda': 916.0984066132451, 'kappa': 2.160388336329991}. Best is trial 2 with value: 1.2868834009854873.
Trial 18 finished with value: 1.2868834009854873 and parameters: {'lambda': 626.0182432909755, 'kappa': 1.366374416255207}. Best is trial 2 with value: 1.2868834009854873.
Trial 19 finished with value: 1.286883400985487 and parameters: {'lambda': 1267.3870585295888, 'kappa': 3.0611357071645893}. Best is trial 2 with value: 1.2868834009854873.
Trial 20 finished with value: -0.6379606683250747 and parameters: {'lambda': 244.96439745667638, 'kappa': 1.954592983102062}. Best is trial 2 with value: 1.2868834009854873.
Trial 21 finished with value: 1.286883400985487 and parameters: {'lambda': 855.5680240768293, 'kappa': 1.745275305561343}. Best is trial 2 with value: 1.2868834009854873.
Trial 22 finished with value: -1.3004399884577718 and parameters: {'lambda': 728.7654922853135, 'kappa': 2.481234914365787}. Best is trial 2 with value: 1.2868834009854873.
Trial 23 finished with value: 1.286883400985487 and parameters: {'lambda': 486.23815972276503, 'kappa': 1.9834673992992986}. Best is trial 2 with value: 1.2868834009854873.
Trial 24 finished with value: 1.286883400985487 and parameters: {'lambda': 909.4738509433681, 'kappa': 1.503733305954819}. Best is trial 2 with value: 1.2868834009854873.
Trial 25 finished with value: 0.05860159425333368 and parameters: {'lambda': 48.48044875828498, 'kappa': 1.195847274993168}. Best is trial 2 with value: 1.2868834009854873.
Trial 26 finished with value: 1.286883400985487 and parameters: {'lambda': 1095.7454613522434, 'kappa': 1.9249500629673006}. Best is trial 2 with value: 1.2868834009854873.
Trial 27 finished with value: 1.286883400985487 and parameters: {'lambda': 1379.4190483009081, 'kappa': 1.6357547968682375}. Best is trial 2 with value: 1.2868834009854873.
Trial 28 finished with value: -1.1997322692610584 and parameters: {'lambda': 292.85406383352904, 'kappa': 2.4303082058389753}. Best is trial 2 with value: 1.2868834009854873.
Trial 29 finished with value: 1.2868834009854873 and parameters: {'lambda': 750.4107071217053, 'kappa': 1.2483170226076934}. Best is trial 2 with value: 1.2868834009854873.
Optuna best λ=328.1378, κ=1.487187364027523, Sharpe=1.2869
A new study created in memory with name: no-name-f4e72332-aeb5-431b-adbf-7602ce00b11e
Trial 0 finished with value: -0.5227283672267853 and parameters: {'lambda': 759.7853498839952, 'kappa': 3.9691811987040015}. Best is trial 0 with value: -0.5227283672267853.
Trial 1 finished with value: -0.5227283672267853 and parameters: {'lambda': 1465.8673507626895, 'kappa': 2.869673679819506}. Best is trial 0 with value: -0.5227283672267853.
Trial 2 finished with value: -0.6539221945170536 and parameters: {'lambda': 328.1377557200871, 'kappa': 1.487187364027523}. Best is trial 0 with value: -0.5227283672267853.
Trial 3 finished with value: -0.14254746784851274 and parameters: {'lambda': 134.68574520140024, 'kappa': 3.705159593645523}. Best is trial 3 with value: -0.14254746784851274.
Trial 4 finished with value: -0.5227283672267853 and parameters: {'lambda': 1207.3409317440553, 'kappa': 3.2113854510604285}. Best is trial 3 with value: -0.14254746784851274.
Trial 5 finished with value: -0.09918656760977378 and parameters: {'lambda': 60.6133742333842, 'kappa': 4.029130915629118}. Best is trial 5 with value: -0.09918656760977378.
Trial 6 finished with value: -0.5227283672267853 and parameters: {'lambda': 1664.2846394063226, 'kappa': 1.6631574710979753}. Best is trial 5 with value: -0.09918656760977378.
Trial 7 finished with value: -0.5227283672267852 and parameters: {'lambda': 379.11324308858104, 'kappa': 1.5727916564869089}. Best is trial 5 with value: -0.09918656760977378.
Trial 8 finished with value: -0.5227283672267853 and parameters: {'lambda': 620.9252743284724, 'kappa': 2.638869763709691}. Best is trial 5 with value: -0.09918656760977378.
Trial 9 finished with value: -0.5227283672267852 and parameters: {'lambda': 873.1778048064807, 'kappa': 1.9095393660962992}. Best is trial 5 with value: -0.09918656760977378.
Trial 10 finished with value: -0.5227283672267853 and parameters: {'lambda': 1886.8899990604687, 'kappa': 3.403359914931464}. Best is trial 5 with value: -0.09918656760977378.
Trial 11 finished with value: -0.009679129942250517 and parameters: {'lambda': 34.8609161424165, 'kappa': 3.9798232276603978}. Best is trial 11 with value: -0.009679129942250517.
Trial 12 finished with value: -0.17603111524150672 and parameters: {'lambda': 48.62839461429785, 'kappa': 3.834733028321934}. Best is trial 11 with value: -0.009679129942250517.
Trial 13 finished with value: -0.5227283672267852 and parameters: {'lambda': 452.53111586658093, 'kappa': 4.081306392996711}. Best is trial 11 with value: -0.009679129942250517.
Trial 14 finished with value: -0.5227283672267853 and parameters: {'lambda': 1101.5497235715259, 'kappa': 2.1855441481340363}. Best is trial 11 with value: -0.009679129942250517.
Trial 15 finished with value: -0.10078177952416731 and parameters: {'lambda': 36.665815800610986, 'kappa': 3.340210383474719}. Best is trial 11 with value: -0.009679129942250517.
Trial 16 finished with value: -0.5227283672267853 and parameters: {'lambda': 584.603409069565, 'kappa': 2.973002425130047}. Best is trial 11 with value: -0.009679129942250517.
Trial 17 finished with value: -0.3004176590668317 and parameters: {'lambda': 299.5839973459175, 'kappa': 3.644205910100608}. Best is trial 11 with value: -0.009679129942250517.
Trial 18 finished with value: -0.5227283672267852 and parameters: {'lambda': 256.59860451925977, 'kappa': 1.1917682895009203}. Best is trial 11 with value: -0.009679129942250517.
Trial 19 finished with value: -0.5227283672267853 and parameters: {'lambda': 1317.644664040973, 'kappa': 2.2360133138963745}. Best is trial 11 with value: -0.009679129942250517.
Trial 20 finished with value: -0.5265773883988032 and parameters: {'lambda': 944.6833187827866, 'kappa': 4.12087484851264}. Best is trial 11 with value: -0.009679129942250517.
Trial 21 finished with value: -0.026407390825933637 and parameters: {'lambda': 49.46162762008374, 'kappa': 3.4656202671184477}. Best is trial 11 with value: -0.009679129942250517.
Trial 22 finished with value: -0.1334211870668637 and parameters: {'lambda': 162.1868717129645, 'kappa': 3.5522102514498277}. Best is trial 11 with value: -0.009679129942250517.
Trial 23 finished with value: -0.5227283672267853 and parameters: {'lambda': 543.3020739569719, 'kappa': 3.1045489144581397}. Best is trial 11 with value: -0.009679129942250517.
Trial 24 finished with value: -0.3626770882210592 and parameters: {'lambda': 208.62362955477448, 'kappa': 3.861939595242692}. Best is trial 11 with value: -0.009679129942250517.
Trial 25 finished with value: -0.25421315713451104 and parameters: {'lambda': 22.981321318351128, 'kappa': 3.4711368679308627}. Best is trial 11 with value: -0.009679129942250517.
Trial 26 finished with value: -0.5227283672267853 and parameters: {'lambda': 712.4142378517423, 'kappa': 3.796357877387626}. Best is trial 11 with value: -0.009679129942250517.
Trial 27 finished with value: -0.5227283672267852 and parameters: {'lambda': 482.16040182705666, 'kappa': 4.115684773855673}. Best is trial 11 with value: -0.009679129942250517.
Trial 28 finished with value: -0.41331287292312363 and parameters: {'lambda': 193.43522948789857, 'kappa': 2.7937692592354413}. Best is trial 11 with value: -0.009679129942250517.
Trial 29 finished with value: -0.5227283672267853 and parameters: {'lambda': 765.2222953681415, 'kappa': 3.9005918926114944}. Best is trial 11 with value: -0.009679129942250517.
Optuna best λ=34.8609, κ=3.9798232276603978, Sharpe=-0.0097
A new study created in memory with name: no-name-085fe7aa-24fc-4eae-b7a9-4c8bdd0fcfac
Trial 0 finished with value: -0.6739041971369941 and parameters: {'lambda': 759.7853498839952, 'kappa': 3.9691811987040015}. Best is trial 0 with value: -0.6739041971369941.
Trial 1 finished with value: 0.5894521802218002 and parameters: {'lambda': 1465.8673507626895, 'kappa': 2.869673679819506}. Best is trial 1 with value: 0.5894521802218002.
Trial 2 finished with value: -0.5963817090934505 and parameters: {'lambda': 328.1377557200871, 'kappa': 1.487187364027523}. Best is trial 1 with value: 0.5894521802218002.
Trial 3 finished with value: -0.6120465944086017 and parameters: {'lambda': 134.68574520140024, 'kappa': 3.705159593645523}. Best is trial 1 with value: 0.5894521802218002.
Trial 4 finished with value: 0.5894521802218002 and parameters: {'lambda': 1207.3409317440553, 'kappa': 3.2113854510604285}. Best is trial 1 with value: 0.5894521802218002.
Trial 5 finished with value: -0.18213311629281725 and parameters: {'lambda': 60.6133742333842, 'kappa': 4.029130915629118}. Best is trial 1 with value: 0.5894521802218002.
Trial 6 finished with value: 0.5894521802218002 and parameters: {'lambda': 1664.2846394063226, 'kappa': 1.6631574710979753}. Best is trial 1 with value: 0.5894521802218002.
Trial 7 finished with value: -0.5963817090934505 and parameters: {'lambda': 379.11324308858104, 'kappa': 1.5727916564869089}. Best is trial 1 with value: 0.5894521802218002.
Trial 8 finished with value: -0.5963817090934506 and parameters: {'lambda': 620.9252743284724, 'kappa': 2.638869763709691}. Best is trial 1 with value: 0.5894521802218002.
Trial 9 finished with value: -0.6739041971369941 and parameters: {'lambda': 873.1778048064807, 'kappa': 1.9095393660962992}. Best is trial 1 with value: 0.5894521802218002.
Trial 10 finished with value: 0.5894521802218002 and parameters: {'lambda': 1936.5795254032687, 'kappa': 2.4782512203936142}. Best is trial 1 with value: 0.5894521802218002.
Trial 11 finished with value: 0.5894521802218002 and parameters: {'lambda': 1390.2252518943073, 'kappa': 3.18332783541338}. Best is trial 1 with value: 0.5894521802218002.
Trial 12 finished with value: 0.5894521802218002 and parameters: {'lambda': 1284.3256456958843, 'kappa': 3.155714518529925}. Best is trial 1 with value: 0.5894521802218002.
Trial 13 finished with value: 0.5894521802218002 and parameters: {'lambda': 1241.1722695690644, 'kappa': 3.021337815946988}. Best is trial 1 with value: 0.5894521802218002.
Trial 14 finished with value: 0.5894521802218002 and parameters: {'lambda': 1567.8638086019419, 'kappa': 2.1855441481340363}. Best is trial 1 with value: 0.5894521802218002.
Trial 15 finished with value: 0.5894521802218002 and parameters: {'lambda': 1141.6398330287896, 'kappa': 3.4226504092668155}. Best is trial 1 with value: 0.5894521802218002.
