Trial 10 finished with value: -0.07435604297577629 and parameters: {'lambda': 1886.8899990604687, 'kappa': 1.0187298358271706}. Best is trial 2 with value: 0.035255758502648324.
Trial 11 finished with value: -0.011760185196384776 and parameters: {'lambda': 939.8376870515597, 'kappa': 1.895795066525794}. Best is trial 2 with value: 0.035255758502648324.
Trial 12 finished with value: 0.03645735090021356 and parameters: {'lambda': 1168.0160441204143, 'kappa': 2.1549101231284524}. Best is trial 12 with value: 0.03645735090021356.
Trial 13 finished with value: -0.07435604297577629 and parameters: {'lambda': 1208.66508146122, 'kappa': 2.2256718351156524}. Best is trial 12 with value: 0.03645735090021356.
Trial 14 finished with value: -0.22472931208244473 and parameters: {'lambda': 429.7373569598785, 'kappa': 1.058091640608696}. Best is trial 12 with value: 0.03645735090021356.
Trial 15 finished with value: -0.07435604297577629 and parameters: {'lambda': 1255.5059161610686, 'kappa': 2.2718069069486355}. Best is trial 12 with value: 0.03645735090021356.
Trial 16 finished with value: -0.04848953004140327 and parameters: {'lambda': 584.603409069565, 'kappa': 1.3825303156725417}. Best is trial 12 with value: 0.03645735090021356.
Trial 17 finished with value: -0.07435604297577629 and parameters: {'lambda': 1466.0862649825317, 'kappa': 2.278297392508935}. Best is trial 12 with value: 0.03645735090021356.
Trial 18 finished with value: -0.2469425055596676 and parameters: {'lambda': 256.59860451925977, 'kappa': 3.1550123075420053}. Best is trial 12 with value: 0.03645735090021356.
Trial 19 finished with value: -0.07435604297577632 and parameters: {'lambda': 1096.7262174616465, 'kappa': 1.4230957999241027}. Best is trial 12 with value: 0.03645735090021356.
Trial 20 finished with value: -0.02338648820439943 and parameters: {'lambda': 724.6143845184984, 'kappa': 1.944575227989628}. Best is trial 12 with value: 0.03645735090021356.
Trial 21 finished with value: -0.01131925821325994 and parameters: {'lambda': 945.7905846250783, 'kappa': 1.9524899847934822}. Best is trial 12 with value: 0.03645735090021356.
Trial 22 finished with value: -0.07435604297577629 and parameters: {'lambda': 1404.9658933720798, 'kappa': 2.481234914365787}. Best is trial 12 with value: 0.03645735090021356.
Trial 23 finished with value: -0.01707546064898191 and parameters: {'lambda': 1010.9345896918124, 'kappa': 1.7397538211606303}. Best is trial 12 with value: 0.03645735090021356.
Trial 24 finished with value: -0.07435604297577629 and parameters: {'lambda': 1693.0322746126021, 'kappa': 2.1070896144674887}. Best is trial 12 with value: 0.03645735090021356.
Trial 25 finished with value: -0.2183663450057593 and parameters: {'lambda': 454.9238727636231, 'kappa': 1.2813228728925017}. Best is trial 12 with value: 0.03645735090021356.
Trial 26 finished with value: -0.09514627405906315 and parameters: {'lambda': 883.2202609257629, 'kappa': 2.481446987194543}. Best is trial 12 with value: 0.03645735090021356.
Trial 27 finished with value: -0.21351671654395815 and parameters: {'lambda': 216.40309000287914, 'kappa': 1.69949360336347}. Best is trial 12 with value: 0.03645735090021356.
Trial 28 finished with value: 0.006906037198359583 and parameters: {'lambda': 1084.0686840604722, 'kappa': 2.067778360376205}. Best is trial 12 with value: 0.03645735090021356.
Trial 29 finished with value: -0.04327846169018897 and parameters: {'lambda': 700.8685339995592, 'kappa': 2.6124590592025716}. Best is trial 12 with value: 0.03645735090021356.
Optuna best λ=1168.0160, κ=2.1549101231284524, Sharpe=0.0365
A new study created in memory with name: no-name-10a1224f-b2cf-4ba3-bdd3-1ef54e11bbe4
Trial 0 finished with value: -0.07913752725140157 and parameters: {'lambda': 759.7853498839952, 'kappa': 3.9691811987040015}. Best is trial 0 with value: -0.07913752725140157.
Trial 1 finished with value: -0.18880587553429196 and parameters: {'lambda': 1465.8673507626895, 'kappa': 2.869673679819506}. Best is trial 0 with value: -0.07913752725140157.
Trial 2 finished with value: 0.1216573837626126 and parameters: {'lambda': 328.1377557200871, 'kappa': 1.487187364027523}. Best is trial 2 with value: 0.1216573837626126.
Trial 3 finished with value: -0.8063312953291095 and parameters: {'lambda': 134.68574520140024, 'kappa': 3.705159593645523}. Best is trial 2 with value: 0.1216573837626126.
Trial 4 finished with value: -0.24406009618662097 and parameters: {'lambda': 1207.3409317440553, 'kappa': 3.2113854510604285}. Best is trial 2 with value: 0.1216573837626126.
Trial 5 finished with value: -0.8998388580561935 and parameters: {'lambda': 60.6133742333842, 'kappa': 4.029130915629118}. Best is trial 2 with value: 0.1216573837626126.
Trial 6 finished with value: -0.6387174891237076 and parameters: {'lambda': 1664.2846394063226, 'kappa': 1.6631574710979753}. Best is trial 2 with value: 0.1216573837626126.
Trial 7 finished with value: 0.49434150898387913 and parameters: {'lambda': 379.11324308858104, 'kappa': 1.5727916564869089}. Best is trial 7 with value: 0.49434150898387913.
Trial 8 finished with value: -0.09512872148711814 and parameters: {'lambda': 620.9252743284724, 'kappa': 2.638869763709691}. Best is trial 7 with value: 0.49434150898387913.
Trial 9 finished with value: -0.21819940375323596 and parameters: {'lambda': 873.1778048064807, 'kappa': 1.9095393660962992}. Best is trial 7 with value: 0.49434150898387913.
Trial 10 finished with value: 0.6358015860640205 and parameters: {'lambda': 430.0641332089457, 'kappa': 1.0187298358271706}. Best is trial 10 with value: 0.6358015860640205.
Trial 11 finished with value: 0.6358015860640205 and parameters: {'lambda': 474.31507756412464, 'kappa': 1.0165434678137546}. Best is trial 10 with value: 0.6358015860640205.
Trial 12 finished with value: 0.6358015860640205 and parameters: {'lambda': 549.085053395127, 'kappa': 1.1209428898519396}. Best is trial 10 with value: 0.6358015860640205.
Trial 13 finished with value: 0.6358015860640205 and parameters: {'lambda': 1100.9760739817916, 'kappa': 1.0340189314869768}. Best is trial 10 with value: 0.6358015860640205.
Trial 14 finished with value: -0.5179359019859208 and parameters: {'lambda': 382.8183087822669, 'kappa': 2.1855441481340363}. Best is trial 10 with value: 0.6358015860640205.
Trial 15 finished with value: -0.6387174891237076 and parameters: {'lambda': 1931.1367191612144, 'kappa': 2.168740230909457}. Best is trial 10 with value: 0.6358015860640205.
Trial 16 finished with value: 0.6358015860640205 and parameters: {'lambda': 916.0500251500177, 'kappa': 1.286713772241455}. Best is trial 10 with value: 0.6358015860640205.
Trial 17 finished with value: -0.10526525144591872 and parameters: {'lambda': 590.1937786836253, 'kappa': 1.994041578321538}. Best is trial 10 with value: 0.6358015860640205.
Trial 18 finished with value: -1.103184452360399 and parameters: {'lambda': 256.59860451925977, 'kappa': 1.013030636631801}. Best is trial 10 with value: 0.6358015860640205.
Trial 19 finished with value: -0.2932804440859979 and parameters: {'lambda': 1205.490699669223, 'kappa': 1.4500122488236888}. Best is trial 10 with value: 0.6358015860640205.
Trial 20 finished with value: -0.05371533125544389 and parameters: {'lambda': 708.5014982887766, 'kappa': 3.1534956380291588}. Best is trial 10 with value: 0.6358015860640205.
Trial 21 finished with value: 0.6358015860640205 and parameters: {'lambda': 547.6143594306717, 'kappa': 1.2112182039600479}. Best is trial 10 with value: 0.6358015860640205.
Trial 22 finished with value: -0.9947153389786542 and parameters: {'lambda': 222.37551717048353, 'kappa': 1.222899224403564}. Best is trial 10 with value: 0.6358015860640205.
Trial 23 finished with value: -0.05720858914701609 and parameters: {'lambda': 446.8771553645119, 'kappa': 1.6944216484307537}. Best is trial 10 with value: 0.6358015860640205.
Trial 24 finished with value: 0.6358015860640205 and parameters: {'lambda': 497.9546893933732, 'kappa': 1.0039611858106026}. Best is trial 10 with value: 0.6358015860640205.
Trial 25 finished with value: 0.6358015860640205 and parameters: {'lambda': 784.0999358454951, 'kappa': 1.3359849390607728}. Best is trial 10 with value: 0.6358015860640205.
Trial 26 finished with value: -0.15567655415134207 and parameters: {'lambda': 1001.4774175620676, 'kappa': 1.8699015408520188}. Best is trial 10 with value: 0.6358015860640205.
Trial 27 finished with value: -1.0292033375953777 and parameters: {'lambda': 161.8124658694082, 'kappa': 2.3154221873743097}. Best is trial 10 with value: 0.6358015860640205.
Trial 28 finished with value: -0.7013606912432286 and parameters: {'lambda': 45.908816140639146, 'kappa': 1.708368092215901}. Best is trial 10 with value: 0.6358015860640205.
Trial 29 finished with value: 0.6358015860640205 and parameters: {'lambda': 718.0006698554446, 'kappa': 1.2501543526736951}. Best is trial 10 with value: 0.6358015860640205.
Optuna best λ=430.0641, κ=1.0187298358271706, Sharpe=0.6358
A new study created in memory with name: no-name-c4784f9f-9345-4ae4-8cd1-25ddc33f2ede
Trial 0 finished with value: 0.37861846840037916 and parameters: {'lambda': 759.7853498839952, 'kappa': 3.9691811987040015}. Best is trial 0 with value: 0.37861846840037916.
Trial 1 finished with value: 0.37861846840037905 and parameters: {'lambda': 1465.8673507626895, 'kappa': 2.869673679819506}. Best is trial 0 with value: 0.37861846840037916.
Trial 2 finished with value: 0.378618468400379 and parameters: {'lambda': 328.1377557200871, 'kappa': 1.487187364027523}. Best is trial 0 with value: 0.37861846840037916.
Trial 3 finished with value: 0.16013082897258976 and parameters: {'lambda': 134.68574520140024, 'kappa': 3.705159593645523}. Best is trial 0 with value: 0.37861846840037916.
Trial 4 finished with value: 0.37861846840037916 and parameters: {'lambda': 1207.3409317440553, 'kappa': 3.2113854510604285}. Best is trial 0 with value: 0.37861846840037916.
Trial 5 finished with value: 0.253019453400695 and parameters: {'lambda': 60.6133742333842, 'kappa': 4.029130915629118}. Best is trial 0 with value: 0.37861846840037916.
Trial 6 finished with value: 0.37861846840037905 and parameters: {'lambda': 1664.2846394063226, 'kappa': 1.6631574710979753}. Best is trial 0 with value: 0.37861846840037916.
Trial 7 finished with value: 0.378618468400379 and parameters: {'lambda': 379.11324308858104, 'kappa': 1.5727916564869089}. Best is trial 0 with value: 0.37861846840037916.
Trial 8 finished with value: 0.37861846840037916 and parameters: {'lambda': 620.9252743284724, 'kappa': 2.638869763709691}. Best is trial 0 with value: 0.37861846840037916.
Trial 9 finished with value: 0.37861846840037916 and parameters: {'lambda': 873.1778048064807, 'kappa': 1.9095393660962992}. Best is trial 0 with value: 0.37861846840037916.
Trial 10 finished with value: 0.37861846840037905 and parameters: {'lambda': 1886.8899990604687, 'kappa': 3.4091247782378664}. Best is trial 0 with value: 0.37861846840037916.
Trial 11 finished with value: 0.37861846840037916 and parameters: {'lambda': 1221.6231924289402, 'kappa': 3.1894489309022296}. Best is trial 0 with value: 0.37861846840037916.
Trial 12 finished with value: 0.37861846840037916 and parameters: {'lambda': 952.6968278997535, 'kappa': 3.834733028321934}. Best is trial 0 with value: 0.37861846840037916.
Trial 13 finished with value: 0.37861846840037916 and parameters: {'lambda': 1241.1722695690644, 'kappa': 2.2256718351156524}. Best is trial 0 with value: 0.37861846840037916.
Trial 14 finished with value: 0.38033109037784163 and parameters: {'lambda': 681.276779517761, 'kappa': 1.0411523272835173}. Best is trial 14 with value: 0.38033109037784163.
Trial 15 finished with value: 0.38033109037784163 and parameters: {'lambda': 699.5899473522089, 'kappa': 1.0536965098707882}. Best is trial 14 with value: 0.38033109037784163.
Trial 16 finished with value: 0.38033109037784163 and parameters: {'lambda': 581.8649186766631, 'kappa': 1.1038652511964506}. Best is trial 14 with value: 0.38033109037784163.
Trial 17 finished with value: 0.38033109037784163 and parameters: {'lambda': 493.2739888626784, 'kappa': 1.062533574855894}. Best is trial 14 with value: 0.38033109037784163.
Trial 18 finished with value: 0.37861846840037916 and parameters: {'lambda': 755.8810028554357, 'kappa': 2.1403327139654382}. Best is trial 14 with value: 0.38033109037784163.
Trial 19 finished with value: 0.38033109037784163 and parameters: {'lambda': 1005.8894277511441, 'kappa': 1.2832748754936625}. Best is trial 14 with value: 0.38033109037784163.
Trial 20 finished with value: 0.37861846840037905 and parameters: {'lambda': 290.18624494633167, 'kappa': 1.8727069824582916}. Best is trial 14 with value: 0.38033109037784163.
Trial 21 finished with value: 0.38033109037784163 and parameters: {'lambda': 576.5008051661874, 'kappa': 1.0627634878082484}. Best is trial 14 with value: 0.38033109037784163.
Trial 22 finished with value: 0.38033109037784163 and parameters: {'lambda': 706.6363076099412, 'kappa': 1.3158245965560795}. Best is trial 14 with value: 0.38033109037784163.
Trial 23 finished with value: 0.38033109037784163 and parameters: {'lambda': 448.21174633380696, 'kappa': 1.0571143633088598}. Best is trial 14 with value: 0.38033109037784163.
Trial 24 finished with value: 0.38033109037784163 and parameters: {'lambda': 901.6682306663319, 'kappa': 1.3772674306596309}. Best is trial 14 with value: 0.38033109037784163.
Trial 25 finished with value: 0.4063286003214989 and parameters: {'lambda': 232.61857576792448, 'kappa': 1.8358952269013493}. Best is trial 25 with value: 0.4063286003214989.
Trial 26 finished with value: 0.5313341347325041 and parameters: {'lambda': 205.59424810664734, 'kappa': 1.8203539476253217}. Best is trial 26 with value: 0.5313341347325041.
Trial 27 finished with value: 0.30788753838449795 and parameters: {'lambda': 167.073424290109, 'kappa': 2.441016049888713}. Best is trial 26 with value: 0.5313341347325041.
Trial 28 finished with value: 0.37861846840037905 and parameters: {'lambda': 245.5167507803559, 'kappa': 1.9476948493779247}. Best is trial 26 with value: 0.5313341347325041.
Trial 29 finished with value: 0.4584247723280326 and parameters: {'lambda': 56.34711997863391, 'kappa': 1.720628541103044}. Best is trial 26 with value: 0.5313341347325041.
Optuna best λ=205.5942, κ=1.8203539476253217, Sharpe=0.5313
A new study created in memory with name: no-name-7830a02b-66a7-402d-8900-8fd051352ec9
Trial 0 finished with value: 0.3738652032305956 and parameters: {'lambda': 759.7853498839952, 'kappa': 3.9691811987040015}. Best is trial 0 with value: 0.3738652032305956.
Trial 1 finished with value: 0.3738652032305956 and parameters: {'lambda': 1465.8673507626895, 'kappa': 2.869673679819506}. Best is trial 0 with value: 0.3738652032305956.
Trial 2 finished with value: 0.37123169035830383 and parameters: {'lambda': 328.1377557200871, 'kappa': 1.487187364027523}. Best is trial 0 with value: 0.3738652032305956.
Trial 3 finished with value: 0.24005226086197737 and parameters: {'lambda': 134.68574520140024, 'kappa': 3.705159593645523}. Best is trial 0 with value: 0.3738652032305956.
Trial 4 finished with value: 0.3738652032305956 and parameters: {'lambda': 1207.3409317440553, 'kappa': 3.2113854510604285}. Best is trial 0 with value: 0.3738652032305956.
Trial 5 finished with value: 0.06399294857262973 and parameters: {'lambda': 60.6133742333842, 'kappa': 4.029130915629118}. Best is trial 0 with value: 0.3738652032305956.
Trial 6 finished with value: 0.3738652032305956 and parameters: {'lambda': 1664.2846394063226, 'kappa': 1.6631574710979753}. Best is trial 0 with value: 0.3738652032305956.
Trial 7 finished with value: 0.35577452646620106 and parameters: {'lambda': 379.11324308858104, 'kappa': 1.5727916564869089}. Best is trial 0 with value: 0.3738652032305956.
Trial 8 finished with value: 0.3738652032305956 and parameters: {'lambda': 620.9252743284724, 'kappa': 2.638869763709691}. Best is trial 0 with value: 0.3738652032305956.
Trial 9 finished with value: 0.3738652032305956 and parameters: {'lambda': 873.1778048064807, 'kappa': 1.9095393660962992}. Best is trial 0 with value: 0.3738652032305956.
Trial 10 finished with value: 0.3738652032305956 and parameters: {'lambda': 1886.8899990604687, 'kappa': 3.4091247782378664}. Best is trial 0 with value: 0.3738652032305956.
Trial 11 finished with value: 0.3738652032305956 and parameters: {'lambda': 1298.712888165613, 'kappa': 2.723057987164341}. Best is trial 0 with value: 0.3738652032305956.
Trial 12 finished with value: 0.3738652032305956 and parameters: {'lambda': 1432.6340894165896, 'kappa': 2.2154997449705958}. Best is trial 0 with value: 0.3738652032305956.
Trial 13 finished with value: 0.3738652032305956 and parameters: {'lambda': 954.3064273027765, 'kappa': 2.9924531776848378}. Best is trial 0 with value: 0.3738652032305956.
Trial 14 finished with value: 0.3738652032305956 and parameters: {'lambda': 681.276779517761, 'kappa': 1.0411523272835173}. Best is trial 0 with value: 0.3738652032305956.
Trial 15 finished with value: 0.3738652032305956 and parameters: {'lambda': 1575.8696651366647, 'kappa': 3.9538636572137684}. Best is trial 0 with value: 0.3738652032305956.
Trial 16 finished with value: 0.3738652032305956 and parameters: {'lambda': 1115.2224563073698, 'kappa': 3.5095893317281233}. Best is trial 0 with value: 0.3738652032305956.
Trial 17 finished with value: 0.3738652032305956 and parameters: {'lambda': 1877.600059137074, 'kappa': 2.3300928994225565}. Best is trial 0 with value: 0.3738652032305956.
Trial 18 finished with value: 0.3738652032305956 and parameters: {'lambda': 741.0562960581158, 'kappa': 2.9038509500810976}. Best is trial 0 with value: 0.3738652032305956.
Trial 19 finished with value: 0.3738652032305956 and parameters: {'lambda': 1474.8518716594879, 'kappa': 3.7218448999795655}. Best is trial 0 with value: 0.3738652032305956.
Trial 20 finished with value: 0.3734709652902066 and parameters: {'lambda': 494.27345451292564, 'kappa': 3.1534956380291588}. Best is trial 0 with value: 0.3738652032305956.
Trial 21 finished with value: 0.3738652032305956 and parameters: {'lambda': 1147.252767346752, 'kappa': 3.2595049278036994}. Best is trial 0 with value: 0.3738652032305956.
Trial 22 finished with value: 0.3738652032305956 and parameters: {'lambda': 1259.7418159157073, 'kappa': 2.399632193375772}. Best is trial 0 with value: 0.3738652032305956.
Trial 23 finished with value: 0.3738652032305956 and parameters: {'lambda': 890.1324100955054, 'kappa': 4.110664833508607}. Best is trial 0 with value: 0.3738652032305956.
Trial 24 finished with value: 0.3738652032305956 and parameters: {'lambda': 1693.0322746126021, 'kappa': 3.5596705204346546}. Best is trial 0 with value: 0.3738652032305956.
Trial 25 finished with value: 0.3738652032305956 and parameters: {'lambda': 1076.1076176909978, 'kappa': 2.9131177715561067}. Best is trial 0 with value: 0.3738652032305956.
Trial 26 finished with value: 0.3738652032305956 and parameters: {'lambda': 1319.7623021093011, 'kappa': 3.2013469625209447}. Best is trial 0 with value: 0.3738652032305956.
Trial 27 finished with value: 0.3738652032305956 and parameters: {'lambda': 811.9648360553916, 'kappa': 3.7839897047013418}. Best is trial 0 with value: 0.3738652032305956.
Trial 28 finished with value: 0.3738652032305956 and parameters: {'lambda': 1020.4541682942137, 'kappa': 3.3747062315297804}. Best is trial 0 with value: 0.3738652032305956.
Trial 29 finished with value: 0.3738652032305956 and parameters: {'lambda': 561.0596201659281, 'kappa': 2.1646107968357224}. Best is trial 0 with value: 0.3738652032305956.
Optuna best λ=759.7853, κ=3.9691811987040015, Sharpe=0.3739
A new study created in memory with name: no-name-c483a459-1c90-41a4-bb97-038de0b726a1
Trial 0 finished with value: -0.018267843323988172 and parameters: {'lambda': 759.7853498839952, 'kappa': 3.9691811987040015}. Best is trial 0 with value: -0.018267843323988172.
Trial 1 finished with value: -0.4793402925882135 and parameters: {'lambda': 1465.8673507626895, 'kappa': 2.869673679819506}. Best is trial 0 with value: -0.018267843323988172.
Trial 2 finished with value: -0.8630028431405496 and parameters: {'lambda': 328.1377557200871, 'kappa': 1.487187364027523}. Best is trial 0 with value: -0.018267843323988172.
Trial 3 finished with value: 0.5400996578483213 and parameters: {'lambda': 134.68574520140024, 'kappa': 3.705159593645523}. Best is trial 3 with value: 0.5400996578483213.
Trial 4 finished with value: -0.4793402925882135 and parameters: {'lambda': 1207.3409317440553, 'kappa': 3.2113854510604285}. Best is trial 3 with value: 0.5400996578483213.
Trial 5 finished with value: 0.6099320741702111 and parameters: {'lambda': 60.6133742333842, 'kappa': 4.029130915629118}. Best is trial 5 with value: 0.6099320741702111.
Trial 6 finished with value: -0.4793402925882135 and parameters: {'lambda': 1664.2846394063226, 'kappa': 1.6631574710979753}. Best is trial 5 with value: 0.6099320741702111.
Trial 7 finished with value: -0.7893978207396071 and parameters: {'lambda': 379.11324308858104, 'kappa': 1.5727916564869089}. Best is trial 5 with value: 0.6099320741702111.
Trial 8 finished with value: 0.26380503886108375 and parameters: {'lambda': 620.9252743284724, 'kappa': 2.638869763709691}. Best is trial 5 with value: 0.6099320741702111.
Trial 9 finished with value: 0.02775534126050346 and parameters: {'lambda': 873.1778048064807, 'kappa': 1.9095393660962992}. Best is trial 5 with value: 0.6099320741702111.
Trial 10 finished with value: -0.4793402925882135 and parameters: {'lambda': 1886.8899990604687, 'kappa': 3.403359914931464}. Best is trial 5 with value: 0.6099320741702111.
Trial 11 finished with value: 0.22281171947606762 and parameters: {'lambda': 34.8609161424165, 'kappa': 3.9798232276603978}. Best is trial 5 with value: 0.6099320741702111.
