Trial 14 finished with value: 1.0138020340384197 and parameters: {'lambda': 1567.8638086019419, 'kappa': 2.1855441481340363}. Best is trial 1 with value: 1.0138020340384197.
Trial 15 finished with value: 1.0138020340384197 and parameters: {'lambda': 1141.6398330287896, 'kappa': 3.4226504092668155}. Best is trial 1 with value: 1.0138020340384197.
Trial 16 finished with value: 1.0138020340384197 and parameters: {'lambda': 1798.7518030151937, 'kappa': 2.6871233931365808}. Best is trial 1 with value: 1.0138020340384197.
Trial 17 finished with value: 0.05752699261526651 and parameters: {'lambda': 971.8471135857591, 'kappa': 3.5210584037895685}. Best is trial 1 with value: 1.0138020340384197.
Trial 18 finished with value: 1.0138020340384197 and parameters: {'lambda': 1463.2644939284787, 'kappa': 2.847890491959081}. Best is trial 1 with value: 1.0138020340384197.
Trial 19 finished with value: 1.0138020340384197 and parameters: {'lambda': 1103.0929973510547, 'kappa': 2.2347208910546077}. Best is trial 1 with value: 1.0138020340384197.
Trial 20 finished with value: 1.0138020340384197 and parameters: {'lambda': 1670.218171188245, 'kappa': 1.0823503127445389}. Best is trial 1 with value: 1.0138020340384197.
Trial 21 finished with value: 1.0138020340384197 and parameters: {'lambda': 1804.261315957426, 'kappa': 2.3795644956684163}. Best is trial 1 with value: 1.0138020340384197.
Trial 22 finished with value: 1.0138020340384197 and parameters: {'lambda': 1629.6967826907173, 'kappa': 1.104892266180197}. Best is trial 1 with value: 1.0138020340384197.
Trial 23 finished with value: 1.0138020340384197 and parameters: {'lambda': 1399.5072184544717, 'kappa': 1.8558208467023807}. Best is trial 1 with value: 1.0138020340384197.
Trial 24 finished with value: 1.0138020340384197 and parameters: {'lambda': 1962.4761132743597, 'kappa': 2.8720401051615}. Best is trial 1 with value: 1.0138020340384197.
Trial 25 finished with value: 1.0138020340384197 and parameters: {'lambda': 1482.6981312366265, 'kappa': 3.211900005641687}. Best is trial 1 with value: 1.0138020340384197.
Trial 26 finished with value: 1.0138020340384197 and parameters: {'lambda': 1277.6242602859804, 'kappa': 3.4357071359018256}. Best is trial 1 with value: 1.0138020340384197.
Trial 27 finished with value: 1.0138020340384197 and parameters: {'lambda': 1740.7367296028574, 'kappa': 1.9682790081244042}. Best is trial 1 with value: 1.0138020340384197.
Trial 28 finished with value: 1.0138020340384197 and parameters: {'lambda': 1074.196407294737, 'kappa': 1.407321078454788}. Best is trial 1 with value: 1.0138020340384197.
Trial 29 finished with value: 1.0138020340384197 and parameters: {'lambda': 1531.029759487401, 'kappa': 3.747127202931212}. Best is trial 1 with value: 1.0138020340384197.
Optuna best λ=1465.8674, κ=2.869673679819506, Sharpe=1.0138
A new study created in memory with name: no-name-1727f296-fcc6-42fc-be9f-6f00187a075a
Trial 0 finished with value: 0.4276757978329341 and parameters: {'lambda': 759.7853498839952, 'kappa': 3.9691811987040015}. Best is trial 0 with value: 0.4276757978329341.
Trial 1 finished with value: 0.4276757978329341 and parameters: {'lambda': 1465.8673507626895, 'kappa': 2.869673679819506}. Best is trial 0 with value: 0.4276757978329341.
Trial 2 finished with value: 0.4276757978329341 and parameters: {'lambda': 328.1377557200871, 'kappa': 1.487187364027523}. Best is trial 0 with value: 0.4276757978329341.
Trial 3 finished with value: 0.26869398032319464 and parameters: {'lambda': 134.68574520140024, 'kappa': 3.705159593645523}. Best is trial 0 with value: 0.4276757978329341.
Trial 4 finished with value: 0.4276757978329341 and parameters: {'lambda': 1207.3409317440553, 'kappa': 3.2113854510604285}. Best is trial 0 with value: 0.4276757978329341.
Trial 5 finished with value: 0.09496940321816205 and parameters: {'lambda': 60.6133742333842, 'kappa': 4.029130915629118}. Best is trial 0 with value: 0.4276757978329341.
Trial 6 finished with value: 0.4276757978329341 and parameters: {'lambda': 1664.2846394063226, 'kappa': 1.6631574710979753}. Best is trial 0 with value: 0.4276757978329341.
Trial 7 finished with value: 0.4276757978329341 and parameters: {'lambda': 379.11324308858104, 'kappa': 1.5727916564869089}. Best is trial 0 with value: 0.4276757978329341.
Trial 8 finished with value: 0.4276757978329341 and parameters: {'lambda': 620.9252743284724, 'kappa': 2.638869763709691}. Best is trial 0 with value: 0.4276757978329341.
Trial 9 finished with value: 0.4276757978329341 and parameters: {'lambda': 873.1778048064807, 'kappa': 1.9095393660962992}. Best is trial 0 with value: 0.4276757978329341.
Trial 10 finished with value: 0.4276757978329341 and parameters: {'lambda': 1886.8899990604687, 'kappa': 3.4091247782378664}. Best is trial 0 with value: 0.4276757978329341.
Trial 11 finished with value: 0.4276757978329341 and parameters: {'lambda': 1298.712888165613, 'kappa': 2.723057987164341}. Best is trial 0 with value: 0.4276757978329341.
Trial 12 finished with value: 0.4276757978329341 and parameters: {'lambda': 1432.6340894165896, 'kappa': 2.2154997449705958}. Best is trial 0 with value: 0.4276757978329341.
Trial 13 finished with value: 0.4276757978329341 and parameters: {'lambda': 954.3064273027765, 'kappa': 2.9924531776848378}. Best is trial 0 with value: 0.4276757978329341.
Trial 14 finished with value: 0.4276757978329341 and parameters: {'lambda': 681.276779517761, 'kappa': 1.0411523272835173}. Best is trial 0 with value: 0.4276757978329341.
Trial 15 finished with value: 0.4276757978329341 and parameters: {'lambda': 1575.8696651366647, 'kappa': 3.9538636572137684}. Best is trial 0 with value: 0.4276757978329341.
Trial 16 finished with value: 0.4276757978329341 and parameters: {'lambda': 1115.2224563073698, 'kappa': 3.5095893317281233}. Best is trial 0 with value: 0.4276757978329341.
Trial 17 finished with value: 0.4276757978329341 and parameters: {'lambda': 1877.600059137074, 'kappa': 2.3300928994225565}. Best is trial 0 with value: 0.4276757978329341.
Trial 18 finished with value: 0.4276757978329341 and parameters: {'lambda': 741.0562960581158, 'kappa': 2.9038509500810976}. Best is trial 0 with value: 0.4276757978329341.
Trial 19 finished with value: 0.4276757978329341 and parameters: {'lambda': 1474.8518716594879, 'kappa': 3.7218448999795655}. Best is trial 0 with value: 0.4276757978329341.
Trial 20 finished with value: 0.4276757978329341 and parameters: {'lambda': 494.27345451292564, 'kappa': 3.1534956380291588}. Best is trial 0 with value: 0.4276757978329341.
Trial 21 finished with value: 0.14804572374506442 and parameters: {'lambda': 234.60974546468674, 'kappa': 1.156819034708655}. Best is trial 0 with value: 0.4276757978329341.
Trial 22 finished with value: 0.4276757978329341 and parameters: {'lambda': 531.7381474027018, 'kappa': 2.2894180870739205}. Best is trial 0 with value: 0.4276757978329341.
Trial 23 finished with value: 0.4276757978329341 and parameters: {'lambda': 844.1999198463159, 'kappa': 1.3748587609469238}. Best is trial 0 with value: 0.4276757978329341.
Trial 24 finished with value: 0.28383746644971597 and parameters: {'lambda': 358.13334308973697, 'kappa': 1.905713594420495}. Best is trial 0 with value: 0.4276757978329341.
Trial 25 finished with value: 0.4276757978329341 and parameters: {'lambda': 1108.1078626985523, 'kappa': 1.8999477555606397}. Best is trial 0 with value: 0.4276757978329341.
Trial 26 finished with value: 0.07315232665188832 and parameters: {'lambda': 270.74575511471664, 'kappa': 2.442500330515138}. Best is trial 0 with value: 0.4276757978329341.
Trial 27 finished with value: 0.4276757978329341 and parameters: {'lambda': 1720.629810622259, 'kappa': 2.7772186269582764}. Best is trial 0 with value: 0.4276757978329341.
Trial 28 finished with value: 0.4276757978329341 and parameters: {'lambda': 1347.95612451144, 'kappa': 2.148145549526145}. Best is trial 0 with value: 0.4276757978329341.
Trial 29 finished with value: 0.18181266527130407 and parameters: {'lambda': 177.16955426207392, 'kappa': 3.747127202931212}. Best is trial 0 with value: 0.4276757978329341.
Optuna best λ=759.7853, κ=3.9691811987040015, Sharpe=0.4277
A new study created in memory with name: no-name-abc36b83-ab7f-4cc1-9b64-c0d04a53f8ee
Trial 0 finished with value: -0.02505419168673879 and parameters: {'lambda': 759.7853498839952, 'kappa': 3.9691811987040015}. Best is trial 0 with value: -0.02505419168673879.
Trial 1 finished with value: -0.02505419168673879 and parameters: {'lambda': 1465.8673507626895, 'kappa': 2.869673679819506}. Best is trial 0 with value: -0.02505419168673879.
Trial 2 finished with value: -0.1873015531489994 and parameters: {'lambda': 328.1377557200871, 'kappa': 1.487187364027523}. Best is trial 0 with value: -0.02505419168673879.
Trial 3 finished with value: 0.4784321098209616 and parameters: {'lambda': 134.68574520140024, 'kappa': 3.705159593645523}. Best is trial 3 with value: 0.4784321098209616.
Trial 4 finished with value: -0.02505419168673879 and parameters: {'lambda': 1207.3409317440553, 'kappa': 3.2113854510604285}. Best is trial 3 with value: 0.4784321098209616.
Trial 5 finished with value: 0.3113665018955583 and parameters: {'lambda': 60.6133742333842, 'kappa': 4.029130915629118}. Best is trial 3 with value: 0.4784321098209616.
Trial 6 finished with value: -0.02505419168673879 and parameters: {'lambda': 1664.2846394063226, 'kappa': 1.6631574710979753}. Best is trial 3 with value: 0.4784321098209616.
Trial 7 finished with value: -0.39209460889452635 and parameters: {'lambda': 379.11324308858104, 'kappa': 1.5727916564869089}. Best is trial 3 with value: 0.4784321098209616.
Trial 8 finished with value: -0.2035893806467796 and parameters: {'lambda': 620.9252743284724, 'kappa': 2.638869763709691}. Best is trial 3 with value: 0.4784321098209616.
Trial 9 finished with value: -0.02505419168673879 and parameters: {'lambda': 873.1778048064807, 'kappa': 1.9095393660962992}. Best is trial 3 with value: 0.4784321098209616.
Trial 10 finished with value: -0.02505419168673879 and parameters: {'lambda': 1886.8899990604687, 'kappa': 3.4270596555033017}. Best is trial 3 with value: 0.4784321098209616.
Trial 11 finished with value: -0.04337555570357378 and parameters: {'lambda': 34.8609161424165, 'kappa': 3.9798232276603978}. Best is trial 3 with value: 0.4784321098209616.
Trial 12 finished with value: -0.02785347138155797 and parameters: {'lambda': 48.648302835881935, 'kappa': 3.561963338490747}. Best is trial 3 with value: 0.4784321098209616.
Trial 13 finished with value: -0.42153208664645203 and parameters: {'lambda': 413.4357677087194, 'kappa': 4.060125690956306}. Best is trial 3 with value: 0.4784321098209616.
Trial 14 finished with value: -0.02505419168673879 and parameters: {'lambda': 1146.9613502972234, 'kappa': 2.1855441481340363}. Best is trial 3 with value: 0.4784321098209616.
Trial 15 finished with value: 0.4337008191400158 and parameters: {'lambda': 119.33359562300568, 'kappa': 3.671017647863116}. Best is trial 3 with value: 0.4784321098209616.
Trial 16 finished with value: -0.2035893806467796 and parameters: {'lambda': 584.603409069565, 'kappa': 2.9702879081269344}. Best is trial 3 with value: 0.4784321098209616.
Trial 17 finished with value: -0.23635404550737898 and parameters: {'lambda': 299.5839973459175, 'kappa': 3.5909777871816364}. Best is trial 3 with value: 0.4784321098209616.
Trial 18 finished with value: -0.02505419168673879 and parameters: {'lambda': 965.9992823993667, 'kappa': 2.4317888466140385}. Best is trial 3 with value: 0.4784321098209616.
Trial 19 finished with value: -0.7117240281893803 and parameters: {'lambda': 231.93425314691265, 'kappa': 3.284167175069815}. Best is trial 3 with value: 0.4784321098209616.
Trial 20 finished with value: 0.013360881914063706 and parameters: {'lambda': 559.2952885187851, 'kappa': 1.0823503127445389}. Best is trial 3 with value: 0.4784321098209616.
Trial 21 finished with value: 0.6949114958606224 and parameters: {'lambda': 144.21985901104438, 'kappa': 3.7522741465781455}. Best is trial 21 with value: 0.6949114958606224.
Trial 22 finished with value: -0.43381746286077755 and parameters: {'lambda': 204.98336571784262, 'kappa': 3.6703918098894395}. Best is trial 21 with value: 0.6949114958606224.
Trial 23 finished with value: -0.2035893806467796 and parameters: {'lambda': 483.5023358578186, 'kappa': 3.774403942876709}. Best is trial 21 with value: 0.6949114958606224.
Trial 24 finished with value: 0.0418907211909451 and parameters: {'lambda': 174.94013261781845, 'kappa': 3.0838785197545158}. Best is trial 21 with value: 0.6949114958606224.
Trial 25 finished with value: -0.02505419168673879 and parameters: {'lambda': 725.6119207674608, 'kappa': 3.7808376690044425}. Best is trial 21 with value: 0.6949114958606224.
Trial 26 finished with value: 0.4784321098209616 and parameters: {'lambda': 132.48725045721724, 'kappa': 3.3130637638661717}. Best is trial 21 with value: 0.6949114958606224.
Trial 27 finished with value: -0.5867125296211447 and parameters: {'lambda': 380.14426899412933, 'kappa': 2.693831493203752}. Best is trial 21 with value: 0.6949114958606224.
Trial 28 finished with value: -0.653032741053413 and parameters: {'lambda': 218.949152412915, 'kappa': 3.3518251112732322}. Best is trial 21 with value: 0.6949114958606224.
Trial 29 finished with value: -0.02505419168673879 and parameters: {'lambda': 717.8305765323954, 'kappa': 3.8318458038826835}. Best is trial 21 with value: 0.6949114958606224.
Optuna best λ=144.2199, κ=3.7522741465781455, Sharpe=0.6949
A new study created in memory with name: no-name-481bf7f2-73ac-47c4-932e-b790de647148
Trial 0 finished with value: 0.37616715530977746 and parameters: {'lambda': 759.7853498839952, 'kappa': 3.9691811987040015}. Best is trial 0 with value: 0.37616715530977746.
Trial 1 finished with value: -0.17380597687072513 and parameters: {'lambda': 1465.8673507626895, 'kappa': 2.869673679819506}. Best is trial 0 with value: 0.37616715530977746.
Trial 2 finished with value: 0.16953800894166182 and parameters: {'lambda': 328.1377557200871, 'kappa': 1.487187364027523}. Best is trial 0 with value: 0.37616715530977746.
Trial 3 finished with value: -0.09735145309114847 and parameters: {'lambda': 134.68574520140024, 'kappa': 3.705159593645523}. Best is trial 0 with value: 0.37616715530977746.
Trial 4 finished with value: -0.17380597687072513 and parameters: {'lambda': 1207.3409317440553, 'kappa': 3.2113854510604285}. Best is trial 0 with value: 0.37616715530977746.
Trial 5 finished with value: 0.8682344297048298 and parameters: {'lambda': 60.6133742333842, 'kappa': 4.029130915629118}. Best is trial 5 with value: 0.8682344297048298.
Trial 6 finished with value: -0.17380597687072513 and parameters: {'lambda': 1664.2846394063226, 'kappa': 1.6631574710979753}. Best is trial 5 with value: 0.8682344297048298.
Trial 7 finished with value: 0.16953800894166182 and parameters: {'lambda': 379.11324308858104, 'kappa': 1.5727916564869089}. Best is trial 5 with value: 0.8682344297048298.
Trial 8 finished with value: 0.37616715530977746 and parameters: {'lambda': 620.9252743284724, 'kappa': 2.638869763709691}. Best is trial 5 with value: 0.8682344297048298.
Trial 9 finished with value: 0.37616715530977746 and parameters: {'lambda': 873.1778048064807, 'kappa': 1.9095393660962992}. Best is trial 5 with value: 0.8682344297048298.
Trial 10 finished with value: -0.17380597687072513 and parameters: {'lambda': 1886.8899990604687, 'kappa': 3.403359914931464}. Best is trial 5 with value: 0.8682344297048298.
Trial 11 finished with value: 0.8849101305673106 and parameters: {'lambda': 34.8609161424165, 'kappa': 3.983014214982241}. Best is trial 11 with value: 0.8849101305673106.
Trial 12 finished with value: 0.7968570703998138 and parameters: {'lambda': 48.62839461429785, 'kappa': 3.834733028321934}. Best is trial 11 with value: 0.8849101305673106.
Trial 13 finished with value: 0.16953800894166182 and parameters: {'lambda': 452.53111586658093, 'kappa': 4.081306392996711}. Best is trial 11 with value: 0.8849101305673106.
Trial 14 finished with value: -0.17380597687072513 and parameters: {'lambda': 1101.5497235715259, 'kappa': 2.1855441481340363}. Best is trial 11 with value: 0.8849101305673106.
Trial 15 finished with value: 0.6875943665061178 and parameters: {'lambda': 36.665815800610986, 'kappa': 3.339854464858602}. Best is trial 11 with value: 0.8849101305673106.
Trial 16 finished with value: 0.37616715530977746 and parameters: {'lambda': 584.603409069565, 'kappa': 2.973002425130047}. Best is trial 11 with value: 0.8849101305673106.
Trial 17 finished with value: 0.16953800894166182 and parameters: {'lambda': 299.5839973459175, 'kappa': 3.6440686614775673}. Best is trial 11 with value: 0.8849101305673106.
Trial 18 finished with value: 0.16953800894166188 and parameters: {'lambda': 256.59860451925977, 'kappa': 1.1910072848839226}. Best is trial 11 with value: 0.8849101305673106.
Trial 19 finished with value: -0.17380597687072513 and parameters: {'lambda': 1317.644664040973, 'kappa': 2.2346556622797675}. Best is trial 11 with value: 0.8849101305673106.
Trial 20 finished with value: 0.37616715530977746 and parameters: {'lambda': 944.6833187827866, 'kappa': 4.12087484851264}. Best is trial 11 with value: 0.8849101305673106.
Trial 21 finished with value: 0.7929163387201134 and parameters: {'lambda': 49.46162762008374, 'kappa': 3.7312101678171388}. Best is trial 11 with value: 0.8849101305673106.
Trial 22 finished with value: -0.2898331419751319 and parameters: {'lambda': 162.1868717129645, 'kappa': 3.80095754254786}. Best is trial 11 with value: 0.8849101305673106.
Trial 23 finished with value: 0.37616715530977746 and parameters: {'lambda': 542.8310102867931, 'kappa': 3.4884013250257584}. Best is trial 11 with value: 0.8849101305673106.
Trial 24 finished with value: -0.5817801043724986 and parameters: {'lambda': 208.62362955477448, 'kappa': 3.0838785197545158}. Best is trial 11 with value: 0.8849101305673106.
Trial 25 finished with value: 0.8484387768451516 and parameters: {'lambda': 22.976080166836237, 'kappa': 3.9403417942548735}. Best is trial 11 with value: 0.8849101305673106.
Trial 26 finished with value: 0.37616715530977746 and parameters: {'lambda': 712.4142378517423, 'kappa': 3.607544739093055}. Best is trial 11 with value: 0.8849101305673106.
Trial 27 finished with value: 0.16953800894166182 and parameters: {'lambda': 482.16040182705666, 'kappa': 4.116931609982925}. Best is trial 11 with value: 0.8849101305673106.
Trial 28 finished with value: -0.7926900043904457 and parameters: {'lambda': 218.03102473431207, 'kappa': 2.65126862845658}. Best is trial 11 with value: 0.8849101305673106.
Trial 29 finished with value: 0.37616715530977746 and parameters: {'lambda': 765.2222953681415, 'kappa': 3.9013965387169818}. Best is trial 11 with value: 0.8849101305673106.
Optuna best λ=34.8609, κ=3.983014214982241, Sharpe=0.8849
A new study created in memory with name: no-name-556ed15a-9071-41fd-b64a-b102f58205c8
Trial 0 finished with value: 0.09899064385197189 and parameters: {'lambda': 759.7853498839952, 'kappa': 3.9691811987040015}. Best is trial 0 with value: 0.09899064385197189.
Trial 1 finished with value: 0.20880011269936555 and parameters: {'lambda': 1465.8673507626895, 'kappa': 2.869673679819506}. Best is trial 1 with value: 0.20880011269936555.
Trial 2 finished with value: 0.13264435622045712 and parameters: {'lambda': 328.1377557200871, 'kappa': 1.487187364027523}. Best is trial 1 with value: 0.20880011269936555.
Trial 3 finished with value: 0.20631508620903752 and parameters: {'lambda': 134.68574520140024, 'kappa': 3.705159593645523}. Best is trial 1 with value: 0.20880011269936555.
Trial 4 finished with value: 0.20880011269936577 and parameters: {'lambda': 1207.3409317440553, 'kappa': 3.2113854510604285}. Best is trial 4 with value: 0.20880011269936577.
Trial 5 finished with value: 0.1957978292029846 and parameters: {'lambda': 60.6133742333842, 'kappa': 4.029130915629118}. Best is trial 4 with value: 0.20880011269936577.
Trial 6 finished with value: 0.20880011269936555 and parameters: {'lambda': 1664.2846394063226, 'kappa': 1.6631574710979753}. Best is trial 4 with value: 0.20880011269936577.
Trial 7 finished with value: 0.1885267783842005 and parameters: {'lambda': 379.11324308858104, 'kappa': 1.5727916564869089}. Best is trial 4 with value: 0.20880011269936577.
Trial 8 finished with value: 0.05745280930544624 and parameters: {'lambda': 620.9252743284724, 'kappa': 2.638869763709691}. Best is trial 4 with value: 0.20880011269936577.
Trial 9 finished with value: 0.23164485175636468 and parameters: {'lambda': 873.1778048064807, 'kappa': 1.9095393660962992}. Best is trial 9 with value: 0.23164485175636468.
Trial 10 finished with value: -0.09913558863743946 and parameters: {'lambda': 1050.221228040157, 'kappa': 2.1258152001831987}. Best is trial 9 with value: 0.23164485175636468.
Trial 11 finished with value: 0.20880011269936577 and parameters: {'lambda': 1190.586248715656, 'kappa': 3.2506760653696363}. Best is trial 9 with value: 0.23164485175636468.
Trial 12 finished with value: 0.20880011269936555 and parameters: {'lambda': 1899.3014586553732, 'kappa': 2.1653702315615755}. Best is trial 9 with value: 0.23164485175636468.
Trial 13 finished with value: 0.20880011269936577 and parameters: {'lambda': 1191.4825912877516, 'kappa': 3.1730009256632337}. Best is trial 9 with value: 0.23164485175636468.
Trial 14 finished with value: 0.27457000679167204 and parameters: {'lambda': 823.4566876877083, 'kappa': 1.0373077153894181}. Best is trial 14 with value: 0.27457000679167204.
Trial 15 finished with value: 0.27457000679167204 and parameters: {'lambda': 791.8814494201528, 'kappa': 1.032536796674583}. Best is trial 14 with value: 0.27457000679167204.
Trial 16 finished with value: 0.27457000679167204 and parameters: {'lambda': 584.603409069565, 'kappa': 1.0879332793727012}. Best is trial 14 with value: 0.27457000679167204.
