Trial 27 finished with value: 0.23478831759074317 and parameters: {'lambda': 165.58317718999552, 'kappa': 2.75193488885603}. Best is trial 27 with value: 0.23478831759074317.
Trial 28 finished with value: -0.7142328050395951 and parameters: {'lambda': 933.0701572219853, 'kappa': 2.770904406596296}. Best is trial 27 with value: 0.23478831759074317.
Trial 29 finished with value: -0.6209235316601747 and parameters: {'lambda': 740.4998939395964, 'kappa': 2.451531024669285}. Best is trial 27 with value: 0.23478831759074317.
Optuna best λ=165.5832, κ=2.75193488885603, Sharpe=0.2348
A new study created in memory with name: no-name-d6644f78-7dd3-4ab7-a258-f7efb7abc202
Trial 0 finished with value: 0.6550171221639046 and parameters: {'lambda': 759.7853498839952, 'kappa': 3.9691811987040015}. Best is trial 0 with value: 0.6550171221639046.
Trial 1 finished with value: 0.6568421993328983 and parameters: {'lambda': 1465.8673507626895, 'kappa': 2.869673679819506}. Best is trial 1 with value: 0.6568421993328983.
Trial 2 finished with value: 0.6407790459127247 and parameters: {'lambda': 328.1377557200871, 'kappa': 1.487187364027523}. Best is trial 1 with value: 0.6568421993328983.
Trial 3 finished with value: 0.6576333985516565 and parameters: {'lambda': 134.68574520140024, 'kappa': 3.705159593645523}. Best is trial 3 with value: 0.6576333985516565.
Trial 4 finished with value: 0.6568421993328983 and parameters: {'lambda': 1207.3409317440553, 'kappa': 3.2113854510604285}. Best is trial 3 with value: 0.6576333985516565.
Trial 5 finished with value: 0.30266889618796533 and parameters: {'lambda': 60.6133742333842, 'kappa': 4.029130915629118}. Best is trial 3 with value: 0.6576333985516565.
Trial 6 finished with value: 0.6568421993328983 and parameters: {'lambda': 1664.2846394063226, 'kappa': 1.6631574710979753}. Best is trial 3 with value: 0.6576333985516565.
Trial 7 finished with value: 0.7436660104127871 and parameters: {'lambda': 379.11324308858104, 'kappa': 1.5727916564869089}. Best is trial 7 with value: 0.7436660104127871.
Trial 8 finished with value: 0.6854463858393446 and parameters: {'lambda': 620.9252743284724, 'kappa': 2.638869763709691}. Best is trial 7 with value: 0.7436660104127871.
Trial 9 finished with value: 0.70592400578248 and parameters: {'lambda': 873.1778048064807, 'kappa': 1.9095393660962992}. Best is trial 7 with value: 0.7436660104127871.
Trial 10 finished with value: 0.7024689489381503 and parameters: {'lambda': 430.0641332089457, 'kappa': 1.0187298358271706}. Best is trial 7 with value: 0.7436660104127871.
Trial 11 finished with value: 0.6568421993328983 and parameters: {'lambda': 1002.3906250138785, 'kappa': 2.083251970202521}. Best is trial 7 with value: 0.7436660104127871.
Trial 12 finished with value: 0.6568421993328983 and parameters: {'lambda': 895.1734171631405, 'kappa': 2.0739346614866854}. Best is trial 7 with value: 0.7436660104127871.
Trial 13 finished with value: 0.6568421993328983 and parameters: {'lambda': 1273.6664920124097, 'kappa': 2.0161336400150702}. Best is trial 7 with value: 0.7436660104127871.
Trial 14 finished with value: 0.6568421993328983 and parameters: {'lambda': 1890.4955953664362, 'kappa': 1.0373077153894181}. Best is trial 7 with value: 0.7436660104127871.
Trial 15 finished with value: 0.7526571041575876 and parameters: {'lambda': 574.5424571437802, 'kappa': 1.6370204143728153}. Best is trial 15 with value: 0.7526571041575876.
Trial 16 finished with value: 0.7601410621158774 and parameters: {'lambda': 510.16268439611827, 'kappa': 1.4202427724198328}. Best is trial 16 with value: 0.7601410621158774.
Trial 17 finished with value: 0.7374403831464927 and parameters: {'lambda': 559.5523985211278, 'kappa': 1.3620106403951693}. Best is trial 16 with value: 0.7601410621158774.
Trial 18 finished with value: 0.6707574418689717 and parameters: {'lambda': 679.486683571931, 'kappa': 2.560479900738441}. Best is trial 16 with value: 0.7601410621158774.
Trial 19 finished with value: 0.6981338515362412 and parameters: {'lambda': 298.4703994421172, 'kappa': 2.4140609825014323}. Best is trial 16 with value: 0.7601410621158774.
Trial 20 finished with value: 0.6568421993328983 and parameters: {'lambda': 1124.3023859321058, 'kappa': 1.2183279286816353}. Best is trial 16 with value: 0.7601410621158774.
Trial 21 finished with value: 0.7863097054313272 and parameters: {'lambda': 481.60516314277294, 'kappa': 1.7379912719135984}. Best is trial 21 with value: 0.7863097054313272.
Trial 22 finished with value: 0.7891305278539239 and parameters: {'lambda': 477.3627634520117, 'kappa': 1.820036914830454}. Best is trial 22 with value: 0.7891305278539239.
Trial 23 finished with value: 0.6726883873661202 and parameters: {'lambda': 199.89816533683484, 'kappa': 1.8840564937121214}. Best is trial 22 with value: 0.7891305278539239.
Trial 24 finished with value: 0.8081074772729693 and parameters: {'lambda': 494.0414602829889, 'kappa': 2.1814487795302444}. Best is trial 24 with value: 0.8081074772729693.
Trial 25 finished with value: 0.6854138209364241 and parameters: {'lambda': 801.9468396098491, 'kappa': 2.302099589726057}. Best is trial 24 with value: 0.8081074772729693.
Trial 26 finished with value: 0.5621886907687281 and parameters: {'lambda': 247.7860218888918, 'kappa': 2.924069319203882}. Best is trial 24 with value: 0.8081074772729693.
Trial 27 finished with value: 0.7143267599875772 and parameters: {'lambda': 454.2455529313377, 'kappa': 1.8082825154527922}. Best is trial 24 with value: 0.8081074772729693.
Trial 28 finished with value: 0.39411348206133423 and parameters: {'lambda': 45.908816140639146, 'kappa': 2.2657623060999383}. Best is trial 24 with value: 0.8081074772729693.
Trial 29 finished with value: 0.7226709000045695 and parameters: {'lambda': 759.5844358056914, 'kappa': 2.165725231536859}. Best is trial 24 with value: 0.8081074772729693.
Optuna best λ=494.0415, κ=2.1814487795302444, Sharpe=0.8081
A new study created in memory with name: no-name-f8da587d-a6d6-4d16-87eb-c7d627ff35c2
Trial 0 finished with value: 0.30362083390325423 and parameters: {'lambda': 759.7853498839952, 'kappa': 3.9691811987040015}. Best is trial 0 with value: 0.30362083390325423.
Trial 1 finished with value: 0.25469247147079743 and parameters: {'lambda': 1465.8673507626895, 'kappa': 2.869673679819506}. Best is trial 0 with value: 0.30362083390325423.
Trial 2 finished with value: -0.013156397794803487 and parameters: {'lambda': 328.1377557200871, 'kappa': 1.487187364027523}. Best is trial 0 with value: 0.30362083390325423.
Trial 3 finished with value: -0.14338619618637377 and parameters: {'lambda': 134.68574520140024, 'kappa': 3.705159593645523}. Best is trial 0 with value: 0.30362083390325423.
Trial 4 finished with value: 0.25469247147079743 and parameters: {'lambda': 1207.3409317440553, 'kappa': 3.2113854510604285}. Best is trial 0 with value: 0.30362083390325423.
Trial 5 finished with value: -0.37073143071749803 and parameters: {'lambda': 60.6133742333842, 'kappa': 4.029130915629118}. Best is trial 0 with value: 0.30362083390325423.
Trial 6 finished with value: 0.25469247147079743 and parameters: {'lambda': 1664.2846394063226, 'kappa': 1.6631574710979753}. Best is trial 0 with value: 0.30362083390325423.
Trial 7 finished with value: -0.2791408329212941 and parameters: {'lambda': 379.11324308858104, 'kappa': 1.5727916564869089}. Best is trial 0 with value: 0.30362083390325423.
Trial 8 finished with value: 0.30362083390325423 and parameters: {'lambda': 620.9252743284724, 'kappa': 2.638869763709691}. Best is trial 0 with value: 0.30362083390325423.
Trial 9 finished with value: 0.24663257025966634 and parameters: {'lambda': 873.1778048064807, 'kappa': 1.9095393660962992}. Best is trial 0 with value: 0.30362083390325423.
Trial 10 finished with value: 0.25469247147079743 and parameters: {'lambda': 1886.8899990604687, 'kappa': 3.4091247782378664}. Best is trial 0 with value: 0.30362083390325423.
Trial 11 finished with value: 0.2819274617820686 and parameters: {'lambda': 809.873088210113, 'kappa': 2.310154832382016}. Best is trial 0 with value: 0.30362083390325423.
Trial 12 finished with value: 0.30362083390325423 and parameters: {'lambda': 674.9999134149766, 'kappa': 2.6038721002470457}. Best is trial 0 with value: 0.30362083390325423.
Trial 13 finished with value: 0.25469247147079743 and parameters: {'lambda': 1123.672971053165, 'kappa': 4.053810295299152}. Best is trial 0 with value: 0.30362083390325423.
Trial 14 finished with value: 0.6835514052295842 and parameters: {'lambda': 586.6942083953295, 'kappa': 1.0411523272835173}. Best is trial 14 with value: 0.6835514052295842.
Trial 15 finished with value: 0.7411461399518952 and parameters: {'lambda': 574.5424571437802, 'kappa': 1.0536965098707882}. Best is trial 15 with value: 0.7411461399518952.
Trial 16 finished with value: 0.18144901459472323 and parameters: {'lambda': 411.76332179436884, 'kappa': 1.1038652511964506}. Best is trial 15 with value: 0.7411461399518952.
Trial 17 finished with value: 0.7821959480313632 and parameters: {'lambda': 538.0198196064882, 'kappa': 1.062533574855894}. Best is trial 17 with value: 0.7821959480313632.
Trial 18 finished with value: 0.1797283639219416 and parameters: {'lambda': 1074.3203778846007, 'kappa': 2.1384853174333323}. Best is trial 17 with value: 0.7821959480313632.
Trial 19 finished with value: 0.17429603895075818 and parameters: {'lambda': 483.8734201938853, 'kappa': 1.2862980783816345}. Best is trial 17 with value: 0.7821959480313632.
Trial 20 finished with value: -0.03720094701536984 and parameters: {'lambda': 212.26908378417397, 'kappa': 1.879192940793402}. Best is trial 17 with value: 0.7821959480313632.
Trial 21 finished with value: 0.7821959480313632 and parameters: {'lambda': 539.0595356917953, 'kappa': 1.0627634878082484}. Best is trial 17 with value: 0.7821959480313632.
Trial 22 finished with value: 0.14391518527201794 and parameters: {'lambda': 872.3212843528567, 'kappa': 1.3186062009888286}. Best is trial 17 with value: 0.7821959480313632.
Trial 23 finished with value: 0.17429603895075818 and parameters: {'lambda': 492.45712803856816, 'kappa': 1.0571507480015256}. Best is trial 17 with value: 0.7821959480313632.
Trial 24 finished with value: 0.25469247147079743 and parameters: {'lambda': 1305.6734242531093, 'kappa': 1.3785692257974236}. Best is trial 17 with value: 0.7821959480313632.
Trial 25 finished with value: 0.1651484292362249 and parameters: {'lambda': 967.0961712655253, 'kappa': 1.8409502242237528}. Best is trial 17 with value: 0.7821959480313632.
Trial 26 finished with value: 0.2467975154489831 and parameters: {'lambda': 268.29606180651007, 'kappa': 1.1687903015816072}. Best is trial 17 with value: 0.7821959480313632.
Trial 27 finished with value: 0.22679972674728865 and parameters: {'lambda': 577.0842801857985, 'kappa': 1.6673816630721658}. Best is trial 17 with value: 0.7821959480313632.
Trial 28 finished with value: -0.11730453612654053 and parameters: {'lambda': 45.908816140639146, 'kappa': 1.3858791514082118}. Best is trial 17 with value: 0.7821959480313632.
Trial 29 finished with value: 0.2800934494035491 and parameters: {'lambda': 732.4651706032726, 'kappa': 2.165725231536859}. Best is trial 17 with value: 0.7821959480313632.
Optuna best λ=538.0198, κ=1.062533574855894, Sharpe=0.7822
A new study created in memory with name: no-name-8395120c-3d28-49fd-b3ab-576ae90adbc1
Trial 0 finished with value: 0.5215105594824924 and parameters: {'lambda': 759.7853498839952, 'kappa': 3.9691811987040015}. Best is trial 0 with value: 0.5215105594824924.
Trial 1 finished with value: 0.5215105594824925 and parameters: {'lambda': 1465.8673507626895, 'kappa': 2.869673679819506}. Best is trial 1 with value: 0.5215105594824925.
Trial 2 finished with value: 0.5416976721754556 and parameters: {'lambda': 328.1377557200871, 'kappa': 1.487187364027523}. Best is trial 2 with value: 0.5416976721754556.
Trial 3 finished with value: -0.0526117823580478 and parameters: {'lambda': 134.68574520140024, 'kappa': 3.705159593645523}. Best is trial 2 with value: 0.5416976721754556.
Trial 4 finished with value: 0.5215105594824925 and parameters: {'lambda': 1207.3409317440553, 'kappa': 3.2113854510604285}. Best is trial 2 with value: 0.5416976721754556.
Trial 5 finished with value: 0.484421552584254 and parameters: {'lambda': 60.6133742333842, 'kappa': 4.029130915629118}. Best is trial 2 with value: 0.5416976721754556.
Trial 6 finished with value: 0.5215105594824925 and parameters: {'lambda': 1664.2846394063226, 'kappa': 1.6631574710979753}. Best is trial 2 with value: 0.5416976721754556.
Trial 7 finished with value: 0.5215105594824925 and parameters: {'lambda': 379.11324308858104, 'kappa': 1.5727916564869089}. Best is trial 2 with value: 0.5416976721754556.
Trial 8 finished with value: 0.5406241742739043 and parameters: {'lambda': 620.9252743284724, 'kappa': 2.638869763709691}. Best is trial 2 with value: 0.5416976721754556.
Trial 9 finished with value: 0.5215105594824924 and parameters: {'lambda': 873.1778048064807, 'kappa': 1.9095393660962992}. Best is trial 2 with value: 0.5416976721754556.
Trial 10 finished with value: 0.5215105594824925 and parameters: {'lambda': 1886.8899990604687, 'kappa': 1.0187298358271706}. Best is trial 2 with value: 0.5416976721754556.
Trial 11 finished with value: 0.28051042431040474 and parameters: {'lambda': 538.6026346880678, 'kappa': 2.3406978661642515}. Best is trial 2 with value: 0.5416976721754556.
Trial 12 finished with value: 0.2961140589871882 and parameters: {'lambda': 488.7154174067108, 'kappa': 2.3921482662206857}. Best is trial 2 with value: 0.5416976721754556.
Trial 13 finished with value: 0.5215105594824925 and parameters: {'lambda': 1100.9760739817916, 'kappa': 1.0360510594857923}. Best is trial 2 with value: 0.5416976721754556.
Trial 14 finished with value: 0.5215105594824924 and parameters: {'lambda': 681.276779517761, 'kappa': 2.9984041875271368}. Best is trial 2 with value: 0.5416976721754556.
Trial 15 finished with value: 0.5414818572528513 and parameters: {'lambda': 280.03508826672146, 'kappa': 2.031149784968222}. Best is trial 2 with value: 0.5416976721754556.
Trial 16 finished with value: 0.5511475766420912 and parameters: {'lambda': 271.58486145550063, 'kappa': 1.9894466967979227}. Best is trial 16 with value: 0.5511475766420912.
Trial 17 finished with value: 0.5412770092912501 and parameters: {'lambda': 299.5839973459175, 'kappa': 1.4333975276852815}. Best is trial 16 with value: 0.5511475766420912.
Trial 18 finished with value: 0.5527006756653199 and parameters: {'lambda': 42.61630190385455, 'kappa': 2.0049485063325396}. Best is trial 18 with value: 0.5527006756653199.
Trial 19 finished with value: 0.4736242857790647 and parameters: {'lambda': 35.7695064343294, 'kappa': 1.9445051312475499}. Best is trial 18 with value: 0.5527006756653199.
Trial 20 finished with value: 0.5215105594824924 and parameters: {'lambda': 947.4086581609145, 'kappa': 2.157107693501149}. Best is trial 18 with value: 0.5527006756653199.
Trial 21 finished with value: 0.42599746081228856 and parameters: {'lambda': 230.66501398510468, 'kappa': 1.3625259092232975}. Best is trial 18 with value: 0.5527006756653199.
Trial 22 finished with value: 0.5215105594824925 and parameters: {'lambda': 423.9528745925211, 'kappa': 1.6888997840764952}. Best is trial 18 with value: 0.5527006756653199.
Trial 23 finished with value: 0.5505929029702422 and parameters: {'lambda': 25.018453680099324, 'kappa': 1.2699368664496347}. Best is trial 18 with value: 0.5527006756653199.
Trial 24 finished with value: 0.07159318675199296 and parameters: {'lambda': 151.18379558141172, 'kappa': 1.2414418315443985}. Best is trial 18 with value: 0.5527006756653199.
Trial 25 finished with value: 0.5157343881483389 and parameters: {'lambda': 22.83324490833256, 'kappa': 1.8246047342628962}. Best is trial 18 with value: 0.5527006756653199.
Trial 26 finished with value: 0.12918233686055142 and parameters: {'lambda': 229.06780969564292, 'kappa': 2.2787629983794804}. Best is trial 18 with value: 0.5527006756653199.
Trial 27 finished with value: 0.6374369509778369 and parameters: {'lambda': 535.7768992733049, 'kappa': 1.233727119846646}. Best is trial 27 with value: 0.6374369509778369.
Trial 28 finished with value: 0.5215105594824926 and parameters: {'lambda': 746.0914841683599, 'kappa': 2.610093094009026}. Best is trial 27 with value: 0.6374369509778369.
Trial 29 finished with value: 0.417979839187544 and parameters: {'lambda': 576.1176793185309, 'kappa': 3.3707367236215307}. Best is trial 27 with value: 0.6374369509778369.
Optuna best λ=535.7769, κ=1.233727119846646, Sharpe=0.6374
A new study created in memory with name: no-name-f1a18d4e-bcef-4eb9-b4a9-68161020e0ae
Trial 0 finished with value: 0.5193622100810009 and parameters: {'lambda': 759.7853498839952, 'kappa': 3.9691811987040015}. Best is trial 0 with value: 0.5193622100810009.
Trial 1 finished with value: 0.5626305928198788 and parameters: {'lambda': 1465.8673507626895, 'kappa': 2.869673679819506}. Best is trial 1 with value: 0.5626305928198788.
Trial 2 finished with value: 0.5386942474950487 and parameters: {'lambda': 328.1377557200871, 'kappa': 1.487187364027523}. Best is trial 1 with value: 0.5626305928198788.
Trial 3 finished with value: -0.08793008675057454 and parameters: {'lambda': 134.68574520140024, 'kappa': 3.705159593645523}. Best is trial 1 with value: 0.5626305928198788.
Trial 4 finished with value: 0.5626305928198788 and parameters: {'lambda': 1207.3409317440553, 'kappa': 3.2113854510604285}. Best is trial 1 with value: 0.5626305928198788.
Trial 5 finished with value: -0.40038210729653284 and parameters: {'lambda': 60.6133742333842, 'kappa': 4.029130915629118}. Best is trial 1 with value: 0.5626305928198788.
Trial 6 finished with value: 0.5626305928198788 and parameters: {'lambda': 1664.2846394063226, 'kappa': 1.6631574710979753}. Best is trial 1 with value: 0.5626305928198788.
Trial 7 finished with value: 0.55796652354182 and parameters: {'lambda': 379.11324308858104, 'kappa': 1.5727916564869089}. Best is trial 1 with value: 0.5626305928198788.
Trial 8 finished with value: 0.5595694997064481 and parameters: {'lambda': 620.9252743284724, 'kappa': 2.638869763709691}. Best is trial 1 with value: 0.5626305928198788.
Trial 9 finished with value: 0.4906608476478058 and parameters: {'lambda': 873.1778048064807, 'kappa': 1.9095393660962992}. Best is trial 1 with value: 0.5626305928198788.
Trial 10 finished with value: 0.5626305928198788 and parameters: {'lambda': 1936.5795254032687, 'kappa': 2.4782512203936142}. Best is trial 1 with value: 0.5626305928198788.
Trial 11 finished with value: 0.5626305928198788 and parameters: {'lambda': 1390.2252518943073, 'kappa': 3.18332783541338}. Best is trial 1 with value: 0.5626305928198788.
Trial 12 finished with value: 0.5626305928198788 and parameters: {'lambda': 1284.3256456958843, 'kappa': 3.155714518529925}. Best is trial 1 with value: 0.5626305928198788.
Trial 13 finished with value: 0.5626305928198788 and parameters: {'lambda': 1241.1722695690644, 'kappa': 3.021337815946988}. Best is trial 1 with value: 0.5626305928198788.
Trial 14 finished with value: 0.5626305928198788 and parameters: {'lambda': 1567.8638086019419, 'kappa': 2.1855441481340363}. Best is trial 1 with value: 0.5626305928198788.
Trial 15 finished with value: 0.5626305928198788 and parameters: {'lambda': 1141.6398330287896, 'kappa': 3.4226504092668155}. Best is trial 1 with value: 0.5626305928198788.
Trial 16 finished with value: 0.5626305928198788 and parameters: {'lambda': 1798.7518030151937, 'kappa': 2.6871233931365808}. Best is trial 1 with value: 0.5626305928198788.
Trial 17 finished with value: 0.5626305928198788 and parameters: {'lambda': 971.8471135857591, 'kappa': 3.5210584037895685}. Best is trial 1 with value: 0.5626305928198788.
Trial 18 finished with value: 0.5626305928198788 and parameters: {'lambda': 1463.2644939284787, 'kappa': 2.847890491959081}. Best is trial 1 with value: 0.5626305928198788.
Trial 19 finished with value: 0.5626305928198788 and parameters: {'lambda': 1103.0929973510547, 'kappa': 2.2347208910546077}. Best is trial 1 with value: 0.5626305928198788.
Trial 20 finished with value: 0.5626305928198788 and parameters: {'lambda': 1670.218171188245, 'kappa': 1.0823503127445389}. Best is trial 1 with value: 0.5626305928198788.
Trial 21 finished with value: 0.5626305928198788 and parameters: {'lambda': 1804.261315957426, 'kappa': 2.3795644956684163}. Best is trial 1 with value: 0.5626305928198788.
Trial 22 finished with value: 0.5626305928198788 and parameters: {'lambda': 1629.6967826907173, 'kappa': 1.104892266180197}. Best is trial 1 with value: 0.5626305928198788.
Trial 23 finished with value: 0.5626305928198788 and parameters: {'lambda': 1399.5072184544717, 'kappa': 1.8558208467023807}. Best is trial 1 with value: 0.5626305928198788.
Trial 24 finished with value: 0.5626305928198788 and parameters: {'lambda': 1962.4761132743597, 'kappa': 2.8720401051615}. Best is trial 1 with value: 0.5626305928198788.
Trial 25 finished with value: 0.5626305928198788 and parameters: {'lambda': 1482.6981312366265, 'kappa': 3.211900005641687}. Best is trial 1 with value: 0.5626305928198788.
Trial 26 finished with value: 0.5626305928198788 and parameters: {'lambda': 1277.6242602859804, 'kappa': 3.4357071359018256}. Best is trial 1 with value: 0.5626305928198788.
Trial 27 finished with value: 0.5626305928198788 and parameters: {'lambda': 1740.7367296028574, 'kappa': 1.9682790081244042}. Best is trial 1 with value: 0.5626305928198788.
Trial 28 finished with value: 0.5626305928198788 and parameters: {'lambda': 1074.196407294737, 'kappa': 1.407321078454788}. Best is trial 1 with value: 0.5626305928198788.
