Trial 1 finished with value: 0.2116808924597913 and parameters: {'lambda': 1465.8673507626895, 'kappa': 2.869673679819506}. Best is trial 1 with value: 0.2116808924597913.
Trial 2 finished with value: -0.17203389467644656 and parameters: {'lambda': 328.1377557200871, 'kappa': 1.487187364027523}. Best is trial 1 with value: 0.2116808924597913.
Trial 3 finished with value: -0.07547335803582368 and parameters: {'lambda': 134.68574520140024, 'kappa': 3.705159593645523}. Best is trial 1 with value: 0.2116808924597913.
Trial 4 finished with value: 0.2116808924597913 and parameters: {'lambda': 1207.3409317440553, 'kappa': 3.2113854510604285}. Best is trial 1 with value: 0.2116808924597913.
Trial 5 finished with value: 0.7706239969227189 and parameters: {'lambda': 60.6133742333842, 'kappa': 4.029130915629118}. Best is trial 5 with value: 0.7706239969227189.
Trial 6 finished with value: 0.2116808924597913 and parameters: {'lambda': 1664.2846394063226, 'kappa': 1.6631574710979753}. Best is trial 5 with value: 0.7706239969227189.
Trial 7 finished with value: -0.23306158966370558 and parameters: {'lambda': 379.11324308858104, 'kappa': 1.5727916564869089}. Best is trial 5 with value: 0.7706239969227189.
Trial 8 finished with value: 0.21168089245979108 and parameters: {'lambda': 620.9252743284724, 'kappa': 2.638869763709691}. Best is trial 5 with value: 0.7706239969227189.
Trial 9 finished with value: 0.16894873049478462 and parameters: {'lambda': 873.1778048064807, 'kappa': 1.9095393660962992}. Best is trial 5 with value: 0.7706239969227189.
Trial 10 finished with value: 0.2116808924597913 and parameters: {'lambda': 1886.8899990604687, 'kappa': 3.403359914931464}. Best is trial 5 with value: 0.7706239969227189.
Trial 11 finished with value: 0.2116808924597913 and parameters: {'lambda': 1332.1117571260556, 'kappa': 2.772337891048111}. Best is trial 5 with value: 0.7706239969227189.
Trial 12 finished with value: 0.2116808924597913 and parameters: {'lambda': 1460.6549280008735, 'kappa': 2.0739346614866854}. Best is trial 5 with value: 0.7706239969227189.
Trial 13 finished with value: 0.21168089245979116 and parameters: {'lambda': 1100.9760739817916, 'kappa': 3.087186354637091}. Best is trial 5 with value: 0.7706239969227189.
Trial 14 finished with value: 0.2116808924597913 and parameters: {'lambda': 1661.3510041463487, 'kappa': 1.0411523272835173}. Best is trial 5 with value: 0.7706239969227189.
Trial 15 finished with value: 0.5934168047565096 and parameters: {'lambda': 51.04627507325116, 'kappa': 3.975965926708013}. Best is trial 5 with value: 0.7706239969227189.
Trial 16 finished with value: 0.6617153282700465 and parameters: {'lambda': 66.30620118428078, 'kappa': 4.108557595648523}. Best is trial 5 with value: 0.7706239969227189.
Trial 17 finished with value: -0.3067669263774499 and parameters: {'lambda': 449.5359736282049, 'kappa': 3.6317672234811975}. Best is trial 5 with value: 0.7706239969227189.
Trial 18 finished with value: -0.18925015414026639 and parameters: {'lambda': 167.06270646959223, 'kappa': 4.120001206104505}. Best is trial 5 with value: 0.7706239969227189.
Trial 19 finished with value: 0.21168089245979127 and parameters: {'lambda': 576.6629354113402, 'kappa': 2.2730809868960624}. Best is trial 5 with value: 0.7706239969227189.
Trial 20 finished with value: -0.24659253509138712 and parameters: {'lambda': 239.0926598081195, 'kappa': 3.604862213997272}. Best is trial 5 with value: 0.7706239969227189.
Trial 21 finished with value: 0.5934168047565096 and parameters: {'lambda': 50.42138818583616, 'kappa': 3.86528226398255}. Best is trial 5 with value: 0.7706239969227189.
Trial 22 finished with value: 0.5762332302458109 and parameters: {'lambda': 73.87266336534819, 'kappa': 4.097741441656442}. Best is trial 5 with value: 0.7706239969227189.
Trial 23 finished with value: 0.6205019743028714 and parameters: {'lambda': 31.477119377838584, 'kappa': 3.408626848388163}. Best is trial 5 with value: 0.7706239969227189.
Trial 24 finished with value: -0.21353817651132975 and parameters: {'lambda': 503.86736302577657, 'kappa': 3.435026146588114}. Best is trial 5 with value: 0.7706239969227189.
Trial 25 finished with value: -0.24659253509138712 and parameters: {'lambda': 238.05364522514196, 'kappa': 3.1722335922513474}. Best is trial 5 with value: 0.7706239969227189.
Trial 26 finished with value: -0.15390157572976182 and parameters: {'lambda': 333.0373747038266, 'kappa': 3.7312310020451926}. Best is trial 5 with value: 0.7706239969227189.
Trial 27 finished with value: 0.21168089245979116 and parameters: {'lambda': 744.7004984481523, 'kappa': 3.437920017116519}. Best is trial 5 with value: 0.7706239969227189.
Trial 28 finished with value: 0.1453638744366447 and parameters: {'lambda': 276.432226496207, 'kappa': 3.8455110257326277}. Best is trial 5 with value: 0.7706239969227189.
Trial 29 finished with value: 0.21168089245979116 and parameters: {'lambda': 885.968647758969, 'kappa': 3.930122589336769}. Best is trial 5 with value: 0.7706239969227189.
Optuna best λ=60.6134, κ=4.029130915629118, Sharpe=0.7706
A new study created in memory with name: no-name-4b34e86d-973c-4192-8894-cedb70bad1db
Trial 0 finished with value: 0.6303878901810568 and parameters: {'lambda': 759.7853498839952, 'kappa': 3.9691811987040015}. Best is trial 0 with value: 0.6303878901810568.
Trial 1 finished with value: 0.69765935587838 and parameters: {'lambda': 1465.8673507626895, 'kappa': 2.869673679819506}. Best is trial 1 with value: 0.69765935587838.
Trial 2 finished with value: 0.6526914074989629 and parameters: {'lambda': 328.1377557200871, 'kappa': 1.487187364027523}. Best is trial 1 with value: 0.69765935587838.
Trial 3 finished with value: -0.18621637504358518 and parameters: {'lambda': 134.68574520140024, 'kappa': 3.705159593645523}. Best is trial 1 with value: 0.69765935587838.
Trial 4 finished with value: 0.69765935587838 and parameters: {'lambda': 1207.3409317440553, 'kappa': 3.2113854510604285}. Best is trial 1 with value: 0.69765935587838.
Trial 5 finished with value: -0.3341440063434743 and parameters: {'lambda': 60.6133742333842, 'kappa': 4.029130915629118}. Best is trial 1 with value: 0.69765935587838.
Trial 6 finished with value: 0.69765935587838 and parameters: {'lambda': 1664.2846394063226, 'kappa': 1.6631574710979753}. Best is trial 1 with value: 0.69765935587838.
Trial 7 finished with value: 0.6900668698474993 and parameters: {'lambda': 379.11324308858104, 'kappa': 1.5727916564869089}. Best is trial 1 with value: 0.69765935587838.
Trial 8 finished with value: 0.6873192347993186 and parameters: {'lambda': 620.9252743284724, 'kappa': 2.638869763709691}. Best is trial 1 with value: 0.69765935587838.
Trial 9 finished with value: 0.69765935587838 and parameters: {'lambda': 873.1778048064807, 'kappa': 1.9095393660962992}. Best is trial 1 with value: 0.69765935587838.
Trial 10 finished with value: 0.69765935587838 and parameters: {'lambda': 1936.5795254032687, 'kappa': 2.4782512203936142}. Best is trial 1 with value: 0.69765935587838.
Trial 11 finished with value: 0.69765935587838 and parameters: {'lambda': 1390.2252518943073, 'kappa': 3.18332783541338}. Best is trial 1 with value: 0.69765935587838.
Trial 12 finished with value: 0.69765935587838 and parameters: {'lambda': 1284.3256456958843, 'kappa': 3.155714518529925}. Best is trial 1 with value: 0.69765935587838.
Trial 13 finished with value: 0.69765935587838 and parameters: {'lambda': 1241.1722695690644, 'kappa': 3.021337815946988}. Best is trial 1 with value: 0.69765935587838.
Trial 14 finished with value: 0.69765935587838 and parameters: {'lambda': 1567.8638086019419, 'kappa': 2.1855441481340363}. Best is trial 1 with value: 0.69765935587838.
Trial 15 finished with value: 0.69765935587838 and parameters: {'lambda': 1141.6398330287896, 'kappa': 3.4226504092668155}. Best is trial 1 with value: 0.69765935587838.
Trial 16 finished with value: 0.69765935587838 and parameters: {'lambda': 1798.7518030151937, 'kappa': 2.6871233931365808}. Best is trial 1 with value: 0.69765935587838.
Trial 17 finished with value: 0.69765935587838 and parameters: {'lambda': 971.8471135857591, 'kappa': 3.5210584037895685}. Best is trial 1 with value: 0.69765935587838.
Trial 18 finished with value: 0.69765935587838 and parameters: {'lambda': 1463.2644939284787, 'kappa': 2.847890491959081}. Best is trial 1 with value: 0.69765935587838.
Trial 19 finished with value: 0.69765935587838 and parameters: {'lambda': 1103.0929973510547, 'kappa': 2.2347208910546077}. Best is trial 1 with value: 0.69765935587838.
Trial 20 finished with value: 0.69765935587838 and parameters: {'lambda': 1670.218171188245, 'kappa': 1.0823503127445389}. Best is trial 1 with value: 0.69765935587838.
Trial 21 finished with value: 0.69765935587838 and parameters: {'lambda': 1804.261315957426, 'kappa': 2.3795644956684163}. Best is trial 1 with value: 0.69765935587838.
Trial 22 finished with value: 0.69765935587838 and parameters: {'lambda': 1629.6967826907173, 'kappa': 1.104892266180197}. Best is trial 1 with value: 0.69765935587838.
Trial 23 finished with value: 0.69765935587838 and parameters: {'lambda': 1399.5072184544717, 'kappa': 1.8558208467023807}. Best is trial 1 with value: 0.69765935587838.
Trial 24 finished with value: 0.69765935587838 and parameters: {'lambda': 1962.4761132743597, 'kappa': 2.8720401051615}. Best is trial 1 with value: 0.69765935587838.
Trial 25 finished with value: 0.69765935587838 and parameters: {'lambda': 1482.6981312366265, 'kappa': 3.211900005641687}. Best is trial 1 with value: 0.69765935587838.
Trial 26 finished with value: 0.69765935587838 and parameters: {'lambda': 1277.6242602859804, 'kappa': 3.4357071359018256}. Best is trial 1 with value: 0.69765935587838.
Trial 27 finished with value: 0.69765935587838 and parameters: {'lambda': 1740.7367296028574, 'kappa': 1.9682790081244042}. Best is trial 1 with value: 0.69765935587838.
Trial 28 finished with value: 0.69765935587838 and parameters: {'lambda': 1074.196407294737, 'kappa': 1.407321078454788}. Best is trial 1 with value: 0.69765935587838.
Trial 29 finished with value: 0.69765935587838 and parameters: {'lambda': 1531.029759487401, 'kappa': 3.747127202931212}. Best is trial 1 with value: 0.69765935587838.
Optuna best λ=1465.8674, κ=2.869673679819506, Sharpe=0.6977
A new study created in memory with name: no-name-937f9e15-256e-42fc-b7b9-9f8ee810e781
Trial 0 finished with value: -0.6400591897564111 and parameters: {'lambda': 759.7853498839952, 'kappa': 3.9691811987040015}. Best is trial 0 with value: -0.6400591897564111.
Trial 1 finished with value: -0.6400591897564111 and parameters: {'lambda': 1465.8673507626895, 'kappa': 2.869673679819506}. Best is trial 0 with value: -0.6400591897564111.
Trial 2 finished with value: -1.268868706354504 and parameters: {'lambda': 328.1377557200871, 'kappa': 1.487187364027523}. Best is trial 0 with value: -0.6400591897564111.
Trial 3 finished with value: -0.7712675740911982 and parameters: {'lambda': 134.68574520140024, 'kappa': 3.705159593645523}. Best is trial 0 with value: -0.6400591897564111.
Trial 4 finished with value: -0.6400591897564111 and parameters: {'lambda': 1207.3409317440553, 'kappa': 3.2113854510604285}. Best is trial 0 with value: -0.6400591897564111.
Trial 5 finished with value: -0.702974614301788 and parameters: {'lambda': 60.6133742333842, 'kappa': 4.029130915629118}. Best is trial 0 with value: -0.6400591897564111.
Trial 6 finished with value: -0.640059189756411 and parameters: {'lambda': 1664.2846394063226, 'kappa': 1.6631574710979753}. Best is trial 6 with value: -0.640059189756411.
Trial 7 finished with value: -1.1998478917830406 and parameters: {'lambda': 379.11324308858104, 'kappa': 1.5727916564869089}. Best is trial 6 with value: -0.640059189756411.
Trial 8 finished with value: -0.8074668075353842 and parameters: {'lambda': 620.9252743284724, 'kappa': 2.638869763709691}. Best is trial 6 with value: -0.640059189756411.
Trial 9 finished with value: -0.6400591897564111 and parameters: {'lambda': 873.1778048064807, 'kappa': 1.9095393660962992}. Best is trial 6 with value: -0.640059189756411.
Trial 10 finished with value: -0.640059189756411 and parameters: {'lambda': 1951.797746843402, 'kappa': 1.0187298358271706}. Best is trial 6 with value: -0.640059189756411.
Trial 11 finished with value: -0.640059189756411 and parameters: {'lambda': 1935.0886746673355, 'kappa': 1.0165434678137546}. Best is trial 6 with value: -0.640059189756411.
Trial 12 finished with value: -0.640059189756411 and parameters: {'lambda': 1961.058591884519, 'kappa': 2.0739346614866854}. Best is trial 6 with value: -0.640059189756411.
Trial 13 finished with value: -0.640059189756411 and parameters: {'lambda': 1638.089716178993, 'kappa': 1.0406417232781981}. Best is trial 6 with value: -0.640059189756411.
Trial 14 finished with value: -0.640059189756411 and parameters: {'lambda': 1602.9649487759993, 'kappa': 2.1855441481340363}. Best is trial 6 with value: -0.640059189756411.
Trial 15 finished with value: -0.6400591897564111 and parameters: {'lambda': 1251.2269342945738, 'kappa': 1.4408401917881994}. Best is trial 6 with value: -0.640059189756411.
Trial 16 finished with value: -0.640059189756411 and parameters: {'lambda': 1755.3115378924033, 'kappa': 1.3106886380604483}. Best is trial 6 with value: -0.640059189756411.
Trial 17 finished with value: -0.6400591897564111 and parameters: {'lambda': 1298.903670276822, 'kappa': 1.7497532963231388}. Best is trial 6 with value: -0.640059189756411.
Trial 18 finished with value: -0.640059189756411 and parameters: {'lambda': 1819.0799578185402, 'kappa': 2.2882353157125372}. Best is trial 6 with value: -0.640059189756411.
Trial 19 finished with value: -0.640059189756411 and parameters: {'lambda': 1454.3468378444206, 'kappa': 1.175940982916942}. Best is trial 6 with value: -0.640059189756411.
Trial 20 finished with value: -0.6400591897564111 and parameters: {'lambda': 1051.4593913660187, 'kappa': 1.7520686243024786}. Best is trial 6 with value: -0.640059189756411.
Trial 21 finished with value: -0.640059189756411 and parameters: {'lambda': 1990.4807010667973, 'kappa': 1.064837339453202}. Best is trial 6 with value: -0.640059189756411.
Trial 22 finished with value: -0.640059189756411 and parameters: {'lambda': 1824.950905170203, 'kappa': 1.3146281875381458}. Best is trial 6 with value: -0.640059189756411.
Trial 23 finished with value: -0.640059189756411 and parameters: {'lambda': 1641.1639636812765, 'kappa': 1.0245053768542118}. Best is trial 6 with value: -0.640059189756411.
Trial 24 finished with value: -0.640059189756411 and parameters: {'lambda': 1979.7940831234985, 'kappa': 1.5782500145803713}. Best is trial 6 with value: -0.640059189756411.
Trial 25 finished with value: -0.640059189756411 and parameters: {'lambda': 1463.7859208546138, 'kappa': 1.2991898170303915}. Best is trial 6 with value: -0.640059189756411.
Trial 26 finished with value: -0.640059189756411 and parameters: {'lambda': 1808.354191037861, 'kappa': 2.4517257841889677}. Best is trial 6 with value: -0.640059189756411.
Trial 27 finished with value: -0.640059189756411 and parameters: {'lambda': 1687.0746977623573, 'kappa': 1.7762688793511514}. Best is trial 6 with value: -0.640059189756411.
Trial 28 finished with value: -0.640059189756411 and parameters: {'lambda': 1876.5315272268358, 'kappa': 1.9476948493779247}. Best is trial 6 with value: -0.640059189756411.
Trial 29 finished with value: -0.640059189756411 and parameters: {'lambda': 1510.753225883656, 'kappa': 1.0041816147554088}. Best is trial 6 with value: -0.640059189756411.
Optuna best λ=1664.2846, κ=1.6631574710979753, Sharpe=-0.6401
A new study created in memory with name: no-name-1db2d001-6abb-42c9-a033-493282fb18b3
Trial 0 finished with value: -0.38867840870556647 and parameters: {'lambda': 759.7853498839952, 'kappa': 3.9691811987040015}. Best is trial 0 with value: -0.38867840870556647.
Trial 1 finished with value: -0.38867840870556636 and parameters: {'lambda': 1465.8673507626895, 'kappa': 2.869673679819506}. Best is trial 1 with value: -0.38867840870556636.
Trial 2 finished with value: 0.16005378203282677 and parameters: {'lambda': 328.1377557200871, 'kappa': 1.487187364027523}. Best is trial 2 with value: 0.16005378203282677.
Trial 3 finished with value: 0.12932910494988634 and parameters: {'lambda': 134.68574520140024, 'kappa': 3.705159593645523}. Best is trial 2 with value: 0.16005378203282677.
Trial 4 finished with value: -0.38867840870556636 and parameters: {'lambda': 1207.3409317440553, 'kappa': 3.2113854510604285}. Best is trial 2 with value: 0.16005378203282677.
Trial 5 finished with value: -0.1788727222205193 and parameters: {'lambda': 60.6133742333842, 'kappa': 4.029130915629118}. Best is trial 2 with value: 0.16005378203282677.
Trial 6 finished with value: -0.38867840870556636 and parameters: {'lambda': 1664.2846394063226, 'kappa': 1.6631574710979753}. Best is trial 2 with value: 0.16005378203282677.
Trial 7 finished with value: 0.22064882240995137 and parameters: {'lambda': 379.11324308858104, 'kappa': 1.5727916564869089}. Best is trial 7 with value: 0.22064882240995137.
Trial 8 finished with value: 0.02590157884072293 and parameters: {'lambda': 620.9252743284724, 'kappa': 2.638869763709691}. Best is trial 7 with value: 0.22064882240995137.
Trial 9 finished with value: -0.386863187403253 and parameters: {'lambda': 873.1778048064807, 'kappa': 1.9095393660962992}. Best is trial 7 with value: 0.22064882240995137.
Trial 10 finished with value: 0.1081079640152697 and parameters: {'lambda': 430.0641332089457, 'kappa': 1.0187298358271706}. Best is trial 7 with value: 0.22064882240995137.
Trial 11 finished with value: 0.24719108417658536 and parameters: {'lambda': 375.640675245293, 'kappa': 1.7980101744817147}. Best is trial 11 with value: 0.24719108417658536.
Trial 12 finished with value: -0.38867840870556636 and parameters: {'lambda': 1137.2136429924706, 'kappa': 2.1512259120733077}. Best is trial 11 with value: 0.24719108417658536.
Trial 13 finished with value: -0.08142489931239641 and parameters: {'lambda': 524.5325629604017, 'kappa': 1.0448396045810275}. Best is trial 11 with value: 0.24719108417658536.
Trial 14 finished with value: 0.30143301923188676 and parameters: {'lambda': 264.3966310816289, 'kappa': 2.1855441481340363}. Best is trial 14 with value: 0.30143301923188676.
Trial 15 finished with value: -0.38867840870556636 and parameters: {'lambda': 1931.1367191612144, 'kappa': 2.2718069069486355}. Best is trial 14 with value: 0.30143301923188676.
Trial 16 finished with value: 2.3455382651577882e-05 and parameters: {'lambda': 205.53636024073631, 'kappa': 2.3565405158447614}. Best is trial 14 with value: 0.30143301923188676.
Trial 17 finished with value: -0.02834984183328407 and parameters: {'lambda': 705.6449027858237, 'kappa': 3.0989559004524674}. Best is trial 14 with value: 0.30143301923188676.
Trial 18 finished with value: -0.1846346361276966 and parameters: {'lambda': 43.50771020407984, 'kappa': 1.9007665211497973}. Best is trial 14 with value: 0.30143301923188676.
Trial 19 finished with value: -0.38867840870556636 and parameters: {'lambda': 986.9813690920926, 'kappa': 2.618265805251587}. Best is trial 14 with value: 0.30143301923188676.
Trial 20 finished with value: 0.11679493506091104 and parameters: {'lambda': 261.8425909048832, 'kappa': 1.968003355982381}. Best is trial 14 with value: 0.30143301923188676.
Trial 21 finished with value: 0.0392814347671442 and parameters: {'lambda': 478.1119730743229, 'kappa': 1.4109779911210554}. Best is trial 14 with value: 0.30143301923188676.
Trial 22 finished with value: 0.1490623770582618 and parameters: {'lambda': 375.7361865880215, 'kappa': 1.5818053022813088}. Best is trial 14 with value: 0.30143301923188676.
Trial 23 finished with value: -0.38468716444911893 and parameters: {'lambda': 637.8696035003181, 'kappa': 1.2962474128953958}. Best is trial 14 with value: 0.30143301923188676.
Trial 24 finished with value: 0.02850061337922095 and parameters: {'lambda': 252.68082763448948, 'kappa': 1.724106678645482}. Best is trial 14 with value: 0.30143301923188676.
Trial 25 finished with value: -0.38867840870556647 and parameters: {'lambda': 885.3953892732915, 'kappa': 2.1859130777754303}. Best is trial 14 with value: 0.30143301923188676.
Trial 26 finished with value: -0.4228347117442319 and parameters: {'lambda': 539.1965478295627, 'kappa': 1.2865584891318442}. Best is trial 14 with value: 0.30143301923188676.
Trial 27 finished with value: 0.08303729583300831 and parameters: {'lambda': 388.32448474038114, 'kappa': 2.441016049888713}. Best is trial 14 with value: 0.30143301923188676.
Trial 28 finished with value: 0.1556674127075665 and parameters: {'lambda': 156.97253950904573, 'kappa': 1.9476948493779247}. Best is trial 14 with value: 0.30143301923188676.
Trial 29 finished with value: -0.38867840870556647 and parameters: {'lambda': 812.216229027537, 'kappa': 2.074055598614203}. Best is trial 14 with value: 0.30143301923188676.
Optuna best λ=264.3966, κ=2.1855441481340363, Sharpe=0.3014
A new study created in memory with name: no-name-6d4cc3e5-be7e-4786-8550-2aa93769dd04
Trial 0 finished with value: 0.09600612605845257 and parameters: {'lambda': 759.7853498839952, 'kappa': 3.9691811987040015}. Best is trial 0 with value: 0.09600612605845257.
Trial 1 finished with value: 0.23617063361963497 and parameters: {'lambda': 1465.8673507626895, 'kappa': 2.869673679819506}. Best is trial 1 with value: 0.23617063361963497.
Trial 2 finished with value: 0.03879878836960268 and parameters: {'lambda': 328.1377557200871, 'kappa': 1.487187364027523}. Best is trial 1 with value: 0.23617063361963497.
Trial 3 finished with value: 0.21759300907500148 and parameters: {'lambda': 134.68574520140024, 'kappa': 3.705159593645523}. Best is trial 1 with value: 0.23617063361963497.
