Trial 28 finished with value: -0.059738982193022094 and parameters: {'lambda': 213.92784535890675, 'kappa': 3.394661592026487}. Best is trial 21 with value: 0.7224791480009191.
Trial 29 finished with value: -0.037363518294136956 and parameters: {'lambda': 839.0909900224966, 'kappa': 3.8318458038826835}. Best is trial 21 with value: 0.7224791480009191.
Optuna best λ=144.2199, κ=3.7522741465781455, Sharpe=0.7225
A new study created in memory with name: no-name-7c9fdd4c-e8ed-4ace-be75-b0e082a441b5
Trial 0 finished with value: 0.4807395609655304 and parameters: {'lambda': 759.7853498839952, 'kappa': 3.9691811987040015}. Best is trial 0 with value: 0.4807395609655304.
Trial 1 finished with value: 0.48073956096553033 and parameters: {'lambda': 1465.8673507626895, 'kappa': 2.869673679819506}. Best is trial 0 with value: 0.4807395609655304.
Trial 2 finished with value: 0.18016288046804613 and parameters: {'lambda': 328.1377557200871, 'kappa': 1.487187364027523}. Best is trial 0 with value: 0.4807395609655304.
Trial 3 finished with value: -0.9997511055137089 and parameters: {'lambda': 134.68574520140024, 'kappa': 3.705159593645523}. Best is trial 0 with value: 0.4807395609655304.
Trial 4 finished with value: 0.48073956096553033 and parameters: {'lambda': 1207.3409317440553, 'kappa': 3.2113854510604285}. Best is trial 0 with value: 0.4807395609655304.
Trial 5 finished with value: -0.5152043396042645 and parameters: {'lambda': 60.6133742333842, 'kappa': 4.029130915629118}. Best is trial 0 with value: 0.4807395609655304.
Trial 6 finished with value: 0.48073956096553033 and parameters: {'lambda': 1664.2846394063226, 'kappa': 1.6631574710979753}. Best is trial 0 with value: 0.4807395609655304.
Trial 7 finished with value: 0.4807395609655304 and parameters: {'lambda': 379.11324308858104, 'kappa': 1.5727916564869089}. Best is trial 0 with value: 0.4807395609655304.
Trial 8 finished with value: 0.4807395609655304 and parameters: {'lambda': 620.9252743284724, 'kappa': 2.638869763709691}. Best is trial 0 with value: 0.4807395609655304.
Trial 9 finished with value: 0.48073956096553033 and parameters: {'lambda': 873.1778048064807, 'kappa': 1.9095393660962992}. Best is trial 0 with value: 0.4807395609655304.
Trial 10 finished with value: 0.48073956096553033 and parameters: {'lambda': 1886.8899990604687, 'kappa': 3.4091247782378664}. Best is trial 0 with value: 0.4807395609655304.
Trial 11 finished with value: 0.4807395609655304 and parameters: {'lambda': 608.8523028864458, 'kappa': 1.0343686984968272}. Best is trial 0 with value: 0.4807395609655304.
Trial 12 finished with value: 0.48073956096553033 and parameters: {'lambda': 887.0780702944986, 'kappa': 2.0743178083052256}. Best is trial 0 with value: 0.4807395609655304.
Trial 13 finished with value: 0.4807395609655304 and parameters: {'lambda': 524.5325629604017, 'kappa': 2.299309612574695}. Best is trial 0 with value: 0.4807395609655304.
Trial 14 finished with value: 0.48073956096553033 and parameters: {'lambda': 1146.9613502972234, 'kappa': 1.023595910986902}. Best is trial 0 with value: 0.4807395609655304.
Trial 15 finished with value: 0.4807395609655304 and parameters: {'lambda': 356.31801609619254, 'kappa': 3.007646741869529}. Best is trial 0 with value: 0.4807395609655304.
Trial 16 finished with value: 0.4807395609655304 and parameters: {'lambda': 779.7081292785435, 'kappa': 4.097948080441039}. Best is trial 0 with value: 0.4807395609655304.
Trial 17 finished with value: 0.011043613063639312 and parameters: {'lambda': 311.95513527644545, 'kappa': 2.449101689096349}. Best is trial 0 with value: 0.4807395609655304.
Trial 18 finished with value: 0.48073956096553033 and parameters: {'lambda': 1152.37984753666, 'kappa': 1.4487956654414753}. Best is trial 0 with value: 0.4807395609655304.
Trial 19 finished with value: 0.4807395609655304 and parameters: {'lambda': 707.2169016506175, 'kappa': 3.633373176573328}. Best is trial 0 with value: 0.4807395609655304.
Trial 20 finished with value: 0.4807395609655304 and parameters: {'lambda': 461.9094592317322, 'kappa': 2.0796380805257004}. Best is trial 0 with value: 0.4807395609655304.
Trial 21 finished with value: 0.48073956096553033 and parameters: {'lambda': 945.7905846250783, 'kappa': 2.7281753665865254}. Best is trial 0 with value: 0.4807395609655304.
Trial 22 finished with value: 0.4807395609655304 and parameters: {'lambda': 638.8588158023506, 'kappa': 2.481234914365787}. Best is trial 0 with value: 0.4807395609655304.
Trial 23 finished with value: -0.922814074337599 and parameters: {'lambda': 160.77845605380307, 'kappa': 3.2235818794076043}. Best is trial 0 with value: 0.4807395609655304.
Trial 24 finished with value: 0.4807395609655304 and parameters: {'lambda': 424.81868676921954, 'kappa': 1.7917758179984866}. Best is trial 0 with value: 0.4807395609655304.
Trial 25 finished with value: 0.4807395609655304 and parameters: {'lambda': 715.5305316518012, 'kappa': 1.2867009063637571}. Best is trial 0 with value: 0.4807395609655304.
Trial 26 finished with value: 0.48073956096553033 and parameters: {'lambda': 1068.4967577235066, 'kappa': 3.687080761356481}. Best is trial 0 with value: 0.4807395609655304.
Trial 27 finished with value: 0.48073956096553033 and parameters: {'lambda': 1379.4190483009081, 'kappa': 2.174549555979871}. Best is trial 0 with value: 0.4807395609655304.
Trial 28 finished with value: 0.4807395609655304 and parameters: {'lambda': 592.5644386444125, 'kappa': 2.6138361606918217}. Best is trial 0 with value: 0.4807395609655304.
Trial 29 finished with value: 0.48073956096553033 and parameters: {'lambda': 817.8732730919239, 'kappa': 2.895068892778064}. Best is trial 0 with value: 0.4807395609655304.
Optuna best λ=759.7853, κ=3.9691811987040015, Sharpe=0.4807
/var/folders/gk/xfygs6rj3rx52bvtkzjhg66m0000gn/T/ipykernel_21966/1414884912.py:150: UserWarning: Glyph 8212 (\N{EM DASH}) missing from font(s) cmr10.
  plt.tight_layout()
/opt/anaconda3/lib/python3.12/site-packages/IPython/core/pylabtools.py:170: UserWarning: Glyph 8212 (\N{EM DASH}) missing from font(s) cmr10.
  fig.canvas.print_figure(bytes_io, **kw)
Saved tuned parameters to cv_params.parquet
         date factor  best_lambda  best_kappa
0  2014-01-31    iwf   134.685745    3.705160
6  2014-07-31    iwf   167.630979    3.113774
12 2015-01-30    iwf   723.965601    2.443812
18 2015-07-31    iwf   328.137756    1.487187
24 2016-01-29    iwf    34.860916    3.983014
