Trial 24 finished with value: 0.27565841614311615 and parameters: {'lambda': 1962.4761132743597, 'kappa': 2.8720401051615}. Best is trial 1 with value: 0.27565841614311615.
Trial 25 finished with value: 0.27565841614311615 and parameters: {'lambda': 1482.6981312366265, 'kappa': 3.211900005641687}. Best is trial 1 with value: 0.27565841614311615.
Trial 26 finished with value: 0.27565841614311615 and parameters: {'lambda': 1277.6242602859804, 'kappa': 3.4357071359018256}. Best is trial 1 with value: 0.27565841614311615.
Trial 27 finished with value: 0.27565841614311615 and parameters: {'lambda': 1740.7367296028574, 'kappa': 1.9682790081244042}. Best is trial 1 with value: 0.27565841614311615.
Trial 28 finished with value: 0.27565841614311615 and parameters: {'lambda': 1074.196407294737, 'kappa': 1.407321078454788}. Best is trial 1 with value: 0.27565841614311615.
Trial 29 finished with value: 0.27565841614311615 and parameters: {'lambda': 1531.029759487401, 'kappa': 3.747127202931212}. Best is trial 1 with value: 0.27565841614311615.
Optuna best λ=1465.8674, κ=2.869673679819506, Sharpe=0.2757
A new study created in memory with name: no-name-272ef3e1-6a8f-41d3-9326-84a34abb32ad
Trial 0 finished with value: 0.4061042884512796 and parameters: {'lambda': 759.7853498839952, 'kappa': 3.9691811987040015}. Best is trial 0 with value: 0.4061042884512796.
Trial 1 finished with value: 0.4937084811610248 and parameters: {'lambda': 1465.8673507626895, 'kappa': 2.869673679819506}. Best is trial 1 with value: 0.4937084811610248.
Trial 2 finished with value: 0.9967552585696899 and parameters: {'lambda': 328.1377557200871, 'kappa': 1.487187364027523}. Best is trial 2 with value: 0.9967552585696899.
Trial 3 finished with value: 1.0083995469678892 and parameters: {'lambda': 134.68574520140024, 'kappa': 3.705159593645523}. Best is trial 3 with value: 1.0083995469678892.
Trial 4 finished with value: 0.4937084811610248 and parameters: {'lambda': 1207.3409317440553, 'kappa': 3.2113854510604285}. Best is trial 3 with value: 1.0083995469678892.
Trial 5 finished with value: 0.7500270748096046 and parameters: {'lambda': 60.6133742333842, 'kappa': 4.029130915629118}. Best is trial 3 with value: 1.0083995469678892.
Trial 6 finished with value: 0.4937084811610248 and parameters: {'lambda': 1664.2846394063226, 'kappa': 1.6631574710979753}. Best is trial 3 with value: 1.0083995469678892.
Trial 7 finished with value: 0.8828690562193053 and parameters: {'lambda': 379.11324308858104, 'kappa': 1.5727916564869089}. Best is trial 3 with value: 1.0083995469678892.
Trial 8 finished with value: 0.7615524971143437 and parameters: {'lambda': 620.9252743284724, 'kappa': 2.638869763709691}. Best is trial 3 with value: 1.0083995469678892.
Trial 9 finished with value: 0.14973525183291503 and parameters: {'lambda': 873.1778048064807, 'kappa': 1.9095393660962992}. Best is trial 3 with value: 1.0083995469678892.
Trial 10 finished with value: 0.4937084811610248 and parameters: {'lambda': 1886.8899990604687, 'kappa': 3.4270596555033017}. Best is trial 3 with value: 1.0083995469678892.
Trial 11 finished with value: 0.44370797419148256 and parameters: {'lambda': 34.8609161424165, 'kappa': 1.0799836552286157}. Best is trial 3 with value: 1.0083995469678892.
Trial 12 finished with value: 0.7916470639714913 and parameters: {'lambda': 401.62106243282926, 'kappa': 2.243131401327489}. Best is trial 3 with value: 1.0083995469678892.
Trial 13 finished with value: 0.984664860826003 and parameters: {'lambda': 348.62351716613654, 'kappa': 1.0360510594857923}. Best is trial 3 with value: 1.0083995469678892.
Trial 14 finished with value: 0.4937084811610248 and parameters: {'lambda': 1101.5497235715259, 'kappa': 3.472094027994215}. Best is trial 3 with value: 1.0083995469678892.
Trial 15 finished with value: 0.7596490141787265 and parameters: {'lambda': 574.3416104868592, 'kappa': 2.2718069069486355}. Best is trial 3 with value: 1.0083995469678892.
Trial 16 finished with value: 0.7391127752491717 and parameters: {'lambda': 221.93054614190385, 'kappa': 2.8939565129180003}. Best is trial 3 with value: 1.0083995469678892.
Trial 17 finished with value: 0.8180688554106702 and parameters: {'lambda': 570.8375718127747, 'kappa': 3.6488887169730004}. Best is trial 3 with value: 1.0083995469678892.
Trial 18 finished with value: 0.6150405338592616 and parameters: {'lambda': 256.59860451925977, 'kappa': 1.384975415809359}. Best is trial 3 with value: 1.0083995469678892.
Trial 19 finished with value: 0.29793257851458294 and parameters: {'lambda': 918.2618811360751, 'kappa': 2.1256373607514742}. Best is trial 3 with value: 1.0083995469678892.
Trial 20 finished with value: 0.4937084811610248 and parameters: {'lambda': 1309.8360941711126, 'kappa': 2.6483092299043545}. Best is trial 3 with value: 1.0083995469678892.
Trial 21 finished with value: 0.6892901450137513 and parameters: {'lambda': 235.60495555794375, 'kappa': 1.0663988181226707}. Best is trial 3 with value: 1.0083995469678892.
Trial 22 finished with value: 0.9406477086120966 and parameters: {'lambda': 422.87547356824473, 'kappa': 1.3494780388968197}. Best is trial 3 with value: 1.0083995469678892.
Trial 23 finished with value: 0.7002619224253518 and parameters: {'lambda': 32.41064836218709, 'kappa': 1.8021973691916262}. Best is trial 3 with value: 1.0083995469678892.
Trial 24 finished with value: 0.6892901450137513 and parameters: {'lambda': 235.78646511039386, 'kappa': 1.0098261444044037}. Best is trial 3 with value: 1.0083995469678892.
Trial 25 finished with value: 0.3035331053885794 and parameters: {'lambda': 723.965600501137, 'kappa': 1.3359849390607728}. Best is trial 3 with value: 1.0083995469678892.
Trial 26 finished with value: 0.8571303722557553 and parameters: {'lambda': 463.75188414391994, 'kappa': 2.0069680302902695}. Best is trial 3 with value: 1.0083995469678892.
Trial 27 finished with value: 0.9644994772480695 and parameters: {'lambda': 179.5532499338091, 'kappa': 2.441016049888713}. Best is trial 3 with value: 1.0083995469678892.
Trial 28 finished with value: 1.034707218082899 and parameters: {'lambda': 331.10375069818076, 'kappa': 1.4928693307173073}. Best is trial 28 with value: 1.034707218082899.
Trial 29 finished with value: 0.38225465200696546 and parameters: {'lambda': 750.4107071217053, 'kappa': 3.747127202931212}. Best is trial 28 with value: 1.034707218082899.
Optuna best λ=331.1038, κ=1.4928693307173073, Sharpe=1.0347
A new study created in memory with name: no-name-749eb61a-a0ff-4ef5-b067-e56486fc4853
Trial 0 finished with value: -0.6345619146675807 and parameters: {'lambda': 759.7853498839952, 'kappa': 3.9691811987040015}. Best is trial 0 with value: -0.6345619146675807.
Trial 1 finished with value: -0.6345619146675805 and parameters: {'lambda': 1465.8673507626895, 'kappa': 2.869673679819506}. Best is trial 1 with value: -0.6345619146675805.
Trial 2 finished with value: -0.6345619146675804 and parameters: {'lambda': 328.1377557200871, 'kappa': 1.487187364027523}. Best is trial 2 with value: -0.6345619146675804.
Trial 3 finished with value: -1.012353080429415 and parameters: {'lambda': 134.68574520140024, 'kappa': 3.705159593645523}. Best is trial 2 with value: -0.6345619146675804.
Trial 4 finished with value: -0.6345619146675805 and parameters: {'lambda': 1207.3409317440553, 'kappa': 3.2113854510604285}. Best is trial 2 with value: -0.6345619146675804.
Trial 5 finished with value: -1.285167037265273 and parameters: {'lambda': 60.6133742333842, 'kappa': 4.029130915629118}. Best is trial 2 with value: -0.6345619146675804.
Trial 6 finished with value: -0.6345619146675805 and parameters: {'lambda': 1664.2846394063226, 'kappa': 1.6631574710979753}. Best is trial 2 with value: -0.6345619146675804.
Trial 7 finished with value: -0.6345619146675804 and parameters: {'lambda': 379.11324308858104, 'kappa': 1.5727916564869089}. Best is trial 2 with value: -0.6345619146675804.
Trial 8 finished with value: -0.6345619146675807 and parameters: {'lambda': 620.9252743284724, 'kappa': 2.638869763709691}. Best is trial 2 with value: -0.6345619146675804.
Trial 9 finished with value: -0.6345619146675805 and parameters: {'lambda': 873.1778048064807, 'kappa': 1.9095393660962992}. Best is trial 2 with value: -0.6345619146675804.
Trial 10 finished with value: -0.6345619146675805 and parameters: {'lambda': 1886.8899990604687, 'kappa': 1.0187298358271706}. Best is trial 2 with value: -0.6345619146675804.
Trial 11 finished with value: -0.6345619146675807 and parameters: {'lambda': 446.06469989323665, 'kappa': 1.7980101744817147}. Best is trial 2 with value: -0.6345619146675804.
Trial 12 finished with value: -0.3813798070991862 and parameters: {'lambda': 353.10944076736615, 'kappa': 1.1209428898519396}. Best is trial 12 with value: -0.3813798070991862.
Trial 13 finished with value: -0.6345619146675805 and parameters: {'lambda': 1100.9760739817916, 'kappa': 1.0360510594857923}. Best is trial 12 with value: -0.3813798070991862.
Trial 14 finished with value: -0.8023109573816923 and parameters: {'lambda': 357.405485018797, 'kappa': 2.1855441481340363}. Best is trial 12 with value: -0.3813798070991862.
Trial 15 finished with value: -0.6345619146675807 and parameters: {'lambda': 610.3066979254493, 'kappa': 1.388315312513224}. Best is trial 12 with value: -0.3813798070991862.
Trial 16 finished with value: -0.2974964955340123 and parameters: {'lambda': 228.20240472072473, 'kappa': 2.2338376994904285}. Best is trial 16 with value: -0.2974964955340123.
Trial 17 finished with value: -1.3919883253446799 and parameters: {'lambda': 65.61800537693881, 'kappa': 2.435745728176747}. Best is trial 16 with value: -0.2974964955340123.
Trial 18 finished with value: -0.6345619146675805 and parameters: {'lambda': 886.2814353564372, 'kappa': 3.397377071789711}. Best is trial 16 with value: -0.2974964955340123.
Trial 19 finished with value: -0.6345619146675806 and parameters: {'lambda': 609.0304086895529, 'kappa': 2.2104976391689557}. Best is trial 16 with value: -0.2974964955340123.
Trial 20 finished with value: -0.5583124353285126 and parameters: {'lambda': 212.26908378417397, 'kappa': 3.1056828105424694}. Best is trial 16 with value: -0.2974964955340123.
Trial 21 finished with value: -0.5293363974449427 and parameters: {'lambda': 232.53792068036995, 'kappa': 3.0365711524259917}. Best is trial 16 with value: -0.2974964955340123.
Trial 22 finished with value: -0.5293363974449427 and parameters: {'lambda': 234.6865274401597, 'kappa': 2.72767276938594}. Best is trial 16 with value: -0.2974964955340123.
Trial 23 finished with value: -0.6345619146675807 and parameters: {'lambda': 536.3823279978361, 'kappa': 3.49320511641383}. Best is trial 16 with value: -0.2974964955340123.
Trial 24 finished with value: -0.6496844102902471 and parameters: {'lambda': 278.6987991819997, 'kappa': 2.9881451622173465}. Best is trial 16 with value: -0.2974964955340123.
Trial 25 finished with value: -0.7120044080939162 and parameters: {'lambda': 24.583087155715646, 'kappa': 2.302099589726057}. Best is trial 16 with value: -0.2974964955340123.
Trial 26 finished with value: -0.6345619146675807 and parameters: {'lambda': 746.3570767052365, 'kappa': 1.2646016958488466}. Best is trial 16 with value: -0.2974964955340123.
Trial 27 finished with value: -0.6345619146675807 and parameters: {'lambda': 464.30997566998144, 'kappa': 1.9682790081244042}. Best is trial 16 with value: -0.2974964955340123.
Trial 28 finished with value: -0.3806203055294818 and parameters: {'lambda': 198.06951465831784, 'kappa': 2.5057305929876326}. Best is trial 16 with value: -0.2974964955340123.
Trial 29 finished with value: -0.6345619146675807 and parameters: {'lambda': 763.4177366084589, 'kappa': 2.592294559817726}. Best is trial 16 with value: -0.2974964955340123.
Optuna best λ=228.2024, κ=2.2338376994904285, Sharpe=-0.2975
A new study created in memory with name: no-name-bc2130d2-a9cc-472c-8ced-716ab5bc3601
Trial 0 finished with value: 1.2253615508636013 and parameters: {'lambda': 759.7853498839952, 'kappa': 3.9691811987040015}. Best is trial 0 with value: 1.2253615508636013.
Trial 1 finished with value: 1.225361550863601 and parameters: {'lambda': 1465.8673507626895, 'kappa': 2.869673679819506}. Best is trial 0 with value: 1.2253615508636013.
Trial 2 finished with value: 1.2253615508636013 and parameters: {'lambda': 328.1377557200871, 'kappa': 1.487187364027523}. Best is trial 0 with value: 1.2253615508636013.
Trial 3 finished with value: 1.650403417880998 and parameters: {'lambda': 134.68574520140024, 'kappa': 3.705159593645523}. Best is trial 3 with value: 1.650403417880998.
Trial 4 finished with value: 1.225361550863601 and parameters: {'lambda': 1207.3409317440553, 'kappa': 3.2113854510604285}. Best is trial 3 with value: 1.650403417880998.
Trial 5 finished with value: 1.911501612750853 and parameters: {'lambda': 60.6133742333842, 'kappa': 4.029130915629118}. Best is trial 5 with value: 1.911501612750853.
Trial 6 finished with value: 1.225361550863601 and parameters: {'lambda': 1664.2846394063226, 'kappa': 1.6631574710979753}. Best is trial 5 with value: 1.911501612750853.
Trial 7 finished with value: 1.2253615508636013 and parameters: {'lambda': 379.11324308858104, 'kappa': 1.5727916564869089}. Best is trial 5 with value: 1.911501612750853.
Trial 8 finished with value: 1.2253615508636013 and parameters: {'lambda': 620.9252743284724, 'kappa': 2.638869763709691}. Best is trial 5 with value: 1.911501612750853.
Trial 9 finished with value: 1.2253615508636009 and parameters: {'lambda': 873.1778048064807, 'kappa': 1.9095393660962992}. Best is trial 5 with value: 1.911501612750853.
Trial 10 finished with value: 1.225361550863601 and parameters: {'lambda': 1886.8899990604687, 'kappa': 3.403359914931464}. Best is trial 5 with value: 1.911501612750853.
Trial 11 finished with value: 1.3842775156991256 and parameters: {'lambda': 34.8609161424165, 'kappa': 3.9798232276603978}. Best is trial 5 with value: 1.911501612750853.
Trial 12 finished with value: 1.7713704981929008 and parameters: {'lambda': 48.648302835881935, 'kappa': 3.561963338490747}. Best is trial 5 with value: 1.911501612750853.
Trial 13 finished with value: 1.2253615508636013 and parameters: {'lambda': 458.71550574604817, 'kappa': 2.2138004647354244}. Best is trial 5 with value: 1.911501612750853.
Trial 14 finished with value: 1.225361550863601 and parameters: {'lambda': 1101.5497235715259, 'kappa': 1.0411523272835173}. Best is trial 5 with value: 1.911501612750853.
Trial 15 finished with value: 1.501367589845227 and parameters: {'lambda': 37.04164027829687, 'kappa': 3.4127958079702214}. Best is trial 5 with value: 1.911501612750853.
Trial 16 finished with value: 1.1937423323043836 and parameters: {'lambda': 268.40090468770285, 'kappa': 4.108557595648523}. Best is trial 5 with value: 1.911501612750853.
Trial 17 finished with value: 1.2253615508636013 and parameters: {'lambda': 580.298862003607, 'kappa': 2.9348699430616354}. Best is trial 5 with value: 1.911501612750853.
Trial 18 finished with value: 1.225361550863601 and parameters: {'lambda': 1359.2422121044156, 'kappa': 3.6516202246636627}. Best is trial 5 with value: 1.911501612750853.
Trial 19 finished with value: 1.2253615508636013 and parameters: {'lambda': 841.137157076753, 'kappa': 3.683596596190284}. Best is trial 5 with value: 1.911501612750853.
Trial 20 finished with value: 0.9945789676747092 and parameters: {'lambda': 212.26908378417397, 'kappa': 3.1349829256242616}. Best is trial 5 with value: 1.911501612750853.
Trial 21 finished with value: 1.897459280229218 and parameters: {'lambda': 144.21985901104438, 'kappa': 3.722788413455649}. Best is trial 5 with value: 1.911501612750853.
Trial 22 finished with value: 1.42745600377988 and parameters: {'lambda': 183.19706514542884, 'kappa': 3.789388184144437}. Best is trial 5 with value: 1.911501612750853.
Trial 23 finished with value: 1.2253615508636013 and parameters: {'lambda': 445.79445884629786, 'kappa': 3.4685211230490745}. Best is trial 5 with value: 1.911501612750853.
Trial 24 finished with value: 1.2253615508636013 and parameters: {'lambda': 651.0293854587835, 'kappa': 4.11127017016935}. Best is trial 5 with value: 1.911501612750853.
Trial 25 finished with value: 1.4108863599763444 and parameters: {'lambda': 26.76397880413255, 'kappa': 2.302099589726057}. Best is trial 5 with value: 1.911501612750853.
Trial 26 finished with value: 1.2253615508636013 and parameters: {'lambda': 483.2615739206796, 'kappa': 3.133672614229738}. Best is trial 5 with value: 1.911501612750853.
Trial 27 finished with value: 1.1937423323043836 and parameters: {'lambda': 268.8564420030341, 'kappa': 3.853160483838413}. Best is trial 5 with value: 1.911501612750853.
Trial 28 finished with value: 1.2083857704253236 and parameters: {'lambda': 191.34290029898392, 'kappa': 3.533633867684898}. Best is trial 5 with value: 1.911501612750853.
Trial 29 finished with value: 1.2253615508636013 and parameters: {'lambda': 774.3013371446821, 'kappa': 3.8479113858380187}. Best is trial 5 with value: 1.911501612750853.
Optuna best λ=60.6134, κ=4.029130915629118, Sharpe=1.9115
A new study created in memory with name: no-name-89000b04-afc2-495d-918b-5ecffc277aab
Trial 0 finished with value: -0.7354193156187374 and parameters: {'lambda': 759.7853498839952, 'kappa': 3.9691811987040015}. Best is trial 0 with value: -0.7354193156187374.
Trial 1 finished with value: 0.7232390419393843 and parameters: {'lambda': 1465.8673507626895, 'kappa': 2.869673679819506}. Best is trial 1 with value: 0.7232390419393843.
Trial 2 finished with value: 0.7232390419393844 and parameters: {'lambda': 328.1377557200871, 'kappa': 1.487187364027523}. Best is trial 2 with value: 0.7232390419393844.
Trial 3 finished with value: 0.25170560817774407 and parameters: {'lambda': 134.68574520140024, 'kappa': 3.705159593645523}. Best is trial 2 with value: 0.7232390419393844.
Trial 4 finished with value: 0.7232390419393843 and parameters: {'lambda': 1207.3409317440553, 'kappa': 3.2113854510604285}. Best is trial 2 with value: 0.7232390419393844.
Trial 5 finished with value: 0.4212805993318365 and parameters: {'lambda': 60.6133742333842, 'kappa': 4.029130915629118}. Best is trial 2 with value: 0.7232390419393844.
Trial 6 finished with value: 0.7232390419393843 and parameters: {'lambda': 1664.2846394063226, 'kappa': 1.6631574710979753}. Best is trial 2 with value: 0.7232390419393844.
Trial 7 finished with value: 0.7232390419393844 and parameters: {'lambda': 379.11324308858104, 'kappa': 1.5727916564869089}. Best is trial 2 with value: 0.7232390419393844.
Trial 8 finished with value: -0.7354193156187374 and parameters: {'lambda': 620.9252743284724, 'kappa': 2.638869763709691}. Best is trial 2 with value: 0.7232390419393844.
Trial 9 finished with value: 0.7232390419393843 and parameters: {'lambda': 873.1778048064807, 'kappa': 1.9095393660962992}. Best is trial 2 with value: 0.7232390419393844.
Trial 10 finished with value: 0.7232390419393843 and parameters: {'lambda': 1886.8899990604687, 'kappa': 1.0187298358271706}. Best is trial 2 with value: 0.7232390419393844.
Trial 11 finished with value: 0.7232390419393843 and parameters: {'lambda': 446.06469989323665, 'kappa': 1.7980101744817147}. Best is trial 2 with value: 0.7232390419393844.
Trial 12 finished with value: 0.24367619918449787 and parameters: {'lambda': 353.10944076736615, 'kappa': 1.1209428898519396}. Best is trial 2 with value: 0.7232390419393844.
Trial 13 finished with value: 0.7232390419393843 and parameters: {'lambda': 1100.9760739817916, 'kappa': 2.2256718351156524}. Best is trial 2 with value: 0.7232390419393844.
Trial 14 finished with value: 0.2573630442796129 and parameters: {'lambda': 367.05033656852584, 'kappa': 1.3921151933115674}. Best is trial 2 with value: 0.7232390419393844.
Trial 15 finished with value: -0.7354193156187373 and parameters: {'lambda': 574.5424571437802, 'kappa': 2.2718069069486355}. Best is trial 2 with value: 0.7232390419393844.
Trial 16 finished with value: 0.09692981336359499 and parameters: {'lambda': 228.20240472072473, 'kappa': 1.4498881943951683}. Best is trial 2 with value: 0.7232390419393844.
Trial 17 finished with value: 0.7232390419393842 and parameters: {'lambda': 916.0984066132451, 'kappa': 2.160388336329991}. Best is trial 2 with value: 0.7232390419393844.
Trial 18 finished with value: 0.7232390419393843 and parameters: {'lambda': 626.0182432909755, 'kappa': 1.366374416255207}. Best is trial 2 with value: 0.7232390419393844.
Trial 19 finished with value: 0.7232390419393843 and parameters: {'lambda': 1267.3870585295888, 'kappa': 3.0611357071645893}. Best is trial 2 with value: 0.7232390419393844.
Trial 20 finished with value: -0.653604311598265 and parameters: {'lambda': 244.96439745667638, 'kappa': 1.954592983102062}. Best is trial 2 with value: 0.7232390419393844.
Trial 21 finished with value: 0.7232390419393843 and parameters: {'lambda': 1544.2282841544707, 'kappa': 2.777095681726567}. Best is trial 2 with value: 0.7232390419393844.
Trial 22 finished with value: 0.7232390419393843 and parameters: {'lambda': 1404.9658933720798, 'kappa': 3.352399342336529}. Best is trial 2 with value: 0.7232390419393844.
Trial 23 finished with value: 0.7232390419393843 and parameters: {'lambda': 1969.9422237938452, 'kappa': 2.860042634531659}. Best is trial 2 with value: 0.7232390419393844.
Trial 24 finished with value: 0.7232390419393843 and parameters: {'lambda': 1693.0322746126021, 'kappa': 2.4258331254949925}. Best is trial 2 with value: 0.7232390419393844.
Trial 25 finished with value: 0.7232390419393843 and parameters: {'lambda': 1073.5396855627764, 'kappa': 1.5812727853115431}. Best is trial 2 with value: 0.7232390419393844.
Trial 26 finished with value: 0.7232390419393842 and parameters: {'lambda': 463.75188414391994, 'kappa': 2.0334940296890536}. Best is trial 2 with value: 0.7232390419393844.
