Trial 12 finished with value: 0.40266828584961517 and parameters: {'lambda': 48.648302835881935, 'kappa': 3.561963338490747}. Best is trial 5 with value: 0.6099320741702111.
Trial 13 finished with value: 0.1349540773080182 and parameters: {'lambda': 413.4357677087194, 'kappa': 4.060125690956306}. Best is trial 5 with value: 0.6099320741702111.
Trial 14 finished with value: -0.14211114786511614 and parameters: {'lambda': 1146.9613502972234, 'kappa': 2.1855441481340363}. Best is trial 5 with value: 0.6099320741702111.
Trial 15 finished with value: 0.5761492518653837 and parameters: {'lambda': 119.33359562300568, 'kappa': 3.671017647863116}. Best is trial 5 with value: 0.6099320741702111.
Trial 16 finished with value: 0.20739657838472744 and parameters: {'lambda': 584.603409069565, 'kappa': 3.038510916678835}. Best is trial 5 with value: 0.6099320741702111.
Trial 17 finished with value: 0.21398095297699393 and parameters: {'lambda': 254.97372225408583, 'kappa': 2.2901912142684}. Best is trial 5 with value: 0.6099320741702111.
Trial 18 finished with value: 0.29501163141018016 and parameters: {'lambda': 559.8525001629247, 'kappa': 3.6588147627623653}. Best is trial 5 with value: 0.6099320741702111.
Trial 19 finished with value: 0.16584566337337864 and parameters: {'lambda': 891.5428206725715, 'kappa': 3.3403895060887216}. Best is trial 5 with value: 0.6099320741702111.
Trial 20 finished with value: -0.4556361830387652 and parameters: {'lambda': 212.26908378417397, 'kappa': 1.0823503127445389}. Best is trial 5 with value: 0.6099320741702111.
Trial 21 finished with value: 0.536755417606795 and parameters: {'lambda': 144.21985901104438, 'kappa': 3.722788413455649}. Best is trial 5 with value: 0.6099320741702111.
Trial 22 finished with value: 0.19097849517218085 and parameters: {'lambda': 439.3664896186247, 'kappa': 3.8132264441563173}. Best is trial 5 with value: 0.6099320741702111.
Trial 23 finished with value: 0.5777559500862282 and parameters: {'lambda': 25.926672333132885, 'kappa': 4.110664833508607}. Best is trial 5 with value: 0.6099320741702111.
Trial 24 finished with value: 0.010114490755714469 and parameters: {'lambda': 232.90494311423086, 'kappa': 4.11127017016935}. Best is trial 5 with value: 0.6099320741702111.
Trial 25 finished with value: 0.12860927136350825 and parameters: {'lambda': 22.83854304261278, 'kappa': 3.4846799195342784}. Best is trial 5 with value: 0.6099320741702111.
Trial 26 finished with value: 0.25798136423143436 and parameters: {'lambda': 489.45456361479324, 'kappa': 3.1224015977678854}. Best is trial 5 with value: 0.6099320741702111.
Trial 27 finished with value: 0.07039234435727323 and parameters: {'lambda': 741.1239862828949, 'kappa': 3.853160483838413}. Best is trial 5 with value: 0.6099320741702111.
Trial 28 finished with value: 0.2667188524893132 and parameters: {'lambda': 286.8139119173326, 'kappa': 2.879151829453561}. Best is trial 5 with value: 0.6099320741702111.
Trial 29 finished with value: 0.5207369713318792 and parameters: {'lambda': 148.28164481482696, 'kappa': 4.12018992246156}. Best is trial 5 with value: 0.6099320741702111.
Optuna best λ=60.6134, κ=4.029130915629118, Sharpe=0.6099
A new study created in memory with name: no-name-3a63b7e5-68e2-4023-960d-4c3b4d0cb220
Trial 0 finished with value: -0.3790888302518192 and parameters: {'lambda': 759.7853498839952, 'kappa': 3.9691811987040015}. Best is trial 0 with value: -0.3790888302518192.
Trial 1 finished with value: 0.09351987323164004 and parameters: {'lambda': 1465.8673507626895, 'kappa': 2.869673679819506}. Best is trial 1 with value: 0.09351987323164004.
Trial 2 finished with value: -0.09722795744074664 and parameters: {'lambda': 328.1377557200871, 'kappa': 1.487187364027523}. Best is trial 1 with value: 0.09351987323164004.
Trial 3 finished with value: 0.13443815105821683 and parameters: {'lambda': 134.68574520140024, 'kappa': 3.705159593645523}. Best is trial 3 with value: 0.13443815105821683.
Trial 4 finished with value: -0.38434781284126684 and parameters: {'lambda': 1207.3409317440553, 'kappa': 3.2113854510604285}. Best is trial 3 with value: 0.13443815105821683.
Trial 5 finished with value: 0.66866897065263 and parameters: {'lambda': 60.6133742333842, 'kappa': 4.029130915629118}. Best is trial 5 with value: 0.66866897065263.
Trial 6 finished with value: 0.09351987323164004 and parameters: {'lambda': 1664.2846394063226, 'kappa': 1.6631574710979753}. Best is trial 5 with value: 0.66866897065263.
Trial 7 finished with value: -0.09722795744074664 and parameters: {'lambda': 379.11324308858104, 'kappa': 1.5727916564869089}. Best is trial 5 with value: 0.66866897065263.
Trial 8 finished with value: -0.822547819371724 and parameters: {'lambda': 620.9252743284724, 'kappa': 2.638869763709691}. Best is trial 5 with value: 0.66866897065263.
Trial 9 finished with value: -0.46188460440361695 and parameters: {'lambda': 873.1778048064807, 'kappa': 1.9095393660962992}. Best is trial 5 with value: 0.66866897065263.
Trial 10 finished with value: 0.09351987323164004 and parameters: {'lambda': 1886.8899990604687, 'kappa': 3.403359914931464}. Best is trial 5 with value: 0.66866897065263.
Trial 11 finished with value: 0.568773427538237 and parameters: {'lambda': 34.8609161424165, 'kappa': 3.9798232276603978}. Best is trial 5 with value: 0.66866897065263.
Trial 12 finished with value: 0.8234160853716903 and parameters: {'lambda': 48.62839461429785, 'kappa': 3.834733028321934}. Best is trial 12 with value: 0.8234160853716903.
Trial 13 finished with value: -0.21042324549680327 and parameters: {'lambda': 458.70649859535825, 'kappa': 2.2138004647354244}. Best is trial 12 with value: 0.8234160853716903.
Trial 14 finished with value: -0.09722795744074668 and parameters: {'lambda': 1101.5497235715259, 'kappa': 1.0411523272835173}. Best is trial 12 with value: 0.8234160853716903.
Trial 15 finished with value: 0.6871839550012796 and parameters: {'lambda': 37.041088242378734, 'kappa': 3.4226504092668155}. Best is trial 12 with value: 0.8234160853716903.
Trial 16 finished with value: 0.08720340845953839 and parameters: {'lambda': 268.83650348493586, 'kappa': 3.3212256111292167}. Best is trial 12 with value: 0.8234160853716903.
Trial 17 finished with value: -0.5618914411559782 and parameters: {'lambda': 574.3026583227598, 'kappa': 2.9348699430616354}. Best is trial 12 with value: 0.8234160853716903.
Trial 18 finished with value: 0.09351987323164004 and parameters: {'lambda': 1364.353023938396, 'kappa': 3.628781590416798}. Best is trial 12 with value: 0.8234160853716903.
Trial 19 finished with value: -0.38434781284126684 and parameters: {'lambda': 833.9327838782566, 'kappa': 3.6101833120906814}. Best is trial 12 with value: 0.8234160853716903.
Trial 20 finished with value: -0.5186431899609463 and parameters: {'lambda': 212.26908378417397, 'kappa': 3.0196239209542224}. Best is trial 12 with value: 0.8234160853716903.
Trial 21 finished with value: 0.8234160853716903 and parameters: {'lambda': 50.275025360786124, 'kappa': 3.9923187856246907}. Best is trial 12 with value: 0.8234160853716903.
Trial 22 finished with value: -0.4889649628063065 and parameters: {'lambda': 205.14679888207542, 'kappa': 4.093568563350034}. Best is trial 12 with value: 0.8234160853716903.
Trial 23 finished with value: 0.6232049574682896 and parameters: {'lambda': 31.481575342984637, 'kappa': 3.7066948076237747}. Best is trial 12 with value: 0.8234160853716903.
Trial 24 finished with value: -0.2843894078691524 and parameters: {'lambda': 523.5558916951327, 'kappa': 3.7997432260799737}. Best is trial 12 with value: 0.8234160853716903.
Trial 25 finished with value: -0.09722795744074664 and parameters: {'lambda': 326.47529962220005, 'kappa': 3.4240528847392095}. Best is trial 12 with value: 0.8234160853716903.
Trial 26 finished with value: -0.518756686548384 and parameters: {'lambda': 209.42689860355637, 'kappa': 3.149189477417971}. Best is trial 12 with value: 0.8234160853716903.
Trial 27 finished with value: -0.3887087357749322 and parameters: {'lambda': 725.1558456452914, 'kappa': 2.441016049888713}. Best is trial 12 with value: 0.8234160853716903.
Trial 28 finished with value: -0.09722795744074664 and parameters: {'lambda': 411.3034219912407, 'kappa': 3.4758848990235274}. Best is trial 12 with value: 0.8234160853716903.
Trial 29 finished with value: -0.38434781284126684 and parameters: {'lambda': 989.9794504883097, 'kappa': 3.8896311618622827}. Best is trial 12 with value: 0.8234160853716903.
Optuna best λ=48.6284, κ=3.834733028321934, Sharpe=0.8234
A new study created in memory with name: no-name-b7856af9-326d-449b-8bff-0f153603c801
Trial 0 finished with value: -0.22297118932613075 and parameters: {'lambda': 759.7853498839952, 'kappa': 3.9691811987040015}. Best is trial 0 with value: -0.22297118932613075.
Trial 1 finished with value: -0.29634756426210423 and parameters: {'lambda': 1465.8673507626895, 'kappa': 2.869673679819506}. Best is trial 0 with value: -0.22297118932613075.
Trial 2 finished with value: -0.10885596000116542 and parameters: {'lambda': 328.1377557200871, 'kappa': 1.487187364027523}. Best is trial 2 with value: -0.10885596000116542.
Trial 3 finished with value: -0.1488505173665249 and parameters: {'lambda': 134.68574520140024, 'kappa': 3.705159593645523}. Best is trial 2 with value: -0.10885596000116542.
Trial 4 finished with value: -0.2677574683907891 and parameters: {'lambda': 1207.3409317440553, 'kappa': 3.2113854510604285}. Best is trial 2 with value: -0.10885596000116542.
Trial 5 finished with value: 0.1926025307335438 and parameters: {'lambda': 60.6133742333842, 'kappa': 4.029130915629118}. Best is trial 5 with value: 0.1926025307335438.
Trial 6 finished with value: 0.19617732683998793 and parameters: {'lambda': 1664.2846394063226, 'kappa': 1.6631574710979753}. Best is trial 6 with value: 0.19617732683998793.
Trial 7 finished with value: -0.07110227416689024 and parameters: {'lambda': 379.11324308858104, 'kappa': 1.5727916564869089}. Best is trial 6 with value: 0.19617732683998793.
Trial 8 finished with value: -0.18907522428959092 and parameters: {'lambda': 620.9252743284724, 'kappa': 2.638869763709691}. Best is trial 6 with value: 0.19617732683998793.
Trial 9 finished with value: -0.1270836109806585 and parameters: {'lambda': 873.1778048064807, 'kappa': 1.9095393660962992}. Best is trial 6 with value: 0.19617732683998793.
Trial 10 finished with value: 0.19617732683998793 and parameters: {'lambda': 1951.797746843402, 'kappa': 1.0187298358271706}. Best is trial 6 with value: 0.19617732683998793.
Trial 11 finished with value: 0.19617732683998793 and parameters: {'lambda': 1935.0886746673355, 'kappa': 1.0165434678137546}. Best is trial 6 with value: 0.19617732683998793.
Trial 12 finished with value: 0.19617732683998793 and parameters: {'lambda': 1961.058591884519, 'kappa': 2.0739346614866854}. Best is trial 6 with value: 0.19617732683998793.
Trial 13 finished with value: 0.19617732683998793 and parameters: {'lambda': 1638.089716178993, 'kappa': 1.0406417232781981}. Best is trial 6 with value: 0.19617732683998793.
Trial 14 finished with value: 0.19617732683998793 and parameters: {'lambda': 1602.9649487759993, 'kappa': 2.1855441481340363}. Best is trial 6 with value: 0.19617732683998793.
Trial 15 finished with value: -0.20550578878958395 and parameters: {'lambda': 1251.2269342945738, 'kappa': 1.4408401917881994}. Best is trial 6 with value: 0.19617732683998793.
Trial 16 finished with value: 0.19617732683998793 and parameters: {'lambda': 1755.3115378924033, 'kappa': 1.3106886380604483}. Best is trial 6 with value: 0.19617732683998793.
Trial 17 finished with value: -0.10679132864036894 and parameters: {'lambda': 1298.903670276822, 'kappa': 1.7497532963231388}. Best is trial 6 with value: 0.19617732683998793.
Trial 18 finished with value: 0.19617732683998793 and parameters: {'lambda': 1819.0799578185402, 'kappa': 2.2882353157125372}. Best is trial 6 with value: 0.19617732683998793.
Trial 19 finished with value: -0.003557893242881809 and parameters: {'lambda': 1454.3468378444206, 'kappa': 1.175940982916942}. Best is trial 6 with value: 0.19617732683998793.
Trial 20 finished with value: -0.12282570985655994 and parameters: {'lambda': 1051.4593913660187, 'kappa': 1.7520686243024786}. Best is trial 6 with value: 0.19617732683998793.
Trial 21 finished with value: 0.19617732683998793 and parameters: {'lambda': 1990.4807010667973, 'kappa': 1.064837339453202}. Best is trial 6 with value: 0.19617732683998793.
Trial 22 finished with value: 0.19617732683998793 and parameters: {'lambda': 1824.950905170203, 'kappa': 1.3146281875381458}. Best is trial 6 with value: 0.19617732683998793.
Trial 23 finished with value: 0.19617732683998793 and parameters: {'lambda': 1641.1639636812765, 'kappa': 1.0245053768542118}. Best is trial 6 with value: 0.19617732683998793.
Trial 24 finished with value: 0.19617732683998793 and parameters: {'lambda': 1979.7940831234985, 'kappa': 1.5782500145803713}. Best is trial 6 with value: 0.19617732683998793.
Trial 25 finished with value: -0.003557893242881809 and parameters: {'lambda': 1463.7859208546138, 'kappa': 1.2991898170303915}. Best is trial 6 with value: 0.19617732683998793.
Trial 26 finished with value: 0.19617732683998793 and parameters: {'lambda': 1808.354191037861, 'kappa': 2.4517257841889677}. Best is trial 6 with value: 0.19617732683998793.
Trial 27 finished with value: 0.19617732683998793 and parameters: {'lambda': 1687.0746977623573, 'kappa': 1.7762688793511514}. Best is trial 6 with value: 0.19617732683998793.
Trial 28 finished with value: 0.19617732683998793 and parameters: {'lambda': 1876.5315272268358, 'kappa': 1.9476948493779247}. Best is trial 6 with value: 0.19617732683998793.
Trial 29 finished with value: 0.19617732683998793 and parameters: {'lambda': 1510.753225883656, 'kappa': 1.0041816147554088}. Best is trial 6 with value: 0.19617732683998793.
Optuna best λ=1664.2846, κ=1.6631574710979753, Sharpe=0.1962
A new study created in memory with name: no-name-fa16cb33-8b1c-43fe-9222-a646ec857cbf
Trial 0 finished with value: -0.4620105884830402 and parameters: {'lambda': 759.7853498839952, 'kappa': 3.9691811987040015}. Best is trial 0 with value: -0.4620105884830402.
Trial 1 finished with value: -0.5070749942035578 and parameters: {'lambda': 1465.8673507626895, 'kappa': 2.869673679819506}. Best is trial 0 with value: -0.4620105884830402.
Trial 2 finished with value: -0.2566426303804007 and parameters: {'lambda': 328.1377557200871, 'kappa': 1.487187364027523}. Best is trial 2 with value: -0.2566426303804007.
Trial 3 finished with value: -0.6534179782767503 and parameters: {'lambda': 134.68574520140024, 'kappa': 3.705159593645523}. Best is trial 2 with value: -0.2566426303804007.
Trial 4 finished with value: -0.4620105884830402 and parameters: {'lambda': 1207.3409317440553, 'kappa': 3.2113854510604285}. Best is trial 2 with value: -0.2566426303804007.
Trial 5 finished with value: -0.7674414363148336 and parameters: {'lambda': 60.6133742333842, 'kappa': 4.029130915629118}. Best is trial 2 with value: -0.2566426303804007.
Trial 6 finished with value: -0.5070749942035578 and parameters: {'lambda': 1664.2846394063226, 'kappa': 1.6631574710979753}. Best is trial 2 with value: -0.2566426303804007.
Trial 7 finished with value: -0.2757526145756362 and parameters: {'lambda': 379.11324308858104, 'kappa': 1.5727916564869089}. Best is trial 2 with value: -0.2566426303804007.
Trial 8 finished with value: -0.462194975168445 and parameters: {'lambda': 620.9252743284724, 'kappa': 2.638869763709691}. Best is trial 2 with value: -0.2566426303804007.
Trial 9 finished with value: -0.4620105884830402 and parameters: {'lambda': 873.1778048064807, 'kappa': 1.9095393660962992}. Best is trial 2 with value: -0.2566426303804007.
Trial 10 finished with value: -0.5070749942035578 and parameters: {'lambda': 1886.8899990604687, 'kappa': 1.0187298358271706}. Best is trial 2 with value: -0.2566426303804007.
Trial 11 finished with value: -0.4645720037281114 and parameters: {'lambda': 446.06469989323665, 'kappa': 1.7980101744817147}. Best is trial 2 with value: -0.2566426303804007.
Trial 12 finished with value: -0.41874155059624063 and parameters: {'lambda': 353.10944076736615, 'kappa': 1.1209428898519396}. Best is trial 2 with value: -0.2566426303804007.
Trial 13 finished with value: -0.4620105884830402 and parameters: {'lambda': 1100.9760739817916, 'kappa': 2.2256718351156524}. Best is trial 2 with value: -0.2566426303804007.
Trial 14 finished with value: -0.41824600308351495 and parameters: {'lambda': 367.05033656852584, 'kappa': 1.3921151933115674}. Best is trial 2 with value: -0.2566426303804007.
Trial 15 finished with value: -0.46159669633790223 and parameters: {'lambda': 574.5424571437802, 'kappa': 2.2718069069486355}. Best is trial 2 with value: -0.2566426303804007.
Trial 16 finished with value: -0.4012193183073741 and parameters: {'lambda': 228.20240472072473, 'kappa': 1.4498881943951683}. Best is trial 2 with value: -0.2566426303804007.
Trial 17 finished with value: -0.4620105884830402 and parameters: {'lambda': 916.0984066132451, 'kappa': 2.160388336329991}. Best is trial 2 with value: -0.2566426303804007.
Trial 18 finished with value: -0.42945166003529767 and parameters: {'lambda': 626.0182432909755, 'kappa': 1.366374416255207}. Best is trial 2 with value: -0.2566426303804007.
Trial 19 finished with value: -0.5070749942035578 and parameters: {'lambda': 1267.3870585295888, 'kappa': 3.0611357071645893}. Best is trial 2 with value: -0.2566426303804007.
Trial 20 finished with value: -0.501521733676645 and parameters: {'lambda': 244.96439745667638, 'kappa': 1.954592983102062}. Best is trial 2 with value: -0.2566426303804007.
Trial 21 finished with value: -0.4308554821642311 and parameters: {'lambda': 190.2376613189073, 'kappa': 1.3625259092232975}. Best is trial 2 with value: -0.2566426303804007.
Trial 22 finished with value: -1.1048549989938568 and parameters: {'lambda': 55.623475695676035, 'kappa': 1.5322170744247423}. Best is trial 2 with value: -0.2566426303804007.
Trial 23 finished with value: -0.42835241409505165 and parameters: {'lambda': 483.71670027936324, 'kappa': 1.1452692971939615}. Best is trial 2 with value: -0.2566426303804007.
Trial 24 finished with value: -0.31936683590906567 and parameters: {'lambda': 300.45740670169477, 'kappa': 1.623237420726121}. Best is trial 2 with value: -0.2566426303804007.
Trial 25 finished with value: -0.4620105884830402 and parameters: {'lambda': 729.6295935507765, 'kappa': 2.577786742122196}. Best is trial 2 with value: -0.2566426303804007.
Trial 26 finished with value: -0.28686149933023153 and parameters: {'lambda': 322.35092690025954, 'kappa': 1.7113326358658143}. Best is trial 2 with value: -0.2566426303804007.
Trial 27 finished with value: -0.4655231277507727 and parameters: {'lambda': 490.60303471628566, 'kappa': 1.9682790081244042}. Best is trial 2 with value: -0.2566426303804007.
Trial 28 finished with value: -0.4620105884830402 and parameters: {'lambda': 788.8434383948149, 'kappa': 2.4580031029915514}. Best is trial 2 with value: -0.2566426303804007.
Trial 29 finished with value: -0.4620105884830402 and parameters: {'lambda': 697.5089349799814, 'kappa': 1.7394214669888348}. Best is trial 2 with value: -0.2566426303804007.
Optuna best λ=328.1378, κ=1.487187364027523, Sharpe=-0.2566
A new study created in memory with name: no-name-66e97285-5249-41dd-a0fd-363c1cc09cfc
Trial 0 finished with value: 0.05752699261526651 and parameters: {'lambda': 759.7853498839952, 'kappa': 3.9691811987040015}. Best is trial 0 with value: 0.05752699261526651.
Trial 1 finished with value: 1.0138020340384197 and parameters: {'lambda': 1465.8673507626895, 'kappa': 2.869673679819506}. Best is trial 1 with value: 1.0138020340384197.
Trial 2 finished with value: 0.8390228625488194 and parameters: {'lambda': 328.1377557200871, 'kappa': 1.487187364027523}. Best is trial 1 with value: 1.0138020340384197.
Trial 3 finished with value: 0.07233839130775109 and parameters: {'lambda': 134.68574520140024, 'kappa': 3.705159593645523}. Best is trial 1 with value: 1.0138020340384197.
Trial 4 finished with value: 1.0138020340384197 and parameters: {'lambda': 1207.3409317440553, 'kappa': 3.2113854510604285}. Best is trial 1 with value: 1.0138020340384197.
Trial 5 finished with value: 0.24070707482686526 and parameters: {'lambda': 60.6133742333842, 'kappa': 4.029130915629118}. Best is trial 1 with value: 1.0138020340384197.
Trial 6 finished with value: 1.0138020340384197 and parameters: {'lambda': 1664.2846394063226, 'kappa': 1.6631574710979753}. Best is trial 1 with value: 1.0138020340384197.
Trial 7 finished with value: 0.8390228625488194 and parameters: {'lambda': 379.11324308858104, 'kappa': 1.5727916564869089}. Best is trial 1 with value: 1.0138020340384197.
Trial 8 finished with value: 0.05752699261526651 and parameters: {'lambda': 620.9252743284724, 'kappa': 2.638869763709691}. Best is trial 1 with value: 1.0138020340384197.
Trial 9 finished with value: 0.05752699261526651 and parameters: {'lambda': 873.1778048064807, 'kappa': 1.9095393660962992}. Best is trial 1 with value: 1.0138020340384197.
Trial 10 finished with value: 1.0138020340384197 and parameters: {'lambda': 1936.5795254032687, 'kappa': 2.4782512203936142}. Best is trial 1 with value: 1.0138020340384197.
Trial 11 finished with value: 1.0138020340384197 and parameters: {'lambda': 1390.2252518943073, 'kappa': 3.18332783541338}. Best is trial 1 with value: 1.0138020340384197.
Trial 12 finished with value: 1.0138020340384197 and parameters: {'lambda': 1284.3256456958843, 'kappa': 3.155714518529925}. Best is trial 1 with value: 1.0138020340384197.
Trial 13 finished with value: 1.0138020340384197 and parameters: {'lambda': 1241.1722695690644, 'kappa': 3.021337815946988}. Best is trial 1 with value: 1.0138020340384197.
