Trial 4 finished with value: -0.024890740647675262 and parameters: {'lambda': 1207.3409317440553, 'kappa': 3.2113854510604285}. Best is trial 3 with value: 0.2538269768678515.
Trial 5 finished with value: -0.5567107871014443 and parameters: {'lambda': 60.6133742333842, 'kappa': 4.029130915629118}. Best is trial 3 with value: 0.2538269768678515.
Trial 6 finished with value: -0.024890740647675262 and parameters: {'lambda': 1664.2846394063226, 'kappa': 1.6631574710979753}. Best is trial 3 with value: 0.2538269768678515.
Trial 7 finished with value: 0.05648990863130935 and parameters: {'lambda': 379.11324308858104, 'kappa': 1.5727916564869089}. Best is trial 3 with value: 0.2538269768678515.
Trial 8 finished with value: 0.12225358375306818 and parameters: {'lambda': 620.9252743284724, 'kappa': 2.638869763709691}. Best is trial 3 with value: 0.2538269768678515.
Trial 9 finished with value: 0.11822412872755356 and parameters: {'lambda': 873.1778048064807, 'kappa': 1.9095393660962992}. Best is trial 3 with value: 0.2538269768678515.
Trial 10 finished with value: -0.024890740647675262 and parameters: {'lambda': 1886.8899990604687, 'kappa': 3.4270596555033017}. Best is trial 3 with value: 0.2538269768678515.
Trial 11 finished with value: -0.5066909725530483 and parameters: {'lambda': 34.8609161424165, 'kappa': 1.0799836552286157}. Best is trial 3 with value: 0.2538269768678515.
Trial 12 finished with value: 0.06130510323239601 and parameters: {'lambda': 401.62106243282926, 'kappa': 2.243131401327489}. Best is trial 3 with value: 0.2538269768678515.
Trial 13 finished with value: 0.007360981800509595 and parameters: {'lambda': 348.62351716613654, 'kappa': 1.0360510594857923}. Best is trial 3 with value: 0.2538269768678515.
Trial 14 finished with value: -0.024890740647675262 and parameters: {'lambda': 1101.5497235715259, 'kappa': 3.472094027994215}. Best is trial 3 with value: 0.2538269768678515.
Trial 15 finished with value: 0.12052961644175078 and parameters: {'lambda': 574.3416104868592, 'kappa': 2.2718069069486355}. Best is trial 3 with value: 0.2538269768678515.
Trial 16 finished with value: 0.20494861013160187 and parameters: {'lambda': 221.93054614190385, 'kappa': 2.8939565129180003}. Best is trial 3 with value: 0.2538269768678515.
Trial 17 finished with value: 0.2392013153551494 and parameters: {'lambda': 153.91865536296643, 'kappa': 3.0651501358084126}. Best is trial 3 with value: 0.2538269768678515.
Trial 18 finished with value: 0.10031476492788666 and parameters: {'lambda': 599.4162111824189, 'kappa': 3.7789655553033406}. Best is trial 3 with value: 0.2538269768678515.
Trial 19 finished with value: 0.2392013153551494 and parameters: {'lambda': 153.88791860607552, 'kappa': 3.1193687840889}. Best is trial 3 with value: 0.2538269768678515.
Trial 20 finished with value: -0.024890740647675262 and parameters: {'lambda': 1309.8360941711126, 'kappa': 3.5884489942817592}. Best is trial 3 with value: 0.2538269768678515.
Trial 21 finished with value: 0.22551230743769293 and parameters: {'lambda': 167.63097873148084, 'kappa': 3.1137742847580365}. Best is trial 3 with value: 0.2538269768678515.
Trial 22 finished with value: 0.19870854632700238 and parameters: {'lambda': 204.98336571784262, 'kappa': 3.2599089538983748}. Best is trial 3 with value: 0.2538269768678515.
Trial 23 finished with value: -0.537020528183602 and parameters: {'lambda': 26.418969846879534, 'kappa': 3.702463050929545}. Best is trial 3 with value: 0.2538269768678515.
Trial 24 finished with value: 0.14448510834887854 and parameters: {'lambda': 486.3492062517501, 'kappa': 2.920456543795218}. Best is trial 3 with value: 0.2538269768678515.
Trial 25 finished with value: 0.12225358375306818 and parameters: {'lambda': 885.3953892732915, 'kappa': 2.635027032055495}. Best is trial 3 with value: 0.2538269768678515.
Trial 26 finished with value: 0.2643525240782197 and parameters: {'lambda': 237.67780029092174, 'kappa': 4.114555709060601}. Best is trial 26 with value: 0.2643525240782197.
Trial 27 finished with value: 0.10031476492788666 and parameters: {'lambda': 688.7407007872382, 'kappa': 4.120491352458157}. Best is trial 26 with value: 0.2643525240782197.
Trial 28 finished with value: 0.22779474853400397 and parameters: {'lambda': 271.35307204618675, 'kappa': 3.8272715342328967}. Best is trial 26 with value: 0.2643525240782197.
Trial 29 finished with value: 0.10031476492788666 and parameters: {'lambda': 822.448404332656, 'kappa': 3.918718445189919}. Best is trial 26 with value: 0.2643525240782197.
Optuna best λ=237.6778, κ=4.114555709060601, Sharpe=0.2644
A new study created in memory with name: no-name-f7e7e143-f45b-48b4-aa35-c283811e2c4a
Trial 0 finished with value: 0.02827910171030723 and parameters: {'lambda': 759.7853498839952, 'kappa': 3.9691811987040015}. Best is trial 0 with value: 0.02827910171030723.
Trial 1 finished with value: -0.5136727625110139 and parameters: {'lambda': 1465.8673507626895, 'kappa': 2.869673679819506}. Best is trial 0 with value: 0.02827910171030723.
Trial 2 finished with value: -0.006523279005093342 and parameters: {'lambda': 328.1377557200871, 'kappa': 1.487187364027523}. Best is trial 0 with value: 0.02827910171030723.
Trial 3 finished with value: -0.00548245675609324 and parameters: {'lambda': 134.68574520140024, 'kappa': 3.705159593645523}. Best is trial 0 with value: 0.02827910171030723.
Trial 4 finished with value: -0.5136727625110139 and parameters: {'lambda': 1207.3409317440553, 'kappa': 3.2113854510604285}. Best is trial 0 with value: 0.02827910171030723.
Trial 5 finished with value: 0.12943343629461665 and parameters: {'lambda': 60.6133742333842, 'kappa': 4.029130915629118}. Best is trial 5 with value: 0.12943343629461665.
Trial 6 finished with value: -0.5136727625110139 and parameters: {'lambda': 1664.2846394063226, 'kappa': 1.6631574710979753}. Best is trial 5 with value: 0.12943343629461665.
Trial 7 finished with value: -0.006523279005093342 and parameters: {'lambda': 379.11324308858104, 'kappa': 1.5727916564869089}. Best is trial 5 with value: 0.12943343629461665.
Trial 8 finished with value: 0.17907893221287546 and parameters: {'lambda': 620.9252743284724, 'kappa': 2.638869763709691}. Best is trial 8 with value: 0.17907893221287546.
Trial 9 finished with value: -0.17008000200260287 and parameters: {'lambda': 873.1778048064807, 'kappa': 1.9095393660962992}. Best is trial 8 with value: 0.17907893221287546.
Trial 10 finished with value: -0.09521313687305928 and parameters: {'lambda': 634.9560805115563, 'kappa': 2.220943325373505}. Best is trial 8 with value: 0.17907893221287546.
Trial 11 finished with value: 0.1672589677356516 and parameters: {'lambda': 34.8609161424165, 'kappa': 3.3686702087775853}. Best is trial 8 with value: 0.17907893221287546.
Trial 12 finished with value: 0.30335394996847864 and parameters: {'lambda': 573.5476336907967, 'kappa': 3.207813430070641}. Best is trial 12 with value: 0.30335394996847864.
Trial 13 finished with value: -0.5136727625110139 and parameters: {'lambda': 1137.1444488444095, 'kappa': 2.6801135201037627}. Best is trial 12 with value: 0.30335394996847864.
Trial 14 finished with value: -0.09013341124475621 and parameters: {'lambda': 524.4353105469829, 'kappa': 1.0411523272835173}. Best is trial 12 with value: 0.30335394996847864.
Trial 15 finished with value: -0.5136727625110139 and parameters: {'lambda': 1931.1367191612144, 'kappa': 2.3740078356482943}. Best is trial 12 with value: 0.30335394996847864.
Trial 16 finished with value: 0.02827910171030723 and parameters: {'lambda': 954.5104198109964, 'kappa': 3.0890195950688706}. Best is trial 12 with value: 0.30335394996847864.
Trial 17 finished with value: 0.32559163627464033 and parameters: {'lambda': 522.1475757780215, 'kappa': 3.518954958597939}. Best is trial 17 with value: 0.32559163627464033.
Trial 18 finished with value: -0.059357302036804664 and parameters: {'lambda': 336.1085403003575, 'kappa': 3.554355886628453}. Best is trial 17 with value: 0.32559163627464033.
Trial 19 finished with value: -0.5136727625110139 and parameters: {'lambda': 1187.5551124864803, 'kappa': 3.6865730473112466}. Best is trial 17 with value: 0.32559163627464033.
Trial 20 finished with value: 0.267844519040908 and parameters: {'lambda': 471.6123142894912, 'kappa': 3.0501943204676683}. Best is trial 17 with value: 0.32559163627464033.
Trial 21 finished with value: 0.28097735770870347 and parameters: {'lambda': 499.2095406916764, 'kappa': 2.9878144833799185}. Best is trial 17 with value: 0.32559163627464033.
Trial 22 finished with value: 0.02827910171030723 and parameters: {'lambda': 751.9401427401438, 'kappa': 3.398253849179188}. Best is trial 17 with value: 0.32559163627464033.
Trial 23 finished with value: -0.08959780498317901 and parameters: {'lambda': 218.89150438730843, 'kappa': 2.904626220774665}. Best is trial 17 with value: 0.32559163627464033.
Trial 24 finished with value: 0.24146685603467294 and parameters: {'lambda': 620.7976676397217, 'kappa': 3.3229311032329605}. Best is trial 17 with value: 0.32559163627464033.
Trial 25 finished with value: 0.02827910171030723 and parameters: {'lambda': 816.3996188754122, 'kappa': 3.8135568798646817}. Best is trial 17 with value: 0.32559163627464033.
Trial 26 finished with value: 0.06778233372863765 and parameters: {'lambda': 247.03635605019426, 'kappa': 2.3701841722864287}. Best is trial 17 with value: 0.32559163627464033.
Trial 27 finished with value: 0.29613403310412906 and parameters: {'lambda': 486.18798662811787, 'kappa': 2.730228614212469}. Best is trial 17 with value: 0.32559163627464033.
Trial 28 finished with value: -0.5136727625110139 and parameters: {'lambda': 1041.778983260252, 'kappa': 2.7791498730241204}. Best is trial 17 with value: 0.32559163627464033.
Trial 29 finished with value: 0.02827910171030723 and parameters: {'lambda': 719.285984131245, 'kappa': 4.062225163846032}. Best is trial 17 with value: 0.32559163627464033.
Optuna best λ=522.1476, κ=3.518954958597939, Sharpe=0.3256
A new study created in memory with name: no-name-c6352a08-420f-43a4-891f-0fe3b1093100
Trial 0 finished with value: 0.3044591604363229 and parameters: {'lambda': 759.7853498839952, 'kappa': 3.9691811987040015}. Best is trial 0 with value: 0.3044591604363229.
Trial 1 finished with value: -0.0019932022978737187 and parameters: {'lambda': 1465.8673507626895, 'kappa': 2.869673679819506}. Best is trial 0 with value: 0.3044591604363229.
Trial 2 finished with value: 0.5970792614043537 and parameters: {'lambda': 328.1377557200871, 'kappa': 1.487187364027523}. Best is trial 2 with value: 0.5970792614043537.
Trial 3 finished with value: 0.17854507630609986 and parameters: {'lambda': 134.68574520140024, 'kappa': 3.705159593645523}. Best is trial 2 with value: 0.5970792614043537.
Trial 4 finished with value: -0.0019932022978737187 and parameters: {'lambda': 1207.3409317440553, 'kappa': 3.2113854510604285}. Best is trial 2 with value: 0.5970792614043537.
Trial 5 finished with value: 0.11976567394719212 and parameters: {'lambda': 60.6133742333842, 'kappa': 4.029130915629118}. Best is trial 2 with value: 0.5970792614043537.
Trial 6 finished with value: -0.0019932022978737187 and parameters: {'lambda': 1664.2846394063226, 'kappa': 1.6631574710979753}. Best is trial 2 with value: 0.5970792614043537.
Trial 7 finished with value: 0.5970792614043537 and parameters: {'lambda': 379.11324308858104, 'kappa': 1.5727916564869089}. Best is trial 2 with value: 0.5970792614043537.
Trial 8 finished with value: 0.356187372313817 and parameters: {'lambda': 620.9252743284724, 'kappa': 2.638869763709691}. Best is trial 2 with value: 0.5970792614043537.
Trial 9 finished with value: -0.0019932022978737187 and parameters: {'lambda': 873.1778048064807, 'kappa': 1.9095393660962992}. Best is trial 2 with value: 0.5970792614043537.
Trial 10 finished with value: -0.0019932022978737187 and parameters: {'lambda': 1886.8899990604687, 'kappa': 1.0187298358271706}. Best is trial 2 with value: 0.5970792614043537.
Trial 11 finished with value: 0.4092342942351198 and parameters: {'lambda': 446.06469989323665, 'kappa': 1.7980101744817147}. Best is trial 2 with value: 0.5970792614043537.
Trial 12 finished with value: 0.40279310604273966 and parameters: {'lambda': 353.10944076736615, 'kappa': 1.1209428898519396}. Best is trial 2 with value: 0.5970792614043537.
Trial 13 finished with value: -0.0019932022978737187 and parameters: {'lambda': 1100.9760739817916, 'kappa': 2.2256718351156524}. Best is trial 2 with value: 0.5970792614043537.
Trial 14 finished with value: 0.40279310604273966 and parameters: {'lambda': 367.05033656852584, 'kappa': 1.3921151933115674}. Best is trial 2 with value: 0.5970792614043537.
Trial 15 finished with value: 0.39526600658752403 and parameters: {'lambda': 574.5424571437802, 'kappa': 2.2718069069486355}. Best is trial 2 with value: 0.5970792614043537.
Trial 16 finished with value: 0.404816958084078 and parameters: {'lambda': 228.20240472072473, 'kappa': 1.4498881943951683}. Best is trial 2 with value: 0.5970792614043537.
Trial 17 finished with value: -0.0019932022978737187 and parameters: {'lambda': 916.0984066132451, 'kappa': 2.160388336329991}. Best is trial 2 with value: 0.5970792614043537.
Trial 18 finished with value: 0.40279310604273966 and parameters: {'lambda': 626.0182432909755, 'kappa': 1.366374416255207}. Best is trial 2 with value: 0.5970792614043537.
Trial 19 finished with value: -0.0019932022978737187 and parameters: {'lambda': 1267.3870585295888, 'kappa': 3.0611357071645893}. Best is trial 2 with value: 0.5970792614043537.
Trial 20 finished with value: 0.4347252849129919 and parameters: {'lambda': 244.96439745667638, 'kappa': 1.954592983102062}. Best is trial 2 with value: 0.5970792614043537.
Trial 21 finished with value: 0.31149396174976945 and parameters: {'lambda': 224.1444960175839, 'kappa': 1.9666190826679262}. Best is trial 2 with value: 0.5970792614043537.
Trial 22 finished with value: 0.08535972135243006 and parameters: {'lambda': 57.1138627872906, 'kappa': 1.5444569559645893}. Best is trial 2 with value: 0.5970792614043537.
Trial 23 finished with value: 0.356187372313817 and parameters: {'lambda': 483.71670027936324, 'kappa': 2.4865385458793874}. Best is trial 2 with value: 0.5970792614043537.
Trial 24 finished with value: 0.40279310604273966 and parameters: {'lambda': 300.45740670169477, 'kappa': 1.207138781629325}. Best is trial 2 with value: 0.5970792614043537.
Trial 25 finished with value: 0.38687259481859093 and parameters: {'lambda': 723.965600501137, 'kappa': 1.7219341689771894}. Best is trial 2 with value: 0.5970792614043537.
Trial 26 finished with value: 0.5592411031238083 and parameters: {'lambda': 476.88782861347994, 'kappa': 2.033788578166713}. Best is trial 2 with value: 0.5970792614043537.
Trial 27 finished with value: 0.49610476714277635 and parameters: {'lambda': 449.95742274908764, 'kappa': 2.441016049888713}. Best is trial 2 with value: 0.5970792614043537.
Trial 28 finished with value: 0.5592411031238083 and parameters: {'lambda': 788.8434383948149, 'kappa': 2.067778360376205}. Best is trial 2 with value: 0.5970792614043537.
Trial 29 finished with value: -0.0019932022978737187 and parameters: {'lambda': 1024.1569394772212, 'kappa': 1.6119069263678465}. Best is trial 2 with value: 0.5970792614043537.
Optuna best λ=328.1378, κ=1.487187364027523, Sharpe=0.5971
A new study created in memory with name: no-name-5c676990-cfbc-421e-ba12-01b3c5652fb6
Trial 0 finished with value: 1.4405587035348684 and parameters: {'lambda': 759.7853498839952, 'kappa': 3.9691811987040015}. Best is trial 0 with value: 1.4405587035348684.
Trial 1 finished with value: 1.2827824878559244 and parameters: {'lambda': 1465.8673507626895, 'kappa': 2.869673679819506}. Best is trial 0 with value: 1.4405587035348684.
Trial 2 finished with value: 1.3069808292846299 and parameters: {'lambda': 328.1377557200871, 'kappa': 1.487187364027523}. Best is trial 0 with value: 1.4405587035348684.
Trial 3 finished with value: 1.2110796745500838 and parameters: {'lambda': 134.68574520140024, 'kappa': 3.705159593645523}. Best is trial 0 with value: 1.4405587035348684.
Trial 4 finished with value: 1.2827824878559244 and parameters: {'lambda': 1207.3409317440553, 'kappa': 3.2113854510604285}. Best is trial 0 with value: 1.4405587035348684.
Trial 5 finished with value: 0.7986472590204402 and parameters: {'lambda': 60.6133742333842, 'kappa': 4.029130915629118}. Best is trial 0 with value: 1.4405587035348684.
Trial 6 finished with value: 1.2827824878559244 and parameters: {'lambda': 1664.2846394063226, 'kappa': 1.6631574710979753}. Best is trial 0 with value: 1.4405587035348684.
Trial 7 finished with value: 1.3955706436919546 and parameters: {'lambda': 379.11324308858104, 'kappa': 1.5727916564869089}. Best is trial 0 with value: 1.4405587035348684.
Trial 8 finished with value: 1.3776334386365654 and parameters: {'lambda': 620.9252743284724, 'kappa': 2.638869763709691}. Best is trial 0 with value: 1.4405587035348684.
Trial 9 finished with value: 1.4393979183611587 and parameters: {'lambda': 873.1778048064807, 'kappa': 1.9095393660962992}. Best is trial 0 with value: 1.4405587035348684.
Trial 10 finished with value: 1.2827824878559244 and parameters: {'lambda': 1886.8899990604687, 'kappa': 3.4091247782378664}. Best is trial 0 with value: 1.4405587035348684.
Trial 11 finished with value: 1.4490668048928643 and parameters: {'lambda': 809.873088210113, 'kappa': 2.1239772323595436}. Best is trial 11 with value: 1.4490668048928643.
Trial 12 finished with value: 1.4490668048928643 and parameters: {'lambda': 887.0780702944986, 'kappa': 2.1950773339911223}. Best is trial 11 with value: 1.4490668048928643.
Trial 13 finished with value: 1.2827824878559244 and parameters: {'lambda': 1166.527010380532, 'kappa': 2.1740245387490154}. Best is trial 11 with value: 1.4490668048928643.
Trial 14 finished with value: 1.2827824878559244 and parameters: {'lambda': 1101.5497235715259, 'kappa': 1.0411523272835173}. Best is trial 11 with value: 1.4490668048928643.
Trial 15 finished with value: 1.131252067197505 and parameters: {'lambda': 574.5424571437802, 'kappa': 2.286861611807692}. Best is trial 11 with value: 1.4490668048928643.
Trial 16 finished with value: 1.2827824878559244 and parameters: {'lambda': 1374.0285768975186, 'kappa': 2.387579430719237}. Best is trial 11 with value: 1.4490668048928643.
Trial 17 finished with value: 1.4490668048928643 and parameters: {'lambda': 951.5948694541262, 'kappa': 2.9348699430616354}. Best is trial 11 with value: 1.4490668048928643.
Trial 18 finished with value: 1.4200270215039184 and parameters: {'lambda': 781.7173261165922, 'kappa': 2.0383925160319736}. Best is trial 11 with value: 1.4490668048928643.
Trial 19 finished with value: 1.439791745045549 and parameters: {'lambda': 471.97135385275544, 'kappa': 1.0982390593759448}. Best is trial 11 with value: 1.4490668048928643.
Trial 20 finished with value: 1.2827824878559244 and parameters: {'lambda': 1331.7989119531653, 'kappa': 2.63019103621241}. Best is trial 11 with value: 1.4490668048928643.
Trial 21 finished with value: 1.4490668048928643 and parameters: {'lambda': 945.7905846250783, 'kappa': 3.038392328157525}. Best is trial 11 with value: 1.4490668048928643.
Trial 22 finished with value: 1.2827824878559244 and parameters: {'lambda': 1012.6408104542985, 'kappa': 2.823558221782302}. Best is trial 11 with value: 1.4490668048928643.
Trial 23 finished with value: 1.3866334173769304 and parameters: {'lambda': 718.8609471653477, 'kappa': 2.4391698682114895}. Best is trial 11 with value: 1.4490668048928643.
Trial 24 finished with value: 1.2827824878559244 and parameters: {'lambda': 968.5824544326865, 'kappa': 1.8507971373995846}. Best is trial 11 with value: 1.4490668048928643.
Trial 25 finished with value: 1.4490668048928643 and parameters: {'lambda': 859.6105350636157, 'kappa': 3.259339926735919}. Best is trial 11 with value: 1.4490668048928643.
Trial 26 finished with value: 1.4565763865363015 and parameters: {'lambda': 582.3132511290818, 'kappa': 1.3013201733309718}. Best is trial 26 with value: 1.4565763865363015.
Trial 27 finished with value: 1.4771958428718859 and parameters: {'lambda': 636.7133182011889, 'kappa': 1.3338101548101644}. Best is trial 27 with value: 1.4771958428718859.
Trial 28 finished with value: 1.4039967313090858 and parameters: {'lambda': 201.88330946068646, 'kappa': 1.3144061401091527}. Best is trial 27 with value: 1.4771958428718859.
Trial 29 finished with value: 1.4771958428718859 and parameters: {'lambda': 629.1504245697541, 'kappa': 1.170068259937326}. Best is trial 27 with value: 1.4771958428718859.
Optuna best λ=636.7133, κ=1.3338101548101644, Sharpe=1.4772
A new study created in memory with name: no-name-5367f1ab-4de5-4689-a6f9-2af71b7f5adf
Trial 0 finished with value: -0.2160160199818452 and parameters: {'lambda': 759.7853498839952, 'kappa': 3.9691811987040015}. Best is trial 0 with value: -0.2160160199818452.
Trial 1 finished with value: -0.2160160199818452 and parameters: {'lambda': 1465.8673507626895, 'kappa': 2.869673679819506}. Best is trial 0 with value: -0.2160160199818452.
Trial 2 finished with value: 0.20006923761335935 and parameters: {'lambda': 328.1377557200871, 'kappa': 1.487187364027523}. Best is trial 2 with value: 0.20006923761335935.
Trial 3 finished with value: -0.19360383470194015 and parameters: {'lambda': 134.68574520140024, 'kappa': 3.705159593645523}. Best is trial 2 with value: 0.20006923761335935.
Trial 4 finished with value: -0.2160160199818452 and parameters: {'lambda': 1207.3409317440553, 'kappa': 3.2113854510604285}. Best is trial 2 with value: 0.20006923761335935.
Trial 5 finished with value: -0.7413422983762166 and parameters: {'lambda': 60.6133742333842, 'kappa': 4.029130915629118}. Best is trial 2 with value: 0.20006923761335935.
