A new study created in memory with name: no-name-1afb9ca3-adfc-4716-bffe-8f487f9e4d3d
Trial 0 finished with value: 0.05995829038622432 and parameters: {'lambda': 759.7853498839952, 'kappa': 3.9691811987040015}. Best is trial 0 with value: 0.05995829038622432.
Trial 1 finished with value: 0.05995829038622432 and parameters: {'lambda': 1465.8673507626895, 'kappa': 2.869673679819506}. Best is trial 0 with value: 0.05995829038622432.
Trial 2 finished with value: 0.05995829038622419 and parameters: {'lambda': 328.1377557200871, 'kappa': 1.487187364027523}. Best is trial 0 with value: 0.05995829038622432.
Trial 3 finished with value: 0.1753931873189019 and parameters: {'lambda': 134.68574520140024, 'kappa': 3.705159593645523}. Best is trial 3 with value: 0.1753931873189019.
Trial 4 finished with value: 0.05995829038622432 and parameters: {'lambda': 1207.3409317440553, 'kappa': 3.2113854510604285}. Best is trial 3 with value: 0.1753931873189019.
Trial 5 finished with value: -0.35567555081767205 and parameters: {'lambda': 60.6133742333842, 'kappa': 4.029130915629118}. Best is trial 3 with value: 0.1753931873189019.
Trial 6 finished with value: 0.05995829038622432 and parameters: {'lambda': 1664.2846394063226, 'kappa': 1.6631574710979753}. Best is trial 3 with value: 0.1753931873189019.
Trial 7 finished with value: 0.05995829038622419 and parameters: {'lambda': 379.11324308858104, 'kappa': 1.5727916564869089}. Best is trial 3 with value: 0.1753931873189019.
Trial 8 finished with value: 0.05995829038622426 and parameters: {'lambda': 620.9252743284724, 'kappa': 2.638869763709691}. Best is trial 3 with value: 0.1753931873189019.
Trial 9 finished with value: 0.05995829038622432 and parameters: {'lambda': 873.1778048064807, 'kappa': 1.9095393660962992}. Best is trial 3 with value: 0.1753931873189019.
Trial 10 finished with value: 0.05995829038622432 and parameters: {'lambda': 1886.8899990604687, 'kappa': 3.4270596555033017}. Best is trial 3 with value: 0.1753931873189019.
Trial 11 finished with value: 0.05995829038622432 and parameters: {'lambda': 896.4970192263532, 'kappa': 4.037001575400478}. Best is trial 3 with value: 0.1753931873189019.
Trial 12 finished with value: -0.1411493652127436 and parameters: {'lambda': 82.0901779633491, 'kappa': 3.5733115097889425}. Best is trial 3 with value: 0.1753931873189019.
Trial 13 finished with value: 0.05995829038622413 and parameters: {'lambda': 610.4382668265166, 'kappa': 2.2256718351156524}. Best is trial 3 with value: 0.1753931873189019.
Trial 14 finished with value: 0.05995829038622432 and parameters: {'lambda': 1224.540329717715, 'kappa': 1.0411523272835173}. Best is trial 3 with value: 0.1753931873189019.
Trial 15 finished with value: 0.05995829038622426 and parameters: {'lambda': 589.6618555967364, 'kappa': 3.7164421443642444}. Best is trial 3 with value: 0.1753931873189019.
Trial 16 finished with value: 0.05995829038622426 and parameters: {'lambda': 363.74762732277577, 'kappa': 3.0028427230934547}. Best is trial 3 with value: 0.1753931873189019.
Trial 17 finished with value: 0.05995829038622432 and parameters: {'lambda': 1216.7603299821067, 'kappa': 3.6954136146059247}. Best is trial 3 with value: 0.1753931873189019.
Trial 18 finished with value: 0.05995829038622432 and parameters: {'lambda': 777.109128551261, 'kappa': 4.117042046677768}. Best is trial 3 with value: 0.1753931873189019.
Trial 19 finished with value: -0.15756665294288236 and parameters: {'lambda': 214.7653138607444, 'kappa': 3.33862648387014}. Best is trial 3 with value: 0.1753931873189019.
Trial 20 finished with value: 0.05995829038622432 and parameters: {'lambda': 1038.7463637811163, 'kappa': 2.641781912816032}. Best is trial 3 with value: 0.1753931873189019.
Trial 21 finished with value: 0.05995829038622432 and parameters: {'lambda': 1503.4634546799552, 'kappa': 2.9133219072837213}. Best is trial 3 with value: 0.1753931873189019.
Trial 22 finished with value: 0.05995829038622432 and parameters: {'lambda': 1465.8530853827795, 'kappa': 3.7831549725442692}. Best is trial 3 with value: 0.1753931873189019.
Trial 23 finished with value: 0.05995829038622432 and parameters: {'lambda': 1888.4616680612403, 'kappa': 3.0137614427710244}. Best is trial 3 with value: 0.1753931873189019.
Trial 24 finished with value: 0.05995829038622432 and parameters: {'lambda': 1435.7363178984624, 'kappa': 2.249541904178874}. Best is trial 3 with value: 0.1753931873189019.
Trial 25 finished with value: 0.05995829038622432 and parameters: {'lambda': 1726.0898028150796, 'kappa': 3.822162506193572}. Best is trial 3 with value: 0.1753931873189019.
Trial 26 finished with value: 0.05995829038622432 and parameters: {'lambda': 1013.6274602254886, 'kappa': 3.1867373368019156}. Best is trial 3 with value: 0.1753931873189019.
Trial 27 finished with value: 0.05995829038622442 and parameters: {'lambda': 543.8113774275788, 'kappa': 2.441016049888713}. Best is trial 3 with value: 0.1753931873189019.
Trial 28 finished with value: 0.05995829038622413 and parameters: {'lambda': 431.9615442415361, 'kappa': 2.116721133547367}. Best is trial 3 with value: 0.1753931873189019.
Trial 29 finished with value: 0.05995829038622423 and parameters: {'lambda': 736.502753580382, 'kappa': 2.530497741251943}. Best is trial 3 with value: 0.1753931873189019.
Optuna best λ=134.6857, κ=3.705159593645523, Sharpe=0.1754
A new study created in memory with name: no-name-0073ae47-4a44-4060-841e-477548b22416
Trial 0 finished with value: 0.7827096683047517 and parameters: {'lambda': 759.7853498839952, 'kappa': 3.9691811987040015}. Best is trial 0 with value: 0.7827096683047517.
Trial 1 finished with value: 0.7827096683047517 and parameters: {'lambda': 1465.8673507626895, 'kappa': 2.869673679819506}. Best is trial 0 with value: 0.7827096683047517.
Trial 2 finished with value: 0.7827096683047516 and parameters: {'lambda': 328.1377557200871, 'kappa': 1.487187364027523}. Best is trial 0 with value: 0.7827096683047517.
Trial 3 finished with value: 0.6534307213293171 and parameters: {'lambda': 134.68574520140024, 'kappa': 3.705159593645523}. Best is trial 0 with value: 0.7827096683047517.
Trial 4 finished with value: 0.7827096683047517 and parameters: {'lambda': 1207.3409317440553, 'kappa': 3.2113854510604285}. Best is trial 0 with value: 0.7827096683047517.
Trial 5 finished with value: 0.9877161305854573 and parameters: {'lambda': 60.6133742333842, 'kappa': 4.029130915629118}. Best is trial 5 with value: 0.9877161305854573.
Trial 6 finished with value: 0.7827096683047517 and parameters: {'lambda': 1664.2846394063226, 'kappa': 1.6631574710979753}. Best is trial 5 with value: 0.9877161305854573.
Trial 7 finished with value: 0.7827096683047516 and parameters: {'lambda': 379.11324308858104, 'kappa': 1.5727916564869089}. Best is trial 5 with value: 0.9877161305854573.
Trial 8 finished with value: 0.7827096683047517 and parameters: {'lambda': 620.9252743284724, 'kappa': 2.638869763709691}. Best is trial 5 with value: 0.9877161305854573.
Trial 9 finished with value: 0.7827096683047517 and parameters: {'lambda': 873.1778048064807, 'kappa': 1.9095393660962992}. Best is trial 5 with value: 0.9877161305854573.
Trial 10 finished with value: 0.7827096683047517 and parameters: {'lambda': 1886.8899990604687, 'kappa': 3.403359914931464}. Best is trial 5 with value: 0.9877161305854573.
Trial 11 finished with value: 0.7330931528578805 and parameters: {'lambda': 34.8609161424165, 'kappa': 3.983014214982241}. Best is trial 5 with value: 0.9877161305854573.
Trial 12 finished with value: 0.7827096683047517 and parameters: {'lambda': 832.669288958799, 'kappa': 3.9181024173436354}. Best is trial 5 with value: 0.9877161305854573.
Trial 13 finished with value: 0.7827096683047517 and parameters: {'lambda': 1184.841818178949, 'kappa': 2.2256718351156524}. Best is trial 5 with value: 0.9877161305854573.
Trial 14 finished with value: 0.7827096683047516 and parameters: {'lambda': 592.9115769171985, 'kappa': 1.0411523272835173}. Best is trial 5 with value: 0.9877161305854573.
Trial 15 finished with value: 0.7827096683047517 and parameters: {'lambda': 574.5424571437802, 'kappa': 3.4226504092668155}. Best is trial 5 with value: 0.9877161305854573.
Trial 16 finished with value: 0.7827096683047517 and parameters: {'lambda': 275.8286180641988, 'kappa': 4.097948080441039}. Best is trial 5 with value: 0.9877161305854573.
Trial 17 finished with value: 0.7827096683047517 and parameters: {'lambda': 994.1624439387463, 'kappa': 2.9483731546064136}. Best is trial 5 with value: 0.9877161305854573.
Trial 18 finished with value: 0.7827096683047517 and parameters: {'lambda': 1272.1877035217174, 'kappa': 3.640875538391005}. Best is trial 5 with value: 0.9877161305854573.
Trial 19 finished with value: 0.7827096683047517 and parameters: {'lambda': 740.579386718424, 'kappa': 3.654978622179306}. Best is trial 5 with value: 0.9877161305854573.
Trial 20 finished with value: 0.7827096683047517 and parameters: {'lambda': 433.4652462504609, 'kappa': 3.1534956380291588}. Best is trial 5 with value: 0.9877161305854573.
Trial 21 finished with value: 0.7827096683047517 and parameters: {'lambda': 1503.4634546799552, 'kappa': 2.7046224592245345}. Best is trial 5 with value: 0.9877161305854573.
Trial 22 finished with value: 0.7827096683047517 and parameters: {'lambda': 1516.774809308324, 'kappa': 2.2894180870739205}. Best is trial 5 with value: 0.9877161305854573.
Trial 23 finished with value: 0.7827096683047517 and parameters: {'lambda': 1913.2380837058531, 'kappa': 3.0137614427710244}. Best is trial 5 with value: 0.9877161305854573.
Trial 24 finished with value: 0.7827096683047517 and parameters: {'lambda': 1338.5030147275102, 'kappa': 3.8015139859368725}. Best is trial 5 with value: 0.9877161305854573.
Trial 25 finished with value: 0.7827096683047517 and parameters: {'lambda': 1726.0898028150796, 'kappa': 3.443593222514486}. Best is trial 5 with value: 0.9877161305854573.
Trial 26 finished with value: 0.7827096683047517 and parameters: {'lambda': 1070.9461076161115, 'kappa': 4.1141034917042365}. Best is trial 5 with value: 0.9877161305854573.
Trial 27 finished with value: 0.7827096683047517 and parameters: {'lambda': 1496.2630591927834, 'kappa': 2.3505524168252805}. Best is trial 5 with value: 0.9877161305854573.
Trial 28 finished with value: 0.7827096683047517 and parameters: {'lambda': 932.8565116135892, 'kappa': 2.828776239626831}. Best is trial 5 with value: 0.9877161305854573.
Trial 29 finished with value: 1.136831166823385 and parameters: {'lambda': 252.38784346569986, 'kappa': 3.2715632939030583}. Best is trial 29 with value: 1.136831166823385.
Optuna best λ=252.3878, κ=3.2715632939030583, Sharpe=1.1368
A new study created in memory with name: no-name-924e8417-e52c-44c1-abf3-53e46319d1b8
Trial 0 finished with value: -0.705145999609515 and parameters: {'lambda': 759.7853498839952, 'kappa': 3.9691811987040015}. Best is trial 0 with value: -0.705145999609515.
Trial 1 finished with value: 0.6936464858203584 and parameters: {'lambda': 1465.8673507626895, 'kappa': 2.869673679819506}. Best is trial 1 with value: 0.6936464858203584.
Trial 2 finished with value: -0.5030479858868838 and parameters: {'lambda': 328.1377557200871, 'kappa': 1.487187364027523}. Best is trial 1 with value: 0.6936464858203584.
Trial 3 finished with value: -0.21528518338022623 and parameters: {'lambda': 134.68574520140024, 'kappa': 3.705159593645523}. Best is trial 1 with value: 0.6936464858203584.
Trial 4 finished with value: 0.6936464858203584 and parameters: {'lambda': 1207.3409317440553, 'kappa': 3.2113854510604285}. Best is trial 1 with value: 0.6936464858203584.
Trial 5 finished with value: -0.9907852126987778 and parameters: {'lambda': 60.6133742333842, 'kappa': 4.029130915629118}. Best is trial 1 with value: 0.6936464858203584.
Trial 6 finished with value: 0.6936464858203584 and parameters: {'lambda': 1664.2846394063226, 'kappa': 1.6631574710979753}. Best is trial 1 with value: 0.6936464858203584.
Trial 7 finished with value: -0.7640016593503537 and parameters: {'lambda': 379.11324308858104, 'kappa': 1.5727916564869089}. Best is trial 1 with value: 0.6936464858203584.
Trial 8 finished with value: -0.7051459996095151 and parameters: {'lambda': 620.9252743284724, 'kappa': 2.638869763709691}. Best is trial 1 with value: 0.6936464858203584.
Trial 9 finished with value: 0.6547802949085951 and parameters: {'lambda': 873.1778048064807, 'kappa': 1.9095393660962992}. Best is trial 1 with value: 0.6936464858203584.
Trial 10 finished with value: 0.6936464858203584 and parameters: {'lambda': 1936.5795254032687, 'kappa': 2.4782512203936142}. Best is trial 1 with value: 0.6936464858203584.
Trial 11 finished with value: 0.6936464858203584 and parameters: {'lambda': 1390.2252518943073, 'kappa': 3.18332783541338}. Best is trial 1 with value: 0.6936464858203584.
Trial 12 finished with value: 0.6936464858203584 and parameters: {'lambda': 1284.3256456958843, 'kappa': 3.155714518529925}. Best is trial 1 with value: 0.6936464858203584.
Trial 13 finished with value: 0.6936464858203584 and parameters: {'lambda': 1241.1722695690644, 'kappa': 3.021337815946988}. Best is trial 1 with value: 0.6936464858203584.
Trial 14 finished with value: 0.6936464858203584 and parameters: {'lambda': 1567.8638086019419, 'kappa': 2.1855441481340363}. Best is trial 1 with value: 0.6936464858203584.
Trial 15 finished with value: 0.6936464858203584 and parameters: {'lambda': 1141.6398330287896, 'kappa': 3.4226504092668155}. Best is trial 1 with value: 0.6936464858203584.
Trial 16 finished with value: 0.6936464858203584 and parameters: {'lambda': 1798.7518030151937, 'kappa': 2.6871233931365808}. Best is trial 1 with value: 0.6936464858203584.
Trial 17 finished with value: 0.6936464858203584 and parameters: {'lambda': 971.8471135857591, 'kappa': 3.5210584037895685}. Best is trial 1 with value: 0.6936464858203584.
Trial 18 finished with value: 0.6936464858203584 and parameters: {'lambda': 1463.2644939284787, 'kappa': 2.847890491959081}. Best is trial 1 with value: 0.6936464858203584.
Trial 19 finished with value: 0.6936464858203584 and parameters: {'lambda': 1103.0929973510547, 'kappa': 2.2347208910546077}. Best is trial 1 with value: 0.6936464858203584.
Trial 20 finished with value: 0.6936464858203584 and parameters: {'lambda': 1670.218171188245, 'kappa': 1.0823503127445389}. Best is trial 1 with value: 0.6936464858203584.
Trial 21 finished with value: 0.6936464858203584 and parameters: {'lambda': 1804.261315957426, 'kappa': 2.3795644956684163}. Best is trial 1 with value: 0.6936464858203584.
Trial 22 finished with value: 0.6936464858203584 and parameters: {'lambda': 1629.6967826907173, 'kappa': 1.104892266180197}. Best is trial 1 with value: 0.6936464858203584.
Trial 23 finished with value: 0.6936464858203584 and parameters: {'lambda': 1399.5072184544717, 'kappa': 1.8558208467023807}. Best is trial 1 with value: 0.6936464858203584.
Trial 24 finished with value: 0.6936464858203584 and parameters: {'lambda': 1962.4761132743597, 'kappa': 2.8720401051615}. Best is trial 1 with value: 0.6936464858203584.
Trial 25 finished with value: 0.6936464858203584 and parameters: {'lambda': 1482.6981312366265, 'kappa': 3.211900005641687}. Best is trial 1 with value: 0.6936464858203584.
Trial 26 finished with value: 0.6936464858203584 and parameters: {'lambda': 1277.6242602859804, 'kappa': 3.4357071359018256}. Best is trial 1 with value: 0.6936464858203584.
Trial 27 finished with value: 0.6936464858203584 and parameters: {'lambda': 1740.7367296028574, 'kappa': 1.9682790081244042}. Best is trial 1 with value: 0.6936464858203584.
Trial 28 finished with value: 0.6936464858203584 and parameters: {'lambda': 1074.196407294737, 'kappa': 1.407321078454788}. Best is trial 1 with value: 0.6936464858203584.
Trial 29 finished with value: 0.6936464858203584 and parameters: {'lambda': 1531.029759487401, 'kappa': 3.747127202931212}. Best is trial 1 with value: 0.6936464858203584.
Optuna best λ=1465.8674, κ=2.869673679819506, Sharpe=0.6936
A new study created in memory with name: no-name-47fc2d80-42c4-46c2-bec1-295098f51532
Trial 0 finished with value: -0.5051311952207044 and parameters: {'lambda': 759.7853498839952, 'kappa': 3.9691811987040015}. Best is trial 0 with value: -0.5051311952207044.
Trial 1 finished with value: -0.5051311952207044 and parameters: {'lambda': 1465.8673507626895, 'kappa': 2.869673679819506}. Best is trial 0 with value: -0.5051311952207044.
Trial 2 finished with value: -0.5051311952207044 and parameters: {'lambda': 328.1377557200871, 'kappa': 1.487187364027523}. Best is trial 0 with value: -0.5051311952207044.
Trial 3 finished with value: -0.10126768427986821 and parameters: {'lambda': 134.68574520140024, 'kappa': 3.705159593645523}. Best is trial 3 with value: -0.10126768427986821.
Trial 4 finished with value: -0.5051311952207044 and parameters: {'lambda': 1207.3409317440553, 'kappa': 3.2113854510604285}. Best is trial 3 with value: -0.10126768427986821.
Trial 5 finished with value: 0.11016177342504546 and parameters: {'lambda': 60.6133742333842, 'kappa': 4.029130915629118}. Best is trial 5 with value: 0.11016177342504546.
Trial 6 finished with value: -0.5051311952207044 and parameters: {'lambda': 1664.2846394063226, 'kappa': 1.6631574710979753}. Best is trial 5 with value: 0.11016177342504546.
Trial 7 finished with value: -0.5051311952207044 and parameters: {'lambda': 379.11324308858104, 'kappa': 1.5727916564869089}. Best is trial 5 with value: 0.11016177342504546.
Trial 8 finished with value: 0.09179933009576181 and parameters: {'lambda': 620.9252743284724, 'kappa': 2.638869763709691}. Best is trial 5 with value: 0.11016177342504546.
Trial 9 finished with value: -0.5051311952207044 and parameters: {'lambda': 873.1778048064807, 'kappa': 1.9095393660962992}. Best is trial 5 with value: 0.11016177342504546.
Trial 10 finished with value: -0.5051311952207044 and parameters: {'lambda': 1886.8899990604687, 'kappa': 3.403359914931464}. Best is trial 5 with value: 0.11016177342504546.
Trial 11 finished with value: -0.13880724896016014 and parameters: {'lambda': 552.2803819251895, 'kappa': 2.30322269593882}. Best is trial 5 with value: 0.11016177342504546.
Trial 12 finished with value: 0.04558698206952705 and parameters: {'lambda': 38.036349822966116, 'kappa': 2.6016134563023807}. Best is trial 5 with value: 0.11016177342504546.
Trial 13 finished with value: 0.07124519535454987 and parameters: {'lambda': 615.5219616751849, 'kappa': 4.053752577729982}. Best is trial 5 with value: 0.11016177342504546.
Trial 14 finished with value: -0.5051311952207044 and parameters: {'lambda': 1120.799342157702, 'kappa': 1.0411523272835173}. Best is trial 5 with value: 0.11016177342504546.
Trial 15 finished with value: -0.2935805302261792 and parameters: {'lambda': 310.87029771274297, 'kappa': 3.1772915080384827}. Best is trial 5 with value: 0.11016177342504546.
Trial 16 finished with value: -0.13880724896016014 and parameters: {'lambda': 584.603409069565, 'kappa': 2.240234790537937}. Best is trial 5 with value: 0.11016177342504546.
Trial 17 finished with value: -0.5051311952207044 and parameters: {'lambda': 950.5226665539888, 'kappa': 2.789221703914749}. Best is trial 5 with value: 0.11016177342504546.
Trial 18 finished with value: 0.14929402468522607 and parameters: {'lambda': 33.42410707223086, 'kappa': 3.721463608470077}. Best is trial 18 with value: 0.14929402468522607.
Trial 19 finished with value: 0.14616204865327495 and parameters: {'lambda': 35.28873043382601, 'kappa': 3.679922522324205}. Best is trial 18 with value: 0.14929402468522607.
Trial 20 finished with value: -0.07087459658485527 and parameters: {'lambda': 240.0149543316186, 'kappa': 3.5957390333044734}. Best is trial 18 with value: 0.14929402468522607.
Trial 21 finished with value: 0.11799011613108029 and parameters: {'lambda': 49.37865803734082, 'kappa': 3.7767351689666047}. Best is trial 18 with value: 0.14929402468522607.
Trial 22 finished with value: -0.027052958422633 and parameters: {'lambda': 200.74356813663107, 'kappa': 3.6782843250165094}. Best is trial 18 with value: 0.14929402468522607.
Trial 23 finished with value: 0.12855718346849473 and parameters: {'lambda': 431.00689079260746, 'kappa': 3.1045489144581397}. Best is trial 18 with value: 0.14929402468522607.
Trial 24 finished with value: -0.20328488893905425 and parameters: {'lambda': 358.13334308973697, 'kappa': 3.0838785197545158}. Best is trial 18 with value: 0.14929402468522607.
Trial 25 finished with value: 0.1220356933050498 and parameters: {'lambda': 454.1292454289917, 'kappa': 3.3956199915901983}. Best is trial 18 with value: 0.14929402468522607.
Trial 26 finished with value: -0.00869625962181237 and parameters: {'lambda': 204.94689056745239, 'kappa': 3.4460188312923017}. Best is trial 18 with value: 0.14929402468522607.
Trial 27 finished with value: -0.5051311952207044 and parameters: {'lambda': 811.9648360553916, 'kappa': 3.013384013148427}. Best is trial 18 with value: 0.14929402468522607.
Trial 28 finished with value: -0.22995021625303524 and parameters: {'lambda': 183.93599678804472, 'kappa': 3.8366402393099386}. Best is trial 18 with value: 0.14929402468522607.
Trial 29 finished with value: 0.116535175664249 and parameters: {'lambda': 458.91084954062757, 'kappa': 4.103069201585683}. Best is trial 18 with value: 0.14929402468522607.
Optuna best λ=33.4241, κ=3.721463608470077, Sharpe=0.1493
A new study created in memory with name: no-name-8273098a-032c-4ba2-ab38-85706225d3c5
Trial 0 finished with value: -0.3390872626211194 and parameters: {'lambda': 759.7853498839952, 'kappa': 3.9691811987040015}. Best is trial 0 with value: -0.3390872626211194.
Trial 1 finished with value: -0.3390872626211194 and parameters: {'lambda': 1465.8673507626895, 'kappa': 2.869673679819506}. Best is trial 0 with value: -0.3390872626211194.
