Trial 6 finished with value: 0.8295622429661221 and parameters: {'lambda': 1664.2846394063226, 'kappa': 1.6631574710979753}. Best is trial 5 with value: 1.3096398816110877.
Trial 7 finished with value: 0.6219752473310718 and parameters: {'lambda': 379.11324308858104, 'kappa': 1.5727916564869089}. Best is trial 5 with value: 1.3096398816110877.
Trial 8 finished with value: 0.9347283204143282 and parameters: {'lambda': 620.9252743284724, 'kappa': 2.638869763709691}. Best is trial 5 with value: 1.3096398816110877.
Trial 9 finished with value: 0.9530406037941723 and parameters: {'lambda': 873.1778048064807, 'kappa': 1.9095393660962992}. Best is trial 5 with value: 1.3096398816110877.
Trial 10 finished with value: 0.8295622429661221 and parameters: {'lambda': 1886.8899990604687, 'kappa': 3.403359914931464}. Best is trial 5 with value: 1.3096398816110877.
Trial 11 finished with value: 0.9960122338851765 and parameters: {'lambda': 1002.3906250138785, 'kappa': 2.1239772323595436}. Best is trial 5 with value: 1.3096398816110877.
Trial 12 finished with value: 0.8295622429661221 and parameters: {'lambda': 1157.8081630421577, 'kappa': 2.1950773339911223}. Best is trial 5 with value: 1.3096398816110877.
Trial 13 finished with value: 1.2348167203713107 and parameters: {'lambda': 49.7225930655161, 'kappa': 2.2256718351156524}. Best is trial 5 with value: 1.3096398816110877.
Trial 14 finished with value: 0.8088083934326342 and parameters: {'lambda': 87.81897966363331, 'kappa': 1.0411523272835173}. Best is trial 5 with value: 1.3096398816110877.
Trial 15 finished with value: 0.6947144682117771 and parameters: {'lambda': 482.5086823235742, 'kappa': 2.928375538167292}. Best is trial 5 with value: 1.3096398816110877.
Trial 16 finished with value: 1.1876007299294267 and parameters: {'lambda': 66.30620118428078, 'kappa': 4.097964996435719}. Best is trial 5 with value: 1.3096398816110877.
Trial 17 finished with value: 0.8818662924215537 and parameters: {'lambda': 299.5839973459175, 'kappa': 2.336823189906622}. Best is trial 5 with value: 1.3096398816110877.
Trial 18 finished with value: 0.8532453711018044 and parameters: {'lambda': 587.3536892623077, 'kappa': 3.397377071789711}. Best is trial 5 with value: 1.3096398816110877.
Trial 19 finished with value: 0.9264889111945266 and parameters: {'lambda': 234.81829744985046, 'kappa': 2.5586977873263885}. Best is trial 5 with value: 1.3096398816110877.
Trial 20 finished with value: 0.985201080113308 and parameters: {'lambda': 705.2675229699358, 'kappa': 1.0823503127445389}. Best is trial 5 with value: 1.3096398816110877.
Trial 21 finished with value: 1.3266469693985115 and parameters: {'lambda': 50.341128707088174, 'kappa': 4.015637487908868}. Best is trial 21 with value: 1.3266469693985115.
Trial 22 finished with value: 1.4485055074615703 and parameters: {'lambda': 44.01949747210627, 'kappa': 3.789388184144437}. Best is trial 22 with value: 1.4485055074615703.
Trial 23 finished with value: 0.6360329252516295 and parameters: {'lambda': 446.65566156211776, 'kappa': 3.7335462466545817}. Best is trial 22 with value: 1.4485055074615703.
Trial 24 finished with value: 0.9284614882285376 and parameters: {'lambda': 213.26018777740234, 'kappa': 3.861939595242692}. Best is trial 22 with value: 1.4485055074615703.
Trial 25 finished with value: 1.046299550719857 and parameters: {'lambda': 22.94734254744557, 'kappa': 3.597982017560624}. Best is trial 22 with value: 1.4485055074615703.
Trial 26 finished with value: 0.9264889111945266 and parameters: {'lambda': 231.56131585030045, 'kappa': 4.117913692225472}. Best is trial 22 with value: 1.4485055074615703.
Trial 27 finished with value: 0.6947144682117771 and parameters: {'lambda': 482.16040182705666, 'kappa': 3.456659229659987}. Best is trial 22 with value: 1.4485055074615703.
Trial 28 finished with value: 0.9374492646667858 and parameters: {'lambda': 191.9187651369433, 'kappa': 3.097684549810805}. Best is trial 22 with value: 1.4485055074615703.
Trial 29 finished with value: 0.9724086269134813 and parameters: {'lambda': 775.4238154005411, 'kappa': 3.9094007714610384}. Best is trial 22 with value: 1.4485055074615703.
Optuna best λ=44.0195, κ=3.789388184144437, Sharpe=1.4485
A new study created in memory with name: no-name-50971c87-30b4-4d83-913c-14797c344e12
Trial 0 finished with value: -0.07896211629068996 and parameters: {'lambda': 759.7853498839952, 'kappa': 3.9691811987040015}. Best is trial 0 with value: -0.07896211629068996.
Trial 1 finished with value: -0.010185882833813612 and parameters: {'lambda': 1465.8673507626895, 'kappa': 2.869673679819506}. Best is trial 1 with value: -0.010185882833813612.
Trial 2 finished with value: -0.013264111758922564 and parameters: {'lambda': 328.1377557200871, 'kappa': 1.487187364027523}. Best is trial 1 with value: -0.010185882833813612.
Trial 3 finished with value: -0.08970401366868114 and parameters: {'lambda': 134.68574520140024, 'kappa': 3.705159593645523}. Best is trial 1 with value: -0.010185882833813612.
Trial 4 finished with value: -0.010185882833813612 and parameters: {'lambda': 1207.3409317440553, 'kappa': 3.2113854510604285}. Best is trial 1 with value: -0.010185882833813612.
Trial 5 finished with value: -0.49725186392193677 and parameters: {'lambda': 60.6133742333842, 'kappa': 4.029130915629118}. Best is trial 1 with value: -0.010185882833813612.
Trial 6 finished with value: -0.010185882833813612 and parameters: {'lambda': 1664.2846394063226, 'kappa': 1.6631574710979753}. Best is trial 1 with value: -0.010185882833813612.
Trial 7 finished with value: -0.013264111758922564 and parameters: {'lambda': 379.11324308858104, 'kappa': 1.5727916564869089}. Best is trial 1 with value: -0.010185882833813612.
Trial 8 finished with value: -0.0026760763317412394 and parameters: {'lambda': 620.9252743284724, 'kappa': 2.638869763709691}. Best is trial 8 with value: -0.0026760763317412394.
Trial 9 finished with value: -0.010185882833813498 and parameters: {'lambda': 873.1778048064807, 'kappa': 1.9095393660962992}. Best is trial 8 with value: -0.0026760763317412394.
Trial 10 finished with value: -0.022259791192709537 and parameters: {'lambda': 634.9560805115563, 'kappa': 2.220943325373505}. Best is trial 8 with value: -0.0026760763317412394.
Trial 11 finished with value: -0.010185882833813612 and parameters: {'lambda': 1002.3906250138785, 'kappa': 2.3188961603733764}. Best is trial 8 with value: -0.0026760763317412394.
Trial 12 finished with value: -0.022259791192709537 and parameters: {'lambda': 839.0952214244464, 'kappa': 2.0739346614866854}. Best is trial 8 with value: -0.0026760763317412394.
Trial 13 finished with value: -0.010185882833813612 and parameters: {'lambda': 1191.4825912877516, 'kappa': 2.7596144401294636}. Best is trial 8 with value: -0.0026760763317412394.
Trial 14 finished with value: 0.06503615458236031 and parameters: {'lambda': 524.4353105469829, 'kappa': 1.0373077153894181}. Best is trial 14 with value: 0.06503615458236031.
Trial 15 finished with value: 0.06330241062316622 and parameters: {'lambda': 552.8343903759828, 'kappa': 1.0537029332731116}. Best is trial 14 with value: 0.06503615458236031.
Trial 16 finished with value: 0.11168081069268845 and parameters: {'lambda': 400.0119448931064, 'kappa': 1.1034815088900896}. Best is trial 16 with value: 0.11168081069268845.
Trial 17 finished with value: 0.18289365100411023 and parameters: {'lambda': 299.5839973459175, 'kappa': 1.0624756565700897}. Best is trial 17 with value: 0.18289365100411023.
Trial 18 finished with value: 0.12133139154901246 and parameters: {'lambda': 256.59860451925977, 'kappa': 1.332296449835411}. Best is trial 17 with value: 0.18289365100411023.
Trial 19 finished with value: 0.03745730851162015 and parameters: {'lambda': 234.55558325760288, 'kappa': 1.3254960195914807}. Best is trial 17 with value: 0.18289365100411023.
Trial 20 finished with value: -0.010185882833813612 and parameters: {'lambda': 1821.2705646540783, 'kappa': 1.883765166986318}. Best is trial 17 with value: 0.18289365100411023.
Trial 21 finished with value: 0.1558895791395546 and parameters: {'lambda': 356.3067814567852, 'kappa': 1.2314656803387294}. Best is trial 17 with value: 0.18289365100411023.
Trial 22 finished with value: -0.11431024068078705 and parameters: {'lambda': 77.67756723295128, 'kappa': 1.3455568605589954}. Best is trial 17 with value: 0.18289365100411023.
Trial 23 finished with value: -0.013264111758922564 and parameters: {'lambda': 267.8911769845995, 'kappa': 1.7171731663326426}. Best is trial 17 with value: 0.18289365100411023.
Trial 24 finished with value: 0.11437833047096405 and parameters: {'lambda': 413.9413881946607, 'kappa': 1.2088794456515346}. Best is trial 17 with value: 0.18289365100411023.
Trial 25 finished with value: -0.42361772684122095 and parameters: {'lambda': 27.357291809915353, 'kappa': 1.4750495281227305}. Best is trial 17 with value: 0.18289365100411023.
Trial 26 finished with value: 0.02119970833844958 and parameters: {'lambda': 223.0187903120734, 'kappa': 1.8186242548275173}. Best is trial 17 with value: 0.18289365100411023.
Trial 27 finished with value: 0.049840495194046555 and parameters: {'lambda': 692.9721042868633, 'kappa': 1.349713240931726}. Best is trial 17 with value: 0.18289365100411023.
Trial 28 finished with value: -0.010185882833813612 and parameters: {'lambda': 1020.7051440095009, 'kappa': 2.4247744099755675}. Best is trial 17 with value: 0.18289365100411023.
Trial 29 finished with value: 0.0629981127154127 and parameters: {'lambda': 456.08650254022507, 'kappa': 1.0056429972664507}. Best is trial 17 with value: 0.18289365100411023.
Optuna best λ=299.5840, κ=1.0624756565700897, Sharpe=0.1829
A new study created in memory with name: no-name-c0b5b233-7237-45ca-9c7c-f29dbdba3120
Trial 0 finished with value: 0.05114141001968847 and parameters: {'lambda': 759.7853498839952, 'kappa': 3.9691811987040015}. Best is trial 0 with value: 0.05114141001968847.
Trial 1 finished with value: -0.29388553277445567 and parameters: {'lambda': 1465.8673507626895, 'kappa': 2.869673679819506}. Best is trial 0 with value: 0.05114141001968847.
Trial 2 finished with value: -0.2219939886873756 and parameters: {'lambda': 328.1377557200871, 'kappa': 1.487187364027523}. Best is trial 0 with value: 0.05114141001968847.
Trial 3 finished with value: -0.016036914350571974 and parameters: {'lambda': 134.68574520140024, 'kappa': 3.705159593645523}. Best is trial 0 with value: 0.05114141001968847.
Trial 4 finished with value: -0.29388553277445567 and parameters: {'lambda': 1207.3409317440553, 'kappa': 3.2113854510604285}. Best is trial 0 with value: 0.05114141001968847.
Trial 5 finished with value: 0.03377160121870447 and parameters: {'lambda': 60.6133742333842, 'kappa': 4.029130915629118}. Best is trial 0 with value: 0.05114141001968847.
Trial 6 finished with value: -0.29388553277445567 and parameters: {'lambda': 1664.2846394063226, 'kappa': 1.6631574710979753}. Best is trial 0 with value: 0.05114141001968847.
Trial 7 finished with value: -0.2219939886873756 and parameters: {'lambda': 379.11324308858104, 'kappa': 1.5727916564869089}. Best is trial 0 with value: 0.05114141001968847.
Trial 8 finished with value: 0.05114141001968847 and parameters: {'lambda': 620.9252743284724, 'kappa': 2.638869763709691}. Best is trial 0 with value: 0.05114141001968847.
Trial 9 finished with value: -0.33548723723470414 and parameters: {'lambda': 873.1778048064807, 'kappa': 1.9095393660962992}. Best is trial 0 with value: 0.05114141001968847.
Trial 10 finished with value: -0.29388553277445567 and parameters: {'lambda': 1886.8899990604687, 'kappa': 3.4091247782378664}. Best is trial 0 with value: 0.05114141001968847.
Trial 11 finished with value: 0.10110438576557225 and parameters: {'lambda': 809.873088210113, 'kappa': 2.310154832382016}. Best is trial 11 with value: 0.10110438576557225.
Trial 12 finished with value: -0.25647401780645124 and parameters: {'lambda': 887.0780702944986, 'kappa': 2.114218311121587}. Best is trial 11 with value: 0.10110438576557225.
Trial 13 finished with value: -0.29388553277445567 and parameters: {'lambda': 1137.1189243660292, 'kappa': 2.268842850975212}. Best is trial 11 with value: 0.10110438576557225.
Trial 14 finished with value: -0.07047094090112571 and parameters: {'lambda': 624.7636421269368, 'kappa': 1.0411523272835173}. Best is trial 11 with value: 0.10110438576557225.
Trial 15 finished with value: 0.05114141001968847 and parameters: {'lambda': 660.1436345389686, 'kappa': 2.928375538167292}. Best is trial 11 with value: 0.10110438576557225.
Trial 16 finished with value: -0.29388553277445567 and parameters: {'lambda': 1331.85570418123, 'kappa': 4.097948080441039}. Best is trial 11 with value: 0.10110438576557225.
Trial 17 finished with value: -0.3871175653685205 and parameters: {'lambda': 971.8471135857591, 'kappa': 2.4079495858917146}. Best is trial 11 with value: 0.10110438576557225.
Trial 18 finished with value: 0.05114141001968847 and parameters: {'lambda': 741.0562960581158, 'kappa': 3.397377071789711}. Best is trial 11 with value: 0.10110438576557225.
Trial 19 finished with value: 0.05114141001968847 and parameters: {'lambda': 403.3201471862956, 'kappa': 2.662148012251594}. Best is trial 11 with value: 0.10110438576557225.
Trial 20 finished with value: -0.3860470579734679 and parameters: {'lambda': 1080.4067312098075, 'kappa': 3.746424802485941}. Best is trial 11 with value: 0.10110438576557225.
Trial 21 finished with value: 0.05114141001968847 and parameters: {'lambda': 541.9894280616347, 'kappa': 2.597925241047088}. Best is trial 11 with value: 0.10110438576557225.
Trial 22 finished with value: 0.04705945720931803 and parameters: {'lambda': 767.894875409621, 'kappa': 2.005664094899677}. Best is trial 11 with value: 0.10110438576557225.
Trial 23 finished with value: 0.05114141001968847 and parameters: {'lambda': 511.6728885971313, 'kappa': 3.0137614427710244}. Best is trial 11 with value: 0.10110438576557225.
Trial 24 finished with value: -0.07047094090112571 and parameters: {'lambda': 834.8198311217847, 'kappa': 1.097671843505311}. Best is trial 11 with value: 0.10110438576557225.
Trial 25 finished with value: 0.09189152588492927 and parameters: {'lambda': 197.2936547486721, 'kappa': 2.3873574056885913}. Best is trial 11 with value: 0.10110438576557225.
Trial 26 finished with value: -0.01169024978485335 and parameters: {'lambda': 226.61315228522548, 'kappa': 2.3373003837577366}. Best is trial 11 with value: 0.10110438576557225.
Trial 27 finished with value: -0.18101971886773288 and parameters: {'lambda': 206.01249896966104, 'kappa': 1.9682790081244042}. Best is trial 11 with value: 0.10110438576557225.
Trial 28 finished with value: -0.29388553277445567 and parameters: {'lambda': 1291.404391005664, 'kappa': 1.7887089689892695}. Best is trial 11 with value: 0.10110438576557225.
Trial 29 finished with value: -0.29388553277445567 and parameters: {'lambda': 1616.1332926230716, 'kappa': 2.8028754595068786}. Best is trial 11 with value: 0.10110438576557225.
Optuna best λ=809.8731, κ=2.310154832382016, Sharpe=0.1011
A new study created in memory with name: no-name-a0ef8985-1ee2-43a1-b527-44803898f571
Trial 0 finished with value: 0.01944968277913518 and parameters: {'lambda': 759.7853498839952, 'kappa': 3.9691811987040015}. Best is trial 0 with value: 0.01944968277913518.
Trial 1 finished with value: -0.09989263838038735 and parameters: {'lambda': 1465.8673507626895, 'kappa': 2.869673679819506}. Best is trial 0 with value: 0.01944968277913518.
Trial 2 finished with value: -0.3894328240975041 and parameters: {'lambda': 328.1377557200871, 'kappa': 1.487187364027523}. Best is trial 0 with value: 0.01944968277913518.
Trial 3 finished with value: -0.013440065457328244 and parameters: {'lambda': 134.68574520140024, 'kappa': 3.705159593645523}. Best is trial 0 with value: 0.01944968277913518.
Trial 4 finished with value: -0.09989263838038735 and parameters: {'lambda': 1207.3409317440553, 'kappa': 3.2113854510604285}. Best is trial 0 with value: 0.01944968277913518.
Trial 5 finished with value: -0.6412378741737639 and parameters: {'lambda': 60.6133742333842, 'kappa': 4.029130915629118}. Best is trial 0 with value: 0.01944968277913518.
Trial 6 finished with value: -0.09989263838038735 and parameters: {'lambda': 1664.2846394063226, 'kappa': 1.6631574710979753}. Best is trial 0 with value: 0.01944968277913518.
Trial 7 finished with value: -0.021160917510644386 and parameters: {'lambda': 379.11324308858104, 'kappa': 1.5727916564869089}. Best is trial 0 with value: 0.01944968277913518.
Trial 8 finished with value: 0.01944968277913518 and parameters: {'lambda': 620.9252743284724, 'kappa': 2.638869763709691}. Best is trial 0 with value: 0.01944968277913518.
Trial 9 finished with value: -0.07302878047273882 and parameters: {'lambda': 873.1778048064807, 'kappa': 1.9095393660962992}. Best is trial 0 with value: 0.01944968277913518.
Trial 10 finished with value: -0.09989263838038735 and parameters: {'lambda': 1886.8899990604687, 'kappa': 3.4091247782378664}. Best is trial 0 with value: 0.01944968277913518.
Trial 11 finished with value: 0.033963856530605685 and parameters: {'lambda': 809.873088210113, 'kappa': 2.310154832382016}. Best is trial 11 with value: 0.033963856530605685.
Trial 12 finished with value: -0.06966771617620647 and parameters: {'lambda': 887.0780702944986, 'kappa': 2.114218311121587}. Best is trial 11 with value: 0.033963856530605685.
Trial 13 finished with value: -0.09989263838038735 and parameters: {'lambda': 1137.1189243660292, 'kappa': 2.268842850975212}. Best is trial 11 with value: 0.033963856530605685.
Trial 14 finished with value: 0.00941840594873216 and parameters: {'lambda': 624.7636421269368, 'kappa': 1.0411523272835173}. Best is trial 11 with value: 0.033963856530605685.
Trial 15 finished with value: 0.01944968277913518 and parameters: {'lambda': 660.1436345389686, 'kappa': 2.928375538167292}. Best is trial 11 with value: 0.033963856530605685.
Trial 16 finished with value: -0.09989263838038735 and parameters: {'lambda': 1331.85570418123, 'kappa': 4.097948080441039}. Best is trial 11 with value: 0.033963856530605685.
Trial 17 finished with value: -0.06757683350777977 and parameters: {'lambda': 971.8471135857591, 'kappa': 2.4079495858917146}. Best is trial 11 with value: 0.033963856530605685.
Trial 18 finished with value: 0.01944968277913518 and parameters: {'lambda': 741.0562960581158, 'kappa': 3.397377071789711}. Best is trial 11 with value: 0.033963856530605685.
Trial 19 finished with value: -0.5123378132250677 and parameters: {'lambda': 403.3201471862956, 'kappa': 2.662148012251594}. Best is trial 11 with value: 0.033963856530605685.
Trial 20 finished with value: -0.09989263838038735 and parameters: {'lambda': 1080.4067312098075, 'kappa': 3.746424802485941}. Best is trial 11 with value: 0.033963856530605685.
Trial 21 finished with value: -0.10222528476974939 and parameters: {'lambda': 541.9894280616347, 'kappa': 2.597925241047088}. Best is trial 11 with value: 0.033963856530605685.
Trial 22 finished with value: 0.02600822444874836 and parameters: {'lambda': 767.894875409621, 'kappa': 2.005664094899677}. Best is trial 11 with value: 0.033963856530605685.
Trial 23 finished with value: 0.07572742041853675 and parameters: {'lambda': 819.410487401218, 'kappa': 1.9920658760719046}. Best is trial 23 with value: 0.07572742041853675.
Trial 24 finished with value: 0.07572742041853675 and parameters: {'lambda': 843.6875106960697, 'kappa': 1.9766178516317376}. Best is trial 23 with value: 0.07572742041853675.
Trial 25 finished with value: -0.09989263838038735 and parameters: {'lambda': 1020.2837089499271, 'kappa': 1.2289657088655168}. Best is trial 23 with value: 0.07572742041853675.
Trial 26 finished with value: -0.09989263838038735 and parameters: {'lambda': 1277.6242602859804, 'kappa': 1.817046597637411}. Best is trial 23 with value: 0.07572742041853675.
Trial 27 finished with value: -0.09989263838038735 and parameters: {'lambda': 1427.3819942039945, 'kappa': 2.237349140648595}. Best is trial 23 with value: 0.07572742041853675.
Trial 28 finished with value: 0.00941840594873216 and parameters: {'lambda': 817.9588410324077, 'kappa': 1.326184431810769}. Best is trial 23 with value: 0.07572742041853675.
Trial 29 finished with value: 0.04907301636393267 and parameters: {'lambda': 482.0594132794543, 'kappa': 1.807496486382195}. Best is trial 23 with value: 0.07572742041853675.
Optuna best λ=819.4105, κ=1.9920658760719046, Sharpe=0.0757
A new study created in memory with name: no-name-41f7871d-b70e-4ed9-8f1c-b7dbcd9981ec
Trial 0 finished with value: -0.06255746616920761 and parameters: {'lambda': 759.7853498839952, 'kappa': 3.9691811987040015}. Best is trial 0 with value: -0.06255746616920761.
Trial 1 finished with value: 0.4787803850602177 and parameters: {'lambda': 1465.8673507626895, 'kappa': 2.869673679819506}. Best is trial 1 with value: 0.4787803850602177.
Trial 2 finished with value: 0.46558585676878605 and parameters: {'lambda': 328.1377557200871, 'kappa': 1.487187364027523}. Best is trial 1 with value: 0.4787803850602177.
Trial 3 finished with value: 0.9210633844294545 and parameters: {'lambda': 134.68574520140024, 'kappa': 3.705159593645523}. Best is trial 3 with value: 0.9210633844294545.
Trial 4 finished with value: 0.4787803850602177 and parameters: {'lambda': 1207.3409317440553, 'kappa': 3.2113854510604285}. Best is trial 3 with value: 0.9210633844294545.
Trial 5 finished with value: 0.2949718765240625 and parameters: {'lambda': 60.6133742333842, 'kappa': 4.029130915629118}. Best is trial 3 with value: 0.9210633844294545.
Trial 6 finished with value: 0.4787803850602177 and parameters: {'lambda': 1664.2846394063226, 'kappa': 1.6631574710979753}. Best is trial 3 with value: 0.9210633844294545.
Trial 7 finished with value: 0.3080646420563892 and parameters: {'lambda': 379.11324308858104, 'kappa': 1.5727916564869089}. Best is trial 3 with value: 0.9210633844294545.
