Trial 4 finished with value: 0.34175533553292636 and parameters: {'lambda': 1207.3409317440553, 'kappa': 3.2113854510604285}. Best is trial 4 with value: 0.34175533553292636.
Trial 5 finished with value: 0.01743815328217661 and parameters: {'lambda': 60.6133742333842, 'kappa': 4.029130915629118}. Best is trial 4 with value: 0.34175533553292636.
Trial 6 finished with value: 0.23617063361963497 and parameters: {'lambda': 1664.2846394063226, 'kappa': 1.6631574710979753}. Best is trial 4 with value: 0.34175533553292636.
Trial 7 finished with value: 0.2727338908855183 and parameters: {'lambda': 379.11324308858104, 'kappa': 1.5727916564869089}. Best is trial 4 with value: 0.34175533553292636.
Trial 8 finished with value: -0.042488547788818436 and parameters: {'lambda': 620.9252743284724, 'kappa': 2.638869763709691}. Best is trial 4 with value: 0.34175533553292636.
Trial 9 finished with value: 0.031088040291731234 and parameters: {'lambda': 873.1778048064807, 'kappa': 1.9095393660962992}. Best is trial 4 with value: 0.34175533553292636.
Trial 10 finished with value: 0.4800253296721838 and parameters: {'lambda': 1270.8122987474067, 'kappa': 3.2397069956087674}. Best is trial 10 with value: 0.4800253296721838.
Trial 11 finished with value: 0.35248485331158746 and parameters: {'lambda': 1190.586248715656, 'kappa': 3.2506760653696363}. Best is trial 10 with value: 0.4800253296721838.
Trial 12 finished with value: 0.23617063361963497 and parameters: {'lambda': 1914.8057014350143, 'kappa': 3.2898558741033144}. Best is trial 10 with value: 0.4800253296721838.
Trial 13 finished with value: 0.44388913971650107 and parameters: {'lambda': 1227.3884124736937, 'kappa': 2.2256718351156524}. Best is trial 10 with value: 0.4800253296721838.
Trial 14 finished with value: 0.3518069703673691 and parameters: {'lambda': 1146.9613502972234, 'kappa': 2.1855441481340363}. Best is trial 10 with value: 0.4800253296721838.
Trial 15 finished with value: 0.23617063361963497 and parameters: {'lambda': 1438.9763544070654, 'kappa': 2.2718069069486355}. Best is trial 10 with value: 0.4800253296721838.
Trial 16 finished with value: 0.23617063361963497 and parameters: {'lambda': 1493.7699387110588, 'kappa': 2.870304291284964}. Best is trial 10 with value: 0.4800253296721838.
Trial 17 finished with value: 0.23617063361963497 and parameters: {'lambda': 1963.1673605986316, 'kappa': 1.176704788031502}. Best is trial 10 with value: 0.4800253296721838.
Trial 18 finished with value: 0.23617063361963497 and parameters: {'lambda': 1701.9936530459609, 'kappa': 2.3951451545632687}. Best is trial 10 with value: 0.4800253296721838.
Trial 19 finished with value: 0.3518069703673691 and parameters: {'lambda': 1041.514386005601, 'kappa': 3.526721500596798}. Best is trial 10 with value: 0.4800253296721838.
Trial 20 finished with value: 0.4137733895563947 and parameters: {'lambda': 1309.8360941711126, 'kappa': 2.8743026387923245}. Best is trial 10 with value: 0.4800253296721838.
Trial 21 finished with value: 0.4385835511580332 and parameters: {'lambda': 1319.7185491087948, 'kappa': 2.797433309141538}. Best is trial 10 with value: 0.4800253296721838.
Trial 22 finished with value: 0.031088040291731234 and parameters: {'lambda': 864.9627535473629, 'kappa': 2.6463587287407986}. Best is trial 10 with value: 0.4800253296721838.
Trial 23 finished with value: 0.32473944290247575 and parameters: {'lambda': 1362.375494884066, 'kappa': 2.0705983856422625}. Best is trial 10 with value: 0.4800253296721838.
Trial 24 finished with value: 0.23617063361963497 and parameters: {'lambda': 1693.0322746126021, 'kappa': 3.06392223338198}. Best is trial 10 with value: 0.4800253296721838.
Trial 25 finished with value: 0.3134908198324473 and parameters: {'lambda': 1039.2022982158776, 'kappa': 2.483147594068782}. Best is trial 10 with value: 0.4800253296721838.
Trial 26 finished with value: 0.23617063361963497 and parameters: {'lambda': 1543.1108227267198, 'kappa': 3.561418933255908}. Best is trial 10 with value: 0.4800253296721838.
Trial 27 finished with value: 0.43622839333879027 and parameters: {'lambda': 1269.6816712927334, 'kappa': 1.9682790081244042}. Best is trial 10 with value: 0.4800253296721838.
Trial 28 finished with value: 0.29371839822896434 and parameters: {'lambda': 1069.7734122096417, 'kappa': 2.6336164847729857}. Best is trial 10 with value: 0.4800253296721838.
Trial 29 finished with value: 0.23871799052875933 and parameters: {'lambda': 923.6529786752199, 'kappa': 3.7828621604811365}. Best is trial 10 with value: 0.4800253296721838.
Optuna best λ=1270.8123, κ=3.2397069956087674, Sharpe=0.4800
A new study created in memory with name: no-name-c73ecb4d-c15f-4d6b-b3e0-c5ee3c19a9ff
Trial 0 finished with value: -0.07250081564408471 and parameters: {'lambda': 759.7853498839952, 'kappa': 3.9691811987040015}. Best is trial 0 with value: -0.07250081564408471.
Trial 1 finished with value: -0.11135758572209656 and parameters: {'lambda': 1465.8673507626895, 'kappa': 2.869673679819506}. Best is trial 0 with value: -0.07250081564408471.
Trial 2 finished with value: 0.009701214008918116 and parameters: {'lambda': 328.1377557200871, 'kappa': 1.487187364027523}. Best is trial 2 with value: 0.009701214008918116.
Trial 3 finished with value: -0.16060892719799744 and parameters: {'lambda': 134.68574520140024, 'kappa': 3.705159593645523}. Best is trial 2 with value: 0.009701214008918116.
Trial 4 finished with value: -0.15662007031479716 and parameters: {'lambda': 1207.3409317440553, 'kappa': 3.2113854510604285}. Best is trial 2 with value: 0.009701214008918116.
Trial 5 finished with value: -0.2929101196777037 and parameters: {'lambda': 60.6133742333842, 'kappa': 4.029130915629118}. Best is trial 2 with value: 0.009701214008918116.
Trial 6 finished with value: -0.1823991511899237 and parameters: {'lambda': 1664.2846394063226, 'kappa': 1.6631574710979753}. Best is trial 2 with value: 0.009701214008918116.
Trial 7 finished with value: 0.042583144476139305 and parameters: {'lambda': 379.11324308858104, 'kappa': 1.5727916564869089}. Best is trial 7 with value: 0.042583144476139305.
Trial 8 finished with value: -0.12297586795198975 and parameters: {'lambda': 620.9252743284724, 'kappa': 2.638869763709691}. Best is trial 7 with value: 0.042583144476139305.
Trial 9 finished with value: -0.12478742422960167 and parameters: {'lambda': 873.1778048064807, 'kappa': 1.9095393660962992}. Best is trial 7 with value: 0.042583144476139305.
Trial 10 finished with value: 0.21317902453767973 and parameters: {'lambda': 430.0641332089457, 'kappa': 1.0187298358271706}. Best is trial 10 with value: 0.21317902453767973.
Trial 11 finished with value: 0.21317902453767973 and parameters: {'lambda': 474.31507756412464, 'kappa': 1.0165434678137546}. Best is trial 10 with value: 0.21317902453767973.
Trial 12 finished with value: 0.21317902453767973 and parameters: {'lambda': 549.085053395127, 'kappa': 1.1209428898519396}. Best is trial 10 with value: 0.21317902453767973.
Trial 13 finished with value: 0.21317902453767973 and parameters: {'lambda': 1100.9760739817916, 'kappa': 1.0340189314869768}. Best is trial 10 with value: 0.21317902453767973.
Trial 14 finished with value: -0.1354192545782395 and parameters: {'lambda': 382.8183087822669, 'kappa': 2.1855441481340363}. Best is trial 10 with value: 0.21317902453767973.
Trial 15 finished with value: -0.1823991511899237 and parameters: {'lambda': 1931.1367191612144, 'kappa': 2.168740230909457}. Best is trial 10 with value: 0.21317902453767973.
Trial 16 finished with value: 0.21317902453767973 and parameters: {'lambda': 916.0500251500177, 'kappa': 1.286713772241455}. Best is trial 10 with value: 0.21317902453767973.
Trial 17 finished with value: -0.12827476847435157 and parameters: {'lambda': 590.1937786836253, 'kappa': 1.994041578321538}. Best is trial 10 with value: 0.21317902453767973.
Trial 18 finished with value: 0.0193305862153501 and parameters: {'lambda': 256.59860451925977, 'kappa': 1.013030636631801}. Best is trial 10 with value: 0.21317902453767973.
Trial 19 finished with value: 0.05932910313376703 and parameters: {'lambda': 1205.490699669223, 'kappa': 1.4500122488236888}. Best is trial 10 with value: 0.21317902453767973.
Trial 20 finished with value: -0.1404092692868347 and parameters: {'lambda': 708.5014982887766, 'kappa': 3.1534956380291588}. Best is trial 10 with value: 0.21317902453767973.
Trial 21 finished with value: 0.21317902453767973 and parameters: {'lambda': 547.6143594306717, 'kappa': 1.2112182039600479}. Best is trial 10 with value: 0.21317902453767973.
Trial 22 finished with value: -0.08633968366454653 and parameters: {'lambda': 222.37551717048353, 'kappa': 1.222899224403564}. Best is trial 10 with value: 0.21317902453767973.
Trial 23 finished with value: 0.015194785967896635 and parameters: {'lambda': 446.8771553645119, 'kappa': 1.6944216484307537}. Best is trial 10 with value: 0.21317902453767973.
Trial 24 finished with value: 0.21317902453767973 and parameters: {'lambda': 497.9546893933732, 'kappa': 1.0039611858106026}. Best is trial 10 with value: 0.21317902453767973.
Trial 25 finished with value: 0.21317902453767973 and parameters: {'lambda': 784.0999358454951, 'kappa': 1.3359849390607728}. Best is trial 10 with value: 0.21317902453767973.
Trial 26 finished with value: -0.12478742422960167 and parameters: {'lambda': 1001.4774175620676, 'kappa': 1.8699015408520188}. Best is trial 10 with value: 0.21317902453767973.
Trial 27 finished with value: -0.38060295057062454 and parameters: {'lambda': 161.8124658694082, 'kappa': 2.3154221873743097}. Best is trial 10 with value: 0.21317902453767973.
Trial 28 finished with value: -0.09505622640128947 and parameters: {'lambda': 45.908816140639146, 'kappa': 1.708368092215901}. Best is trial 10 with value: 0.21317902453767973.
Trial 29 finished with value: 0.21317902453767973 and parameters: {'lambda': 718.0006698554446, 'kappa': 1.2501543526736951}. Best is trial 10 with value: 0.21317902453767973.
Optuna best λ=430.0641, κ=1.0187298358271706, Sharpe=0.2132
A new study created in memory with name: no-name-baf8f54d-ee5e-4fc1-bccd-76d36c7bfec0
Trial 0 finished with value: -0.16156918771689968 and parameters: {'lambda': 759.7853498839952, 'kappa': 3.9691811987040015}. Best is trial 0 with value: -0.16156918771689968.
Trial 1 finished with value: -0.0018550988072115093 and parameters: {'lambda': 1465.8673507626895, 'kappa': 2.869673679819506}. Best is trial 1 with value: -0.0018550988072115093.
Trial 2 finished with value: -0.2666422373745517 and parameters: {'lambda': 328.1377557200871, 'kappa': 1.487187364027523}. Best is trial 1 with value: -0.0018550988072115093.
Trial 3 finished with value: -0.07045806411199274 and parameters: {'lambda': 134.68574520140024, 'kappa': 3.705159593645523}. Best is trial 1 with value: -0.0018550988072115093.
Trial 4 finished with value: -0.0018550988072115093 and parameters: {'lambda': 1207.3409317440553, 'kappa': 3.2113854510604285}. Best is trial 1 with value: -0.0018550988072115093.
Trial 5 finished with value: 0.31472300770442524 and parameters: {'lambda': 60.6133742333842, 'kappa': 4.029130915629118}. Best is trial 5 with value: 0.31472300770442524.
Trial 6 finished with value: -0.001855098807211418 and parameters: {'lambda': 1664.2846394063226, 'kappa': 1.6631574710979753}. Best is trial 5 with value: 0.31472300770442524.
Trial 7 finished with value: -0.06075702120841606 and parameters: {'lambda': 379.11324308858104, 'kappa': 1.5727916564869089}. Best is trial 5 with value: 0.31472300770442524.
Trial 8 finished with value: -0.07545863898486663 and parameters: {'lambda': 620.9252743284724, 'kappa': 2.638869763709691}. Best is trial 5 with value: 0.31472300770442524.
Trial 9 finished with value: -0.0577007226951512 and parameters: {'lambda': 873.1778048064807, 'kappa': 1.9095393660962992}. Best is trial 5 with value: 0.31472300770442524.
Trial 10 finished with value: -0.001855098807211418 and parameters: {'lambda': 1886.8899990604687, 'kappa': 3.403359914931464}. Best is trial 5 with value: 0.31472300770442524.
Trial 11 finished with value: -0.001855098807211418 and parameters: {'lambda': 1935.0886746673355, 'kappa': 1.0370500401061697}. Best is trial 5 with value: 0.31472300770442524.
Trial 12 finished with value: -0.001855098807211599 and parameters: {'lambda': 1432.6340894165896, 'kappa': 2.0739346614866854}. Best is trial 5 with value: 0.31472300770442524.
Trial 13 finished with value: -0.001855098807211599 and parameters: {'lambda': 1597.5398144631981, 'kappa': 2.2801069378199896}. Best is trial 5 with value: 0.31472300770442524.
Trial 14 finished with value: -0.001855098807211418 and parameters: {'lambda': 1129.0053642176986, 'kappa': 1.0254766688895673}. Best is trial 5 with value: 0.31472300770442524.
Trial 15 finished with value: -0.0018550988072115093 and parameters: {'lambda': 1668.385254711222, 'kappa': 2.946534614561693}. Best is trial 5 with value: 0.31472300770442524.
Trial 16 finished with value: 0.3145602844578273 and parameters: {'lambda': 66.30620118428078, 'kappa': 4.097964996435719}. Best is trial 5 with value: 0.31472300770442524.
Trial 17 finished with value: 0.33253734985439853 and parameters: {'lambda': 81.03946948965307, 'kappa': 4.029145496054593}. Best is trial 17 with value: 0.33253734985439853.
Trial 18 finished with value: -0.30283363814488734 and parameters: {'lambda': 336.1085403003575, 'kappa': 3.6408808626874087}. Best is trial 17 with value: 0.33253734985439853.
Trial 19 finished with value: -0.14136866532540987 and parameters: {'lambda': 547.3426771678813, 'kappa': 3.7584059801074297}. Best is trial 17 with value: 0.33253734985439853.
Trial 20 finished with value: -0.19001878907364964 and parameters: {'lambda': 183.76036463101428, 'kappa': 3.349974608332544}. Best is trial 17 with value: 0.33253734985439853.
Trial 21 finished with value: 0.3795293343957196 and parameters: {'lambda': 51.37028252284169, 'kappa': 4.006437135122448}. Best is trial 21 with value: 0.3795293343957196.
Trial 22 finished with value: 0.3240752361912682 and parameters: {'lambda': 44.0694273269454, 'kappa': 4.108926027132789}. Best is trial 21 with value: 0.3795293343957196.
Trial 23 finished with value: -0.19382565592481832 and parameters: {'lambda': 447.18021974831476, 'kappa': 3.7498897744547883}. Best is trial 21 with value: 0.3795293343957196.
Trial 24 finished with value: -0.3024075540545472 and parameters: {'lambda': 231.9990814187496, 'kappa': 4.111270403478816}. Best is trial 21 with value: 0.3795293343957196.
Trial 25 finished with value: 0.3950383114359684 and parameters: {'lambda': 22.947651593328146, 'kappa': 3.4838346894104095}. Best is trial 25 with value: 0.3950383114359684.
Trial 26 finished with value: -0.05384647036250829 and parameters: {'lambda': 608.8855613900857, 'kappa': 3.1093994981957964}. Best is trial 25 with value: 0.3950383114359684.
Trial 27 finished with value: -0.1416762720110832 and parameters: {'lambda': 238.9827462552973, 'kappa': 3.450687466453757}. Best is trial 25 with value: 0.3950383114359684.
Trial 28 finished with value: -0.0577007226951512 and parameters: {'lambda': 831.597769326033, 'kappa': 3.533640905771156}. Best is trial 25 with value: 0.3950383114359684.
Trial 29 finished with value: -0.17940526610156102 and parameters: {'lambda': 480.839900092132, 'kappa': 3.8715768171108738}. Best is trial 25 with value: 0.3950383114359684.
Optuna best λ=22.9477, κ=3.4838346894104095, Sharpe=0.3950
A new study created in memory with name: no-name-9485802f-e0bb-4a50-bb42-dcdf7d2bea87
Trial 0 finished with value: 0.6001837410778603 and parameters: {'lambda': 759.7853498839952, 'kappa': 3.9691811987040015}. Best is trial 0 with value: 0.6001837410778603.
Trial 1 finished with value: 0.5950624392450116 and parameters: {'lambda': 1465.8673507626895, 'kappa': 2.869673679819506}. Best is trial 0 with value: 0.6001837410778603.
Trial 2 finished with value: 0.5577477068746908 and parameters: {'lambda': 328.1377557200871, 'kappa': 1.487187364027523}. Best is trial 0 with value: 0.6001837410778603.
Trial 3 finished with value: 0.2032281173437777 and parameters: {'lambda': 134.68574520140024, 'kappa': 3.705159593645523}. Best is trial 0 with value: 0.6001837410778603.
Trial 4 finished with value: 0.5980003018645986 and parameters: {'lambda': 1207.3409317440553, 'kappa': 3.2113854510604285}. Best is trial 0 with value: 0.6001837410778603.
Trial 5 finished with value: 0.07121476898805941 and parameters: {'lambda': 60.6133742333842, 'kappa': 4.029130915629118}. Best is trial 0 with value: 0.6001837410778603.
Trial 6 finished with value: 0.5950624392450116 and parameters: {'lambda': 1664.2846394063226, 'kappa': 1.6631574710979753}. Best is trial 0 with value: 0.6001837410778603.
Trial 7 finished with value: 0.5635299670627425 and parameters: {'lambda': 379.11324308858104, 'kappa': 1.5727916564869089}. Best is trial 0 with value: 0.6001837410778603.
Trial 8 finished with value: 0.6014949489749445 and parameters: {'lambda': 620.9252743284724, 'kappa': 2.638869763709691}. Best is trial 8 with value: 0.6014949489749445.
Trial 9 finished with value: 0.5950624392450117 and parameters: {'lambda': 873.1778048064807, 'kappa': 1.9095393660962992}. Best is trial 8 with value: 0.6014949489749445.
Trial 10 finished with value: 0.5950637486513936 and parameters: {'lambda': 634.9560805115563, 'kappa': 2.220943325373505}. Best is trial 8 with value: 0.6014949489749445.
Trial 11 finished with value: 0.6009762367687748 and parameters: {'lambda': 809.873088210113, 'kappa': 3.2533031579306604}. Best is trial 8 with value: 0.6014949489749445.
Trial 12 finished with value: 0.5980003018645986 and parameters: {'lambda': 1149.640417664424, 'kappa': 2.6495199558018805}. Best is trial 8 with value: 0.6014949489749445.
Trial 13 finished with value: 0.5970465000197955 and parameters: {'lambda': 535.6066945428024, 'kappa': 3.2806476354910132}. Best is trial 8 with value: 0.6014949489749445.
Trial 14 finished with value: 0.5950624392450116 and parameters: {'lambda': 997.0283057518049, 'kappa': 1.0411523272835173}. Best is trial 8 with value: 0.6014949489749445.
Trial 15 finished with value: 0.5950624392450116 and parameters: {'lambda': 1931.1367191612144, 'kappa': 3.1772915080384827}. Best is trial 8 with value: 0.6014949489749445.
Trial 16 finished with value: 0.5955113258006677 and parameters: {'lambda': 1214.6155695398097, 'kappa': 2.3565405158447614}. Best is trial 8 with value: 0.6014949489749445.
Trial 17 finished with value: 0.5932270908244515 and parameters: {'lambda': 522.1475757780215, 'kappa': 3.545260778619039}. Best is trial 8 with value: 0.6014949489749445.
Trial 18 finished with value: 0.5980003018645986 and parameters: {'lambda': 845.6108393104785, 'kappa': 2.847890491959081}. Best is trial 8 with value: 0.6014949489749445.
Trial 19 finished with value: 0.5950624392450116 and parameters: {'lambda': 1428.0548580498426, 'kappa': 2.2104976391689557}. Best is trial 8 with value: 0.6014949489749445.
Trial 20 finished with value: 0.5927604745561145 and parameters: {'lambda': 260.8604671712654, 'kappa': 2.866449050465958}. Best is trial 8 with value: 0.6014949489749445.
Trial 21 finished with value: 0.5998442364902452 and parameters: {'lambda': 754.8869528036639, 'kappa': 3.965704474942031}. Best is trial 8 with value: 0.6014949489749445.
Trial 22 finished with value: 0.5984144774055187 and parameters: {'lambda': 706.6363076099412, 'kappa': 3.6075856947328018}. Best is trial 8 with value: 0.6014949489749445.
Trial 23 finished with value: 0.5980003018645986 and parameters: {'lambda': 970.6464478665252, 'kappa': 4.110664833508607}. Best is trial 8 with value: 0.6014949489749445.
Trial 24 finished with value: 0.5935819632129793 and parameters: {'lambda': 521.0606182241281, 'kappa': 3.3754128436101793}. Best is trial 8 with value: 0.6014949489749445.
Trial 25 finished with value: 0.6014702396398148 and parameters: {'lambda': 817.351870398113, 'kappa': 3.7483455475098557}. Best is trial 8 with value: 0.6014949489749445.
Trial 26 finished with value: 0.5980003018645986 and parameters: {'lambda': 1001.4774175620676, 'kappa': 3.061370981866432}. Best is trial 8 with value: 0.6014949489749445.
Trial 27 finished with value: 0.6016515085620859 and parameters: {'lambda': 603.6158227814043, 'kappa': 3.693594216059264}. Best is trial 27 with value: 0.6016515085620859.
Trial 28 finished with value: 0.5886600175025695 and parameters: {'lambda': 389.71377704852057, 'kappa': 3.8035938647911025}. Best is trial 27 with value: 0.6016515085620859.
Trial 29 finished with value: 0.6016515085620859 and parameters: {'lambda': 601.7215881649237, 'kappa': 3.446572249843012}. Best is trial 27 with value: 0.6016515085620859.
Optuna best λ=603.6158, κ=3.693594216059264, Sharpe=0.6017
A new study created in memory with name: no-name-7df42f68-3d11-4a56-9520-8a765980e517
Trial 0 finished with value: -0.6084944746657966 and parameters: {'lambda': 759.7853498839952, 'kappa': 3.9691811987040015}. Best is trial 0 with value: -0.6084944746657966.
Trial 1 finished with value: -0.5293189100155363 and parameters: {'lambda': 1465.8673507626895, 'kappa': 2.869673679819506}. Best is trial 1 with value: -0.5293189100155363.
Trial 2 finished with value: -0.5858793008446599 and parameters: {'lambda': 328.1377557200871, 'kappa': 1.487187364027523}. Best is trial 1 with value: -0.5293189100155363.
Trial 3 finished with value: -0.29019378859092815 and parameters: {'lambda': 134.68574520140024, 'kappa': 3.705159593645523}. Best is trial 3 with value: -0.29019378859092815.
Trial 4 finished with value: -0.5293189100155363 and parameters: {'lambda': 1207.3409317440553, 'kappa': 3.2113854510604285}. Best is trial 3 with value: -0.29019378859092815.
Trial 5 finished with value: -0.021452492237719206 and parameters: {'lambda': 60.6133742333842, 'kappa': 4.029130915629118}. Best is trial 5 with value: -0.021452492237719206.
