Trial 24 finished with value: 0.6592178416381368 and parameters: {'lambda': 1869.31753741527, 'kappa': 2.864283864715439}. Best is trial 1 with value: 0.7131041500482115.
Trial 25 finished with value: 0.6592178416381368 and parameters: {'lambda': 1600.0473894653837, 'kappa': 1.8744413899888643}. Best is trial 1 with value: 0.7131041500482115.
Trial 26 finished with value: 0.41890106803064414 and parameters: {'lambda': 1299.8414673189795, 'kappa': 2.2798627225571666}. Best is trial 1 with value: 0.7131041500482115.
Trial 27 finished with value: 0.5769267834646018 and parameters: {'lambda': 996.1293700050006, 'kappa': 1.349713240931726}. Best is trial 1 with value: 0.7131041500482115.
Trial 28 finished with value: 0.6592178416381368 and parameters: {'lambda': 1525.857719913497, 'kappa': 3.394661592026487}. Best is trial 1 with value: 0.7131041500482115.
Trial 29 finished with value: 0.6592178416381368 and parameters: {'lambda': 1796.059104957258, 'kappa': 3.747127202931212}. Best is trial 1 with value: 0.7131041500482115.
Optuna best λ=1465.8674, κ=2.869673679819506, Sharpe=0.7131
A new study created in memory with name: no-name-de1ebc07-286d-44da-8804-0a3b531900ba
Trial 0 finished with value: 0.09094819923134594 and parameters: {'lambda': 759.7853498839952, 'kappa': 3.9691811987040015}. Best is trial 0 with value: 0.09094819923134594.
Trial 1 finished with value: 0.09094819923134599 and parameters: {'lambda': 1465.8673507626895, 'kappa': 2.869673679819506}. Best is trial 1 with value: 0.09094819923134599.
Trial 2 finished with value: 0.11473591546509199 and parameters: {'lambda': 328.1377557200871, 'kappa': 1.487187364027523}. Best is trial 2 with value: 0.11473591546509199.
Trial 3 finished with value: 0.0514138531063735 and parameters: {'lambda': 134.68574520140024, 'kappa': 3.705159593645523}. Best is trial 2 with value: 0.11473591546509199.
Trial 4 finished with value: 0.09094819923134599 and parameters: {'lambda': 1207.3409317440553, 'kappa': 3.2113854510604285}. Best is trial 2 with value: 0.11473591546509199.
Trial 5 finished with value: 0.19987789727401242 and parameters: {'lambda': 60.6133742333842, 'kappa': 4.029130915629118}. Best is trial 5 with value: 0.19987789727401242.
Trial 6 finished with value: 0.09094819923134599 and parameters: {'lambda': 1664.2846394063226, 'kappa': 1.6631574710979753}. Best is trial 5 with value: 0.19987789727401242.
Trial 7 finished with value: 0.09094819923134595 and parameters: {'lambda': 379.11324308858104, 'kappa': 1.5727916564869089}. Best is trial 5 with value: 0.19987789727401242.
Trial 8 finished with value: 0.3277471435115491 and parameters: {'lambda': 620.9252743284724, 'kappa': 2.638869763709691}. Best is trial 8 with value: 0.3277471435115491.
Trial 9 finished with value: 0.09094819923134591 and parameters: {'lambda': 873.1778048064807, 'kappa': 1.9095393660962992}. Best is trial 8 with value: 0.3277471435115491.
Trial 10 finished with value: 0.09094819923134595 and parameters: {'lambda': 634.9560805115563, 'kappa': 2.220943325373505}. Best is trial 8 with value: 0.3277471435115491.
Trial 11 finished with value: 0.17689463338028624 and parameters: {'lambda': 34.8609161424165, 'kappa': 3.3686702087775853}. Best is trial 8 with value: 0.3277471435115491.
Trial 12 finished with value: -0.23120687202878706 and parameters: {'lambda': 485.85283295778953, 'kappa': 2.6016134563023807}. Best is trial 8 with value: 0.3277471435115491.
Trial 13 finished with value: 0.09094819923134599 and parameters: {'lambda': 1100.9760739817916, 'kappa': 4.053752577729982}. Best is trial 8 with value: 0.3277471435115491.
Trial 14 finished with value: 0.09094819923134599 and parameters: {'lambda': 1890.4955953664362, 'kappa': 1.0411523272835173}. Best is trial 8 with value: 0.3277471435115491.
Trial 15 finished with value: 0.2446489132916592 and parameters: {'lambda': 277.1594597266862, 'kappa': 2.9348422907890024}. Best is trial 8 with value: 0.3277471435115491.
Trial 16 finished with value: 0.1613641265696379 and parameters: {'lambda': 584.603409069565, 'kappa': 2.8757706231211193}. Best is trial 8 with value: 0.3277471435115491.
Trial 17 finished with value: 0.09094819923134605 and parameters: {'lambda': 953.7091819598161, 'kappa': 2.3108945002120738}. Best is trial 8 with value: 0.3277471435115491.
Trial 18 finished with value: 0.2565383764918384 and parameters: {'lambda': 256.59860451925977, 'kappa': 3.1800928682519123}. Best is trial 8 with value: 0.3277471435115491.
Trial 19 finished with value: 0.09094819923134594 and parameters: {'lambda': 782.308713807237, 'kappa': 3.3585359754619653}. Best is trial 8 with value: 0.3277471435115491.
Trial 20 finished with value: 0.09094819923134599 and parameters: {'lambda': 1309.8360941711126, 'kappa': 3.5928438730935195}. Best is trial 8 with value: 0.3277471435115491.
Trial 21 finished with value: 0.04794238591777476 and parameters: {'lambda': 294.46436823348, 'kappa': 2.9726101873753463}. Best is trial 8 with value: 0.3277471435115491.
Trial 22 finished with value: 0.029476614519534775 and parameters: {'lambda': 234.6865274401597, 'kappa': 2.546556480433583}. Best is trial 8 with value: 0.3277471435115491.
Trial 23 finished with value: -0.30297930001876855 and parameters: {'lambda': 448.33951085581316, 'kappa': 3.1045489144581397}. Best is trial 8 with value: 0.3277471435115491.
Trial 24 finished with value: 0.1689903394684554 and parameters: {'lambda': 609.7230052875844, 'kappa': 2.629003814000041}. Best is trial 8 with value: 0.3277471435115491.
Trial 25 finished with value: 0.022332620692873662 and parameters: {'lambda': 275.6805678955603, 'kappa': 2.284955555660261}. Best is trial 8 with value: 0.3277471435115491.
Trial 26 finished with value: -0.06181883268628472 and parameters: {'lambda': 515.4906272782085, 'kappa': 2.732031953910408}. Best is trial 8 with value: 0.3277471435115491.
Trial 27 finished with value: -0.3055191892313583 and parameters: {'lambda': 182.73085425210456, 'kappa': 3.56217254541459}. Best is trial 8 with value: 0.3277471435115491.
Trial 28 finished with value: 0.13061874225731546 and parameters: {'lambda': 676.4071908430939, 'kappa': 3.1634435281593456}. Best is trial 8 with value: 0.3277471435115491.
Trial 29 finished with value: 0.09094819923134594 and parameters: {'lambda': 806.3418165710602, 'kappa': 3.747127202931212}. Best is trial 8 with value: 0.3277471435115491.
Optuna best λ=620.9253, κ=2.638869763709691, Sharpe=0.3277
A new study created in memory with name: no-name-370d1df8-c2bd-4207-ae44-72d4651ff3c4
Trial 0 finished with value: 0.4716286631487215 and parameters: {'lambda': 759.7853498839952, 'kappa': 3.9691811987040015}. Best is trial 0 with value: 0.4716286631487215.
Trial 1 finished with value: 0.5463917299285787 and parameters: {'lambda': 1465.8673507626895, 'kappa': 2.869673679819506}. Best is trial 1 with value: 0.5463917299285787.
Trial 2 finished with value: 0.5040454578482879 and parameters: {'lambda': 328.1377557200871, 'kappa': 1.487187364027523}. Best is trial 1 with value: 0.5463917299285787.
Trial 3 finished with value: 0.019756792703604507 and parameters: {'lambda': 134.68574520140024, 'kappa': 3.705159593645523}. Best is trial 1 with value: 0.5463917299285787.
Trial 4 finished with value: 0.5463917299285787 and parameters: {'lambda': 1207.3409317440553, 'kappa': 3.2113854510604285}. Best is trial 1 with value: 0.5463917299285787.
Trial 5 finished with value: -0.3140236135687562 and parameters: {'lambda': 60.6133742333842, 'kappa': 4.029130915629118}. Best is trial 1 with value: 0.5463917299285787.
Trial 6 finished with value: 0.5463917299285787 and parameters: {'lambda': 1664.2846394063226, 'kappa': 1.6631574710979753}. Best is trial 1 with value: 0.5463917299285787.
Trial 7 finished with value: 0.6738259512037296 and parameters: {'lambda': 379.11324308858104, 'kappa': 1.5727916564869089}. Best is trial 7 with value: 0.6738259512037296.
Trial 8 finished with value: 0.47838394308570703 and parameters: {'lambda': 620.9252743284724, 'kappa': 2.638869763709691}. Best is trial 7 with value: 0.6738259512037296.
Trial 9 finished with value: 0.42549054160489813 and parameters: {'lambda': 873.1778048064807, 'kappa': 1.9095393660962992}. Best is trial 7 with value: 0.6738259512037296.
Trial 10 finished with value: 0.6010316311708243 and parameters: {'lambda': 430.0641332089457, 'kappa': 1.0187298358271706}. Best is trial 7 with value: 0.6738259512037296.
Trial 11 finished with value: 0.5941177906433537 and parameters: {'lambda': 474.31507756412464, 'kappa': 1.0165434678137546}. Best is trial 7 with value: 0.6738259512037296.
Trial 12 finished with value: 0.5463917299285787 and parameters: {'lambda': 1115.578545432737, 'kappa': 1.1209428898519396}. Best is trial 7 with value: 0.6738259512037296.
Trial 13 finished with value: 0.4456017046374259 and parameters: {'lambda': 325.93506541151214, 'kappa': 2.120648683333912}. Best is trial 7 with value: 0.6738259512037296.
Trial 14 finished with value: 0.47974823800272587 and parameters: {'lambda': 544.6883000941255, 'kappa': 2.1888040232332777}. Best is trial 7 with value: 0.6738259512037296.
Trial 15 finished with value: 0.5463917299285787 and parameters: {'lambda': 1931.1367191612144, 'kappa': 1.406496269579343}. Best is trial 7 with value: 0.6738259512037296.
Trial 16 finished with value: 0.5463917299285787 and parameters: {'lambda': 928.3433957623326, 'kappa': 1.297416360320229}. Best is trial 7 with value: 0.6738259512037296.
Trial 17 finished with value: 0.266286721983074 and parameters: {'lambda': 299.5839973459175, 'kappa': 1.7497532963231388}. Best is trial 7 with value: 0.6738259512037296.
Trial 18 finished with value: 0.47658429569500005 and parameters: {'lambda': 679.4978067088197, 'kappa': 2.2882353157125372}. Best is trial 7 with value: 0.6738259512037296.
Trial 19 finished with value: -0.3027694024315722 and parameters: {'lambda': 35.82794693386779, 'kappa': 1.0109669018539122}. Best is trial 7 with value: 0.6738259512037296.
Trial 20 finished with value: 0.5463917299285787 and parameters: {'lambda': 1309.8360941711126, 'kappa': 1.7520686243024786}. Best is trial 7 with value: 0.6738259512037296.
Trial 21 finished with value: 0.5582248949515737 and parameters: {'lambda': 434.72129533363756, 'kappa': 1.064837339453202}. Best is trial 7 with value: 0.6738259512037296.
Trial 22 finished with value: 0.4540256405104343 and parameters: {'lambda': 234.6865274401597, 'kappa': 1.3570305506758262}. Best is trial 7 with value: 0.6738259512037296.
Trial 23 finished with value: 0.5679354871016453 and parameters: {'lambda': 503.6110279651176, 'kappa': 1.0245053768542118}. Best is trial 7 with value: 0.6738259512037296.
Trial 24 finished with value: 0.5346573390403034 and parameters: {'lambda': 458.09087319480494, 'kappa': 1.5782500145803713}. Best is trial 7 with value: 0.6738259512037296.
Trial 25 finished with value: 0.6094055357366138 and parameters: {'lambda': 803.8104879614632, 'kappa': 1.290160021240956}. Best is trial 7 with value: 0.6738259512037296.
Trial 26 finished with value: 0.4894911261327023 and parameters: {'lambda': 741.3034354005124, 'kappa': 1.9987254734053295}. Best is trial 7 with value: 0.6738259512037296.
Trial 27 finished with value: 0.5463917299285787 and parameters: {'lambda': 1001.8502188109624, 'kappa': 2.441016049888713}. Best is trial 7 with value: 0.6738259512037296.
Trial 28 finished with value: 0.6094055357366138 and parameters: {'lambda': 829.0164823215164, 'kappa': 1.2915955507162704}. Best is trial 7 with value: 0.6738259512037296.
Trial 29 finished with value: 0.4932407226815895 and parameters: {'lambda': 826.5675998490183, 'kappa': 1.8806517079296856}. Best is trial 7 with value: 0.6738259512037296.
Optuna best λ=379.1132, κ=1.5727916564869089, Sharpe=0.6738
A new study created in memory with name: no-name-4b8ff6c9-dcc9-41d7-8741-82db0c924898
Trial 0 finished with value: 0.09966587603422605 and parameters: {'lambda': 759.7853498839952, 'kappa': 3.9691811987040015}. Best is trial 0 with value: 0.09966587603422605.
Trial 1 finished with value: -0.3128259790319358 and parameters: {'lambda': 1465.8673507626895, 'kappa': 2.869673679819506}. Best is trial 0 with value: 0.09966587603422605.
Trial 2 finished with value: -1.2534270356648474 and parameters: {'lambda': 328.1377557200871, 'kappa': 1.487187364027523}. Best is trial 0 with value: 0.09966587603422605.
Trial 3 finished with value: -0.3812028662569715 and parameters: {'lambda': 134.68574520140024, 'kappa': 3.705159593645523}. Best is trial 0 with value: 0.09966587603422605.
Trial 4 finished with value: -0.3128259790319358 and parameters: {'lambda': 1207.3409317440553, 'kappa': 3.2113854510604285}. Best is trial 0 with value: 0.09966587603422605.
Trial 5 finished with value: -0.3932576644566085 and parameters: {'lambda': 60.6133742333842, 'kappa': 4.029130915629118}. Best is trial 0 with value: 0.09966587603422605.
Trial 6 finished with value: -0.3128259790319358 and parameters: {'lambda': 1664.2846394063226, 'kappa': 1.6631574710979753}. Best is trial 0 with value: 0.09966587603422605.
Trial 7 finished with value: -1.317205416001774 and parameters: {'lambda': 379.11324308858104, 'kappa': 1.5727916564869089}. Best is trial 0 with value: 0.09966587603422605.
Trial 8 finished with value: -1.249699038747649 and parameters: {'lambda': 620.9252743284724, 'kappa': 2.638869763709691}. Best is trial 0 with value: 0.09966587603422605.
Trial 9 finished with value: -0.04413454043535867 and parameters: {'lambda': 873.1778048064807, 'kappa': 1.9095393660962992}. Best is trial 0 with value: 0.09966587603422605.
Trial 10 finished with value: -0.3128259790319358 and parameters: {'lambda': 1886.8899990604687, 'kappa': 3.4091247782378664}. Best is trial 0 with value: 0.09966587603422605.
Trial 11 finished with value: 0.12927393110662855 and parameters: {'lambda': 809.873088210113, 'kappa': 2.1239772323595436}. Best is trial 11 with value: 0.12927393110662855.
Trial 12 finished with value: 0.12927393110662855 and parameters: {'lambda': 887.0780702944986, 'kappa': 2.1950773339911223}. Best is trial 11 with value: 0.12927393110662855.
Trial 13 finished with value: 0.12927393110662855 and parameters: {'lambda': 1166.527010380532, 'kappa': 2.1740245387490154}. Best is trial 11 with value: 0.12927393110662855.
Trial 14 finished with value: -0.2544149893026455 and parameters: {'lambda': 1101.5497235715259, 'kappa': 1.0411523272835173}. Best is trial 11 with value: 0.12927393110662855.
Trial 15 finished with value: -1.5334043381654632 and parameters: {'lambda': 574.5424571437802, 'kappa': 2.286861611807692}. Best is trial 11 with value: 0.12927393110662855.
Trial 16 finished with value: -0.3128259790319358 and parameters: {'lambda': 1374.0285768975186, 'kappa': 2.387579430719237}. Best is trial 11 with value: 0.12927393110662855.
Trial 17 finished with value: 0.09966587603422605 and parameters: {'lambda': 951.5948694541262, 'kappa': 2.9348699430616354}. Best is trial 11 with value: 0.12927393110662855.
Trial 18 finished with value: 0.12927393110662855 and parameters: {'lambda': 781.7173261165922, 'kappa': 2.0383925160319736}. Best is trial 11 with value: 0.12927393110662855.
Trial 19 finished with value: -1.2960832862404847 and parameters: {'lambda': 471.97135385275544, 'kappa': 1.0982390593759448}. Best is trial 11 with value: 0.12927393110662855.
Trial 20 finished with value: -0.3128259790319358 and parameters: {'lambda': 1331.7989119531653, 'kappa': 2.63019103621241}. Best is trial 11 with value: 0.12927393110662855.
Trial 21 finished with value: 0.12927393110662855 and parameters: {'lambda': 999.2122395758992, 'kappa': 2.103693467680488}. Best is trial 11 with value: 0.12927393110662855.
Trial 22 finished with value: -0.04413454043535867 and parameters: {'lambda': 1085.8694500177617, 'kappa': 1.8569784157951903}. Best is trial 11 with value: 0.12927393110662855.
Trial 23 finished with value: -0.3128259790319358 and parameters: {'lambda': 1544.7526113531517, 'kappa': 2.2813906242238815}. Best is trial 11 with value: 0.12927393110662855.
Trial 24 finished with value: 0.09966587603422605 and parameters: {'lambda': 1184.0769166040623, 'kappa': 2.478465116528136}. Best is trial 11 with value: 0.12927393110662855.
Trial 25 finished with value: -0.8910949072560079 and parameters: {'lambda': 716.8590695879559, 'kappa': 1.3359849390607728}. Best is trial 11 with value: 0.12927393110662855.
Trial 26 finished with value: -0.04413454043535867 and parameters: {'lambda': 879.8532437890133, 'kappa': 1.7544015700865967}. Best is trial 11 with value: 0.12927393110662855.
Trial 27 finished with value: -0.3128259790319358 and parameters: {'lambda': 1210.8654417742216, 'kappa': 2.123966566624546}. Best is trial 11 with value: 0.12927393110662855.
Trial 28 finished with value: -0.3128259790319358 and parameters: {'lambda': 1769.4760462831377, 'kappa': 2.6468541904419403}. Best is trial 11 with value: 0.12927393110662855.
Trial 29 finished with value: 0.09966587603422605 and parameters: {'lambda': 779.1390379974694, 'kappa': 2.8594210488570972}. Best is trial 11 with value: 0.12927393110662855.
Optuna best λ=809.8731, κ=2.1239772323595436, Sharpe=0.1293
A new study created in memory with name: no-name-9d66f4f1-0c48-4f1b-ac41-a265c62f7f76
Trial 0 finished with value: -0.586875728085996 and parameters: {'lambda': 759.7853498839952, 'kappa': 3.9691811987040015}. Best is trial 0 with value: -0.586875728085996.
Trial 1 finished with value: -0.7142328050395951 and parameters: {'lambda': 1465.8673507626895, 'kappa': 2.869673679819506}. Best is trial 0 with value: -0.586875728085996.
Trial 2 finished with value: -0.03692901388601725 and parameters: {'lambda': 328.1377557200871, 'kappa': 1.487187364027523}. Best is trial 2 with value: -0.03692901388601725.
Trial 3 finished with value: 0.06375595589656609 and parameters: {'lambda': 134.68574520140024, 'kappa': 3.705159593645523}. Best is trial 3 with value: 0.06375595589656609.
Trial 4 finished with value: -0.7142328050395951 and parameters: {'lambda': 1207.3409317440553, 'kappa': 3.2113854510604285}. Best is trial 3 with value: 0.06375595589656609.
Trial 5 finished with value: -0.807486494942975 and parameters: {'lambda': 60.6133742333842, 'kappa': 4.029130915629118}. Best is trial 3 with value: 0.06375595589656609.
Trial 6 finished with value: -0.7142328050395951 and parameters: {'lambda': 1664.2846394063226, 'kappa': 1.6631574710979753}. Best is trial 3 with value: 0.06375595589656609.
Trial 7 finished with value: 0.020981331288382515 and parameters: {'lambda': 379.11324308858104, 'kappa': 1.5727916564869089}. Best is trial 3 with value: 0.06375595589656609.
Trial 8 finished with value: -1.0757894867032036 and parameters: {'lambda': 620.9252743284724, 'kappa': 2.638869763709691}. Best is trial 3 with value: 0.06375595589656609.
Trial 9 finished with value: -0.7932502406920989 and parameters: {'lambda': 873.1778048064807, 'kappa': 1.9095393660962992}. Best is trial 3 with value: 0.06375595589656609.
Trial 10 finished with value: -0.7142328050395951 and parameters: {'lambda': 1886.8899990604687, 'kappa': 3.4270596555033017}. Best is trial 3 with value: 0.06375595589656609.
Trial 11 finished with value: -0.5987599564290526 and parameters: {'lambda': 34.8609161424165, 'kappa': 1.0343686984968272}. Best is trial 3 with value: 0.06375595589656609.
Trial 12 finished with value: -0.0808968973860273 and parameters: {'lambda': 467.05035260163925, 'kappa': 2.0743178083052256}. Best is trial 3 with value: 0.06375595589656609.
Trial 13 finished with value: 0.00441720742893496 and parameters: {'lambda': 318.8236654660425, 'kappa': 2.299309612574695}. Best is trial 3 with value: 0.06375595589656609.
Trial 14 finished with value: -0.7142328050395951 and parameters: {'lambda': 1101.5497235715259, 'kappa': 1.023595910986902}. Best is trial 3 with value: 0.06375595589656609.
Trial 15 finished with value: -0.03396745758250842 and parameters: {'lambda': 299.77047699093055, 'kappa': 3.4226504092668155}. Best is trial 3 with value: 0.06375595589656609.
Trial 16 finished with value: -0.5688033180517029 and parameters: {'lambda': 584.603409069565, 'kappa': 2.4018429262841074}. Best is trial 3 with value: 0.06375595589656609.
Trial 17 finished with value: -0.09666869823958554 and parameters: {'lambda': 153.91865536296643, 'kappa': 2.957460808468503}. Best is trial 3 with value: 0.06375595589656609.
Trial 18 finished with value: -0.8481189661811327 and parameters: {'lambda': 863.631699962449, 'kappa': 1.4875454939234798}. Best is trial 3 with value: 0.06375595589656609.
Trial 19 finished with value: -0.19674788134452295 and parameters: {'lambda': 472.71112106484634, 'kappa': 3.6381337847486916}. Best is trial 3 with value: 0.06375595589656609.
Trial 20 finished with value: -0.7142328050395951 and parameters: {'lambda': 1309.8360941711126, 'kappa': 2.6483092299043545}. Best is trial 3 with value: 0.06375595589656609.
Trial 21 finished with value: 0.20023816472076655 and parameters: {'lambda': 296.7540016305845, 'kappa': 2.2935388961562153}. Best is trial 21 with value: 0.20023816472076655.
Trial 22 finished with value: 0.03373233297572517 and parameters: {'lambda': 204.98336571784262, 'kappa': 2.005497553054936}. Best is trial 21 with value: 0.20023816472076655.
Trial 23 finished with value: -0.18663935228095793 and parameters: {'lambda': 178.3180981016389, 'kappa': 2.0705983856422625}. Best is trial 21 with value: 0.20023816472076655.
Trial 24 finished with value: 0.20608894465878097 and parameters: {'lambda': 200.3833457373442, 'kappa': 2.2602093532590097}. Best is trial 24 with value: 0.20608894465878097.
Trial 25 finished with value: -0.6964923436395092 and parameters: {'lambda': 658.3967275310715, 'kappa': 2.367431828598713}. Best is trial 24 with value: 0.20608894465878097.
Trial 26 finished with value: -0.3250141041210504 and parameters: {'lambda': 499.1369595691861, 'kappa': 2.998637849350651}. Best is trial 24 with value: 0.20608894465878097.
