Trial 17 finished with value: -0.6245303044690594 and parameters: {'lambda': 299.5839973459175, 'kappa': 2.9348699430616354}. Best is trial 14 with value: -0.25850976872977555.
Trial 18 finished with value: -0.5720280583047028 and parameters: {'lambda': 1323.670908145954, 'kappa': 4.018604205287562}. Best is trial 14 with value: -0.25850976872977555.
Trial 19 finished with value: -0.5394736337437901 and parameters: {'lambda': 613.895772146124, 'kappa': 3.3630476675185506}. Best is trial 14 with value: -0.25850976872977555.
Trial 20 finished with value: -0.4721172973970234 and parameters: {'lambda': 860.8743620873424, 'kappa': 2.438719172135481}. Best is trial 14 with value: -0.25850976872977555.
Trial 21 finished with value: -0.8688875531051844 and parameters: {'lambda': 512.2011547499725, 'kappa': 2.178954526326029}. Best is trial 14 with value: -0.25850976872977555.
Trial 22 finished with value: -0.2552907235383971 and parameters: {'lambda': 706.6363076099412, 'kappa': 2.279946371479449}. Best is trial 22 with value: -0.2552907235383971.
Trial 23 finished with value: -0.4946859631879321 and parameters: {'lambda': 793.943785112422, 'kappa': 1.9014812566670367}. Best is trial 22 with value: -0.2552907235383971.
Trial 24 finished with value: -0.6493347398218176 and parameters: {'lambda': 223.62624572610497, 'kappa': 2.8917584295056082}. Best is trial 22 with value: -0.2552907235383971.
Trial 25 finished with value: -0.5720280583047028 and parameters: {'lambda': 1006.243459868466, 'kappa': 2.6454057791182803}. Best is trial 22 with value: -0.2552907235383971.
Trial 26 finished with value: -0.39128942962756824 and parameters: {'lambda': 460.5445517734617, 'kappa': 1.8740035988064139}. Best is trial 22 with value: -0.2552907235383971.
Trial 27 finished with value: -0.5720280583047028 and parameters: {'lambda': 723.7874026331428, 'kappa': 1.3280547369203295}. Best is trial 22 with value: -0.2552907235383971.
Trial 28 finished with value: -0.44602476382351136 and parameters: {'lambda': 556.1447820145563, 'kappa': 3.7028896407648757}. Best is trial 22 with value: -0.2552907235383971.
Trial 29 finished with value: -0.5720280583047028 and parameters: {'lambda': 964.8533566606668, 'kappa': 3.035031883063512}. Best is trial 22 with value: -0.2552907235383971.
Optuna best λ=706.6363, κ=2.279946371479449, Sharpe=-0.2553
A new study created in memory with name: no-name-0e29124a-8fc0-4ef8-bf9e-732df90946cb
Trial 0 finished with value: 1.05149707356154 and parameters: {'lambda': 759.7853498839952, 'kappa': 3.9691811987040015}. Best is trial 0 with value: 1.05149707356154.
Trial 1 finished with value: 1.399540262324258 and parameters: {'lambda': 1465.8673507626895, 'kappa': 2.869673679819506}. Best is trial 1 with value: 1.399540262324258.
Trial 2 finished with value: 1.402975221664034 and parameters: {'lambda': 328.1377557200871, 'kappa': 1.487187364027523}. Best is trial 2 with value: 1.402975221664034.
Trial 3 finished with value: 1.3461225743291596 and parameters: {'lambda': 134.68574520140024, 'kappa': 3.705159593645523}. Best is trial 2 with value: 1.402975221664034.
Trial 4 finished with value: 1.399540262324258 and parameters: {'lambda': 1207.3409317440553, 'kappa': 3.2113854510604285}. Best is trial 2 with value: 1.402975221664034.
Trial 5 finished with value: 0.8720006910985714 and parameters: {'lambda': 60.6133742333842, 'kappa': 4.029130915629118}. Best is trial 2 with value: 1.402975221664034.
Trial 6 finished with value: 1.399540262324258 and parameters: {'lambda': 1664.2846394063226, 'kappa': 1.6631574710979753}. Best is trial 2 with value: 1.402975221664034.
Trial 7 finished with value: 1.40369379353486 and parameters: {'lambda': 379.11324308858104, 'kappa': 1.5727916564869089}. Best is trial 7 with value: 1.40369379353486.
Trial 8 finished with value: 1.1525118625876418 and parameters: {'lambda': 620.9252743284724, 'kappa': 2.638869763709691}. Best is trial 7 with value: 1.40369379353486.
Trial 9 finished with value: 1.399540262324258 and parameters: {'lambda': 873.1778048064807, 'kappa': 1.9095393660962992}. Best is trial 7 with value: 1.40369379353486.
Trial 10 finished with value: 1.2017926448457914 and parameters: {'lambda': 430.0641332089457, 'kappa': 1.0187298358271706}. Best is trial 7 with value: 1.40369379353486.
Trial 11 finished with value: 1.0735806240345578 and parameters: {'lambda': 375.640675245293, 'kappa': 1.7980101744817147}. Best is trial 7 with value: 1.40369379353486.
Trial 12 finished with value: 1.399540262324258 and parameters: {'lambda': 1137.2136429924706, 'kappa': 1.1209428898519396}. Best is trial 7 with value: 1.40369379353486.
Trial 13 finished with value: 1.0788732119268512 and parameters: {'lambda': 437.44419718201516, 'kappa': 2.2256718351156524}. Best is trial 7 with value: 1.40369379353486.
Trial 14 finished with value: 1.0677461815033615 and parameters: {'lambda': 264.3966310816289, 'kappa': 1.3921151933115674}. Best is trial 7 with value: 1.40369379353486.
Trial 15 finished with value: 1.399540262324258 and parameters: {'lambda': 1931.1367191612144, 'kappa': 2.2718069069486355}. Best is trial 7 with value: 1.40369379353486.
Trial 16 finished with value: 1.4014544042695716 and parameters: {'lambda': 625.9304136747313, 'kappa': 1.4498881943951683}. Best is trial 7 with value: 1.40369379353486.
Trial 17 finished with value: 1.399540262324258 and parameters: {'lambda': 971.8471135857591, 'kappa': 2.160388336329991}. Best is trial 7 with value: 1.40369379353486.
Trial 18 finished with value: 0.8038244676202446 and parameters: {'lambda': 39.684005883864984, 'kappa': 1.366374416255207}. Best is trial 7 with value: 1.40369379353486.
Trial 19 finished with value: 1.4989556906193944 and parameters: {'lambda': 578.4182881448222, 'kappa': 3.0611357071645893}. Best is trial 19 with value: 1.4989556906193944.
Trial 20 finished with value: 0.9881257125098214 and parameters: {'lambda': 652.4432913083101, 'kappa': 3.214235911872387}. Best is trial 19 with value: 1.4989556906193944.
Trial 21 finished with value: 0.6568111284548815 and parameters: {'lambda': 248.43704496744587, 'kappa': 3.038392328157525}. Best is trial 19 with value: 1.4989556906193944.
Trial 22 finished with value: 1.508692478923222 and parameters: {'lambda': 574.7360031034683, 'kappa': 3.4670523420456596}. Best is trial 22 with value: 1.508692478923222.
Trial 23 finished with value: 1.0258017278057072 and parameters: {'lambda': 529.8874398035456, 'kappa': 3.5467745719007384}. Best is trial 22 with value: 1.508692478923222.
Trial 24 finished with value: 1.399540262324258 and parameters: {'lambda': 895.3778168914212, 'kappa': 3.5381641228594822}. Best is trial 22 with value: 1.508692478923222.
Trial 25 finished with value: 1.0562258304542909 and parameters: {'lambda': 763.1886360624493, 'kappa': 2.6313383328938293}. Best is trial 22 with value: 1.508692478923222.
Trial 26 finished with value: 1.399540262324258 and parameters: {'lambda': 1172.0068729114982, 'kappa': 3.3177741866360964}. Best is trial 22 with value: 1.508692478923222.
Trial 27 finished with value: 1.0258017278057072 and parameters: {'lambda': 535.8043216669372, 'kappa': 2.935353649307391}. Best is trial 22 with value: 1.508692478923222.
Trial 28 finished with value: 0.9462476362385821 and parameters: {'lambda': 193.9098013191384, 'kappa': 3.7184279798534927}. Best is trial 22 with value: 1.508692478923222.
Trial 29 finished with value: 1.0259318310229701 and parameters: {'lambda': 752.9935605546325, 'kappa': 2.393782179871176}. Best is trial 22 with value: 1.508692478923222.
Optuna best λ=574.7360, κ=3.4670523420456596, Sharpe=1.5087
A new study created in memory with name: no-name-aca344fb-5b50-479a-a839-14b85a618f22
Trial 0 finished with value: 1.124623340458932 and parameters: {'lambda': 759.7853498839952, 'kappa': 3.9691811987040015}. Best is trial 0 with value: 1.124623340458932.
Trial 1 finished with value: 1.04194449597592 and parameters: {'lambda': 1465.8673507626895, 'kappa': 2.869673679819506}. Best is trial 0 with value: 1.124623340458932.
Trial 2 finished with value: 0.8574172575201657 and parameters: {'lambda': 328.1377557200871, 'kappa': 1.487187364027523}. Best is trial 0 with value: 1.124623340458932.
Trial 3 finished with value: 0.7128095091812221 and parameters: {'lambda': 134.68574520140024, 'kappa': 3.705159593645523}. Best is trial 0 with value: 1.124623340458932.
Trial 4 finished with value: 1.04194449597592 and parameters: {'lambda': 1207.3409317440553, 'kappa': 3.2113854510604285}. Best is trial 0 with value: 1.124623340458932.
Trial 5 finished with value: 0.8237236012709007 and parameters: {'lambda': 60.6133742333842, 'kappa': 4.029130915629118}. Best is trial 0 with value: 1.124623340458932.
Trial 6 finished with value: 1.04194449597592 and parameters: {'lambda': 1664.2846394063226, 'kappa': 1.6631574710979753}. Best is trial 0 with value: 1.124623340458932.
Trial 7 finished with value: 0.48809661372932717 and parameters: {'lambda': 379.11324308858104, 'kappa': 1.5727916564869089}. Best is trial 0 with value: 1.124623340458932.
Trial 8 finished with value: 1.0892588519818225 and parameters: {'lambda': 620.9252743284724, 'kappa': 2.638869763709691}. Best is trial 0 with value: 1.124623340458932.
Trial 9 finished with value: 1.0419444959759208 and parameters: {'lambda': 873.1778048064807, 'kappa': 1.9095393660962992}. Best is trial 0 with value: 1.124623340458932.
Trial 10 finished with value: 1.04194449597592 and parameters: {'lambda': 1886.8899990604687, 'kappa': 3.4091247782378664}. Best is trial 0 with value: 1.124623340458932.
Trial 11 finished with value: 1.0952704026533955 and parameters: {'lambda': 809.873088210113, 'kappa': 2.310154832382016}. Best is trial 0 with value: 1.124623340458932.
Trial 12 finished with value: 1.0419444959759205 and parameters: {'lambda': 887.0780702944986, 'kappa': 2.114218311121587}. Best is trial 0 with value: 1.124623340458932.
Trial 13 finished with value: 1.04194449597592 and parameters: {'lambda': 1137.1189243660292, 'kappa': 2.268842850975212}. Best is trial 0 with value: 1.124623340458932.
Trial 14 finished with value: 1.1066015599381276 and parameters: {'lambda': 624.7636421269368, 'kappa': 1.0411523272835173}. Best is trial 0 with value: 1.124623340458932.
Trial 15 finished with value: 0.9891802158908236 and parameters: {'lambda': 574.5424571437802, 'kappa': 1.0536965098707882}. Best is trial 0 with value: 1.124623340458932.
Trial 16 finished with value: 1.077639037650439 and parameters: {'lambda': 584.603409069565, 'kappa': 4.097948080441039}. Best is trial 0 with value: 1.124623340458932.
Trial 17 finished with value: 1.04194449597592 and parameters: {'lambda': 1371.4618645009587, 'kappa': 1.0625572969162993}. Best is trial 0 with value: 1.124623340458932.
Trial 18 finished with value: 1.0419444959759205 and parameters: {'lambda': 1051.2811497712703, 'kappa': 2.954867055583482}. Best is trial 0 with value: 1.124623340458932.
Trial 19 finished with value: 0.692424941040945 and parameters: {'lambda': 402.06438823480426, 'kappa': 3.633373176573328}. Best is trial 0 with value: 1.124623340458932.
Trial 20 finished with value: 1.0966456472405595 and parameters: {'lambda': 735.5058885075103, 'kappa': 2.6483092299043545}. Best is trial 0 with value: 1.124623340458932.
Trial 21 finished with value: 1.1213595880990357 and parameters: {'lambda': 758.2217922153659, 'kappa': 2.592904749085575}. Best is trial 0 with value: 1.124623340458932.
Trial 22 finished with value: 1.0779334889844792 and parameters: {'lambda': 706.6363076099412, 'kappa': 3.0132355599346115}. Best is trial 0 with value: 1.124623340458932.
Trial 23 finished with value: 1.0419444959759208 and parameters: {'lambda': 970.6464478665252, 'kappa': 1.930305985671917}. Best is trial 0 with value: 1.124623340458932.
Trial 24 finished with value: 0.7393642556478913 and parameters: {'lambda': 503.32571463160514, 'kappa': 1.4073900771359917}. Best is trial 0 with value: 1.124623340458932.
Trial 25 finished with value: 0.5927994356982172 and parameters: {'lambda': 197.2936547486721, 'kappa': 3.8146740747603993}. Best is trial 0 with value: 1.124623340458932.
Trial 26 finished with value: 1.04194449597592 and parameters: {'lambda': 1277.6242602859804, 'kappa': 3.2982916435553116}. Best is trial 0 with value: 1.124623340458932.
Trial 27 finished with value: 1.0419444959759205 and parameters: {'lambda': 1001.8502188109624, 'kappa': 2.441016049888713}. Best is trial 0 with value: 1.124623340458932.
Trial 28 finished with value: 1.119264902474937 and parameters: {'lambda': 735.5659484422728, 'kappa': 1.326184431810769}. Best is trial 0 with value: 1.124623340458932.
Trial 29 finished with value: 1.04194449597592 and parameters: {'lambda': 1608.2354584605537, 'kappa': 2.7530543855953633}. Best is trial 0 with value: 1.124623340458932.
Optuna best λ=759.7853, κ=3.9691811987040015, Sharpe=1.1246
A new study created in memory with name: no-name-c35f1a8c-1649-4077-8b70-aefecac3f852
Trial 0 finished with value: 0.6925286108390093 and parameters: {'lambda': 759.7853498839952, 'kappa': 3.9691811987040015}. Best is trial 0 with value: 0.6925286108390093.
Trial 1 finished with value: 0.6925286108390093 and parameters: {'lambda': 1465.8673507626895, 'kappa': 2.869673679819506}. Best is trial 0 with value: 0.6925286108390093.
Trial 2 finished with value: 0.6668185049644542 and parameters: {'lambda': 328.1377557200871, 'kappa': 1.487187364027523}. Best is trial 0 with value: 0.6925286108390093.
Trial 3 finished with value: -0.12177740382408983 and parameters: {'lambda': 134.68574520140024, 'kappa': 3.705159593645523}. Best is trial 0 with value: 0.6925286108390093.
Trial 4 finished with value: 0.6925286108390093 and parameters: {'lambda': 1207.3409317440553, 'kappa': 3.2113854510604285}. Best is trial 0 with value: 0.6925286108390093.
Trial 5 finished with value: 0.16221912839209904 and parameters: {'lambda': 60.6133742333842, 'kappa': 4.029130915629118}. Best is trial 0 with value: 0.6925286108390093.
Trial 6 finished with value: 0.6925286108390093 and parameters: {'lambda': 1664.2846394063226, 'kappa': 1.6631574710979753}. Best is trial 0 with value: 0.6925286108390093.
Trial 7 finished with value: 0.6906948996419031 and parameters: {'lambda': 379.11324308858104, 'kappa': 1.5727916564869089}. Best is trial 0 with value: 0.6925286108390093.
Trial 8 finished with value: 0.65754909253977 and parameters: {'lambda': 620.9252743284724, 'kappa': 2.638869763709691}. Best is trial 0 with value: 0.6925286108390093.
Trial 9 finished with value: 0.6925286108390092 and parameters: {'lambda': 873.1778048064807, 'kappa': 1.9095393660962992}. Best is trial 0 with value: 0.6925286108390093.
Trial 10 finished with value: 0.6925286108390093 and parameters: {'lambda': 1886.8899990604687, 'kappa': 3.4091247782378664}. Best is trial 0 with value: 0.6925286108390093.
Trial 11 finished with value: 0.6925286108390093 and parameters: {'lambda': 1298.712888165613, 'kappa': 2.723057987164341}. Best is trial 0 with value: 0.6925286108390093.
Trial 12 finished with value: 0.6925286108390093 and parameters: {'lambda': 1432.6340894165896, 'kappa': 2.2154997449705958}. Best is trial 0 with value: 0.6925286108390093.
Trial 13 finished with value: 0.6925286108390093 and parameters: {'lambda': 954.3064273027765, 'kappa': 2.9924531776848378}. Best is trial 0 with value: 0.6925286108390093.
Trial 14 finished with value: 0.8464046732968533 and parameters: {'lambda': 681.276779517761, 'kappa': 1.0411523272835173}. Best is trial 14 with value: 0.8464046732968533.
Trial 15 finished with value: 0.8227471714047278 and parameters: {'lambda': 699.5899473522089, 'kappa': 1.0536965098707882}. Best is trial 14 with value: 0.8464046732968533.
Trial 16 finished with value: 0.6885084310815073 and parameters: {'lambda': 581.8649186766631, 'kappa': 1.1038652511964506}. Best is trial 14 with value: 0.8464046732968533.
Trial 17 finished with value: 0.6925286108390093 and parameters: {'lambda': 1076.186849727778, 'kappa': 1.062533574855894}. Best is trial 14 with value: 0.8464046732968533.
Trial 18 finished with value: 0.6925286108390092 and parameters: {'lambda': 679.6022344828967, 'kappa': 2.1403327139654382}. Best is trial 14 with value: 0.8464046732968533.
Trial 19 finished with value: 0.17810713337237422 and parameters: {'lambda': 387.47680342643093, 'kappa': 1.2832748754936625}. Best is trial 14 with value: 0.8464046732968533.
Trial 20 finished with value: 0.6925286108390092 and parameters: {'lambda': 485.5768124317714, 'kappa': 1.8727069824582916}. Best is trial 14 with value: 0.8464046732968533.
Trial 21 finished with value: 0.6925286108390091 and parameters: {'lambda': 808.1304633870071, 'kappa': 2.4053524025917694}. Best is trial 14 with value: 0.8464046732968533.
Trial 22 finished with value: 0.6925286108390092 and parameters: {'lambda': 799.3745505693659, 'kappa': 1.3119312477349645}. Best is trial 14 with value: 0.8464046732968533.
Trial 23 finished with value: 0.6925286108390093 and parameters: {'lambda': 1044.4998962447148, 'kappa': 4.110664833508607}. Best is trial 14 with value: 0.8464046732968533.
Trial 24 finished with value: 0.6925286108390093 and parameters: {'lambda': 730.1271908394926, 'kappa': 3.6154355301766983}. Best is trial 14 with value: 0.8464046732968533.
Trial 25 finished with value: 0.5100720699157337 and parameters: {'lambda': 197.2936547486721, 'kappa': 1.0062431574198483}. Best is trial 14 with value: 0.8464046732968533.
Trial 26 finished with value: 0.6925286108390092 and parameters: {'lambda': 498.777124616597, 'kappa': 1.8740035988064139}. Best is trial 14 with value: 0.8464046732968533.
Trial 27 finished with value: 0.6925286108390093 and parameters: {'lambda': 1001.8502188109624, 'kappa': 1.349713240931726}. Best is trial 14 with value: 0.8464046732968533.
Trial 28 finished with value: 0.6925286108390093 and parameters: {'lambda': 1166.4853206301689, 'kappa': 2.3859580706051555}. Best is trial 14 with value: 0.8464046732968533.
Trial 29 finished with value: 0.6925286108390093 and parameters: {'lambda': 863.1792979857948, 'kappa': 3.035031883063512}. Best is trial 14 with value: 0.8464046732968533.
Optuna best λ=681.2768, κ=1.0411523272835173, Sharpe=0.8464
A new study created in memory with name: no-name-8b002f76-abe0-4cd3-8762-9c6abede15d0
Trial 0 finished with value: 0.2480427852814476 and parameters: {'lambda': 759.7853498839952, 'kappa': 3.9691811987040015}. Best is trial 0 with value: 0.2480427852814476.
Trial 1 finished with value: 0.6653744012966528 and parameters: {'lambda': 1465.8673507626895, 'kappa': 2.869673679819506}. Best is trial 1 with value: 0.6653744012966528.
Trial 2 finished with value: 0.3573601092542461 and parameters: {'lambda': 328.1377557200871, 'kappa': 1.487187364027523}. Best is trial 1 with value: 0.6653744012966528.
Trial 3 finished with value: -0.31694372958566014 and parameters: {'lambda': 134.68574520140024, 'kappa': 3.705159593645523}. Best is trial 1 with value: 0.6653744012966528.
Trial 4 finished with value: 0.6653744012966528 and parameters: {'lambda': 1207.3409317440553, 'kappa': 3.2113854510604285}. Best is trial 1 with value: 0.6653744012966528.
Trial 5 finished with value: -0.44138064636285457 and parameters: {'lambda': 60.6133742333842, 'kappa': 4.029130915629118}. Best is trial 1 with value: 0.6653744012966528.
Trial 6 finished with value: 0.6653744012966528 and parameters: {'lambda': 1664.2846394063226, 'kappa': 1.6631574710979753}. Best is trial 1 with value: 0.6653744012966528.
Trial 7 finished with value: 0.40736558979645854 and parameters: {'lambda': 379.11324308858104, 'kappa': 1.5727916564869089}. Best is trial 1 with value: 0.6653744012966528.
Trial 8 finished with value: 0.23164428491711297 and parameters: {'lambda': 620.9252743284724, 'kappa': 2.638869763709691}. Best is trial 1 with value: 0.6653744012966528.
Trial 9 finished with value: -0.037116803750221486 and parameters: {'lambda': 873.1778048064807, 'kappa': 1.9095393660962992}. Best is trial 1 with value: 0.6653744012966528.
Trial 10 finished with value: 0.6653744012966528 and parameters: {'lambda': 1936.5795254032687, 'kappa': 2.4782512203936142}. Best is trial 1 with value: 0.6653744012966528.
Trial 11 finished with value: 0.6653744012966528 and parameters: {'lambda': 1390.2252518943073, 'kappa': 3.18332783541338}. Best is trial 1 with value: 0.6653744012966528.
Trial 12 finished with value: 0.6653744012966528 and parameters: {'lambda': 1284.3256456958843, 'kappa': 3.155714518529925}. Best is trial 1 with value: 0.6653744012966528.
Trial 13 finished with value: 0.6653744012966528 and parameters: {'lambda': 1241.1722695690644, 'kappa': 3.021337815946988}. Best is trial 1 with value: 0.6653744012966528.
Trial 14 finished with value: 0.6653744012966528 and parameters: {'lambda': 1567.8638086019419, 'kappa': 2.1855441481340363}. Best is trial 1 with value: 0.6653744012966528.
Trial 15 finished with value: 0.6653744012966528 and parameters: {'lambda': 1141.6398330287896, 'kappa': 3.4226504092668155}. Best is trial 1 with value: 0.6653744012966528.
Trial 16 finished with value: 0.6653744012966528 and parameters: {'lambda': 1798.7518030151937, 'kappa': 2.6871233931365808}. Best is trial 1 with value: 0.6653744012966528.
Trial 17 finished with value: 0.6653744012966528 and parameters: {'lambda': 971.8471135857591, 'kappa': 3.5210584037895685}. Best is trial 1 with value: 0.6653744012966528.
Trial 18 finished with value: 0.6653744012966528 and parameters: {'lambda': 1463.2644939284787, 'kappa': 2.847890491959081}. Best is trial 1 with value: 0.6653744012966528.
Trial 19 finished with value: 0.6653744012966528 and parameters: {'lambda': 1103.0929973510547, 'kappa': 2.2347208910546077}. Best is trial 1 with value: 0.6653744012966528.
Trial 20 finished with value: 0.6653744012966528 and parameters: {'lambda': 1670.218171188245, 'kappa': 1.0823503127445389}. Best is trial 1 with value: 0.6653744012966528.
