Trial 11 finished with value: 0.4612034191023224 and parameters: {'lambda': 446.06469989323665, 'kappa': 1.7980101744817147}. Best is trial 2 with value: 0.4612034191023226.
Trial 12 finished with value: 0.46120341910232243 and parameters: {'lambda': 353.10944076736615, 'kappa': 1.1209428898519396}. Best is trial 2 with value: 0.4612034191023226.
Trial 13 finished with value: 0.46120341910232227 and parameters: {'lambda': 1100.9760739817916, 'kappa': 2.2256718351156524}. Best is trial 2 with value: 0.4612034191023226.
Trial 14 finished with value: 0.46120341910232243 and parameters: {'lambda': 367.05033656852584, 'kappa': 1.3921151933115674}. Best is trial 2 with value: 0.4612034191023226.
Trial 15 finished with value: 0.4612034191023223 and parameters: {'lambda': 574.5424571437802, 'kappa': 2.2718069069486355}. Best is trial 2 with value: 0.4612034191023226.
Trial 16 finished with value: 0.4612034191023226 and parameters: {'lambda': 228.20240472072473, 'kappa': 1.4498881943951683}. Best is trial 2 with value: 0.4612034191023226.
Trial 17 finished with value: 0.46120341910232227 and parameters: {'lambda': 916.0984066132451, 'kappa': 2.160388336329991}. Best is trial 2 with value: 0.4612034191023226.
Trial 18 finished with value: 0.46120341910232243 and parameters: {'lambda': 626.0182432909755, 'kappa': 1.366374416255207}. Best is trial 2 with value: 0.4612034191023226.
Trial 19 finished with value: 0.46120341910232227 and parameters: {'lambda': 1267.3870585295888, 'kappa': 3.0611357071645893}. Best is trial 2 with value: 0.4612034191023226.
Trial 20 finished with value: 0.4612034191023224 and parameters: {'lambda': 244.96439745667638, 'kappa': 1.954592983102062}. Best is trial 2 with value: 0.4612034191023226.
Trial 21 finished with value: 0.46120341910232243 and parameters: {'lambda': 190.2376613189073, 'kappa': 1.3625259092232975}. Best is trial 2 with value: 0.4612034191023226.
Trial 22 finished with value: -1.2318008267493592 and parameters: {'lambda': 55.623475695676035, 'kappa': 1.5322170744247423}. Best is trial 2 with value: 0.4612034191023226.
Trial 23 finished with value: 0.46120341910232243 and parameters: {'lambda': 483.71670027936324, 'kappa': 1.1452692971939615}. Best is trial 2 with value: 0.4612034191023226.
Trial 24 finished with value: 0.4612034191023226 and parameters: {'lambda': 300.45740670169477, 'kappa': 1.623237420726121}. Best is trial 2 with value: 0.4612034191023226.
Trial 25 finished with value: 0.4612034191023223 and parameters: {'lambda': 723.965600501137, 'kappa': 2.4438124690698206}. Best is trial 2 with value: 0.4612034191023226.
Trial 26 finished with value: 0.4612034191023224 and parameters: {'lambda': 476.88782861347994, 'kappa': 1.9906169583047053}. Best is trial 2 with value: 0.4612034191023226.
Trial 27 finished with value: 0.46120341910232243 and parameters: {'lambda': 179.5532499338091, 'kappa': 1.3367065076440623}. Best is trial 2 with value: 0.4612034191023226.
Trial 28 finished with value: 0.4612034191023226 and parameters: {'lambda': 788.8434383948149, 'kappa': 1.655578830316252}. Best is trial 2 with value: 0.4612034191023226.
Trial 29 finished with value: -0.4759146279338027 and parameters: {'lambda': 294.15096651623765, 'kappa': 3.747127202931212}. Best is trial 2 with value: 0.4612034191023226.
Optuna best λ=328.1378, κ=1.487187364027523, Sharpe=0.4612
A new study created in memory with name: no-name-d004895a-ce35-41d1-a519-6a1f2903898b
Trial 0 finished with value: -0.40737627462697024 and parameters: {'lambda': 759.7853498839952, 'kappa': 3.9691811987040015}. Best is trial 0 with value: -0.40737627462697024.
Trial 1 finished with value: -0.3096205696247698 and parameters: {'lambda': 1465.8673507626895, 'kappa': 2.869673679819506}. Best is trial 1 with value: -0.3096205696247698.
Trial 2 finished with value: -0.6774933530759534 and parameters: {'lambda': 328.1377557200871, 'kappa': 1.487187364027523}. Best is trial 1 with value: -0.3096205696247698.
Trial 3 finished with value: 0.02291992812260307 and parameters: {'lambda': 134.68574520140024, 'kappa': 3.705159593645523}. Best is trial 3 with value: 0.02291992812260307.
Trial 4 finished with value: -0.3096205696247698 and parameters: {'lambda': 1207.3409317440553, 'kappa': 3.2113854510604285}. Best is trial 3 with value: 0.02291992812260307.
Trial 5 finished with value: 0.04888995684299476 and parameters: {'lambda': 60.6133742333842, 'kappa': 4.029130915629118}. Best is trial 5 with value: 0.04888995684299476.
Trial 6 finished with value: -0.3096205696247698 and parameters: {'lambda': 1664.2846394063226, 'kappa': 1.6631574710979753}. Best is trial 5 with value: 0.04888995684299476.
Trial 7 finished with value: -0.5870188186653251 and parameters: {'lambda': 379.11324308858104, 'kappa': 1.5727916564869089}. Best is trial 5 with value: 0.04888995684299476.
Trial 8 finished with value: -0.40737627462697024 and parameters: {'lambda': 620.9252743284724, 'kappa': 2.638869763709691}. Best is trial 5 with value: 0.04888995684299476.
Trial 9 finished with value: -0.3945344272721963 and parameters: {'lambda': 873.1778048064807, 'kappa': 1.9095393660962992}. Best is trial 5 with value: 0.04888995684299476.
Trial 10 finished with value: -0.3096205696247698 and parameters: {'lambda': 1886.8899990604687, 'kappa': 3.403359914931464}. Best is trial 5 with value: 0.04888995684299476.
Trial 11 finished with value: 0.20086594223387158 and parameters: {'lambda': 34.8609161424165, 'kappa': 3.9798232276603978}. Best is trial 11 with value: 0.20086594223387158.
Trial 12 finished with value: 0.21467879777264326 and parameters: {'lambda': 48.62839461429785, 'kappa': 3.834733028321934}. Best is trial 12 with value: 0.21467879777264326.
Trial 13 finished with value: -0.3836280957055911 and parameters: {'lambda': 451.4173152151434, 'kappa': 2.2256718351156524}. Best is trial 12 with value: 0.21467879777264326.
Trial 14 finished with value: 0.05746531355061341 and parameters: {'lambda': 56.44148341318614, 'kappa': 1.0411523272835173}. Best is trial 12 with value: 0.21467879777264326.
Trial 15 finished with value: -0.3096205696247698 and parameters: {'lambda': 1233.7057774188484, 'kappa': 3.4226504092668155}. Best is trial 12 with value: 0.21467879777264326.
Trial 16 finished with value: -0.4437239034266059 and parameters: {'lambda': 584.603409069565, 'kappa': 3.009263601214514}. Best is trial 12 with value: 0.21467879777264326.
Trial 17 finished with value: -0.2782965260046081 and parameters: {'lambda': 247.44910477412216, 'kappa': 3.6990655621730317}. Best is trial 12 with value: 0.21467879777264326.
Trial 18 finished with value: -0.39638824072568885 and parameters: {'lambda': 1040.4029593384987, 'kappa': 4.117207365706669}. Best is trial 12 with value: 0.21467879777264326.
Trial 19 finished with value: -0.41422619074697914 and parameters: {'lambda': 547.3426771678813, 'kappa': 3.6662955818202514}. Best is trial 12 with value: 0.21467879777264326.
Trial 20 finished with value: -0.23973291577330363 and parameters: {'lambda': 239.60438509757205, 'kappa': 2.6483092299043545}. Best is trial 12 with value: 0.21467879777264326.
Trial 21 finished with value: 0.10135319419151594 and parameters: {'lambda': 50.275025360786124, 'kappa': 1.151285263739384}. Best is trial 12 with value: 0.21467879777264326.
Trial 22 finished with value: -0.16648568920884452 and parameters: {'lambda': 73.91458084659793, 'kappa': 2.2894180870739205}. Best is trial 12 with value: 0.21467879777264326.
Trial 23 finished with value: -0.3096205696247697 and parameters: {'lambda': 234.51848983427845, 'kappa': 1.0571253576954698}. Best is trial 12 with value: 0.21467879777264326.
Trial 24 finished with value: -0.42869027139658455 and parameters: {'lambda': 358.13334308973697, 'kappa': 2.2579058253621183}. Best is trial 12 with value: 0.21467879777264326.
Trial 25 finished with value: 0.1617143847609356 and parameters: {'lambda': 26.747885703264192, 'kappa': 3.7930695480778933}. Best is trial 12 with value: 0.21467879777264326.
Trial 26 finished with value: -0.4757965791360352 and parameters: {'lambda': 469.6872364458779, 'kappa': 3.8069174022002055}. Best is trial 12 with value: 0.21467879777264326.
Trial 27 finished with value: -0.40737627462697024 and parameters: {'lambda': 741.6519850963361, 'kappa': 3.456473576919922}. Best is trial 12 with value: 0.21467879777264326.
Trial 28 finished with value: -0.19843188331137507 and parameters: {'lambda': 187.2240229534572, 'kappa': 3.0658755471242403}. Best is trial 12 with value: 0.21467879777264326.
Trial 29 finished with value: -0.39638824072568885 and parameters: {'lambda': 890.7958275056727, 'kappa': 3.859529256528927}. Best is trial 12 with value: 0.21467879777264326.
Optuna best λ=48.6284, κ=3.834733028321934, Sharpe=0.2147
A new study created in memory with name: no-name-803ed74b-2535-4506-ac66-988b641c58cc
Trial 0 finished with value: -0.6980350158152184 and parameters: {'lambda': 759.7853498839952, 'kappa': 3.9691811987040015}. Best is trial 0 with value: -0.6980350158152184.
Trial 1 finished with value: -0.19751202553905275 and parameters: {'lambda': 1465.8673507626895, 'kappa': 2.869673679819506}. Best is trial 1 with value: -0.19751202553905275.
Trial 2 finished with value: -0.19751202553905292 and parameters: {'lambda': 328.1377557200871, 'kappa': 1.487187364027523}. Best is trial 1 with value: -0.19751202553905275.
Trial 3 finished with value: -0.5200395798246313 and parameters: {'lambda': 134.68574520140024, 'kappa': 3.705159593645523}. Best is trial 1 with value: -0.19751202553905275.
Trial 4 finished with value: -0.19751202553905275 and parameters: {'lambda': 1207.3409317440553, 'kappa': 3.2113854510604285}. Best is trial 1 with value: -0.19751202553905275.
Trial 5 finished with value: 0.05148351207464422 and parameters: {'lambda': 60.6133742333842, 'kappa': 4.029130915629118}. Best is trial 5 with value: 0.05148351207464422.
Trial 6 finished with value: -0.19751202553905275 and parameters: {'lambda': 1664.2846394063226, 'kappa': 1.6631574710979753}. Best is trial 5 with value: 0.05148351207464422.
Trial 7 finished with value: -0.19751202553905292 and parameters: {'lambda': 379.11324308858104, 'kappa': 1.5727916564869089}. Best is trial 5 with value: 0.05148351207464422.
Trial 8 finished with value: 0.19014630780959327 and parameters: {'lambda': 620.9252743284724, 'kappa': 2.638869763709691}. Best is trial 8 with value: 0.19014630780959327.
Trial 9 finished with value: -0.6980350158152184 and parameters: {'lambda': 873.1778048064807, 'kappa': 1.9095393660962992}. Best is trial 8 with value: 0.19014630780959327.
Trial 10 finished with value: 0.19014630780959313 and parameters: {'lambda': 634.9560805115563, 'kappa': 2.220943325373505}. Best is trial 8 with value: 0.19014630780959327.
Trial 11 finished with value: 0.19014630780959327 and parameters: {'lambda': 618.6922950113895, 'kappa': 2.3731805084721884}. Best is trial 8 with value: 0.19014630780959327.
Trial 12 finished with value: -0.19751202553905275 and parameters: {'lambda': 1137.2136429924706, 'kappa': 2.5460800640931707}. Best is trial 8 with value: 0.19014630780959327.
Trial 13 finished with value: 0.19014630780959327 and parameters: {'lambda': 528.5627673835991, 'kappa': 3.1509422370356455}. Best is trial 8 with value: 0.19014630780959327.
Trial 14 finished with value: -0.19751202553905275 and parameters: {'lambda': 997.0283057518049, 'kappa': 1.0411523272835173}. Best is trial 8 with value: 0.19014630780959327.
Trial 15 finished with value: -0.19751202553905275 and parameters: {'lambda': 1931.1367191612144, 'kappa': 2.424624421729972}. Best is trial 8 with value: 0.19014630780959327.
Trial 16 finished with value: 0.19014630780959327 and parameters: {'lambda': 539.3141616126949, 'kappa': 2.9057419422810686}. Best is trial 8 with value: 0.19014630780959327.
Trial 17 finished with value: -0.6980350158152184 and parameters: {'lambda': 796.9467585876617, 'kappa': 1.994041578321538}. Best is trial 8 with value: 0.19014630780959327.
Trial 18 finished with value: -0.19751202553905292 and parameters: {'lambda': 336.1085403003575, 'kappa': 3.397377071789711}. Best is trial 8 with value: 0.19014630780959327.
Trial 19 finished with value: -0.19751202553905275 and parameters: {'lambda': 1267.7538678042038, 'kappa': 2.811523784856045}. Best is trial 8 with value: 0.19014630780959327.
Trial 20 finished with value: -0.19751202553905275 and parameters: {'lambda': 968.2005512471073, 'kappa': 2.1179009071383037}. Best is trial 8 with value: 0.19014630780959327.
Trial 21 finished with value: 0.19014630780959327 and parameters: {'lambda': 574.261866211327, 'kappa': 3.2406432869912276}. Best is trial 8 with value: 0.19014630780959327.
Trial 22 finished with value: -0.19751202553905292 and parameters: {'lambda': 464.1014009080451, 'kappa': 2.6220975470815024}. Best is trial 8 with value: 0.19014630780959327.
Trial 23 finished with value: -0.6980350158152184 and parameters: {'lambda': 708.5201284047421, 'kappa': 3.1045489144581397}. Best is trial 8 with value: 0.19014630780959327.
Trial 24 finished with value: -0.19751202553905284 and parameters: {'lambda': 219.3204236339763, 'kappa': 2.4013625255375386}. Best is trial 8 with value: 0.19014630780959327.
Trial 25 finished with value: 0.19014630780959327 and parameters: {'lambda': 491.9431559248646, 'kappa': 3.431601350050896}. Best is trial 8 with value: 0.19014630780959327.
Trial 26 finished with value: -0.6980350158152184 and parameters: {'lambda': 891.8275324734025, 'kappa': 2.6973385049958396}. Best is trial 8 with value: 0.19014630780959327.
Trial 27 finished with value: 0.19014630780959327 and parameters: {'lambda': 667.1736344894199, 'kappa': 3.674694320488614}. Best is trial 8 with value: 0.19014630780959327.
Trial 28 finished with value: -0.19751202553905284 and parameters: {'lambda': 220.12300781858687, 'kappa': 2.24836444437716}. Best is trial 8 with value: 0.19014630780959327.
Trial 29 finished with value: -0.6980350158152184 and parameters: {'lambda': 801.5709733225216, 'kappa': 2.97339987718467}. Best is trial 8 with value: 0.19014630780959327.
Optuna best λ=620.9253, κ=2.638869763709691, Sharpe=0.1901
A new study created in memory with name: no-name-20f2d129-854c-4997-a043-7581e4ccafe1
Trial 0 finished with value: 1.4486721535632925 and parameters: {'lambda': 759.7853498839952, 'kappa': 3.9691811987040015}. Best is trial 0 with value: 1.4486721535632925.
Trial 1 finished with value: 1.4486721535632925 and parameters: {'lambda': 1465.8673507626895, 'kappa': 2.869673679819506}. Best is trial 0 with value: 1.4486721535632925.
Trial 2 finished with value: 1.4486721535632925 and parameters: {'lambda': 328.1377557200871, 'kappa': 1.487187364027523}. Best is trial 0 with value: 1.4486721535632925.
Trial 3 finished with value: 1.3712625697909298 and parameters: {'lambda': 134.68574520140024, 'kappa': 3.705159593645523}. Best is trial 0 with value: 1.4486721535632925.
Trial 4 finished with value: 1.4486721535632925 and parameters: {'lambda': 1207.3409317440553, 'kappa': 3.2113854510604285}. Best is trial 0 with value: 1.4486721535632925.
Trial 5 finished with value: 1.0897763785046768 and parameters: {'lambda': 60.6133742333842, 'kappa': 4.029130915629118}. Best is trial 0 with value: 1.4486721535632925.
Trial 6 finished with value: 1.4486721535632925 and parameters: {'lambda': 1664.2846394063226, 'kappa': 1.6631574710979753}. Best is trial 0 with value: 1.4486721535632925.
Trial 7 finished with value: 1.4486721535632927 and parameters: {'lambda': 379.11324308858104, 'kappa': 1.5727916564869089}. Best is trial 7 with value: 1.4486721535632927.
Trial 8 finished with value: 1.4486721535632925 and parameters: {'lambda': 620.9252743284724, 'kappa': 2.638869763709691}. Best is trial 7 with value: 1.4486721535632927.
Trial 9 finished with value: 1.4486721535632925 and parameters: {'lambda': 873.1778048064807, 'kappa': 1.9095393660962992}. Best is trial 7 with value: 1.4486721535632927.
Trial 10 finished with value: 1.4486721535632923 and parameters: {'lambda': 430.0641332089457, 'kappa': 1.0187298358271706}. Best is trial 7 with value: 1.4486721535632927.
Trial 11 finished with value: 1.4486721535632925 and parameters: {'lambda': 809.873088210113, 'kappa': 2.236590256472323}. Best is trial 7 with value: 1.4486721535632927.
Trial 12 finished with value: 1.4486721535632925 and parameters: {'lambda': 1137.2136429924706, 'kappa': 3.2898558741033144}. Best is trial 7 with value: 1.4486721535632927.
Trial 13 finished with value: 1.4486721535632923 and parameters: {'lambda': 580.2765472673611, 'kappa': 1.1397511742161632}. Best is trial 7 with value: 1.4486721535632927.
Trial 14 finished with value: 1.4486721535632925 and parameters: {'lambda': 1890.4955953664362, 'kappa': 2.1855441481340363}. Best is trial 7 with value: 1.4486721535632927.
Trial 15 finished with value: 1.4486721535632925 and parameters: {'lambda': 724.7166171575057, 'kappa': 3.9538636572137684}. Best is trial 7 with value: 1.4486721535632927.
Trial 16 finished with value: 1.4486721535632925 and parameters: {'lambda': 311.5577630652723, 'kappa': 3.454287535948866}. Best is trial 7 with value: 1.4486721535632927.
Trial 17 finished with value: 1.4486721535632925 and parameters: {'lambda': 971.8471135857591, 'kappa': 2.8808984144320444}. Best is trial 7 with value: 1.4486721535632927.
Trial 18 finished with value: 1.4486721535632925 and parameters: {'lambda': 1323.670908145954, 'kappa': 2.254913437095711}. Best is trial 7 with value: 1.4486721535632927.
Trial 19 finished with value: 1.4486721535632927 and parameters: {'lambda': 522.5637515357512, 'kappa': 1.4500122488236888}. Best is trial 7 with value: 1.4486721535632927.
Trial 20 finished with value: 1.4486721535632927 and parameters: {'lambda': 472.678490612335, 'kappa': 1.4370078987305739}. Best is trial 7 with value: 1.4486721535632927.
Trial 21 finished with value: 1.4486721535632927 and parameters: {'lambda': 458.2038082732266, 'kappa': 1.4194367062964883}. Best is trial 7 with value: 1.4486721535632927.
Trial 22 finished with value: 1.3763513329039654 and parameters: {'lambda': 234.6865274401597, 'kappa': 1.8398699714717384}. Best is trial 7 with value: 1.4486721535632927.
Trial 23 finished with value: 1.4486721535632923 and parameters: {'lambda': 520.3286386189111, 'kappa': 1.3082775482093154}. Best is trial 7 with value: 1.4486721535632927.
Trial 24 finished with value: 1.3763513329039654 and parameters: {'lambda': 194.0185178552187, 'kappa': 1.8131468421715007}. Best is trial 7 with value: 1.4486721535632927.
Trial 25 finished with value: 1.1726311122096245 and parameters: {'lambda': 29.43302575389413, 'kappa': 1.6120077164932467}. Best is trial 7 with value: 1.4486721535632927.
Trial 26 finished with value: 1.4486721535632923 and parameters: {'lambda': 407.2633384814065, 'kappa': 1.1923510365377825}. Best is trial 7 with value: 1.4486721535632927.
Trial 27 finished with value: 1.4486721535632925 and parameters: {'lambda': 636.7133182011889, 'kappa': 2.042516501355409}. Best is trial 7 with value: 1.4486721535632927.
Trial 28 finished with value: 1.4486721535632925 and parameters: {'lambda': 959.8229976930945, 'kappa': 2.532659516812092}. Best is trial 7 with value: 1.4486721535632927.
Trial 29 finished with value: 1.4486721535632927 and parameters: {'lambda': 736.3014249191583, 'kappa': 1.6089235655042562}. Best is trial 7 with value: 1.4486721535632927.
Optuna best λ=379.1132, κ=1.5727916564869089, Sharpe=1.4487
A new study created in memory with name: no-name-425e70dd-4248-4744-ab73-7cc610aa8af5
Trial 0 finished with value: -0.8804413954918747 and parameters: {'lambda': 759.7853498839952, 'kappa': 3.9691811987040015}. Best is trial 0 with value: -0.8804413954918747.
Trial 1 finished with value: -0.8804413954918747 and parameters: {'lambda': 1465.8673507626895, 'kappa': 2.869673679819506}. Best is trial 0 with value: -0.8804413954918747.
Trial 2 finished with value: -0.8804413954918747 and parameters: {'lambda': 328.1377557200871, 'kappa': 1.487187364027523}. Best is trial 0 with value: -0.8804413954918747.
Trial 3 finished with value: -0.8924482539367361 and parameters: {'lambda': 134.68574520140024, 'kappa': 3.705159593645523}. Best is trial 0 with value: -0.8804413954918747.
Trial 4 finished with value: -0.8804413954918747 and parameters: {'lambda': 1207.3409317440553, 'kappa': 3.2113854510604285}. Best is trial 0 with value: -0.8804413954918747.
Trial 5 finished with value: -0.5917800808439865 and parameters: {'lambda': 60.6133742333842, 'kappa': 4.029130915629118}. Best is trial 5 with value: -0.5917800808439865.
Trial 6 finished with value: -0.8804413954918747 and parameters: {'lambda': 1664.2846394063226, 'kappa': 1.6631574710979753}. Best is trial 5 with value: -0.5917800808439865.
Trial 7 finished with value: -0.8804413954918747 and parameters: {'lambda': 379.11324308858104, 'kappa': 1.5727916564869089}. Best is trial 5 with value: -0.5917800808439865.
Trial 8 finished with value: -0.8804413954918748 and parameters: {'lambda': 620.9252743284724, 'kappa': 2.638869763709691}. Best is trial 5 with value: -0.5917800808439865.
Trial 9 finished with value: -0.8804413954918747 and parameters: {'lambda': 873.1778048064807, 'kappa': 1.9095393660962992}. Best is trial 5 with value: -0.5917800808439865.
Trial 10 finished with value: -0.8804413954918747 and parameters: {'lambda': 1886.8899990604687, 'kappa': 3.403359914931464}. Best is trial 5 with value: -0.5917800808439865.
Trial 11 finished with value: -0.16016981659711876 and parameters: {'lambda': 34.8609161424165, 'kappa': 3.983014214982241}. Best is trial 11 with value: -0.16016981659711876.
Trial 12 finished with value: -0.39316728530584943 and parameters: {'lambda': 48.62839461429785, 'kappa': 3.834733028321934}. Best is trial 11 with value: -0.16016981659711876.
