Trial 6 finished with value: -0.5293189100155362 and parameters: {'lambda': 1664.2846394063226, 'kappa': 1.6631574710979753}. Best is trial 5 with value: -0.021452492237719206.
Trial 7 finished with value: -0.6789741727666327 and parameters: {'lambda': 379.11324308858104, 'kappa': 1.5727916564869089}. Best is trial 5 with value: -0.021452492237719206.
Trial 8 finished with value: -0.7925534928821282 and parameters: {'lambda': 620.9252743284724, 'kappa': 2.638869763709691}. Best is trial 5 with value: -0.021452492237719206.
Trial 9 finished with value: -0.8188560633096427 and parameters: {'lambda': 873.1778048064807, 'kappa': 1.9095393660962992}. Best is trial 5 with value: -0.021452492237719206.
Trial 10 finished with value: -0.5293189100155362 and parameters: {'lambda': 1886.8899990604687, 'kappa': 3.403359914931464}. Best is trial 5 with value: -0.021452492237719206.
Trial 11 finished with value: 0.20056748392684223 and parameters: {'lambda': 34.8609161424165, 'kappa': 3.9798232276603978}. Best is trial 11 with value: 0.20056748392684223.
Trial 12 finished with value: -0.06812569723780511 and parameters: {'lambda': 48.62839461429785, 'kappa': 3.834733028321934}. Best is trial 11 with value: 0.20056748392684223.
Trial 13 finished with value: -1.0162723131218772 and parameters: {'lambda': 452.53111586658093, 'kappa': 4.081306392996711}. Best is trial 11 with value: 0.20056748392684223.
Trial 14 finished with value: -0.5293189100155361 and parameters: {'lambda': 1101.5497235715259, 'kappa': 2.1855441481340363}. Best is trial 11 with value: 0.20056748392684223.
Trial 15 finished with value: 0.15418057693741455 and parameters: {'lambda': 36.665815800610986, 'kappa': 3.340210383474719}. Best is trial 11 with value: 0.20056748392684223.
Trial 16 finished with value: -0.6599846521854023 and parameters: {'lambda': 584.603409069565, 'kappa': 3.3033641938100926}. Best is trial 11 with value: 0.20056748392684223.
Trial 17 finished with value: -0.3767820327377714 and parameters: {'lambda': 247.44910477412216, 'kappa': 2.9348699430616354}. Best is trial 11 with value: 0.20056748392684223.
Trial 18 finished with value: -0.5293189100155363 and parameters: {'lambda': 1281.1108701548017, 'kappa': 3.603054662505956}. Best is trial 11 with value: 0.20056748392684223.
Trial 19 finished with value: -0.8619716804221486 and parameters: {'lambda': 915.0284276141729, 'kappa': 2.341151732038887}. Best is trial 11 with value: 0.20056748392684223.
Trial 20 finished with value: -0.5234453897509409 and parameters: {'lambda': 557.1378893821937, 'kappa': 1.0823503127445389}. Best is trial 11 with value: 0.20056748392684223.
Trial 21 finished with value: -0.04425900201546898 and parameters: {'lambda': 49.46162762008374, 'kappa': 3.722788413455649}. Best is trial 11 with value: 0.20056748392684223.
Trial 22 finished with value: -0.39508159924911224 and parameters: {'lambda': 234.6865274401597, 'kappa': 4.107641156900943}. Best is trial 11 with value: 0.20056748392684223.
Trial 23 finished with value: 0.07751428145497608 and parameters: {'lambda': 24.95704841165176, 'kappa': 3.448922736383024}. Best is trial 11 with value: 0.20056748392684223.
Trial 24 finished with value: -0.39508159924911224 and parameters: {'lambda': 234.95964136784772, 'kappa': 3.06392223338198}. Best is trial 11 with value: 0.20056748392684223.
Trial 25 finished with value: -0.9400477922919747 and parameters: {'lambda': 428.0180010945891, 'kappa': 3.48773318262947}. Best is trial 11 with value: 0.20056748392684223.
Trial 26 finished with value: -0.32100062046767613 and parameters: {'lambda': 205.36409770343494, 'kappa': 3.1918320465351364}. Best is trial 11 with value: 0.20056748392684223.
Trial 27 finished with value: -0.6847999022787922 and parameters: {'lambda': 740.501086529468, 'kappa': 2.599446876309133}. Best is trial 11 with value: 0.20056748392684223.
Trial 28 finished with value: -0.007546098759256971 and parameters: {'lambda': 45.908816140639146, 'kappa': 3.5092631664984033}. Best is trial 11 with value: 0.20056748392684223.
Trial 29 finished with value: -0.968146352331367 and parameters: {'lambda': 481.88716019878024, 'kappa': 3.747127202931212}. Best is trial 11 with value: 0.20056748392684223.
Optuna best λ=34.8609, κ=3.9798232276603978, Sharpe=0.2006
A new study created in memory with name: no-name-2a9504d0-f3bc-4556-ae75-115e01951a3c
Trial 0 finished with value: 0.06312478226600714 and parameters: {'lambda': 759.7853498839952, 'kappa': 3.9691811987040015}. Best is trial 0 with value: 0.06312478226600714.
Trial 1 finished with value: -0.26207212662588797 and parameters: {'lambda': 1465.8673507626895, 'kappa': 2.869673679819506}. Best is trial 0 with value: 0.06312478226600714.
Trial 2 finished with value: 0.6496884871331546 and parameters: {'lambda': 328.1377557200871, 'kappa': 1.487187364027523}. Best is trial 2 with value: 0.6496884871331546.
Trial 3 finished with value: 0.672410496215051 and parameters: {'lambda': 134.68574520140024, 'kappa': 3.705159593645523}. Best is trial 3 with value: 0.672410496215051.
Trial 4 finished with value: -0.42765530143634817 and parameters: {'lambda': 1207.3409317440553, 'kappa': 3.2113854510604285}. Best is trial 3 with value: 0.672410496215051.
Trial 5 finished with value: 0.23322653427828935 and parameters: {'lambda': 60.6133742333842, 'kappa': 4.029130915629118}. Best is trial 3 with value: 0.672410496215051.
Trial 6 finished with value: -0.26207212662588797 and parameters: {'lambda': 1664.2846394063226, 'kappa': 1.6631574710979753}. Best is trial 3 with value: 0.672410496215051.
Trial 7 finished with value: 0.3991003393991413 and parameters: {'lambda': 379.11324308858104, 'kappa': 1.5727916564869089}. Best is trial 3 with value: 0.672410496215051.
Trial 8 finished with value: 0.09423674349371115 and parameters: {'lambda': 620.9252743284724, 'kappa': 2.638869763709691}. Best is trial 3 with value: 0.672410496215051.
Trial 9 finished with value: -0.4659738411817278 and parameters: {'lambda': 873.1778048064807, 'kappa': 1.9095393660962992}. Best is trial 3 with value: 0.672410496215051.
Trial 10 finished with value: -0.26207212662588797 and parameters: {'lambda': 1886.8899990604687, 'kappa': 3.4270596555033017}. Best is trial 3 with value: 0.672410496215051.
Trial 11 finished with value: 0.1856922760324027 and parameters: {'lambda': 34.8609161424165, 'kappa': 1.0799836552286157}. Best is trial 3 with value: 0.672410496215051.
Trial 12 finished with value: 0.02132364639033768 and parameters: {'lambda': 401.62106243282926, 'kappa': 2.243131401327489}. Best is trial 3 with value: 0.672410496215051.
Trial 13 finished with value: 0.47244765093718266 and parameters: {'lambda': 348.62351716613654, 'kappa': 1.0360510594857923}. Best is trial 3 with value: 0.672410496215051.
Trial 14 finished with value: -0.430244670712136 and parameters: {'lambda': 1101.5497235715259, 'kappa': 3.472094027994215}. Best is trial 3 with value: 0.672410496215051.
Trial 15 finished with value: 0.15512984511907107 and parameters: {'lambda': 574.3416104868592, 'kappa': 2.2718069069486355}. Best is trial 3 with value: 0.672410496215051.
Trial 16 finished with value: -0.11733139059360737 and parameters: {'lambda': 221.93054614190385, 'kappa': 2.8939565129180003}. Best is trial 3 with value: 0.672410496215051.
Trial 17 finished with value: 0.3152720789768041 and parameters: {'lambda': 570.8375718127747, 'kappa': 3.6488887169730004}. Best is trial 3 with value: 0.672410496215051.
Trial 18 finished with value: 0.5508968396238902 and parameters: {'lambda': 256.59860451925977, 'kappa': 1.384975415809359}. Best is trial 3 with value: 0.672410496215051.
Trial 19 finished with value: -0.32759941037101536 and parameters: {'lambda': 918.2618811360751, 'kappa': 2.1256373607514742}. Best is trial 3 with value: 0.672410496215051.
Trial 20 finished with value: -0.42765530143634817 and parameters: {'lambda': 1309.8360941711126, 'kappa': 2.6483092299043545}. Best is trial 3 with value: 0.672410496215051.
Trial 21 finished with value: -0.058284390614171434 and parameters: {'lambda': 199.59985418030251, 'kappa': 1.4121235985234755}. Best is trial 3 with value: 0.672410496215051.
Trial 22 finished with value: 0.27947637476190984 and parameters: {'lambda': 234.6865274401597, 'kappa': 1.3494780388968197}. Best is trial 3 with value: 0.672410496215051.
Trial 23 finished with value: 0.0361050221293855 and parameters: {'lambda': 28.298435699858175, 'kappa': 1.8748766977332858}. Best is trial 3 with value: 0.672410496215051.
Trial 24 finished with value: -0.04926969432443283 and parameters: {'lambda': 523.5558916951327, 'kappa': 1.2657942545968028}. Best is trial 3 with value: 0.672410496215051.
Trial 25 finished with value: -0.4423384657574146 and parameters: {'lambda': 697.5994854331268, 'kappa': 1.7399522777810867}. Best is trial 3 with value: 0.672410496215051.
Trial 26 finished with value: 0.2599077028476144 and parameters: {'lambda': 432.6212731376952, 'kappa': 2.05249951512713}. Best is trial 3 with value: 0.672410496215051.
Trial 27 finished with value: -0.16239609319883425 and parameters: {'lambda': 207.2807254834779, 'kappa': 2.441016049888713}. Best is trial 3 with value: 0.672410496215051.
Trial 28 finished with value: 0.2865975087273762 and parameters: {'lambda': 302.8776749280208, 'kappa': 1.4928693307173073}. Best is trial 3 with value: 0.672410496215051.
Trial 29 finished with value: -0.0403689515685646 and parameters: {'lambda': 806.3418165710602, 'kappa': 3.747127202931212}. Best is trial 3 with value: 0.672410496215051.
Optuna best λ=134.6857, κ=3.705159593645523, Sharpe=0.6724
A new study created in memory with name: no-name-6ac48b77-3a86-4c7c-aee5-defd90177d63
Trial 0 finished with value: -0.27126578524243944 and parameters: {'lambda': 759.7853498839952, 'kappa': 3.9691811987040015}. Best is trial 0 with value: -0.27126578524243944.
Trial 1 finished with value: 0.05670575274685312 and parameters: {'lambda': 1465.8673507626895, 'kappa': 2.869673679819506}. Best is trial 1 with value: 0.05670575274685312.
Trial 2 finished with value: 0.016146218986975255 and parameters: {'lambda': 328.1377557200871, 'kappa': 1.487187364027523}. Best is trial 1 with value: 0.05670575274685312.
Trial 3 finished with value: 0.05674055733037815 and parameters: {'lambda': 134.68574520140024, 'kappa': 3.705159593645523}. Best is trial 3 with value: 0.05674055733037815.
Trial 4 finished with value: -0.06898733108681164 and parameters: {'lambda': 1207.3409317440553, 'kappa': 3.2113854510604285}. Best is trial 3 with value: 0.05674055733037815.
Trial 5 finished with value: -0.1547772640878981 and parameters: {'lambda': 60.6133742333842, 'kappa': 4.029130915629118}. Best is trial 3 with value: 0.05674055733037815.
Trial 6 finished with value: 0.05670575274685312 and parameters: {'lambda': 1664.2846394063226, 'kappa': 1.6631574710979753}. Best is trial 3 with value: 0.05674055733037815.
Trial 7 finished with value: 0.029992276722408562 and parameters: {'lambda': 379.11324308858104, 'kappa': 1.5727916564869089}. Best is trial 3 with value: 0.05674055733037815.
Trial 8 finished with value: -0.15851718769567136 and parameters: {'lambda': 620.9252743284724, 'kappa': 2.638869763709691}. Best is trial 3 with value: 0.05674055733037815.
Trial 9 finished with value: -0.23749042404645326 and parameters: {'lambda': 873.1778048064807, 'kappa': 1.9095393660962992}. Best is trial 3 with value: 0.05674055733037815.
Trial 10 finished with value: 0.05670575274685312 and parameters: {'lambda': 1886.8899990604687, 'kappa': 3.4270596555033017}. Best is trial 3 with value: 0.05674055733037815.
Trial 11 finished with value: -0.007418376708606173 and parameters: {'lambda': 1298.9533901026055, 'kappa': 2.8362681011605164}. Best is trial 3 with value: 0.05674055733037815.
Trial 12 finished with value: 0.05670575274685312 and parameters: {'lambda': 1460.6549280008735, 'kappa': 3.440130975479543}. Best is trial 3 with value: 0.05674055733037815.
Trial 13 finished with value: 0.027286929852016095 and parameters: {'lambda': 1100.9760739817916, 'kappa': 2.2256718351156524}. Best is trial 3 with value: 0.05674055733037815.
Trial 14 finished with value: 0.05670575274685312 and parameters: {'lambda': 1567.8638086019419, 'kappa': 1.0411523272835173}. Best is trial 3 with value: 0.05674055733037815.
Trial 15 finished with value: 0.05670575274685312 and parameters: {'lambda': 1931.1367191612144, 'kappa': 3.1183491327756907}. Best is trial 3 with value: 0.05674055733037815.
Trial 16 finished with value: 0.042927449395401863 and parameters: {'lambda': 161.70629077990583, 'kappa': 3.7812505771217495}. Best is trial 3 with value: 0.05674055733037815.
Trial 17 finished with value: -0.25642886297556283 and parameters: {'lambda': 538.0198196064882, 'kappa': 2.481096298870659}. Best is trial 3 with value: 0.05674055733037815.
Trial 18 finished with value: -0.14941944434691629 and parameters: {'lambda': 1010.9562790987437, 'kappa': 3.6192921336823627}. Best is trial 3 with value: 0.05674055733037815.
Trial 19 finished with value: 0.05670575274685312 and parameters: {'lambda': 1409.656597453123, 'kappa': 3.001315520322696}. Best is trial 3 with value: 0.05674055733037815.
Trial 20 finished with value: 0.05670575274685312 and parameters: {'lambda': 1766.9850805992291, 'kappa': 2.2367623070402187}. Best is trial 3 with value: 0.05674055733037815.
Trial 21 finished with value: 0.05670575274685312 and parameters: {'lambda': 1557.5403898205332, 'kappa': 1.8572455642060295}. Best is trial 3 with value: 0.05674055733037815.
Trial 22 finished with value: 0.05670575274685312 and parameters: {'lambda': 1727.6768507585589, 'kappa': 1.104892266180197}. Best is trial 3 with value: 0.05674055733037815.
Trial 23 finished with value: 0.05670575274685312 and parameters: {'lambda': 1618.0616260587717, 'kappa': 2.5561440835110707}. Best is trial 3 with value: 0.05674055733037815.
Trial 24 finished with value: 0.09492860368828722 and parameters: {'lambda': 1305.9104486819938, 'kappa': 2.187376172636838}. Best is trial 24 with value: 0.09492860368828722.
Trial 25 finished with value: 0.07384272947858567 and parameters: {'lambda': 1193.6153837368151, 'kappa': 2.18758275606618}. Best is trial 24 with value: 0.09492860368828722.
Trial 26 finished with value: -0.15500239818645278 and parameters: {'lambda': 899.3330740935075, 'kappa': 2.156171502587222}. Best is trial 24 with value: 0.09492860368828722.
Trial 27 finished with value: -0.010630341427193293 and parameters: {'lambda': 1192.4678120227527, 'kappa': 1.9682790081244042}. Best is trial 24 with value: 0.09492860368828722.
Trial 28 finished with value: 0.05670575274685312 and parameters: {'lambda': 1274.9404108792019, 'kappa': 1.326184431810769}. Best is trial 24 with value: 0.09492860368828722.
Trial 29 finished with value: 0.01373276563734771 and parameters: {'lambda': 695.5168839496816, 'kappa': 2.3888895440136397}. Best is trial 24 with value: 0.09492860368828722.
Optuna best λ=1305.9104, κ=2.187376172636838, Sharpe=0.0949
A new study created in memory with name: no-name-c68c23bb-8e35-4f40-ada0-fa74ca9b53fe
Trial 0 finished with value: -0.10080332608604543 and parameters: {'lambda': 759.7853498839952, 'kappa': 3.9691811987040015}. Best is trial 0 with value: -0.10080332608604543.
Trial 1 finished with value: -0.19557469594226595 and parameters: {'lambda': 1465.8673507626895, 'kappa': 2.869673679819506}. Best is trial 0 with value: -0.10080332608604543.
Trial 2 finished with value: 0.06780497830475618 and parameters: {'lambda': 328.1377557200871, 'kappa': 1.487187364027523}. Best is trial 2 with value: 0.06780497830475618.
Trial 3 finished with value: -0.47160250664435815 and parameters: {'lambda': 134.68574520140024, 'kappa': 3.705159593645523}. Best is trial 2 with value: 0.06780497830475618.
Trial 4 finished with value: -0.1896928519932407 and parameters: {'lambda': 1207.3409317440553, 'kappa': 3.2113854510604285}. Best is trial 2 with value: 0.06780497830475618.
Trial 5 finished with value: -0.2837132702496056 and parameters: {'lambda': 60.6133742333842, 'kappa': 4.029130915629118}. Best is trial 2 with value: 0.06780497830475618.
Trial 6 finished with value: 0.6479103667650254 and parameters: {'lambda': 1664.2846394063226, 'kappa': 1.6631574710979753}. Best is trial 6 with value: 0.6479103667650254.
Trial 7 finished with value: -0.024282603576502117 and parameters: {'lambda': 379.11324308858104, 'kappa': 1.5727916564869089}. Best is trial 6 with value: 0.6479103667650254.
Trial 8 finished with value: -0.11048598323818233 and parameters: {'lambda': 620.9252743284724, 'kappa': 2.638869763709691}. Best is trial 6 with value: 0.6479103667650254.
Trial 9 finished with value: -0.27646285671296833 and parameters: {'lambda': 873.1778048064807, 'kappa': 1.9095393660962992}. Best is trial 6 with value: 0.6479103667650254.
Trial 10 finished with value: -0.06583917406483172 and parameters: {'lambda': 1951.797746843402, 'kappa': 1.0187298358271706}. Best is trial 6 with value: 0.6479103667650254.
Trial 11 finished with value: -0.06583917406483172 and parameters: {'lambda': 1764.4851683898544, 'kappa': 1.895795066525794}. Best is trial 6 with value: 0.6479103667650254.
Trial 12 finished with value: 0.7001951366251393 and parameters: {'lambda': 1284.3256456958843, 'kappa': 1.1209428898519396}. Best is trial 12 with value: 0.7001951366251393.
Trial 13 finished with value: 0.7001951366251393 and parameters: {'lambda': 1368.761997104641, 'kappa': 1.0406417232781981}. Best is trial 12 with value: 0.7001951366251393.
Trial 14 finished with value: 0.7001951366251393 and parameters: {'lambda': 1241.2628078116816, 'kappa': 1.0115821868677501}. Best is trial 12 with value: 0.7001951366251393.
Trial 15 finished with value: -0.2704798402729907 and parameters: {'lambda': 1146.291365020459, 'kappa': 2.2718069069486355}. Best is trial 12 with value: 0.7001951366251393.
Trial 16 finished with value: 0.7001951366251393 and parameters: {'lambda': 1461.6660054939873, 'kappa': 1.2846950654341842}. Best is trial 12 with value: 0.7001951366251393.
Trial 17 finished with value: -0.17948786359011687 and parameters: {'lambda': 1397.3838902478783, 'kappa': 2.2277065393072126}. Best is trial 12 with value: 0.7001951366251393.
Trial 18 finished with value: -0.06583917406483172 and parameters: {'lambda': 1707.4643746005013, 'kappa': 1.3319043521260874}. Best is trial 12 with value: 0.7001951366251393.
Trial 19 finished with value: -0.28971294529132297 and parameters: {'lambda': 988.5770936322838, 'kappa': 2.2050631225254986}. Best is trial 12 with value: 0.7001951366251393.
Trial 20 finished with value: -0.26590274693968363 and parameters: {'lambda': 1030.386195911298, 'kappa': 3.1534956380291588}. Best is trial 12 with value: 0.7001951366251393.
Trial 21 finished with value: 0.7001951366251393 and parameters: {'lambda': 1262.7523529619873, 'kappa': 1.06444905978134}. Best is trial 12 with value: 0.7001951366251393.
Trial 22 finished with value: 0.7001951366251393 and parameters: {'lambda': 1307.1156795330257, 'kappa': 1.1908213018940967}. Best is trial 12 with value: 0.7001951366251393.
Trial 23 finished with value: -0.2132307839017857 and parameters: {'lambda': 1544.7526113531517, 'kappa': 1.7887574309703043}. Best is trial 12 with value: 0.7001951366251393.
Trial 24 finished with value: 0.7001951366251393 and parameters: {'lambda': 1092.8535006354236, 'kappa': 1.0092146020591888}. Best is trial 12 with value: 0.7001951366251393.
Trial 25 finished with value: -0.06583917406483172 and parameters: {'lambda': 1889.8602001742986, 'kappa': 1.4117605946665597}. Best is trial 12 with value: 0.7001951366251393.
Trial 26 finished with value: 0.7001951366251393 and parameters: {'lambda': 855.0111871923019, 'kappa': 1.2718890554464848}. Best is trial 12 with value: 0.7001951366251393.
Trial 27 finished with value: 0.6479103667650254 and parameters: {'lambda': 1565.6010993413176, 'kappa': 1.5780179378721815}. Best is trial 12 with value: 0.7001951366251393.
Trial 28 finished with value: -0.2132307839017857 and parameters: {'lambda': 1329.9535729238207, 'kappa': 1.9476948493779247}. Best is trial 12 with value: 0.7001951366251393.
Trial 29 finished with value: -0.20022425650061113 and parameters: {'lambda': 681.8745515459573, 'kappa': 3.747127202931212}. Best is trial 12 with value: 0.7001951366251393.
Optuna best λ=1284.3256, κ=1.1209428898519396, Sharpe=0.7002
A new study created in memory with name: no-name-bfd4c806-fcb9-4858-9db0-3bf9eea17000
Trial 0 finished with value: -0.07146291689336423 and parameters: {'lambda': 759.7853498839952, 'kappa': 3.9691811987040015}. Best is trial 0 with value: -0.07146291689336423.
Trial 1 finished with value: -0.07146291689336423 and parameters: {'lambda': 1465.8673507626895, 'kappa': 2.869673679819506}. Best is trial 0 with value: -0.07146291689336423.
Trial 2 finished with value: 0.09211433197458194 and parameters: {'lambda': 328.1377557200871, 'kappa': 1.487187364027523}. Best is trial 2 with value: 0.09211433197458194.
Trial 3 finished with value: 0.23220607970091556 and parameters: {'lambda': 134.68574520140024, 'kappa': 3.705159593645523}. Best is trial 3 with value: 0.23220607970091556.
Trial 4 finished with value: -0.07146291689336423 and parameters: {'lambda': 1207.3409317440553, 'kappa': 3.2113854510604285}. Best is trial 3 with value: 0.23220607970091556.
Trial 5 finished with value: 0.42608807803875226 and parameters: {'lambda': 60.6133742333842, 'kappa': 4.029130915629118}. Best is trial 5 with value: 0.42608807803875226.
Trial 6 finished with value: 0.09211433197458194 and parameters: {'lambda': 1664.2846394063226, 'kappa': 1.6631574710979753}. Best is trial 5 with value: 0.42608807803875226.
Trial 7 finished with value: 0.09211433197458194 and parameters: {'lambda': 379.11324308858104, 'kappa': 1.5727916564869089}. Best is trial 5 with value: 0.42608807803875226.
