Trial 1 finished with value: 0.19006550939813813 and parameters: {'lambda': 1465.8673507626895, 'kappa': 2.869673679819506}. Best is trial 0 with value: 0.4681400127298027.
Trial 2 finished with value: 0.45583282684921 and parameters: {'lambda': 328.1377557200871, 'kappa': 1.487187364027523}. Best is trial 0 with value: 0.4681400127298027.
Trial 3 finished with value: 0.5502993504702622 and parameters: {'lambda': 134.68574520140024, 'kappa': 3.705159593645523}. Best is trial 3 with value: 0.5502993504702622.
Trial 4 finished with value: 0.19006550939813813 and parameters: {'lambda': 1207.3409317440553, 'kappa': 3.2113854510604285}. Best is trial 3 with value: 0.5502993504702622.
Trial 5 finished with value: 0.3769723077681003 and parameters: {'lambda': 60.6133742333842, 'kappa': 4.029130915629118}. Best is trial 3 with value: 0.5502993504702622.
Trial 6 finished with value: 0.19006550939813813 and parameters: {'lambda': 1664.2846394063226, 'kappa': 1.6631574710979753}. Best is trial 3 with value: 0.5502993504702622.
Trial 7 finished with value: 0.5993469920981911 and parameters: {'lambda': 379.11324308858104, 'kappa': 1.5727916564869089}. Best is trial 7 with value: 0.5993469920981911.
Trial 8 finished with value: 0.40713098312252427 and parameters: {'lambda': 620.9252743284724, 'kappa': 2.638869763709691}. Best is trial 7 with value: 0.5993469920981911.
Trial 9 finished with value: 0.40795988479640527 and parameters: {'lambda': 873.1778048064807, 'kappa': 1.9095393660962992}. Best is trial 7 with value: 0.5993469920981911.
Trial 10 finished with value: 0.4067016342497569 and parameters: {'lambda': 430.0641332089457, 'kappa': 1.0187298358271706}. Best is trial 7 with value: 0.5993469920981911.
Trial 11 finished with value: -0.2566606430695861 and parameters: {'lambda': 34.8609161424165, 'kappa': 3.3660121522697977}. Best is trial 7 with value: 0.5993469920981911.
Trial 12 finished with value: 0.11732547918565113 and parameters: {'lambda': 353.10944076736615, 'kappa': 2.0743178083052256}. Best is trial 7 with value: 0.5993469920981911.
Trial 13 finished with value: 0.19006550939813813 and parameters: {'lambda': 1100.9760739817916, 'kappa': 2.299309612574695}. Best is trial 7 with value: 0.5993469920981911.
Trial 14 finished with value: 0.6650647990041041 and parameters: {'lambda': 542.7852655565557, 'kappa': 1.023595910986902}. Best is trial 14 with value: 0.6650647990041041.
Trial 15 finished with value: 0.6650647990041041 and parameters: {'lambda': 598.4726422584353, 'kappa': 1.0288461759973684}. Best is trial 14 with value: 0.6650647990041041.
Trial 16 finished with value: 0.6650647990041041 and parameters: {'lambda': 615.3393122911732, 'kappa': 1.1021299988660447}. Best is trial 14 with value: 0.6650647990041041.
Trial 17 finished with value: 0.19006550939813813 and parameters: {'lambda': 949.8779717110795, 'kappa': 1.2842394819828564}. Best is trial 14 with value: 0.6650647990041041.
Trial 18 finished with value: 0.19006550939813813 and parameters: {'lambda': 1312.355216262559, 'kappa': 1.8890463155453059}. Best is trial 14 with value: 0.6650647990041041.
Trial 19 finished with value: 0.6650647990041041 and parameters: {'lambda': 723.0918209287356, 'kappa': 1.3291968327709633}. Best is trial 14 with value: 0.6650647990041041.
Trial 20 finished with value: 0.19006550939813813 and parameters: {'lambda': 1821.2705646540783, 'kappa': 2.4781455957396554}. Best is trial 14 with value: 0.6650647990041041.
Trial 21 finished with value: 0.6650647990041041 and parameters: {'lambda': 557.964174219376, 'kappa': 1.0614234050237112}. Best is trial 14 with value: 0.6650647990041041.
Trial 22 finished with value: 0.6650647990041041 and parameters: {'lambda': 817.1817448046146, 'kappa': 1.1883778150432358}. Best is trial 14 with value: 0.6650647990041041.
Trial 23 finished with value: 0.37281620211026617 and parameters: {'lambda': 538.820306002756, 'kappa': 1.6969106538213818}. Best is trial 14 with value: 0.6650647990041041.
Trial 24 finished with value: 0.2424380353788375 and parameters: {'lambda': 265.7624480080805, 'kappa': 1.0039861697355297}. Best is trial 14 with value: 0.6650647990041041.
Trial 25 finished with value: 0.6650647990041041 and parameters: {'lambda': 629.3474763009153, 'kappa': 1.3359849390607728}. Best is trial 14 with value: 0.6650647990041041.
Trial 26 finished with value: 0.36404380929504127 and parameters: {'lambda': 1001.4774175620676, 'kappa': 1.465762299993266}. Best is trial 14 with value: 0.6650647990041041.
Trial 27 finished with value: 0.4434723526044179 and parameters: {'lambda': 208.02413878107706, 'kappa': 1.9682790081244042}. Best is trial 14 with value: 0.6650647990041041.
Trial 28 finished with value: 0.6126695662941747 and parameters: {'lambda': 483.2942108348095, 'kappa': 1.2167850494248822}. Best is trial 14 with value: 0.6650647990041041.
Trial 29 finished with value: 0.4358271405050462 and parameters: {'lambda': 783.9371195222486, 'kappa': 2.165725231536859}. Best is trial 14 with value: 0.6650647990041041.
Optuna best λ=542.7853, κ=1.023595910986902, Sharpe=0.6651
A new study created in memory with name: no-name-571c2f72-c073-4f76-bcdf-40a46ce213c8
Trial 0 finished with value: -0.3796456752144801 and parameters: {'lambda': 759.7853498839952, 'kappa': 3.9691811987040015}. Best is trial 0 with value: -0.3796456752144801.
Trial 1 finished with value: 0.5856122005614676 and parameters: {'lambda': 1465.8673507626895, 'kappa': 2.869673679819506}. Best is trial 1 with value: 0.5856122005614676.
Trial 2 finished with value: 0.5856122005614673 and parameters: {'lambda': 328.1377557200871, 'kappa': 1.487187364027523}. Best is trial 1 with value: 0.5856122005614676.
Trial 3 finished with value: -0.1054174727794583 and parameters: {'lambda': 134.68574520140024, 'kappa': 3.705159593645523}. Best is trial 1 with value: 0.5856122005614676.
Trial 4 finished with value: 0.5856122005614676 and parameters: {'lambda': 1207.3409317440553, 'kappa': 3.2113854510604285}. Best is trial 1 with value: 0.5856122005614676.
Trial 5 finished with value: 0.9883901804600247 and parameters: {'lambda': 60.6133742333842, 'kappa': 4.029130915629118}. Best is trial 5 with value: 0.9883901804600247.
Trial 6 finished with value: 0.5856122005614676 and parameters: {'lambda': 1664.2846394063226, 'kappa': 1.6631574710979753}. Best is trial 5 with value: 0.9883901804600247.
Trial 7 finished with value: 0.5856122005614673 and parameters: {'lambda': 379.11324308858104, 'kappa': 1.5727916564869089}. Best is trial 5 with value: 0.9883901804600247.
Trial 8 finished with value: -0.40148224152685014 and parameters: {'lambda': 620.9252743284724, 'kappa': 2.638869763709691}. Best is trial 5 with value: 0.9883901804600247.
Trial 9 finished with value: 0.8304653260466744 and parameters: {'lambda': 873.1778048064807, 'kappa': 1.9095393660962992}. Best is trial 5 with value: 0.9883901804600247.
Trial 10 finished with value: 0.5856122005614676 and parameters: {'lambda': 1886.8899990604687, 'kappa': 3.403359914931464}. Best is trial 5 with value: 0.9883901804600247.
Trial 11 finished with value: 0.5856122005614676 and parameters: {'lambda': 1002.3906250138785, 'kappa': 2.1239772323595436}. Best is trial 5 with value: 0.9883901804600247.
Trial 12 finished with value: 0.7707124219024715 and parameters: {'lambda': 45.29266221530304, 'kappa': 2.1653702315615755}. Best is trial 5 with value: 0.9883901804600247.
Trial 13 finished with value: -0.4121427623878594 and parameters: {'lambda': 834.7617603436215, 'kappa': 2.2256718351156524}. Best is trial 5 with value: 0.9883901804600247.
Trial 14 finished with value: 0.5856122005614676 and parameters: {'lambda': 1258.2419625765717, 'kappa': 1.0373077153894181}. Best is trial 5 with value: 0.9883901804600247.
Trial 15 finished with value: -0.3796456752144801 and parameters: {'lambda': 472.53413546903545, 'kappa': 2.9748484319512443}. Best is trial 5 with value: 0.9883901804600247.
Trial 16 finished with value: 0.5856122005614676 and parameters: {'lambda': 1052.079953402004, 'kappa': 4.097964996435719}. Best is trial 5 with value: 0.9883901804600247.
Trial 17 finished with value: -0.40148224152685014 and parameters: {'lambda': 614.7523255767261, 'kappa': 2.4954193772084907}. Best is trial 5 with value: 0.9883901804600247.
Trial 18 finished with value: -0.249497398834229 and parameters: {'lambda': 256.59860451925977, 'kappa': 1.9251871624729775}. Best is trial 5 with value: 0.9883901804600247.
Trial 19 finished with value: 0.5856122005614676 and parameters: {'lambda': 1644.5738334746402, 'kappa': 1.0361622644955428}. Best is trial 5 with value: 0.9883901804600247.
Trial 20 finished with value: -0.3796456752144801 and parameters: {'lambda': 911.1304725935601, 'kappa': 3.604862213997272}. Best is trial 5 with value: 0.9883901804600247.
Trial 21 finished with value: -0.02168943028206144 and parameters: {'lambda': 141.48776892407398, 'kappa': 2.382462604000245}. Best is trial 5 with value: 0.9883901804600247.
Trial 22 finished with value: 0.9161112378527742 and parameters: {'lambda': 43.77683711669316, 'kappa': 1.7743854432632322}. Best is trial 5 with value: 0.9883901804600247.
Trial 23 finished with value: 0.09772336338740258 and parameters: {'lambda': 25.030566125444974, 'kappa': 1.8062895723289416}. Best is trial 5 with value: 0.9883901804600247.
Trial 24 finished with value: -0.35197611631211223 and parameters: {'lambda': 523.5558916951327, 'kappa': 1.3330325755084758}. Best is trial 5 with value: 0.9883901804600247.
Trial 25 finished with value: -0.22519969194914802 and parameters: {'lambda': 237.14541421392602, 'kappa': 1.8744413899888643}. Best is trial 5 with value: 0.9883901804600247.
Trial 26 finished with value: -0.4121427623878594 and parameters: {'lambda': 717.1932077701383, 'kappa': 2.0259400074776446}. Best is trial 5 with value: 0.9883901804600247.
Trial 27 finished with value: -0.35197611631211223 and parameters: {'lambda': 428.5694384712411, 'kappa': 1.349713240931726}. Best is trial 5 with value: 0.9883901804600247.
Trial 28 finished with value: 0.1508889857830764 and parameters: {'lambda': 191.8515672563533, 'kappa': 2.7753528660082445}. Best is trial 5 with value: 0.9883901804600247.
Trial 29 finished with value: 0.5856122005614676 and parameters: {'lambda': 1190.1512188707925, 'kappa': 3.8932345902667045}. Best is trial 5 with value: 0.9883901804600247.
Optuna best λ=60.6134, κ=4.029130915629118, Sharpe=0.9884
A new study created in memory with name: no-name-f9291f4a-d0b1-44f4-901f-7b93aa8d90ef
Trial 0 finished with value: 1.0325163604731642 and parameters: {'lambda': 759.7853498839952, 'kappa': 3.9691811987040015}. Best is trial 0 with value: 1.0325163604731642.
Trial 1 finished with value: 1.0325163604731646 and parameters: {'lambda': 1465.8673507626895, 'kappa': 2.869673679819506}. Best is trial 1 with value: 1.0325163604731646.
Trial 2 finished with value: 1.0325163604731646 and parameters: {'lambda': 328.1377557200871, 'kappa': 1.487187364027523}. Best is trial 1 with value: 1.0325163604731646.
Trial 3 finished with value: 1.2290164914107116 and parameters: {'lambda': 134.68574520140024, 'kappa': 3.705159593645523}. Best is trial 3 with value: 1.2290164914107116.
Trial 4 finished with value: 1.0325163604731646 and parameters: {'lambda': 1207.3409317440553, 'kappa': 3.2113854510604285}. Best is trial 3 with value: 1.2290164914107116.
Trial 5 finished with value: 1.430882739314746 and parameters: {'lambda': 60.6133742333842, 'kappa': 4.029130915629118}. Best is trial 5 with value: 1.430882739314746.
Trial 6 finished with value: 1.0325163604731646 and parameters: {'lambda': 1664.2846394063226, 'kappa': 1.6631574710979753}. Best is trial 5 with value: 1.430882739314746.
Trial 7 finished with value: 1.0325163604731646 and parameters: {'lambda': 379.11324308858104, 'kappa': 1.5727916564869089}. Best is trial 5 with value: 1.430882739314746.
Trial 8 finished with value: 1.0325163604731642 and parameters: {'lambda': 620.9252743284724, 'kappa': 2.638869763709691}. Best is trial 5 with value: 1.430882739314746.
Trial 9 finished with value: 1.0325163604731642 and parameters: {'lambda': 873.1778048064807, 'kappa': 1.9095393660962992}. Best is trial 5 with value: 1.430882739314746.
Trial 10 finished with value: 1.0325163604731646 and parameters: {'lambda': 1886.8899990604687, 'kappa': 3.403359914931464}. Best is trial 5 with value: 1.430882739314746.
Trial 11 finished with value: 1.0856731356177687 and parameters: {'lambda': 34.8609161424165, 'kappa': 3.9798232276603978}. Best is trial 5 with value: 1.430882739314746.
Trial 12 finished with value: 1.4860607203845733 and parameters: {'lambda': 48.648302835881935, 'kappa': 3.561963338490747}. Best is trial 12 with value: 1.4860607203845733.
Trial 13 finished with value: 1.0325163604731644 and parameters: {'lambda': 458.71550574604817, 'kappa': 2.2138004647354244}. Best is trial 12 with value: 1.4860607203845733.
Trial 14 finished with value: 1.0325163604731646 and parameters: {'lambda': 1101.5497235715259, 'kappa': 1.0411523272835173}. Best is trial 12 with value: 1.4860607203845733.
Trial 15 finished with value: 1.18725249402915 and parameters: {'lambda': 37.04164027829687, 'kappa': 3.4127958079702214}. Best is trial 12 with value: 1.4860607203845733.
Trial 16 finished with value: 1.1748272121642833 and parameters: {'lambda': 268.40090468770285, 'kappa': 4.108557595648523}. Best is trial 12 with value: 1.4860607203845733.
Trial 17 finished with value: 1.0325163604731642 and parameters: {'lambda': 580.298862003607, 'kappa': 2.9348699430616354}. Best is trial 12 with value: 1.4860607203845733.
Trial 18 finished with value: 1.0325163604731646 and parameters: {'lambda': 1359.2422121044156, 'kappa': 3.6516202246636627}. Best is trial 12 with value: 1.4860607203845733.
Trial 19 finished with value: 1.0325163604731642 and parameters: {'lambda': 841.137157076753, 'kappa': 3.683596596190284}. Best is trial 12 with value: 1.4860607203845733.
Trial 20 finished with value: 1.000151329616676 and parameters: {'lambda': 212.26908378417397, 'kappa': 3.1349829256242616}. Best is trial 12 with value: 1.4860607203845733.
Trial 21 finished with value: 1.3636215572157864 and parameters: {'lambda': 144.21985901104438, 'kappa': 3.722788413455649}. Best is trial 12 with value: 1.4860607203845733.
Trial 22 finished with value: 1.221380494465685 and parameters: {'lambda': 183.19706514542884, 'kappa': 3.789388184144437}. Best is trial 12 with value: 1.4860607203845733.
Trial 23 finished with value: 1.0325163604731642 and parameters: {'lambda': 445.79445884629786, 'kappa': 3.4685211230490745}. Best is trial 12 with value: 1.4860607203845733.
Trial 24 finished with value: 1.0325163604731642 and parameters: {'lambda': 651.0293854587835, 'kappa': 4.11127017016935}. Best is trial 12 with value: 1.4860607203845733.
Trial 25 finished with value: 1.0665456931657993 and parameters: {'lambda': 26.76397880413255, 'kappa': 2.302099589726057}. Best is trial 12 with value: 1.4860607203845733.
Trial 26 finished with value: 1.0325163604731642 and parameters: {'lambda': 483.2615739206796, 'kappa': 3.133672614229738}. Best is trial 12 with value: 1.4860607203845733.
Trial 27 finished with value: 1.1748272121642833 and parameters: {'lambda': 268.8564420030341, 'kappa': 3.853160483838413}. Best is trial 12 with value: 1.4860607203845733.
Trial 28 finished with value: 0.9021234810486566 and parameters: {'lambda': 191.34290029898392, 'kappa': 3.533633867684898}. Best is trial 12 with value: 1.4860607203845733.
Trial 29 finished with value: 1.0325163604731642 and parameters: {'lambda': 774.3013371446821, 'kappa': 3.8479113858380187}. Best is trial 12 with value: 1.4860607203845733.
Optuna best λ=48.6483, κ=3.561963338490747, Sharpe=1.4861
A new study created in memory with name: no-name-694e216a-6813-40e0-9dd0-cef27ac7024d
Trial 0 finished with value: 0.4769184272583907 and parameters: {'lambda': 759.7853498839952, 'kappa': 3.9691811987040015}. Best is trial 0 with value: 0.4769184272583907.
Trial 1 finished with value: 0.4645544994298264 and parameters: {'lambda': 1465.8673507626895, 'kappa': 2.869673679819506}. Best is trial 0 with value: 0.4769184272583907.
Trial 2 finished with value: 0.4645544994298266 and parameters: {'lambda': 328.1377557200871, 'kappa': 1.487187364027523}. Best is trial 0 with value: 0.4769184272583907.
Trial 3 finished with value: 0.46736115947245765 and parameters: {'lambda': 134.68574520140024, 'kappa': 3.705159593645523}. Best is trial 0 with value: 0.4769184272583907.
Trial 4 finished with value: 0.4645544994298264 and parameters: {'lambda': 1207.3409317440553, 'kappa': 3.2113854510604285}. Best is trial 0 with value: 0.4769184272583907.
Trial 5 finished with value: 0.22333085459124816 and parameters: {'lambda': 60.6133742333842, 'kappa': 4.029130915629118}. Best is trial 0 with value: 0.4769184272583907.
Trial 6 finished with value: 0.4645544994298264 and parameters: {'lambda': 1664.2846394063226, 'kappa': 1.6631574710979753}. Best is trial 0 with value: 0.4769184272583907.
Trial 7 finished with value: 0.4645544994298266 and parameters: {'lambda': 379.11324308858104, 'kappa': 1.5727916564869089}. Best is trial 0 with value: 0.4769184272583907.
Trial 8 finished with value: 0.3154020183136073 and parameters: {'lambda': 620.9252743284724, 'kappa': 2.638869763709691}. Best is trial 0 with value: 0.4769184272583907.
Trial 9 finished with value: 0.8982845662736347 and parameters: {'lambda': 873.1778048064807, 'kappa': 1.9095393660962992}. Best is trial 9 with value: 0.8982845662736347.
Trial 10 finished with value: 0.5429800343603945 and parameters: {'lambda': 1050.221228040157, 'kappa': 2.1258152001831987}. Best is trial 9 with value: 0.8982845662736347.
Trial 11 finished with value: 0.5429800343603945 and parameters: {'lambda': 1043.2364548982364, 'kappa': 2.083251970202521}. Best is trial 9 with value: 0.8982845662736347.
Trial 12 finished with value: 0.4645544994298264 and parameters: {'lambda': 1284.3256456958843, 'kappa': 2.19655442853147}. Best is trial 9 with value: 0.8982845662736347.
Trial 13 finished with value: 0.797414433846994 and parameters: {'lambda': 834.7617603436215, 'kappa': 1.0589408618198615}. Best is trial 9 with value: 0.8982845662736347.
Trial 14 finished with value: 0.797414433846994 and parameters: {'lambda': 714.7008966124667, 'kappa': 1.0127930946941017}. Best is trial 9 with value: 0.8982845662736347.
Trial 15 finished with value: 0.4645544994298264 and parameters: {'lambda': 1931.1367191612144, 'kappa': 1.032412542593337}. Best is trial 9 with value: 0.8982845662736347.
Trial 16 finished with value: 0.797414433846994 and parameters: {'lambda': 863.5694282956746, 'kappa': 1.3233875042922305}. Best is trial 9 with value: 0.8982845662736347.
Trial 17 finished with value: 0.8982845662736347 and parameters: {'lambda': 538.0198196064882, 'kappa': 1.8452805006493507}. Best is trial 9 with value: 0.8982845662736347.
Trial 18 finished with value: 0.8982845662736347 and parameters: {'lambda': 336.1085403003575, 'kappa': 1.8803826207386634}. Best is trial 9 with value: 0.8982845662736347.
Trial 19 finished with value: 0.3154020183136073 and parameters: {'lambda': 547.3426771678813, 'kappa': 2.4820764601126335}. Best is trial 9 with value: 0.8982845662736347.
Trial 20 finished with value: 0.4769184272583907 and parameters: {'lambda': 481.429857603256, 'kappa': 3.1528433063206633}. Best is trial 9 with value: 0.8982845662736347.
Trial 21 finished with value: 0.5549161924171594 and parameters: {'lambda': 266.6073558048619, 'kappa': 1.8572455642060295}. Best is trial 9 with value: 0.8982845662736347.
Trial 22 finished with value: 0.8982845662736347 and parameters: {'lambda': 510.6103398823826, 'kappa': 1.8219390040485155}. Best is trial 9 with value: 0.8982845662736347.
Trial 23 finished with value: 0.5876861991328722 and parameters: {'lambda': 215.62788746919273, 'kappa': 2.4201673587229786}. Best is trial 9 with value: 0.8982845662736347.
Trial 24 finished with value: 0.8982845662736347 and parameters: {'lambda': 872.1734489729149, 'kappa': 1.926338367370302}. Best is trial 9 with value: 0.8982845662736347.
Trial 25 finished with value: 0.797414433846994 and parameters: {'lambda': 426.25483369882903, 'kappa': 1.3359849390607728}. Best is trial 9 with value: 0.8982845662736347.
Trial 26 finished with value: 0.3054340974990826 and parameters: {'lambda': 587.773697535226, 'kappa': 2.3054302374615863}. Best is trial 9 with value: 0.8982845662736347.
Trial 27 finished with value: 0.8982845662736347 and parameters: {'lambda': 677.9636128668274, 'kappa': 1.9682790081244042}. Best is trial 9 with value: 0.8982845662736347.
Trial 28 finished with value: -0.0978695374881707 and parameters: {'lambda': 45.908816140639146, 'kappa': 1.7033255284241002}. Best is trial 9 with value: 0.8982845662736347.
Trial 29 finished with value: 0.453112829597971 and parameters: {'lambda': 966.5562714472328, 'kappa': 2.6969276969786087}. Best is trial 9 with value: 0.8982845662736347.
Optuna best λ=873.1778, κ=1.9095393660962992, Sharpe=0.8983
A new study created in memory with name: no-name-b89d44db-7284-4f2d-9eb5-ed849728d997
Trial 0 finished with value: -0.35535768013774394 and parameters: {'lambda': 759.7853498839952, 'kappa': 3.9691811987040015}. Best is trial 0 with value: -0.35535768013774394.
Trial 1 finished with value: -0.29083856975916944 and parameters: {'lambda': 1465.8673507626895, 'kappa': 2.869673679819506}. Best is trial 1 with value: -0.29083856975916944.
Trial 2 finished with value: -0.2908385697591694 and parameters: {'lambda': 328.1377557200871, 'kappa': 1.487187364027523}. Best is trial 2 with value: -0.2908385697591694.
Trial 3 finished with value: -0.008667105826138064 and parameters: {'lambda': 134.68574520140024, 'kappa': 3.705159593645523}. Best is trial 3 with value: -0.008667105826138064.
