Trial 21 finished with value: 0.6653744012966528 and parameters: {'lambda': 1804.261315957426, 'kappa': 2.3795644956684163}. Best is trial 1 with value: 0.6653744012966528.
Trial 22 finished with value: 0.6653744012966528 and parameters: {'lambda': 1629.6967826907173, 'kappa': 1.104892266180197}. Best is trial 1 with value: 0.6653744012966528.
Trial 23 finished with value: 0.6653744012966528 and parameters: {'lambda': 1399.5072184544717, 'kappa': 1.8558208467023807}. Best is trial 1 with value: 0.6653744012966528.
Trial 24 finished with value: 0.6653744012966528 and parameters: {'lambda': 1962.4761132743597, 'kappa': 2.8720401051615}. Best is trial 1 with value: 0.6653744012966528.
Trial 25 finished with value: 0.6653744012966528 and parameters: {'lambda': 1482.6981312366265, 'kappa': 3.211900005641687}. Best is trial 1 with value: 0.6653744012966528.
Trial 26 finished with value: 0.6653744012966528 and parameters: {'lambda': 1277.6242602859804, 'kappa': 3.4357071359018256}. Best is trial 1 with value: 0.6653744012966528.
Trial 27 finished with value: 0.6653744012966528 and parameters: {'lambda': 1740.7367296028574, 'kappa': 1.9682790081244042}. Best is trial 1 with value: 0.6653744012966528.
Trial 28 finished with value: 0.6653744012966528 and parameters: {'lambda': 1074.196407294737, 'kappa': 1.407321078454788}. Best is trial 1 with value: 0.6653744012966528.
Trial 29 finished with value: 0.6653744012966528 and parameters: {'lambda': 1531.029759487401, 'kappa': 3.747127202931212}. Best is trial 1 with value: 0.6653744012966528.
Optuna best λ=1465.8674, κ=2.869673679819506, Sharpe=0.6654
A new study created in memory with name: no-name-cc3dedce-334d-4b96-a603-04df54c85258
Trial 0 finished with value: 0.014489622955907652 and parameters: {'lambda': 759.7853498839952, 'kappa': 3.9691811987040015}. Best is trial 0 with value: 0.014489622955907652.
Trial 1 finished with value: 0.014489622955907711 and parameters: {'lambda': 1465.8673507626895, 'kappa': 2.869673679819506}. Best is trial 1 with value: 0.014489622955907711.
Trial 2 finished with value: -1.269401188287017 and parameters: {'lambda': 328.1377557200871, 'kappa': 1.487187364027523}. Best is trial 1 with value: 0.014489622955907711.
Trial 3 finished with value: -0.653518927989956 and parameters: {'lambda': 134.68574520140024, 'kappa': 3.705159593645523}. Best is trial 1 with value: 0.014489622955907711.
Trial 4 finished with value: 0.014489622955907652 and parameters: {'lambda': 1207.3409317440553, 'kappa': 3.2113854510604285}. Best is trial 1 with value: 0.014489622955907711.
Trial 5 finished with value: -0.700165981069668 and parameters: {'lambda': 60.6133742333842, 'kappa': 4.029130915629118}. Best is trial 1 with value: 0.014489622955907711.
Trial 6 finished with value: 0.014489622955907711 and parameters: {'lambda': 1664.2846394063226, 'kappa': 1.6631574710979753}. Best is trial 1 with value: 0.014489622955907711.
Trial 7 finished with value: -1.3314889603942213 and parameters: {'lambda': 379.11324308858104, 'kappa': 1.5727916564869089}. Best is trial 1 with value: 0.014489622955907711.
Trial 8 finished with value: 0.014489622955907652 and parameters: {'lambda': 620.9252743284724, 'kappa': 2.638869763709691}. Best is trial 1 with value: 0.014489622955907711.
Trial 9 finished with value: 0.014489622955907744 and parameters: {'lambda': 873.1778048064807, 'kappa': 1.9095393660962992}. Best is trial 9 with value: 0.014489622955907744.
Trial 10 finished with value: 0.014489622955907677 and parameters: {'lambda': 1050.221228040157, 'kappa': 2.1258152001831987}. Best is trial 9 with value: 0.014489622955907744.
Trial 11 finished with value: 0.014489622955907711 and parameters: {'lambda': 1479.1837802235332, 'kappa': 2.678495888175396}. Best is trial 9 with value: 0.014489622955907744.
Trial 12 finished with value: 0.014489622955907711 and parameters: {'lambda': 1946.9723704776295, 'kappa': 2.1653702315615755}. Best is trial 9 with value: 0.014489622955907744.
Trial 13 finished with value: 0.014489622955907652 and parameters: {'lambda': 1191.4825912877516, 'kappa': 3.1676633261547016}. Best is trial 9 with value: 0.014489622955907744.
Trial 14 finished with value: 0.014489622955907711 and parameters: {'lambda': 1490.8885149535222, 'kappa': 1.0373077153894181}. Best is trial 9 with value: 0.014489622955907744.
Trial 15 finished with value: 0.014489622955907677 and parameters: {'lambda': 855.3592453438268, 'kappa': 2.1865107871410734}. Best is trial 9 with value: 0.014489622955907744.
Trial 16 finished with value: 0.014489622955907711 and parameters: {'lambda': 1361.9569247013662, 'kappa': 3.0956044957050297}. Best is trial 9 with value: 0.014489622955907744.
Trial 17 finished with value: 0.014489622955907711 and parameters: {'lambda': 1933.5461076896318, 'kappa': 2.8663332910610193}. Best is trial 9 with value: 0.014489622955907744.
Trial 18 finished with value: 0.014489622955907711 and parameters: {'lambda': 1728.866602576404, 'kappa': 1.9251871624729775}. Best is trial 9 with value: 0.014489622955907744.
Trial 19 finished with value: 0.014489622955907652 and parameters: {'lambda': 968.8440353129055, 'kappa': 3.4890156480842087}. Best is trial 9 with value: 0.014489622955907744.
Trial 20 finished with value: 0.014489622955907498 and parameters: {'lambda': 613.6255164430727, 'kappa': 1.0683338121685817}. Best is trial 9 with value: 0.014489622955907744.
Trial 21 finished with value: 0.014489622955907711 and parameters: {'lambda': 1649.9642912290656, 'kappa': 1.8572455642060295}. Best is trial 9 with value: 0.014489622955907744.
Trial 22 finished with value: 0.014489622955907711 and parameters: {'lambda': 1713.5033457316738, 'kappa': 1.4704646525479104}. Best is trial 9 with value: 0.014489622955907744.
Trial 23 finished with value: 0.014489622955907645 and parameters: {'lambda': 1208.2921177104067, 'kappa': 2.433729757660045}. Best is trial 9 with value: 0.014489622955907744.
Trial 24 finished with value: 0.014489622955907711 and parameters: {'lambda': 1386.9586912871841, 'kappa': 1.7746200726302732}. Best is trial 9 with value: 0.014489622955907744.
Trial 25 finished with value: 0.014489622955907711 and parameters: {'lambda': 1600.0473894653837, 'kappa': 2.3270856432153835}. Best is trial 9 with value: 0.014489622955907744.
Trial 26 finished with value: 0.014489622955907652 and parameters: {'lambda': 1048.2416018760325, 'kappa': 2.914421195357084}. Best is trial 9 with value: 0.014489622955907744.
Trial 27 finished with value: 0.014489622955907711 and parameters: {'lambda': 1825.5620400118692, 'kappa': 1.2983689210589073}. Best is trial 9 with value: 0.014489622955907744.
Trial 28 finished with value: 0.014489622955907711 and parameters: {'lambda': 1353.2164490914918, 'kappa': 1.6631802328549579}. Best is trial 9 with value: 0.014489622955907744.
Trial 29 finished with value: 0.014489622955907498 and parameters: {'lambda': 841.2638757714694, 'kappa': 1.2834018568093328}. Best is trial 9 with value: 0.014489622955907744.
Optuna best λ=873.1778, κ=1.9095393660962992, Sharpe=0.0145
A new study created in memory with name: no-name-3fffa7cc-6fc3-492f-9d6b-17c50bc49984
Trial 0 finished with value: -0.5009077719363871 and parameters: {'lambda': 759.7853498839952, 'kappa': 3.9691811987040015}. Best is trial 0 with value: -0.5009077719363871.
Trial 1 finished with value: -1.0449900226114441 and parameters: {'lambda': 1465.8673507626895, 'kappa': 2.869673679819506}. Best is trial 0 with value: -0.5009077719363871.
Trial 2 finished with value: -0.09146754452733383 and parameters: {'lambda': 328.1377557200871, 'kappa': 1.487187364027523}. Best is trial 2 with value: -0.09146754452733383.
Trial 3 finished with value: 0.36646342529852 and parameters: {'lambda': 134.68574520140024, 'kappa': 3.705159593645523}. Best is trial 3 with value: 0.36646342529852.
Trial 4 finished with value: -1.0449900226114441 and parameters: {'lambda': 1207.3409317440553, 'kappa': 3.2113854510604285}. Best is trial 3 with value: 0.36646342529852.
Trial 5 finished with value: -1.0624953781605389 and parameters: {'lambda': 60.6133742333842, 'kappa': 4.029130915629118}. Best is trial 3 with value: 0.36646342529852.
Trial 6 finished with value: -1.0449900226114441 and parameters: {'lambda': 1664.2846394063226, 'kappa': 1.6631574710979753}. Best is trial 3 with value: 0.36646342529852.
Trial 7 finished with value: -0.20315673029398615 and parameters: {'lambda': 379.11324308858104, 'kappa': 1.5727916564869089}. Best is trial 3 with value: 0.36646342529852.
Trial 8 finished with value: -0.5418947319773413 and parameters: {'lambda': 620.9252743284724, 'kappa': 2.638869763709691}. Best is trial 3 with value: 0.36646342529852.
Trial 9 finished with value: -1.090927477202699 and parameters: {'lambda': 873.1778048064807, 'kappa': 1.9095393660962992}. Best is trial 3 with value: 0.36646342529852.
Trial 10 finished with value: -1.0449900226114441 and parameters: {'lambda': 1886.8899990604687, 'kappa': 3.4270596555033017}. Best is trial 3 with value: 0.36646342529852.
Trial 11 finished with value: -0.850405356576955 and parameters: {'lambda': 34.8609161424165, 'kappa': 1.0799836552286157}. Best is trial 3 with value: 0.36646342529852.
Trial 12 finished with value: -0.490697193791681 and parameters: {'lambda': 401.62106243282926, 'kappa': 2.243131401327489}. Best is trial 3 with value: 0.36646342529852.
Trial 13 finished with value: -0.6130975023599894 and parameters: {'lambda': 348.62351716613654, 'kappa': 1.0360510594857923}. Best is trial 3 with value: 0.36646342529852.
Trial 14 finished with value: -1.0449900226114441 and parameters: {'lambda': 1101.5497235715259, 'kappa': 3.472094027994215}. Best is trial 3 with value: 0.36646342529852.
Trial 15 finished with value: -0.6997834185887997 and parameters: {'lambda': 574.3416104868592, 'kappa': 2.2718069069486355}. Best is trial 3 with value: 0.36646342529852.
Trial 16 finished with value: -0.19096917963613255 and parameters: {'lambda': 221.93054614190385, 'kappa': 2.8939565129180003}. Best is trial 3 with value: 0.36646342529852.
Trial 17 finished with value: -0.21753235350462624 and parameters: {'lambda': 570.8375718127747, 'kappa': 3.6488887169730004}. Best is trial 3 with value: 0.36646342529852.
Trial 18 finished with value: -0.3058773435391123 and parameters: {'lambda': 256.59860451925977, 'kappa': 1.384975415809359}. Best is trial 3 with value: 0.36646342529852.
Trial 19 finished with value: -1.0449900226114441 and parameters: {'lambda': 918.2618811360751, 'kappa': 2.1256373607514742}. Best is trial 3 with value: 0.36646342529852.
Trial 20 finished with value: -1.0449900226114441 and parameters: {'lambda': 1309.8360941711126, 'kappa': 2.6483092299043545}. Best is trial 3 with value: 0.36646342529852.
Trial 21 finished with value: -0.14447053657514083 and parameters: {'lambda': 187.91500460910493, 'kappa': 3.038392328157525}. Best is trial 3 with value: 0.36646342529852.
Trial 22 finished with value: 0.1316883916052071 and parameters: {'lambda': 162.1868717129645, 'kappa': 3.1474637922517728}. Best is trial 3 with value: 0.36646342529852.
Trial 23 finished with value: -0.9725159049025309 and parameters: {'lambda': 26.546282701174334, 'kappa': 3.7198338235143176}. Best is trial 3 with value: 0.36646342529852.
Trial 24 finished with value: -0.14036537263714485 and parameters: {'lambda': 523.5558916951327, 'kappa': 3.244536358375012}. Best is trial 3 with value: 0.36646342529852.
Trial 25 finished with value: -0.13794574965629006 and parameters: {'lambda': 219.63307767356724, 'kappa': 3.8576391217901755}. Best is trial 3 with value: 0.36646342529852.
Trial 26 finished with value: -0.4726803565908967 and parameters: {'lambda': 745.5998149304733, 'kappa': 3.4612947070530575}. Best is trial 3 with value: 0.36646342529852.
Trial 27 finished with value: -0.011849737813051524 and parameters: {'lambda': 464.05358104089123, 'kappa': 2.441016049888713}. Best is trial 3 with value: 0.36646342529852.
Trial 28 finished with value: -0.08206337685822211 and parameters: {'lambda': 414.4595350420753, 'kappa': 3.1757458460775116}. Best is trial 3 with value: 0.36646342529852.
Trial 29 finished with value: -0.6471468583414722 and parameters: {'lambda': 776.9066886564422, 'kappa': 2.473601993573042}. Best is trial 3 with value: 0.36646342529852.
Optuna best λ=134.6857, κ=3.705159593645523, Sharpe=0.3665
A new study created in memory with name: no-name-999e894e-9f09-484e-bf77-33e506d50dd2
Trial 0 finished with value: 0.8922903773460084 and parameters: {'lambda': 759.7853498839952, 'kappa': 3.9691811987040015}. Best is trial 0 with value: 0.8922903773460084.
Trial 1 finished with value: 0.909097846000518 and parameters: {'lambda': 1465.8673507626895, 'kappa': 2.869673679819506}. Best is trial 1 with value: 0.909097846000518.
Trial 2 finished with value: 0.7895173423134959 and parameters: {'lambda': 328.1377557200871, 'kappa': 1.487187364027523}. Best is trial 1 with value: 0.909097846000518.
Trial 3 finished with value: 0.9090053893843757 and parameters: {'lambda': 134.68574520140024, 'kappa': 3.705159593645523}. Best is trial 1 with value: 0.909097846000518.
Trial 4 finished with value: 0.909097846000518 and parameters: {'lambda': 1207.3409317440553, 'kappa': 3.2113854510604285}. Best is trial 1 with value: 0.909097846000518.
Trial 5 finished with value: 0.44394100019826244 and parameters: {'lambda': 60.6133742333842, 'kappa': 4.029130915629118}. Best is trial 1 with value: 0.909097846000518.
Trial 6 finished with value: 0.909097846000518 and parameters: {'lambda': 1664.2846394063226, 'kappa': 1.6631574710979753}. Best is trial 1 with value: 0.909097846000518.
Trial 7 finished with value: 0.9300068668125879 and parameters: {'lambda': 379.11324308858104, 'kappa': 1.5727916564869089}. Best is trial 7 with value: 0.9300068668125879.
Trial 8 finished with value: 0.959236699262519 and parameters: {'lambda': 620.9252743284724, 'kappa': 2.638869763709691}. Best is trial 8 with value: 0.959236699262519.
Trial 9 finished with value: -0.11379318754447233 and parameters: {'lambda': 873.1778048064807, 'kappa': 1.9095393660962992}. Best is trial 8 with value: 0.959236699262519.
Trial 10 finished with value: 0.8662929014353089 and parameters: {'lambda': 634.9560805115563, 'kappa': 2.220943325373505}. Best is trial 8 with value: 0.959236699262519.
Trial 11 finished with value: 0.9567152397843872 and parameters: {'lambda': 474.31507756412464, 'kappa': 1.083355355259099}. Best is trial 8 with value: 0.959236699262519.
Trial 12 finished with value: 0.909097846000518 and parameters: {'lambda': 1137.2136429924706, 'kappa': 1.1209428898519396}. Best is trial 8 with value: 0.959236699262519.
Trial 13 finished with value: 0.995984816017663 and parameters: {'lambda': 524.5325629604017, 'kappa': 2.4804456660073075}. Best is trial 13 with value: 0.995984816017663.
Trial 14 finished with value: 0.909097846000518 and parameters: {'lambda': 977.9883342097135, 'kappa': 2.5697857350506284}. Best is trial 13 with value: 0.995984816017663.
Trial 15 finished with value: 0.909097846000518 and parameters: {'lambda': 1931.1367191612144, 'kappa': 3.1772915080384827}. Best is trial 13 with value: 0.995984816017663.
Trial 16 finished with value: 0.9297297589414778 and parameters: {'lambda': 622.8250705417482, 'kappa': 2.3565405158447614}. Best is trial 13 with value: 0.995984816017663.
Trial 17 finished with value: 0.5071771436428676 and parameters: {'lambda': 242.71150331425906, 'kappa': 2.759243609428799}. Best is trial 13 with value: 0.995984816017663.
Trial 18 finished with value: 0.9283058851105548 and parameters: {'lambda': 625.4635690974427, 'kappa': 2.01865949389343}. Best is trial 13 with value: 0.995984816017663.
Trial 19 finished with value: 0.909097846000518 and parameters: {'lambda': 1189.5134379005062, 'kappa': 3.3214847506322283}. Best is trial 13 with value: 0.995984816017663.
Trial 20 finished with value: 1.0006777612470577 and parameters: {'lambda': 473.07576526916546, 'kappa': 2.866449050465958}. Best is trial 20 with value: 1.0006777612470577.
Trial 21 finished with value: 1.0356368707799288 and parameters: {'lambda': 500.9756633964199, 'kappa': 2.8496889009696136}. Best is trial 21 with value: 1.0356368707799288.
Trial 22 finished with value: 1.0862270634806748 and parameters: {'lambda': 454.5043538423239, 'kappa': 3.0865856106904155}. Best is trial 22 with value: 1.0862270634806748.
Trial 23 finished with value: 0.6645662325916453 and parameters: {'lambda': 207.16237042114187, 'kappa': 2.992926811798206}. Best is trial 22 with value: 1.0862270634806748.
Trial 24 finished with value: 0.9234726516186655 and parameters: {'lambda': 792.9186710851408, 'kappa': 3.4973889344506555}. Best is trial 22 with value: 1.0862270634806748.
Trial 25 finished with value: 0.948719210226833 and parameters: {'lambda': 407.25424855395363, 'kappa': 3.0278093129573147}. Best is trial 22 with value: 1.0862270634806748.
Trial 26 finished with value: 0.7191060256309263 and parameters: {'lambda': 287.38662424397455, 'kappa': 3.701189954324551}. Best is trial 22 with value: 1.0862270634806748.
Trial 27 finished with value: 0.909097846000518 and parameters: {'lambda': 1001.8502188109624, 'kappa': 3.4941797091331632}. Best is trial 22 with value: 1.0862270634806748.
Trial 28 finished with value: 0.5015030838040841 and parameters: {'lambda': 45.908816140639146, 'kappa': 2.7251365444774924}. Best is trial 22 with value: 1.0862270634806748.
Trial 29 finished with value: 0.9284089225500561 and parameters: {'lambda': 787.2490682168338, 'kappa': 2.9933538116902225}. Best is trial 22 with value: 1.0862270634806748.
Optuna best λ=454.5044, κ=3.0865856106904155, Sharpe=1.0862
A new study created in memory with name: no-name-82131b08-d9c8-48f9-9a2e-4469a80f5707
Trial 0 finished with value: 0.5786854391504486 and parameters: {'lambda': 759.7853498839952, 'kappa': 3.9691811987040015}. Best is trial 0 with value: 0.5786854391504486.
Trial 1 finished with value: 0.7131041500482115 and parameters: {'lambda': 1465.8673507626895, 'kappa': 2.869673679819506}. Best is trial 1 with value: 0.7131041500482115.
Trial 2 finished with value: 0.5635792889008081 and parameters: {'lambda': 328.1377557200871, 'kappa': 1.487187364027523}. Best is trial 1 with value: 0.7131041500482115.
Trial 3 finished with value: 0.5288813567703595 and parameters: {'lambda': 134.68574520140024, 'kappa': 3.705159593645523}. Best is trial 1 with value: 0.7131041500482115.
Trial 4 finished with value: 0.49224542009157674 and parameters: {'lambda': 1207.3409317440553, 'kappa': 3.2113854510604285}. Best is trial 1 with value: 0.7131041500482115.
Trial 5 finished with value: 0.37738024609551485 and parameters: {'lambda': 60.6133742333842, 'kappa': 4.029130915629118}. Best is trial 1 with value: 0.7131041500482115.
Trial 6 finished with value: 0.6592178416381368 and parameters: {'lambda': 1664.2846394063226, 'kappa': 1.6631574710979753}. Best is trial 1 with value: 0.7131041500482115.
Trial 7 finished with value: 0.3210345461469289 and parameters: {'lambda': 379.11324308858104, 'kappa': 1.5727916564869089}. Best is trial 1 with value: 0.7131041500482115.
Trial 8 finished with value: 0.5000597890774023 and parameters: {'lambda': 620.9252743284724, 'kappa': 2.638869763709691}. Best is trial 1 with value: 0.7131041500482115.
Trial 9 finished with value: 0.6446238521147377 and parameters: {'lambda': 873.1778048064807, 'kappa': 1.9095393660962992}. Best is trial 1 with value: 0.7131041500482115.
Trial 10 finished with value: 0.6592178416381368 and parameters: {'lambda': 1936.5795254032687, 'kappa': 2.4782512203936142}. Best is trial 1 with value: 0.7131041500482115.
Trial 11 finished with value: 0.45982752965164087 and parameters: {'lambda': 1433.323186890763, 'kappa': 1.0370500401061697}. Best is trial 1 with value: 0.7131041500482115.
Trial 12 finished with value: 0.6592178416381368 and parameters: {'lambda': 1700.1682532874056, 'kappa': 2.5578475167187453}. Best is trial 1 with value: 0.7131041500482115.
Trial 13 finished with value: 0.429492857320258 and parameters: {'lambda': 1356.8323025759823, 'kappa': 3.158878900472116}. Best is trial 1 with value: 0.7131041500482115.
Trial 14 finished with value: 0.6592178416381368 and parameters: {'lambda': 1661.3510041463487, 'kappa': 2.1855441481340363}. Best is trial 1 with value: 0.7131041500482115.
Trial 15 finished with value: 0.6592178416381368 and parameters: {'lambda': 1980.6539009290452, 'kappa': 3.1772915080384827}. Best is trial 1 with value: 0.7131041500482115.
Trial 16 finished with value: 0.6203022167025662 and parameters: {'lambda': 1114.7037527478142, 'kappa': 1.1838829223836795}. Best is trial 1 with value: 0.7131041500482115.
Trial 17 finished with value: 0.6592178416381368 and parameters: {'lambda': 1604.071600510605, 'kappa': 1.994041578321538}. Best is trial 1 with value: 0.7131041500482115.
Trial 18 finished with value: 0.44912346859534386 and parameters: {'lambda': 1382.6998626855793, 'kappa': 2.847890491959081}. Best is trial 1 with value: 0.7131041500482115.
Trial 19 finished with value: 0.6592178416381368 and parameters: {'lambda': 1775.3280983307332, 'kappa': 1.6695052611115058}. Best is trial 1 with value: 0.7131041500482115.
Trial 20 finished with value: 0.6043076101778485 and parameters: {'lambda': 1501.9305625926072, 'kappa': 2.2771158436700225}. Best is trial 1 with value: 0.7131041500482115.
Trial 21 finished with value: 0.6592178416381368 and parameters: {'lambda': 1985.4401423044671, 'kappa': 2.458070520360611}. Best is trial 1 with value: 0.7131041500482115.
Trial 22 finished with value: 0.6592178416381368 and parameters: {'lambda': 1855.8961392525255, 'kappa': 3.5043065506402744}. Best is trial 1 with value: 0.7131041500482115.
Trial 23 finished with value: 0.48259485086932846 and parameters: {'lambda': 1171.307837690199, 'kappa': 2.8061259663204403}. Best is trial 1 with value: 0.7131041500482115.
