Trial 16 finished with value: 0.5894521802218002 and parameters: {'lambda': 1798.7518030151937, 'kappa': 2.6871233931365808}. Best is trial 1 with value: 0.5894521802218002.
Trial 17 finished with value: 0.5894521802218002 and parameters: {'lambda': 971.8471135857591, 'kappa': 3.5210584037895685}. Best is trial 1 with value: 0.5894521802218002.
Trial 18 finished with value: 0.5894521802218002 and parameters: {'lambda': 1463.2644939284787, 'kappa': 2.847890491959081}. Best is trial 1 with value: 0.5894521802218002.
Trial 19 finished with value: 0.5894521802218002 and parameters: {'lambda': 1103.0929973510547, 'kappa': 2.2347208910546077}. Best is trial 1 with value: 0.5894521802218002.
Trial 20 finished with value: 0.5894521802218002 and parameters: {'lambda': 1670.218171188245, 'kappa': 1.0823503127445389}. Best is trial 1 with value: 0.5894521802218002.
Trial 21 finished with value: 0.5894521802218002 and parameters: {'lambda': 1804.261315957426, 'kappa': 2.3795644956684163}. Best is trial 1 with value: 0.5894521802218002.
Trial 22 finished with value: 0.5894521802218002 and parameters: {'lambda': 1629.6967826907173, 'kappa': 1.104892266180197}. Best is trial 1 with value: 0.5894521802218002.
Trial 23 finished with value: 0.5894521802218002 and parameters: {'lambda': 1399.5072184544717, 'kappa': 1.8558208467023807}. Best is trial 1 with value: 0.5894521802218002.
Trial 24 finished with value: 0.5894521802218002 and parameters: {'lambda': 1962.4761132743597, 'kappa': 2.8720401051615}. Best is trial 1 with value: 0.5894521802218002.
Trial 25 finished with value: 0.5894521802218002 and parameters: {'lambda': 1482.6981312366265, 'kappa': 3.211900005641687}. Best is trial 1 with value: 0.5894521802218002.
Trial 26 finished with value: 0.5894521802218002 and parameters: {'lambda': 1277.6242602859804, 'kappa': 3.4357071359018256}. Best is trial 1 with value: 0.5894521802218002.
Trial 27 finished with value: 0.5894521802218002 and parameters: {'lambda': 1740.7367296028574, 'kappa': 1.9682790081244042}. Best is trial 1 with value: 0.5894521802218002.
Trial 28 finished with value: 0.5894521802218002 and parameters: {'lambda': 1074.196407294737, 'kappa': 1.407321078454788}. Best is trial 1 with value: 0.5894521802218002.
Trial 29 finished with value: 0.5894521802218002 and parameters: {'lambda': 1531.029759487401, 'kappa': 3.747127202931212}. Best is trial 1 with value: 0.5894521802218002.
Optuna best λ=1465.8674, κ=2.869673679819506, Sharpe=0.5895
A new study created in memory with name: no-name-254989ab-9baf-4ae0-936f-4d54dae7b44d
Trial 0 finished with value: 0.27418258187207456 and parameters: {'lambda': 759.7853498839952, 'kappa': 3.9691811987040015}. Best is trial 0 with value: 0.27418258187207456.
Trial 1 finished with value: 0.6066096052259332 and parameters: {'lambda': 1465.8673507626895, 'kappa': 2.869673679819506}. Best is trial 1 with value: 0.6066096052259332.
Trial 2 finished with value: 1.266428738049528 and parameters: {'lambda': 328.1377557200871, 'kappa': 1.487187364027523}. Best is trial 2 with value: 1.266428738049528.
Trial 3 finished with value: 1.2052981718564548 and parameters: {'lambda': 134.68574520140024, 'kappa': 3.705159593645523}. Best is trial 2 with value: 1.266428738049528.
Trial 4 finished with value: 0.6066096052259332 and parameters: {'lambda': 1207.3409317440553, 'kappa': 3.2113854510604285}. Best is trial 2 with value: 1.266428738049528.
Trial 5 finished with value: 1.2269321033874225 and parameters: {'lambda': 60.6133742333842, 'kappa': 4.029130915629118}. Best is trial 2 with value: 1.266428738049528.
Trial 6 finished with value: 0.6066096052259332 and parameters: {'lambda': 1664.2846394063226, 'kappa': 1.6631574710979753}. Best is trial 2 with value: 1.266428738049528.
Trial 7 finished with value: 1.2125706738331452 and parameters: {'lambda': 379.11324308858104, 'kappa': 1.5727916564869089}. Best is trial 2 with value: 1.266428738049528.
Trial 8 finished with value: 0.7099444911391924 and parameters: {'lambda': 620.9252743284724, 'kappa': 2.638869763709691}. Best is trial 2 with value: 1.266428738049528.
Trial 9 finished with value: 0.2769340863191047 and parameters: {'lambda': 873.1778048064807, 'kappa': 1.9095393660962992}. Best is trial 2 with value: 1.266428738049528.
Trial 10 finished with value: 0.6066096052259332 and parameters: {'lambda': 1886.8899990604687, 'kappa': 1.0187298358271706}. Best is trial 2 with value: 1.266428738049528.
Trial 11 finished with value: 1.3778714223662494 and parameters: {'lambda': 34.8609161424165, 'kappa': 2.112466833561486}. Best is trial 11 with value: 1.3778714223662494.
Trial 12 finished with value: 1.273624211622051 and parameters: {'lambda': 360.69185337592586, 'kappa': 2.185847774483459}. Best is trial 11 with value: 1.3778714223662494.
Trial 13 finished with value: 1.236454928184056 and parameters: {'lambda': 436.45284838902086, 'kappa': 2.1665569321234455}. Best is trial 11 with value: 1.3778714223662494.
Trial 14 finished with value: 0.6066096052259332 and parameters: {'lambda': 1101.5497235715259, 'kappa': 2.2847271179384134}. Best is trial 11 with value: 1.3778714223662494.
Trial 15 finished with value: 1.2554005345394732 and parameters: {'lambda': 53.64118247101794, 'kappa': 3.04918989241493}. Best is trial 11 with value: 1.3778714223662494.
Trial 16 finished with value: 0.70615030010056 and parameters: {'lambda': 584.603409069565, 'kappa': 2.378065630738199}. Best is trial 11 with value: 1.3778714223662494.
Trial 17 finished with value: 1.251011491109063 and parameters: {'lambda': 247.44910477412216, 'kappa': 1.1651547738479082}. Best is trial 11 with value: 1.3778714223662494.
Trial 18 finished with value: 1.0151215051908975 and parameters: {'lambda': 546.8251732893898, 'kappa': 2.0294900036287733}. Best is trial 11 with value: 1.3778714223662494.
Trial 19 finished with value: 0.27418258187207456 and parameters: {'lambda': 825.0208529493866, 'kappa': 2.618265805251587}. Best is trial 11 with value: 1.3778714223662494.
Trial 20 finished with value: 1.3319520198019348 and parameters: {'lambda': 243.0867108610006, 'kappa': 3.4698637303647084}. Best is trial 11 with value: 1.3778714223662494.
Trial 21 finished with value: 1.237463018216856 and parameters: {'lambda': 222.2837127592648, 'kappa': 3.4656202671184477}. Best is trial 11 with value: 1.3778714223662494.
Trial 22 finished with value: 1.1807944571856976 and parameters: {'lambda': 56.9425952661351, 'kappa': 1.8490339647472647}. Best is trial 11 with value: 1.3778714223662494.
Trial 23 finished with value: 1.28619453502526 and parameters: {'lambda': 431.00689079260746, 'kappa': 2.823908177601725}. Best is trial 11 with value: 1.3778714223662494.
Trial 24 finished with value: 1.0947530840742212 and parameters: {'lambda': 523.5558916951327, 'kappa': 3.2754503095570966}. Best is trial 11 with value: 1.3778714223662494.
Trial 25 finished with value: 1.3064307469208374 and parameters: {'lambda': 229.6311540887735, 'kappa': 2.9174996320662423}. Best is trial 11 with value: 1.3778714223662494.
Trial 26 finished with value: 1.2033992460112966 and parameters: {'lambda': 205.36409770343494, 'kappa': 3.6088119804660077}. Best is trial 11 with value: 1.3778714223662494.
Trial 27 finished with value: 0.5514336875419098 and parameters: {'lambda': 663.0822067379985, 'kappa': 3.013384013148427}. Best is trial 11 with value: 1.3778714223662494.
Trial 28 finished with value: 0.27418258187207456 and parameters: {'lambda': 982.2293081309241, 'kappa': 3.394661592026487}. Best is trial 11 with value: 1.3778714223662494.
Trial 29 finished with value: 1.2033992460112966 and parameters: {'lambda': 204.77877845873095, 'kappa': 3.850850082818448}. Best is trial 11 with value: 1.3778714223662494.
Optuna best λ=34.8609, κ=2.112466833561486, Sharpe=1.3779
A new study created in memory with name: no-name-7d31415e-38e9-4c33-b2e6-03cb501f6a3d
Trial 0 finished with value: -0.7278124776772906 and parameters: {'lambda': 759.7853498839952, 'kappa': 3.9691811987040015}. Best is trial 0 with value: -0.7278124776772906.
Trial 1 finished with value: -0.7278124776772905 and parameters: {'lambda': 1465.8673507626895, 'kappa': 2.869673679819506}. Best is trial 1 with value: -0.7278124776772905.
Trial 2 finished with value: -0.7278124776772905 and parameters: {'lambda': 328.1377557200871, 'kappa': 1.487187364027523}. Best is trial 1 with value: -0.7278124776772905.
Trial 3 finished with value: -0.7448103599009679 and parameters: {'lambda': 134.68574520140024, 'kappa': 3.705159593645523}. Best is trial 1 with value: -0.7278124776772905.
Trial 4 finished with value: -0.7278124776772905 and parameters: {'lambda': 1207.3409317440553, 'kappa': 3.2113854510604285}. Best is trial 1 with value: -0.7278124776772905.
Trial 5 finished with value: -0.6661539951300897 and parameters: {'lambda': 60.6133742333842, 'kappa': 4.029130915629118}. Best is trial 5 with value: -0.6661539951300897.
Trial 6 finished with value: -0.7278124776772905 and parameters: {'lambda': 1664.2846394063226, 'kappa': 1.6631574710979753}. Best is trial 5 with value: -0.6661539951300897.
Trial 7 finished with value: -0.7278124776772905 and parameters: {'lambda': 379.11324308858104, 'kappa': 1.5727916564869089}. Best is trial 5 with value: -0.6661539951300897.
Trial 8 finished with value: -0.7278124776772907 and parameters: {'lambda': 620.9252743284724, 'kappa': 2.638869763709691}. Best is trial 5 with value: -0.6661539951300897.
Trial 9 finished with value: -0.7278124776772905 and parameters: {'lambda': 873.1778048064807, 'kappa': 1.9095393660962992}. Best is trial 5 with value: -0.6661539951300897.
Trial 10 finished with value: -0.7278124776772905 and parameters: {'lambda': 1886.8899990604687, 'kappa': 3.403359914931464}. Best is trial 5 with value: -0.6661539951300897.
Trial 11 finished with value: -0.7278124776772905 and parameters: {'lambda': 1332.1117571260556, 'kappa': 2.772337891048111}. Best is trial 5 with value: -0.6661539951300897.
Trial 12 finished with value: -0.7278124776772905 and parameters: {'lambda': 1460.6549280008735, 'kappa': 2.0739346614866854}. Best is trial 5 with value: -0.6661539951300897.
Trial 13 finished with value: -0.7278124776772905 and parameters: {'lambda': 1100.9760739817916, 'kappa': 3.087186354637091}. Best is trial 5 with value: -0.6661539951300897.
Trial 14 finished with value: -0.7278124776772905 and parameters: {'lambda': 1661.3510041463487, 'kappa': 1.0411523272835173}. Best is trial 5 with value: -0.6661539951300897.
Trial 15 finished with value: -0.5292142311186051 and parameters: {'lambda': 51.04627507325116, 'kappa': 3.975965926708013}. Best is trial 15 with value: -0.5292142311186051.
Trial 16 finished with value: -0.7501544234939571 and parameters: {'lambda': 66.30620118428078, 'kappa': 4.108557595648523}. Best is trial 15 with value: -0.5292142311186051.
Trial 17 finished with value: -0.7278124776772907 and parameters: {'lambda': 441.21270956017514, 'kappa': 3.6443701557393204}. Best is trial 15 with value: -0.5292142311186051.
Trial 18 finished with value: -0.40825481846114525 and parameters: {'lambda': 41.31201699921925, 'kappa': 2.296660990876152}. Best is trial 18 with value: -0.40825481846114525.
Trial 19 finished with value: -0.7278124776772907 and parameters: {'lambda': 547.3426771678813, 'kappa': 2.2104976391689557}. Best is trial 18 with value: -0.40825481846114525.
Trial 20 finished with value: -0.8750036723174779 and parameters: {'lambda': 257.8035425053962, 'kappa': 2.4361547485944754}. Best is trial 18 with value: -0.40825481846114525.
Trial 21 finished with value: -0.5292142311186051 and parameters: {'lambda': 50.42138818583616, 'kappa': 3.7312101678171388}. Best is trial 18 with value: -0.40825481846114525.
Trial 22 finished with value: -0.5868100566489927 and parameters: {'lambda': 234.6865274401597, 'kappa': 3.6147679814471507}. Best is trial 18 with value: -0.40825481846114525.
Trial 23 finished with value: -0.36866101808730817 and parameters: {'lambda': 25.10078845117378, 'kappa': 2.434375930911666}. Best is trial 23 with value: -0.36866101808730817.
Trial 24 finished with value: -0.7278124776772907 and parameters: {'lambda': 523.5558916951327, 'kappa': 2.4229522277963365}. Best is trial 23 with value: -0.36866101808730817.
Trial 25 finished with value: -0.38429161331473316 and parameters: {'lambda': 209.80135578948435, 'kappa': 2.302099589726057}. Best is trial 23 with value: -0.36866101808730817.
Trial 26 finished with value: -0.5165782848577435 and parameters: {'lambda': 223.55692166931706, 'kappa': 2.2390007444879987}. Best is trial 23 with value: -0.36866101808730817.
Trial 27 finished with value: -0.7278124776772907 and parameters: {'lambda': 693.7796830391546, 'kappa': 1.8816001977321621}. Best is trial 23 with value: -0.36866101808730817.
Trial 28 finished with value: -0.7278124776772905 and parameters: {'lambda': 914.4341774153027, 'kappa': 2.5690211711650712}. Best is trial 23 with value: -0.36866101808730817.
Trial 29 finished with value: -0.7278124776772906 and parameters: {'lambda': 758.8631887878878, 'kappa': 2.877495668636024}. Best is trial 23 with value: -0.36866101808730817.
Optuna best λ=25.1008, κ=2.434375930911666, Sharpe=-0.3687
A new study created in memory with name: no-name-6ec0d827-a831-4a54-ae2c-dd9d969fa616
Trial 0 finished with value: 1.177328393555596 and parameters: {'lambda': 759.7853498839952, 'kappa': 3.9691811987040015}. Best is trial 0 with value: 1.177328393555596.
Trial 1 finished with value: 1.1773283935555954 and parameters: {'lambda': 1465.8673507626895, 'kappa': 2.869673679819506}. Best is trial 0 with value: 1.177328393555596.
Trial 2 finished with value: 1.177328393555596 and parameters: {'lambda': 328.1377557200871, 'kappa': 1.487187364027523}. Best is trial 0 with value: 1.177328393555596.
Trial 3 finished with value: 1.667681036553139 and parameters: {'lambda': 134.68574520140024, 'kappa': 3.705159593645523}. Best is trial 3 with value: 1.667681036553139.
Trial 4 finished with value: 1.1773283935555954 and parameters: {'lambda': 1207.3409317440553, 'kappa': 3.2113854510604285}. Best is trial 3 with value: 1.667681036553139.
Trial 5 finished with value: 0.8345357857324798 and parameters: {'lambda': 60.6133742333842, 'kappa': 4.029130915629118}. Best is trial 3 with value: 1.667681036553139.
Trial 6 finished with value: 1.1773283935555954 and parameters: {'lambda': 1664.2846394063226, 'kappa': 1.6631574710979753}. Best is trial 3 with value: 1.667681036553139.
Trial 7 finished with value: 1.177328393555596 and parameters: {'lambda': 379.11324308858104, 'kappa': 1.5727916564869089}. Best is trial 3 with value: 1.667681036553139.
Trial 8 finished with value: 1.177328393555596 and parameters: {'lambda': 620.9252743284724, 'kappa': 2.638869763709691}. Best is trial 3 with value: 1.667681036553139.
Trial 9 finished with value: 1.1773283935555954 and parameters: {'lambda': 873.1778048064807, 'kappa': 1.9095393660962992}. Best is trial 3 with value: 1.667681036553139.
Trial 10 finished with value: 1.1773283935555954 and parameters: {'lambda': 1886.8899990604687, 'kappa': 3.4270596555033017}. Best is trial 3 with value: 1.667681036553139.
Trial 11 finished with value: 1.177328393555596 and parameters: {'lambda': 896.4970192263532, 'kappa': 4.037001575400478}. Best is trial 3 with value: 1.667681036553139.
Trial 12 finished with value: 1.0361332028006167 and parameters: {'lambda': 82.0901779633491, 'kappa': 3.5733115097889425}. Best is trial 3 with value: 1.667681036553139.
Trial 13 finished with value: 1.1773283935555956 and parameters: {'lambda': 610.4382668265166, 'kappa': 2.2256718351156524}. Best is trial 3 with value: 1.667681036553139.
Trial 14 finished with value: 1.1773283935555954 and parameters: {'lambda': 1224.540329717715, 'kappa': 1.0411523272835173}. Best is trial 3 with value: 1.667681036553139.
Trial 15 finished with value: 1.177328393555596 and parameters: {'lambda': 589.6618555967364, 'kappa': 3.7164421443642444}. Best is trial 3 with value: 1.667681036553139.
Trial 16 finished with value: 1.177328393555596 and parameters: {'lambda': 363.74762732277577, 'kappa': 3.0028427230934547}. Best is trial 3 with value: 1.667681036553139.
Trial 17 finished with value: 1.1773283935555954 and parameters: {'lambda': 1216.7603299821067, 'kappa': 3.6954136146059247}. Best is trial 3 with value: 1.667681036553139.
Trial 18 finished with value: 1.177328393555596 and parameters: {'lambda': 777.109128551261, 'kappa': 4.117042046677768}. Best is trial 3 with value: 1.667681036553139.
Trial 19 finished with value: 1.0807307954222272 and parameters: {'lambda': 214.7653138607444, 'kappa': 3.33862648387014}. Best is trial 3 with value: 1.667681036553139.
Trial 20 finished with value: 1.1773283935555954 and parameters: {'lambda': 1038.7463637811163, 'kappa': 2.641781912816032}. Best is trial 3 with value: 1.667681036553139.
Trial 21 finished with value: 1.1773283935555956 and parameters: {'lambda': 388.8773532672034, 'kappa': 2.178954526326029}. Best is trial 3 with value: 1.667681036553139.
Trial 22 finished with value: 1.248606766618291 and parameters: {'lambda': 234.6865274401597, 'kappa': 1.104892266180197}. Best is trial 3 with value: 1.667681036553139.
Trial 23 finished with value: 0.6476139188082706 and parameters: {'lambda': 29.124886265619097, 'kappa': 1.0571139665988778}. Best is trial 3 with value: 1.667681036553139.
Trial 24 finished with value: 1.0682834474135823 and parameters: {'lambda': 230.32425350774815, 'kappa': 3.844549653015024}. Best is trial 3 with value: 1.667681036553139.
Trial 25 finished with value: 1.177328393555596 and parameters: {'lambda': 532.2945412306303, 'kappa': 2.302099589726057}. Best is trial 3 with value: 1.667681036553139.
Trial 26 finished with value: 1.0682834474135823 and parameters: {'lambda': 226.76850394802713, 'kappa': 3.0718883492690034}. Best is trial 3 with value: 1.667681036553139.
Trial 27 finished with value: 1.1773283935555958 and parameters: {'lambda': 742.5969839165917, 'kappa': 1.349713240931726}. Best is trial 3 with value: 1.667681036553139.
Trial 28 finished with value: 1.1773283935555954 and parameters: {'lambda': 993.8849274116162, 'kappa': 1.9476948493779247}. Best is trial 3 with value: 1.667681036553139.
Trial 29 finished with value: 1.177328393555596 and parameters: {'lambda': 451.62440354383364, 'kappa': 2.7504523149403792}. Best is trial 3 with value: 1.667681036553139.
Optuna best λ=134.6857, κ=3.705159593645523, Sharpe=1.6677
A new study created in memory with name: no-name-598d4a0d-d022-4ca0-a8f4-75f823f3fda1
Trial 0 finished with value: -1.0007681235331753 and parameters: {'lambda': 759.7853498839952, 'kappa': 3.9691811987040015}. Best is trial 0 with value: -1.0007681235331753.
Trial 1 finished with value: 0.9879630177947161 and parameters: {'lambda': 1465.8673507626895, 'kappa': 2.869673679819506}. Best is trial 1 with value: 0.9879630177947161.
Trial 2 finished with value: 0.9879630177947162 and parameters: {'lambda': 328.1377557200871, 'kappa': 1.487187364027523}. Best is trial 2 with value: 0.9879630177947162.
Trial 3 finished with value: 0.09116848359560255 and parameters: {'lambda': 134.68574520140024, 'kappa': 3.705159593645523}. Best is trial 2 with value: 0.9879630177947162.
Trial 4 finished with value: 0.9879630177947161 and parameters: {'lambda': 1207.3409317440553, 'kappa': 3.2113854510604285}. Best is trial 2 with value: 0.9879630177947162.
Trial 5 finished with value: 0.5186082238263062 and parameters: {'lambda': 60.6133742333842, 'kappa': 4.029130915629118}. Best is trial 2 with value: 0.9879630177947162.
Trial 6 finished with value: 0.9879630177947161 and parameters: {'lambda': 1664.2846394063226, 'kappa': 1.6631574710979753}. Best is trial 2 with value: 0.9879630177947162.
Trial 7 finished with value: 0.9879630177947162 and parameters: {'lambda': 379.11324308858104, 'kappa': 1.5727916564869089}. Best is trial 2 with value: 0.9879630177947162.
Trial 8 finished with value: -1.0007681235331753 and parameters: {'lambda': 620.9252743284724, 'kappa': 2.638869763709691}. Best is trial 2 with value: 0.9879630177947162.
Trial 9 finished with value: 0.9879630177947162 and parameters: {'lambda': 873.1778048064807, 'kappa': 1.9095393660962992}. Best is trial 2 with value: 0.9879630177947162.
Trial 10 finished with value: 0.9879630177947161 and parameters: {'lambda': 1886.8899990604687, 'kappa': 1.0187298358271706}. Best is trial 2 with value: 0.9879630177947162.
Trial 11 finished with value: 0.9879630177947162 and parameters: {'lambda': 446.06469989323665, 'kappa': 1.7980101744817147}. Best is trial 2 with value: 0.9879630177947162.
Trial 12 finished with value: 0.23763211783823135 and parameters: {'lambda': 353.10944076736615, 'kappa': 1.1209428898519396}. Best is trial 2 with value: 0.9879630177947162.
Trial 13 finished with value: 0.9879630177947161 and parameters: {'lambda': 1100.9760739817916, 'kappa': 2.2256718351156524}. Best is trial 2 with value: 0.9879630177947162.
Trial 14 finished with value: 0.8866314284315181 and parameters: {'lambda': 367.05033656852584, 'kappa': 1.3921151933115674}. Best is trial 2 with value: 0.9879630177947162.
Trial 15 finished with value: -1.0007681235331751 and parameters: {'lambda': 574.5424571437802, 'kappa': 2.2718069069486355}. Best is trial 2 with value: 0.9879630177947162.
Trial 16 finished with value: -0.15549994031898248 and parameters: {'lambda': 228.20240472072473, 'kappa': 1.4498881943951683}. Best is trial 2 with value: 0.9879630177947162.
Trial 17 finished with value: -1.0007681235331751 and parameters: {'lambda': 916.0984066132451, 'kappa': 2.160388336329991}. Best is trial 2 with value: 0.9879630177947162.
Trial 18 finished with value: 0.987963017794716 and parameters: {'lambda': 626.0182432909755, 'kappa': 1.366374416255207}. Best is trial 2 with value: 0.9879630177947162.
