Trial 20 finished with value: -0.29530640284669324 and parameters: {'lambda': 201.67785519894448, 'kappa': 4.119096740516304}. Best is trial 16 with value: 0.7223236057699156.
Trial 21 finished with value: 0.3663579639768834 and parameters: {'lambda': 88.15414251185102, 'kappa': 3.722788413455649}. Best is trial 16 with value: 0.7223236057699156.
Trial 22 finished with value: -0.025363625689459265 and parameters: {'lambda': 45.96259214817235, 'kappa': 3.7206027167141906}. Best is trial 16 with value: 0.7223236057699156.
Trial 23 finished with value: -0.21138057668957955 and parameters: {'lambda': 492.9998037477469, 'kappa': 3.4685211230490745}. Best is trial 16 with value: 0.7223236057699156.
Trial 24 finished with value: -0.1488289682576201 and parameters: {'lambda': 232.305210979018, 'kappa': 3.20331742055993}. Best is trial 16 with value: 0.7223236057699156.
Trial 25 finished with value: -0.2296058033109356 and parameters: {'lambda': 229.57074598330956, 'kappa': 3.768836307504288}. Best is trial 16 with value: 0.7223236057699156.
Trial 26 finished with value: -0.7141965206067066 and parameters: {'lambda': 648.59752543058, 'kappa': 3.5053114176079547}. Best is trial 16 with value: 0.7223236057699156.
Trial 27 finished with value: 0.15576598468135397 and parameters: {'lambda': 811.9648360553916, 'kappa': 3.013384013148427}. Best is trial 16 with value: 0.7223236057699156.
Trial 28 finished with value: -0.26026483169451936 and parameters: {'lambda': 466.60145719335526, 'kappa': 3.830753675290302}. Best is trial 16 with value: 0.7223236057699156.
Trial 29 finished with value: 0.7400955878218256 and parameters: {'lambda': 162.74241749962675, 'kappa': 4.117909739435837}. Best is trial 29 with value: 0.7400955878218256.
Optuna best λ=162.7424, κ=4.117909739435837, Sharpe=0.7401
A new study created in memory with name: no-name-6dd3bfcd-f4dd-407a-aedb-fe376c1c7c90
Trial 0 finished with value: 0.37265053464574743 and parameters: {'lambda': 759.7853498839952, 'kappa': 3.9691811987040015}. Best is trial 0 with value: 0.37265053464574743.
Trial 1 finished with value: 0.3726505346457473 and parameters: {'lambda': 1465.8673507626895, 'kappa': 2.869673679819506}. Best is trial 0 with value: 0.37265053464574743.
Trial 2 finished with value: 0.37265053464574743 and parameters: {'lambda': 328.1377557200871, 'kappa': 1.487187364027523}. Best is trial 0 with value: 0.37265053464574743.
Trial 3 finished with value: -0.2986692355762565 and parameters: {'lambda': 134.68574520140024, 'kappa': 3.705159593645523}. Best is trial 0 with value: 0.37265053464574743.
Trial 4 finished with value: 0.3726505346457473 and parameters: {'lambda': 1207.3409317440553, 'kappa': 3.2113854510604285}. Best is trial 0 with value: 0.37265053464574743.
Trial 5 finished with value: 0.4889965290968093 and parameters: {'lambda': 60.6133742333842, 'kappa': 4.029130915629118}. Best is trial 5 with value: 0.4889965290968093.
Trial 6 finished with value: 0.3726505346457473 and parameters: {'lambda': 1664.2846394063226, 'kappa': 1.6631574710979753}. Best is trial 5 with value: 0.4889965290968093.
Trial 7 finished with value: 0.37265053464574743 and parameters: {'lambda': 379.11324308858104, 'kappa': 1.5727916564869089}. Best is trial 5 with value: 0.4889965290968093.
Trial 8 finished with value: 0.37265053464574743 and parameters: {'lambda': 620.9252743284724, 'kappa': 2.638869763709691}. Best is trial 5 with value: 0.4889965290968093.
Trial 9 finished with value: 0.37265053464574743 and parameters: {'lambda': 873.1778048064807, 'kappa': 1.9095393660962992}. Best is trial 5 with value: 0.4889965290968093.
Trial 10 finished with value: 0.3726505346457473 and parameters: {'lambda': 1886.8899990604687, 'kappa': 3.403359914931464}. Best is trial 5 with value: 0.4889965290968093.
Trial 11 finished with value: 0.6568553281003009 and parameters: {'lambda': 34.8609161424165, 'kappa': 3.983014214982241}. Best is trial 11 with value: 0.6568553281003009.
Trial 12 finished with value: 0.6159190072317134 and parameters: {'lambda': 48.62839461429785, 'kappa': 3.834733028321934}. Best is trial 11 with value: 0.6568553281003009.
Trial 13 finished with value: 0.37265053464574743 and parameters: {'lambda': 451.4173152151434, 'kappa': 2.2256718351156524}. Best is trial 11 with value: 0.6568553281003009.
Trial 14 finished with value: 0.48931485444981493 and parameters: {'lambda': 56.44148341318614, 'kappa': 1.0411523272835173}. Best is trial 11 with value: 0.6568553281003009.
Trial 15 finished with value: 0.3726505346457473 and parameters: {'lambda': 1233.7057774188484, 'kappa': 3.4226504092668155}. Best is trial 11 with value: 0.6568553281003009.
Trial 16 finished with value: 0.37265053464574743 and parameters: {'lambda': 584.603409069565, 'kappa': 3.011181376809703}. Best is trial 11 with value: 0.6568553281003009.
Trial 17 finished with value: -0.3245658621659717 and parameters: {'lambda': 247.44910477412216, 'kappa': 3.7001527763966013}. Best is trial 11 with value: 0.6568553281003009.
Trial 18 finished with value: 0.37265053464574743 and parameters: {'lambda': 1040.4029593384987, 'kappa': 4.117207365706669}. Best is trial 11 with value: 0.6568553281003009.
Trial 19 finished with value: 0.37265053464574743 and parameters: {'lambda': 547.3426771678813, 'kappa': 3.667441334663277}. Best is trial 11 with value: 0.6568553281003009.
Trial 20 finished with value: -0.44054671721491195 and parameters: {'lambda': 239.60438509757205, 'kappa': 2.6483092299043545}. Best is trial 11 with value: 0.6568553281003009.
Trial 21 finished with value: 0.5373364015240111 and parameters: {'lambda': 50.275025360786124, 'kappa': 1.151285263739384}. Best is trial 11 with value: 0.6568553281003009.
Trial 22 finished with value: 0.42262575986792406 and parameters: {'lambda': 73.91458084659793, 'kappa': 2.2894180870739205}. Best is trial 11 with value: 0.6568553281003009.
Trial 23 finished with value: 0.37265053464574743 and parameters: {'lambda': 234.51848983427845, 'kappa': 1.0571253576954698}. Best is trial 11 with value: 0.6568553281003009.
Trial 24 finished with value: -0.1417221801457933 and parameters: {'lambda': 358.13334308973697, 'kappa': 2.260407551695126}. Best is trial 11 with value: 0.6568553281003009.
Trial 25 finished with value: 0.6872880433497431 and parameters: {'lambda': 26.747885703264192, 'kappa': 3.794153808690464}. Best is trial 25 with value: 0.6872880433497431.
Trial 26 finished with value: 0.37265053464574743 and parameters: {'lambda': 469.6872364458779, 'kappa': 3.8079686906762342}. Best is trial 25 with value: 0.6872880433497431.
Trial 27 finished with value: 0.37265053464574743 and parameters: {'lambda': 741.6519850963361, 'kappa': 3.456418185562662}. Best is trial 25 with value: 0.6872880433497431.
Trial 28 finished with value: -0.7118865777492588 and parameters: {'lambda': 187.2240229534572, 'kappa': 3.067963921108363}. Best is trial 25 with value: 0.6872880433497431.
Trial 29 finished with value: 0.37265053464574743 and parameters: {'lambda': 890.7958275056727, 'kappa': 3.859529256528927}. Best is trial 25 with value: 0.6872880433497431.
Optuna best λ=26.7479, κ=3.794153808690464, Sharpe=0.6873
A new study created in memory with name: no-name-f4362c2d-6106-48b4-bbec-15fe2c27b781
Trial 0 finished with value: 0.6141265192176586 and parameters: {'lambda': 759.7853498839952, 'kappa': 3.9691811987040015}. Best is trial 0 with value: 0.6141265192176586.
Trial 1 finished with value: 0.6516949911473462 and parameters: {'lambda': 1465.8673507626895, 'kappa': 2.869673679819506}. Best is trial 1 with value: 0.6516949911473462.
Trial 2 finished with value: 0.1356900609452799 and parameters: {'lambda': 328.1377557200871, 'kappa': 1.487187364027523}. Best is trial 1 with value: 0.6516949911473462.
Trial 3 finished with value: 0.5790208351087489 and parameters: {'lambda': 134.68574520140024, 'kappa': 3.705159593645523}. Best is trial 1 with value: 0.6516949911473462.
Trial 4 finished with value: 0.6516949911473462 and parameters: {'lambda': 1207.3409317440553, 'kappa': 3.2113854510604285}. Best is trial 1 with value: 0.6516949911473462.
Trial 5 finished with value: 0.5990828966300669 and parameters: {'lambda': 60.6133742333842, 'kappa': 4.029130915629118}. Best is trial 1 with value: 0.6516949911473462.
Trial 6 finished with value: 0.651694991147346 and parameters: {'lambda': 1664.2846394063226, 'kappa': 1.6631574710979753}. Best is trial 1 with value: 0.6516949911473462.
Trial 7 finished with value: 0.14430585266997464 and parameters: {'lambda': 379.11324308858104, 'kappa': 1.5727916564869089}. Best is trial 1 with value: 0.6516949911473462.
Trial 8 finished with value: 0.6384735104901881 and parameters: {'lambda': 620.9252743284724, 'kappa': 2.638869763709691}. Best is trial 1 with value: 0.6516949911473462.
Trial 9 finished with value: 0.6266534487439778 and parameters: {'lambda': 873.1778048064807, 'kappa': 1.9095393660962992}. Best is trial 1 with value: 0.6516949911473462.
Trial 10 finished with value: 0.651694991147346 and parameters: {'lambda': 1936.5795254032687, 'kappa': 2.4782512203936142}. Best is trial 1 with value: 0.6516949911473462.
Trial 11 finished with value: 0.6516949911473462 and parameters: {'lambda': 1390.2252518943073, 'kappa': 3.18332783541338}. Best is trial 1 with value: 0.6516949911473462.
Trial 12 finished with value: 0.6516949911473462 and parameters: {'lambda': 1284.3256456958843, 'kappa': 3.155714518529925}. Best is trial 1 with value: 0.6516949911473462.
Trial 13 finished with value: 0.6516949911473462 and parameters: {'lambda': 1241.1722695690644, 'kappa': 3.021337815946988}. Best is trial 1 with value: 0.6516949911473462.
Trial 14 finished with value: 0.651694991147346 and parameters: {'lambda': 1567.8638086019419, 'kappa': 2.1855441481340363}. Best is trial 1 with value: 0.6516949911473462.
Trial 15 finished with value: 0.6516949911473462 and parameters: {'lambda': 1141.6398330287896, 'kappa': 3.4226504092668155}. Best is trial 1 with value: 0.6516949911473462.
Trial 16 finished with value: 0.651694991147346 and parameters: {'lambda': 1798.7518030151937, 'kappa': 2.6871233931365808}. Best is trial 1 with value: 0.6516949911473462.
Trial 17 finished with value: 0.6516949911473462 and parameters: {'lambda': 971.8471135857591, 'kappa': 3.5210584037895685}. Best is trial 1 with value: 0.6516949911473462.
Trial 18 finished with value: 0.6516949911473462 and parameters: {'lambda': 1463.2644939284787, 'kappa': 2.847890491959081}. Best is trial 1 with value: 0.6516949911473462.
Trial 19 finished with value: 0.6516949911473462 and parameters: {'lambda': 1103.0929973510547, 'kappa': 2.2347208910546077}. Best is trial 1 with value: 0.6516949911473462.
Trial 20 finished with value: 0.651694991147346 and parameters: {'lambda': 1670.218171188245, 'kappa': 1.0823503127445389}. Best is trial 1 with value: 0.6516949911473462.
Trial 21 finished with value: 0.6516949911473462 and parameters: {'lambda': 1301.5563891411919, 'kappa': 3.1845459609909335}. Best is trial 1 with value: 0.6516949911473462.
Trial 22 finished with value: 0.6516949911473462 and parameters: {'lambda': 1435.5862521996055, 'kappa': 3.377224858824085}. Best is trial 1 with value: 0.6516949911473462.
Trial 23 finished with value: 0.6516949911473462 and parameters: {'lambda': 1421.9474463954184, 'kappa': 3.0137614427710244}. Best is trial 1 with value: 0.6516949911473462.
Trial 24 finished with value: 0.6516949911473462 and parameters: {'lambda': 1011.0943945423717, 'kappa': 3.7489674660364387}. Best is trial 1 with value: 0.6516949911473462.
Trial 25 finished with value: 0.651694991147346 and parameters: {'lambda': 1994.0029338384056, 'kappa': 2.43040384589403}. Best is trial 1 with value: 0.6516949911473462.
Trial 26 finished with value: 0.651694991147346 and parameters: {'lambda': 1735.0577895132901, 'kappa': 2.8611831545285917}. Best is trial 1 with value: 0.6516949911473462.
Trial 27 finished with value: 0.6516949911473462 and parameters: {'lambda': 1372.8924041370058, 'kappa': 3.339111706240516}. Best is trial 1 with value: 0.6516949911473462.
Trial 28 finished with value: 0.6516949911473462 and parameters: {'lambda': 1152.3280801041183, 'kappa': 2.811913137913286}. Best is trial 1 with value: 0.6516949911473462.
Trial 29 finished with value: 0.651694991147346 and parameters: {'lambda': 1578.0894618690625, 'kappa': 3.747127202931212}. Best is trial 1 with value: 0.6516949911473462.
Optuna best λ=1465.8674, κ=2.869673679819506, Sharpe=0.6517
A new study created in memory with name: no-name-0387a554-807a-473f-bd4c-23d1efec7790
Trial 0 finished with value: -0.05058700596387608 and parameters: {'lambda': 759.7853498839952, 'kappa': 3.9691811987040015}. Best is trial 0 with value: -0.05058700596387608.
Trial 1 finished with value: 0.17803447306912726 and parameters: {'lambda': 1465.8673507626895, 'kappa': 2.869673679819506}. Best is trial 1 with value: 0.17803447306912726.
Trial 2 finished with value: 0.635340629393912 and parameters: {'lambda': 328.1377557200871, 'kappa': 1.487187364027523}. Best is trial 2 with value: 0.635340629393912.
Trial 3 finished with value: -0.3166088123696474 and parameters: {'lambda': 134.68574520140024, 'kappa': 3.705159593645523}. Best is trial 2 with value: 0.635340629393912.
Trial 4 finished with value: 0.17803447306912726 and parameters: {'lambda': 1207.3409317440553, 'kappa': 3.2113854510604285}. Best is trial 2 with value: 0.635340629393912.
Trial 5 finished with value: 0.18147700322050117 and parameters: {'lambda': 60.6133742333842, 'kappa': 4.029130915629118}. Best is trial 2 with value: 0.635340629393912.
Trial 6 finished with value: 0.17803447306912726 and parameters: {'lambda': 1664.2846394063226, 'kappa': 1.6631574710979753}. Best is trial 2 with value: 0.635340629393912.
Trial 7 finished with value: -0.3929484416086668 and parameters: {'lambda': 379.11324308858104, 'kappa': 1.5727916564869089}. Best is trial 2 with value: 0.635340629393912.
Trial 8 finished with value: -0.04826628715319753 and parameters: {'lambda': 620.9252743284724, 'kappa': 2.638869763709691}. Best is trial 2 with value: 0.635340629393912.
Trial 9 finished with value: 0.17803447306912726 and parameters: {'lambda': 873.1778048064807, 'kappa': 1.9095393660962992}. Best is trial 2 with value: 0.635340629393912.
Trial 10 finished with value: 0.17803447306912726 and parameters: {'lambda': 1886.8899990604687, 'kappa': 1.0187298358271706}. Best is trial 2 with value: 0.635340629393912.
Trial 11 finished with value: 0.13018504811647796 and parameters: {'lambda': 34.8609161424165, 'kappa': 2.112466833561486}. Best is trial 2 with value: 0.635340629393912.
Trial 12 finished with value: -0.12209515922340138 and parameters: {'lambda': 370.70542639743644, 'kappa': 3.310275913778771}. Best is trial 2 with value: 0.635340629393912.
Trial 13 finished with value: 0.44087031862845166 and parameters: {'lambda': 413.4357677087194, 'kappa': 1.0360510594857923}. Best is trial 2 with value: 0.635340629393912.
Trial 14 finished with value: -0.42389658847013156 and parameters: {'lambda': 535.854795047168, 'kappa': 1.0115272863464582}. Best is trial 2 with value: 0.635340629393912.
Trial 15 finished with value: 0.17803447306912726 and parameters: {'lambda': 1067.2165820345172, 'kappa': 1.3991028920310182}. Best is trial 2 with value: 0.635340629393912.
Trial 16 finished with value: -0.05543312282990643 and parameters: {'lambda': 352.8784767700289, 'kappa': 2.2338376994904285}. Best is trial 2 with value: 0.635340629393912.
Trial 17 finished with value: -0.18134750319525672 and parameters: {'lambda': 591.5097419721926, 'kappa': 1.265097630573727}. Best is trial 2 with value: 0.635340629393912.
Trial 18 finished with value: 0.4069745328660382 and parameters: {'lambda': 256.59860451925977, 'kappa': 1.8733429896303389}. Best is trial 2 with value: 0.635340629393912.
Trial 19 finished with value: 0.17803447306912726 and parameters: {'lambda': 1245.0181574880212, 'kappa': 2.364215255818936}. Best is trial 2 with value: 0.635340629393912.
Trial 20 finished with value: 0.17803447306912726 and parameters: {'lambda': 907.9510294542922, 'kappa': 1.3653225638065014}. Best is trial 2 with value: 0.635340629393912.
Trial 21 finished with value: 0.17482481866070937 and parameters: {'lambda': 228.6220973419911, 'kappa': 1.8572455642060295}. Best is trial 2 with value: 0.635340629393912.
Trial 22 finished with value: 0.2148313204933552 and parameters: {'lambda': 281.60413883006134, 'kappa': 1.8284463968053828}. Best is trial 2 with value: 0.635340629393912.
Trial 23 finished with value: 0.3813143887637139 and parameters: {'lambda': 486.23815972276503, 'kappa': 1.2338317417314757}. Best is trial 2 with value: 0.635340629393912.
Trial 24 finished with value: -0.015906221906356228 and parameters: {'lambda': 777.2594040757954, 'kappa': 1.6690027160944076}. Best is trial 2 with value: 0.635340629393912.
Trial 25 finished with value: 0.03690023402012352 and parameters: {'lambda': 697.5994854331268, 'kappa': 1.4751659118242189}. Best is trial 2 with value: 0.635340629393912.
Trial 26 finished with value: -0.010179098568501554 and parameters: {'lambda': 199.79974805730106, 'kappa': 2.0524870062657947}. Best is trial 2 with value: 0.635340629393912.
Trial 27 finished with value: -0.08504650425473365 and parameters: {'lambda': 449.95742274908764, 'kappa': 2.4593449669987506}. Best is trial 2 with value: 0.635340629393912.
Trial 28 finished with value: 0.43985768280457704 and parameters: {'lambda': 206.50886095144017, 'kappa': 1.1821734166873739}. Best is trial 2 with value: 0.635340629393912.
Trial 29 finished with value: -0.18134750319525672 and parameters: {'lambda': 750.4107071217053, 'kappa': 1.122213473470189}. Best is trial 2 with value: 0.635340629393912.
Optuna best λ=328.1378, κ=1.487187364027523, Sharpe=0.6353
A new study created in memory with name: no-name-cf9fd14b-ee1e-4f8b-b592-e56ebc2422c8
Trial 0 finished with value: 0.6027661510375714 and parameters: {'lambda': 759.7853498839952, 'kappa': 3.9691811987040015}. Best is trial 0 with value: 0.6027661510375714.
Trial 1 finished with value: 0.5475958362727672 and parameters: {'lambda': 1465.8673507626895, 'kappa': 2.869673679819506}. Best is trial 0 with value: 0.6027661510375714.
Trial 2 finished with value: -0.00939814119102006 and parameters: {'lambda': 328.1377557200871, 'kappa': 1.487187364027523}. Best is trial 0 with value: 0.6027661510375714.
Trial 3 finished with value: 0.15267542123002856 and parameters: {'lambda': 134.68574520140024, 'kappa': 3.705159593645523}. Best is trial 0 with value: 0.6027661510375714.
Trial 4 finished with value: 0.5475958362727672 and parameters: {'lambda': 1207.3409317440553, 'kappa': 3.2113854510604285}. Best is trial 0 with value: 0.6027661510375714.
Trial 5 finished with value: 0.5532163064080952 and parameters: {'lambda': 60.6133742333842, 'kappa': 4.029130915629118}. Best is trial 0 with value: 0.6027661510375714.
Trial 6 finished with value: 0.5475958362727672 and parameters: {'lambda': 1664.2846394063226, 'kappa': 1.6631574710979753}. Best is trial 0 with value: 0.6027661510375714.
Trial 7 finished with value: -0.04819717193010369 and parameters: {'lambda': 379.11324308858104, 'kappa': 1.5727916564869089}. Best is trial 0 with value: 0.6027661510375714.
Trial 8 finished with value: 0.08909187820689195 and parameters: {'lambda': 620.9252743284724, 'kappa': 2.638869763709691}. Best is trial 0 with value: 0.6027661510375714.
Trial 9 finished with value: 0.5475958362727672 and parameters: {'lambda': 873.1778048064807, 'kappa': 1.9095393660962992}. Best is trial 0 with value: 0.6027661510375714.
Trial 10 finished with value: 0.5475958362727672 and parameters: {'lambda': 1886.8899990604687, 'kappa': 3.4091247782378664}. Best is trial 0 with value: 0.6027661510375714.
Trial 11 finished with value: 0.6684687081557942 and parameters: {'lambda': 34.8609161424165, 'kappa': 3.983014214982241}. Best is trial 11 with value: 0.6684687081557942.
Trial 12 finished with value: 0.5475958362727672 and parameters: {'lambda': 846.6671381639669, 'kappa': 3.9091569621005586}. Best is trial 11 with value: 0.6684687081557942.
Trial 13 finished with value: 0.5475958362727672 and parameters: {'lambda': 1165.1370472989688, 'kappa': 2.2256718351156524}. Best is trial 11 with value: 0.6684687081557942.
Trial 14 finished with value: 0.12388905864394588 and parameters: {'lambda': 594.5592716098927, 'kappa': 1.0411523272835173}. Best is trial 11 with value: 0.6684687081557942.
Trial 15 finished with value: -0.08455208011834281 and parameters: {'lambda': 574.5424571437802, 'kappa': 3.4226504092668155}. Best is trial 11 with value: 0.6684687081557942.
Trial 16 finished with value: 0.049931088194352664 and parameters: {'lambda': 278.4245156469942, 'kappa': 4.097948080441039}. Best is trial 11 with value: 0.6684687081557942.
Trial 17 finished with value: 0.5475958362727672 and parameters: {'lambda': 1011.6375720709152, 'kappa': 2.9348699430616354}. Best is trial 11 with value: 0.6684687081557942.
Trial 18 finished with value: 0.5475958362727672 and parameters: {'lambda': 1382.6998626855793, 'kappa': 3.6236550688500415}. Best is trial 11 with value: 0.6684687081557942.
Trial 19 finished with value: 0.6802284070236447 and parameters: {'lambda': 744.8062849653816, 'kappa': 3.017077883301691}. Best is trial 19 with value: 0.6802284070236447.
Trial 20 finished with value: 0.038197043540240574 and parameters: {'lambda': 442.5003941091198, 'kappa': 2.3334518469926158}. Best is trial 19 with value: 0.6802284070236447.
Trial 21 finished with value: 0.5475958362727672 and parameters: {'lambda': 922.4951467626943, 'kappa': 3.1137742847580365}. Best is trial 19 with value: 0.6802284070236447.
Trial 22 finished with value: 0.6676986138555123 and parameters: {'lambda': 738.9730433513995, 'kappa': 3.7724307955643663}. Best is trial 19 with value: 0.6802284070236447.
