Trial 2 finished with value: -0.3390872626211194 and parameters: {'lambda': 328.1377557200871, 'kappa': 1.487187364027523}. Best is trial 0 with value: -0.3390872626211194.
Trial 3 finished with value: -0.08081621492275871 and parameters: {'lambda': 134.68574520140024, 'kappa': 3.705159593645523}. Best is trial 3 with value: -0.08081621492275871.
Trial 4 finished with value: -0.3390872626211194 and parameters: {'lambda': 1207.3409317440553, 'kappa': 3.2113854510604285}. Best is trial 3 with value: -0.08081621492275871.
Trial 5 finished with value: -0.06386898408229258 and parameters: {'lambda': 60.6133742333842, 'kappa': 4.029130915629118}. Best is trial 5 with value: -0.06386898408229258.
Trial 6 finished with value: -0.3390872626211194 and parameters: {'lambda': 1664.2846394063226, 'kappa': 1.6631574710979753}. Best is trial 5 with value: -0.06386898408229258.
Trial 7 finished with value: -0.3390872626211194 and parameters: {'lambda': 379.11324308858104, 'kappa': 1.5727916564869089}. Best is trial 5 with value: -0.06386898408229258.
Trial 8 finished with value: -0.3390872626211194 and parameters: {'lambda': 620.9252743284724, 'kappa': 2.638869763709691}. Best is trial 5 with value: -0.06386898408229258.
Trial 9 finished with value: -0.3390872626211194 and parameters: {'lambda': 873.1778048064807, 'kappa': 1.9095393660962992}. Best is trial 5 with value: -0.06386898408229258.
Trial 10 finished with value: -0.3390872626211194 and parameters: {'lambda': 1886.8899990604687, 'kappa': 3.403359914931464}. Best is trial 5 with value: -0.06386898408229258.
Trial 11 finished with value: -0.10957654605830003 and parameters: {'lambda': 34.8609161424165, 'kappa': 3.9798232276603978}. Best is trial 5 with value: -0.06386898408229258.
Trial 12 finished with value: -0.19682354307853578 and parameters: {'lambda': 48.648302835881935, 'kappa': 3.561963338490747}. Best is trial 5 with value: -0.06386898408229258.
Trial 13 finished with value: -0.43945970072278806 and parameters: {'lambda': 413.4357677087194, 'kappa': 4.060125690956306}. Best is trial 5 with value: -0.06386898408229258.
Trial 14 finished with value: -0.3390872626211194 and parameters: {'lambda': 1146.9613502972234, 'kappa': 2.1855441481340363}. Best is trial 5 with value: -0.06386898408229258.
Trial 15 finished with value: -0.457101005458112 and parameters: {'lambda': 119.33359562300568, 'kappa': 3.671017647863116}. Best is trial 5 with value: -0.06386898408229258.
Trial 16 finished with value: -0.3390872626211194 and parameters: {'lambda': 584.603409069565, 'kappa': 3.0060226153876033}. Best is trial 5 with value: -0.06386898408229258.
Trial 17 finished with value: -0.4232195844823451 and parameters: {'lambda': 299.5839973459175, 'kappa': 2.3992866941785964}. Best is trial 5 with value: -0.06386898408229258.
Trial 18 finished with value: -0.3390872626211194 and parameters: {'lambda': 565.6846875383407, 'kappa': 3.7566938152578446}. Best is trial 5 with value: -0.06386898408229258.
Trial 19 finished with value: -0.3870687355241131 and parameters: {'lambda': 215.84259825168442, 'kappa': 3.378367621544765}. Best is trial 5 with value: -0.06386898408229258.
Trial 20 finished with value: -0.3390872626211194 and parameters: {'lambda': 995.0837109064724, 'kappa': 1.0823503127445389}. Best is trial 5 with value: -0.06386898408229258.
Trial 21 finished with value: -0.05410745002802772 and parameters: {'lambda': 51.01113643947369, 'kappa': 3.9991249286287913}. Best is trial 21 with value: -0.05410745002802772.
Trial 22 finished with value: -0.04765291341483027 and parameters: {'lambda': 162.1868717129645, 'kappa': 4.108925748293397}. Best is trial 22 with value: -0.04765291341483027.
Trial 23 finished with value: -0.3390872626211194 and parameters: {'lambda': 446.9970784468643, 'kappa': 4.110664833508607}. Best is trial 22 with value: -0.04765291341483027.
Trial 24 finished with value: -0.4282255416568155 and parameters: {'lambda': 213.4642971418582, 'kappa': 3.8260998512198348}. Best is trial 22 with value: -0.04765291341483027.
Trial 25 finished with value: 0.11113087869110329 and parameters: {'lambda': 26.777098049867305, 'kappa': 3.1483749465949766}. Best is trial 25 with value: 0.11113087869110329.
Trial 26 finished with value: -0.3391740606140814 and parameters: {'lambda': 251.18517318534018, 'kappa': 3.1272289038943097}. Best is trial 25 with value: 0.11113087869110329.
Trial 27 finished with value: -0.3390872626211194 and parameters: {'lambda': 741.6707745965227, 'kappa': 2.7302014592014556}. Best is trial 25 with value: 0.11113087869110329.
Trial 28 finished with value: -0.3390872626211194 and parameters: {'lambda': 489.8684506088105, 'kappa': 3.394661592026487}. Best is trial 25 with value: 0.11113087869110329.
Trial 29 finished with value: -0.3390872626211194 and parameters: {'lambda': 859.3872410277686, 'kappa': 3.561369239823544}. Best is trial 25 with value: 0.11113087869110329.
Optuna best λ=26.7771, κ=3.1483749465949766, Sharpe=0.1111
A new study created in memory with name: no-name-cac46b3f-0342-42a4-baa3-fa6a771c4a93
Trial 0 finished with value: 0.3369556491762679 and parameters: {'lambda': 759.7853498839952, 'kappa': 3.9691811987040015}. Best is trial 0 with value: 0.3369556491762679.
Trial 1 finished with value: 0.5751376244820042 and parameters: {'lambda': 1465.8673507626895, 'kappa': 2.869673679819506}. Best is trial 1 with value: 0.5751376244820042.
Trial 2 finished with value: 0.2135075782138494 and parameters: {'lambda': 328.1377557200871, 'kappa': 1.487187364027523}. Best is trial 1 with value: 0.5751376244820042.
Trial 3 finished with value: 1.0306500344807885 and parameters: {'lambda': 134.68574520140024, 'kappa': 3.705159593645523}. Best is trial 3 with value: 1.0306500344807885.
Trial 4 finished with value: 0.5751376244820042 and parameters: {'lambda': 1207.3409317440553, 'kappa': 3.2113854510604285}. Best is trial 3 with value: 1.0306500344807885.
Trial 5 finished with value: 0.5561597109161428 and parameters: {'lambda': 60.6133742333842, 'kappa': 4.029130915629118}. Best is trial 3 with value: 1.0306500344807885.
Trial 6 finished with value: 0.5751376244820042 and parameters: {'lambda': 1664.2846394063226, 'kappa': 1.6631574710979753}. Best is trial 3 with value: 1.0306500344807885.
Trial 7 finished with value: 0.431262223211047 and parameters: {'lambda': 379.11324308858104, 'kappa': 1.5727916564869089}. Best is trial 3 with value: 1.0306500344807885.
Trial 8 finished with value: 0.30629701235079765 and parameters: {'lambda': 620.9252743284724, 'kappa': 2.638869763709691}. Best is trial 3 with value: 1.0306500344807885.
Trial 9 finished with value: 0.47402259997222046 and parameters: {'lambda': 873.1778048064807, 'kappa': 1.9095393660962992}. Best is trial 3 with value: 1.0306500344807885.
Trial 10 finished with value: 0.5751376244820042 and parameters: {'lambda': 1886.8899990604687, 'kappa': 3.4270596555033017}. Best is trial 3 with value: 1.0306500344807885.
Trial 11 finished with value: 0.5751376244820042 and parameters: {'lambda': 1298.9533901026055, 'kappa': 2.8362681011605164}. Best is trial 3 with value: 1.0306500344807885.
Trial 12 finished with value: 0.5751376244820042 and parameters: {'lambda': 1460.6549280008735, 'kappa': 3.440130975479543}. Best is trial 3 with value: 1.0306500344807885.
Trial 13 finished with value: 0.5751376244820042 and parameters: {'lambda': 1100.9760739817916, 'kappa': 2.2256718351156524}. Best is trial 3 with value: 1.0306500344807885.
Trial 14 finished with value: 0.5751376244820042 and parameters: {'lambda': 1567.8638086019419, 'kappa': 1.0411523272835173}. Best is trial 3 with value: 1.0306500344807885.
Trial 15 finished with value: 0.5751376244820042 and parameters: {'lambda': 1931.1367191612144, 'kappa': 3.1183491327756907}. Best is trial 3 with value: 1.0306500344807885.
Trial 16 finished with value: 0.8853359691109437 and parameters: {'lambda': 161.70629077990583, 'kappa': 3.7812505771217495}. Best is trial 3 with value: 1.0306500344807885.
Trial 17 finished with value: 0.42065999131512494 and parameters: {'lambda': 81.08686796642502, 'kappa': 3.7772037693533047}. Best is trial 3 with value: 1.0306500344807885.
Trial 18 finished with value: 0.3235777607749424 and parameters: {'lambda': 358.6783786916954, 'kappa': 3.6715534793654703}. Best is trial 3 with value: 1.0306500344807885.
Trial 19 finished with value: 0.36987313693484214 and parameters: {'lambda': 547.3426771678813, 'kappa': 2.328661362061183}. Best is trial 3 with value: 1.0306500344807885.
Trial 20 finished with value: 0.48907517778906323 and parameters: {'lambda': 201.67785519894448, 'kappa': 4.119096740516304}. Best is trial 3 with value: 1.0306500344807885.
Trial 21 finished with value: 0.45348643521972093 and parameters: {'lambda': 945.7905846250783, 'kappa': 2.939774221490189}. Best is trial 3 with value: 1.0306500344807885.
Trial 22 finished with value: -0.1494460880502008 and parameters: {'lambda': 479.0155182380113, 'kappa': 3.5980813002494587}. Best is trial 3 with value: 1.0306500344807885.
Trial 23 finished with value: 0.3294710346542652 and parameters: {'lambda': 722.7810877640534, 'kappa': 3.265234445706599}. Best is trial 3 with value: 1.0306500344807885.
Trial 24 finished with value: 0.21123671631491675 and parameters: {'lambda': 230.78719924279574, 'kappa': 2.6083069970554638}. Best is trial 3 with value: 1.0306500344807885.
Trial 25 finished with value: 0.5751376244820042 and parameters: {'lambda': 1741.8362066979248, 'kappa': 3.821661508053004}. Best is trial 3 with value: 1.0306500344807885.
Trial 26 finished with value: 0.5751376244820042 and parameters: {'lambda': 1315.8025121233027, 'kappa': 2.9331300977714267}. Best is trial 3 with value: 1.0306500344807885.
Trial 27 finished with value: 0.450827325747764 and parameters: {'lambda': 207.2807254834779, 'kappa': 3.389053498835645}. Best is trial 3 with value: 1.0306500344807885.
Trial 28 finished with value: 0.5751376244820042 and parameters: {'lambda': 1098.5708895761122, 'kappa': 2.3234322239200607}. Best is trial 3 with value: 1.0306500344807885.
Trial 29 finished with value: 0.42041188652376094 and parameters: {'lambda': 833.4853733272686, 'kappa': 3.8674135339410847}. Best is trial 3 with value: 1.0306500344807885.
Optuna best λ=134.6857, κ=3.705159593645523, Sharpe=1.0307
A new study created in memory with name: no-name-98653047-03d1-4b73-bc1a-34a6a4a48919
Trial 0 finished with value: -0.09370665674736853 and parameters: {'lambda': 759.7853498839952, 'kappa': 3.9691811987040015}. Best is trial 0 with value: -0.09370665674736853.
Trial 1 finished with value: -0.3671626105418631 and parameters: {'lambda': 1465.8673507626895, 'kappa': 2.869673679819506}. Best is trial 0 with value: -0.09370665674736853.
Trial 2 finished with value: -0.02726180876784601 and parameters: {'lambda': 328.1377557200871, 'kappa': 1.487187364027523}. Best is trial 2 with value: -0.02726180876784601.
Trial 3 finished with value: 0.12678407311702136 and parameters: {'lambda': 134.68574520140024, 'kappa': 3.705159593645523}. Best is trial 3 with value: 0.12678407311702136.
Trial 4 finished with value: -0.3671626105418631 and parameters: {'lambda': 1207.3409317440553, 'kappa': 3.2113854510604285}. Best is trial 3 with value: 0.12678407311702136.
Trial 5 finished with value: -0.37669140015461977 and parameters: {'lambda': 60.6133742333842, 'kappa': 4.029130915629118}. Best is trial 3 with value: 0.12678407311702136.
Trial 6 finished with value: -0.3671626105418631 and parameters: {'lambda': 1664.2846394063226, 'kappa': 1.6631574710979753}. Best is trial 3 with value: 0.12678407311702136.
Trial 7 finished with value: -0.02726180876784601 and parameters: {'lambda': 379.11324308858104, 'kappa': 1.5727916564869089}. Best is trial 3 with value: 0.12678407311702136.
Trial 8 finished with value: -0.09370665674736853 and parameters: {'lambda': 620.9252743284724, 'kappa': 2.638869763709691}. Best is trial 3 with value: 0.12678407311702136.
Trial 9 finished with value: -0.3671626105418631 and parameters: {'lambda': 873.1778048064807, 'kappa': 1.9095393660962992}. Best is trial 3 with value: 0.12678407311702136.
Trial 10 finished with value: -0.3671626105418631 and parameters: {'lambda': 1886.8899990604687, 'kappa': 3.4270596555033017}. Best is trial 3 with value: 0.12678407311702136.
Trial 11 finished with value: -0.5856762762405194 and parameters: {'lambda': 34.8609161424165, 'kappa': 1.0799836552286157}. Best is trial 3 with value: 0.12678407311702136.
Trial 12 finished with value: -0.09633285784531252 and parameters: {'lambda': 401.62106243282926, 'kappa': 2.243131401327489}. Best is trial 3 with value: 0.12678407311702136.
Trial 13 finished with value: -0.2046603229970952 and parameters: {'lambda': 348.62351716613654, 'kappa': 1.0360510594857923}. Best is trial 3 with value: 0.12678407311702136.
Trial 14 finished with value: -0.3671626105418631 and parameters: {'lambda': 1101.5497235715259, 'kappa': 3.472094027994215}. Best is trial 3 with value: 0.12678407311702136.
Trial 15 finished with value: -0.09633285784531252 and parameters: {'lambda': 574.3416104868592, 'kappa': 2.2718069069486355}. Best is trial 3 with value: 0.12678407311702136.
Trial 16 finished with value: -0.004629118172936807 and parameters: {'lambda': 221.93054614190385, 'kappa': 2.8939565129180003}. Best is trial 3 with value: 0.12678407311702136.
Trial 17 finished with value: 0.06327032115902924 and parameters: {'lambda': 153.91865536296643, 'kappa': 3.0651501358084126}. Best is trial 3 with value: 0.12678407311702136.
Trial 18 finished with value: -0.09370665674736853 and parameters: {'lambda': 599.4162111824189, 'kappa': 3.7789655553033406}. Best is trial 3 with value: 0.12678407311702136.
Trial 19 finished with value: 0.06327032115902924 and parameters: {'lambda': 153.88791860607552, 'kappa': 3.1193687840889}. Best is trial 3 with value: 0.12678407311702136.
Trial 20 finished with value: -0.3671626105418631 and parameters: {'lambda': 1309.8360941711126, 'kappa': 3.5884489942817592}. Best is trial 3 with value: 0.12678407311702136.
Trial 21 finished with value: 0.13819084578467825 and parameters: {'lambda': 167.63097873148084, 'kappa': 3.1137742847580365}. Best is trial 21 with value: 0.13819084578467825.
Trial 22 finished with value: 0.03811492763045767 and parameters: {'lambda': 204.98336571784262, 'kappa': 3.2599089538983748}. Best is trial 21 with value: 0.13819084578467825.
Trial 23 finished with value: -0.09370665674736853 and parameters: {'lambda': 491.3950396659995, 'kappa': 2.9693360867799976}. Best is trial 21 with value: 0.13819084578467825.
Trial 24 finished with value: -0.3671626105418631 and parameters: {'lambda': 970.6098862375413, 'kappa': 2.6083069970554638}. Best is trial 21 with value: 0.13819084578467825.
Trial 25 finished with value: -0.5561878191367252 and parameters: {'lambda': 26.78188528947345, 'kappa': 3.680887854993931}. Best is trial 21 with value: 0.13819084578467825.
Trial 26 finished with value: -0.009705806477623327 and parameters: {'lambda': 237.67780029092174, 'kappa': 3.8087037894878324}. Best is trial 21 with value: 0.13819084578467825.
Trial 27 finished with value: -0.09633285784531252 and parameters: {'lambda': 701.7688201793983, 'kappa': 2.2988608539056576}. Best is trial 21 with value: 0.13819084578467825.
Trial 28 finished with value: -0.09370665674736853 and parameters: {'lambda': 403.15902002569123, 'kappa': 3.3518251112732322}. Best is trial 21 with value: 0.13819084578467825.
Trial 29 finished with value: -0.3671626105418631 and parameters: {'lambda': 841.056053743298, 'kappa': 4.103559028827337}. Best is trial 21 with value: 0.13819084578467825.
Optuna best λ=167.6310, κ=3.1137742847580365, Sharpe=0.1382
A new study created in memory with name: no-name-c3c220a0-0a63-464d-af0e-4265265ee6b1
Trial 0 finished with value: 0.464135142543737 and parameters: {'lambda': 759.7853498839952, 'kappa': 3.9691811987040015}. Best is trial 0 with value: 0.464135142543737.
Trial 1 finished with value: 0.41721964308099346 and parameters: {'lambda': 1465.8673507626895, 'kappa': 2.869673679819506}. Best is trial 0 with value: 0.464135142543737.
Trial 2 finished with value: 0.533585763928407 and parameters: {'lambda': 328.1377557200871, 'kappa': 1.487187364027523}. Best is trial 2 with value: 0.533585763928407.
Trial 3 finished with value: 0.42475899644610543 and parameters: {'lambda': 134.68574520140024, 'kappa': 3.705159593645523}. Best is trial 2 with value: 0.533585763928407.
Trial 4 finished with value: 0.41721964308099346 and parameters: {'lambda': 1207.3409317440553, 'kappa': 3.2113854510604285}. Best is trial 2 with value: 0.533585763928407.
Trial 5 finished with value: 0.2508146216728248 and parameters: {'lambda': 60.6133742333842, 'kappa': 4.029130915629118}. Best is trial 2 with value: 0.533585763928407.
Trial 6 finished with value: 0.41721964308099346 and parameters: {'lambda': 1664.2846394063226, 'kappa': 1.6631574710979753}. Best is trial 2 with value: 0.533585763928407.
Trial 7 finished with value: 0.533585763928407 and parameters: {'lambda': 379.11324308858104, 'kappa': 1.5727916564869089}. Best is trial 2 with value: 0.533585763928407.
Trial 8 finished with value: 0.464135142543737 and parameters: {'lambda': 620.9252743284724, 'kappa': 2.638869763709691}. Best is trial 2 with value: 0.533585763928407.
Trial 9 finished with value: 0.5094104740471859 and parameters: {'lambda': 873.1778048064807, 'kappa': 1.9095393660962992}. Best is trial 2 with value: 0.533585763928407.
Trial 10 finished with value: 0.41721964308099346 and parameters: {'lambda': 1886.8899990604687, 'kappa': 1.0187298358271706}. Best is trial 2 with value: 0.533585763928407.
Trial 11 finished with value: 0.5094104740471859 and parameters: {'lambda': 446.06469989323665, 'kappa': 1.7980101744817147}. Best is trial 2 with value: 0.533585763928407.
Trial 12 finished with value: 0.483850634650372 and parameters: {'lambda': 353.10944076736615, 'kappa': 1.1209428898519396}. Best is trial 2 with value: 0.533585763928407.
Trial 13 finished with value: 0.41721964308099346 and parameters: {'lambda': 1100.9760739817916, 'kappa': 2.2256718351156524}. Best is trial 2 with value: 0.533585763928407.
Trial 14 finished with value: 0.483850634650372 and parameters: {'lambda': 367.05033656852584, 'kappa': 1.3921151933115674}. Best is trial 2 with value: 0.533585763928407.
Trial 15 finished with value: 0.47734922892339154 and parameters: {'lambda': 574.5424571437802, 'kappa': 2.2718069069486355}. Best is trial 2 with value: 0.533585763928407.
Trial 16 finished with value: 0.533585763928407 and parameters: {'lambda': 228.20240472072473, 'kappa': 1.4498881943951683}. Best is trial 2 with value: 0.533585763928407.
Trial 17 finished with value: 0.4200267267866671 and parameters: {'lambda': 916.0984066132451, 'kappa': 2.160388336329991}. Best is trial 2 with value: 0.533585763928407.
Trial 18 finished with value: 0.483850634650372 and parameters: {'lambda': 626.0182432909755, 'kappa': 1.366374416255207}. Best is trial 2 with value: 0.533585763928407.
Trial 19 finished with value: 0.41721964308099346 and parameters: {'lambda': 1267.3870585295888, 'kappa': 3.0611357071645893}. Best is trial 2 with value: 0.533585763928407.
Trial 20 finished with value: 0.5094104740471859 and parameters: {'lambda': 244.96439745667638, 'kappa': 1.954592983102062}. Best is trial 2 with value: 0.533585763928407.
Trial 21 finished with value: 0.48471540569565796 and parameters: {'lambda': 190.2376613189073, 'kappa': 1.3625259092232975}. Best is trial 2 with value: 0.533585763928407.
Trial 22 finished with value: 0.6309350875887878 and parameters: {'lambda': 55.623475695676035, 'kappa': 1.5322170744247423}. Best is trial 22 with value: 0.6309350875887878.
Trial 23 finished with value: 0.20117420586853005 and parameters: {'lambda': 25.156822585465996, 'kappa': 1.6400416253820183}. Best is trial 22 with value: 0.6309350875887878.
Trial 24 finished with value: 0.47734922892339154 and parameters: {'lambda': 477.08687844493625, 'kappa': 2.4258331254949925}. Best is trial 22 with value: 0.6309350875887878.
Trial 25 finished with value: 0.483850634650372 and parameters: {'lambda': 723.965600501137, 'kappa': 1.195559872162793}. Best is trial 22 with value: 0.6309350875887878.
Trial 26 finished with value: 0.533585763928407 and parameters: {'lambda': 322.35092690025954, 'kappa': 1.6244406459052283}. Best is trial 22 with value: 0.6309350875887878.
Trial 27 finished with value: 0.5094104740471859 and parameters: {'lambda': 490.60303471628566, 'kappa': 1.9682790081244042}. Best is trial 22 with value: 0.6309350875887878.
Trial 28 finished with value: 0.20166463255950653 and parameters: {'lambda': 45.908816140639146, 'kappa': 2.6644476815631872}. Best is trial 22 with value: 0.6309350875887878.
Trial 29 finished with value: 0.533585763928407 and parameters: {'lambda': 803.8878665328061, 'kappa': 1.5501356361786283}. Best is trial 22 with value: 0.6309350875887878.
Optuna best λ=55.6235, κ=1.5322170744247423, Sharpe=0.6309
A new study created in memory with name: no-name-b6b6ab54-dbef-4eed-ab21-f504f6dffd80
Trial 0 finished with value: 0.10031476492788666 and parameters: {'lambda': 759.7853498839952, 'kappa': 3.9691811987040015}. Best is trial 0 with value: 0.10031476492788666.
Trial 1 finished with value: -0.024890740647675262 and parameters: {'lambda': 1465.8673507626895, 'kappa': 2.869673679819506}. Best is trial 0 with value: 0.10031476492788666.
Trial 2 finished with value: 0.1388365850766487 and parameters: {'lambda': 328.1377557200871, 'kappa': 1.487187364027523}. Best is trial 2 with value: 0.1388365850766487.
Trial 3 finished with value: 0.2538269768678515 and parameters: {'lambda': 134.68574520140024, 'kappa': 3.705159593645523}. Best is trial 3 with value: 0.2538269768678515.
