Trial 8 finished with value: -0.07146291689336423 and parameters: {'lambda': 620.9252743284724, 'kappa': 2.638869763709691}. Best is trial 5 with value: 0.42608807803875226.
Trial 9 finished with value: -0.07292618804457277 and parameters: {'lambda': 873.1778048064807, 'kappa': 1.9095393660962992}. Best is trial 5 with value: 0.42608807803875226.
Trial 10 finished with value: 0.02307793029921179 and parameters: {'lambda': 1886.8899990604687, 'kappa': 3.403359914931464}. Best is trial 5 with value: 0.42608807803875226.
Trial 11 finished with value: 0.5043636125692096 and parameters: {'lambda': 34.8609161424165, 'kappa': 3.9798232276603978}. Best is trial 11 with value: 0.5043636125692096.
Trial 12 finished with value: 0.40852446781148055 and parameters: {'lambda': 48.62839461429785, 'kappa': 3.834733028321934}. Best is trial 11 with value: 0.5043636125692096.
Trial 13 finished with value: -0.07146291689336423 and parameters: {'lambda': 452.53111586658093, 'kappa': 4.081306392996711}. Best is trial 11 with value: 0.5043636125692096.
Trial 14 finished with value: -0.07146291689336423 and parameters: {'lambda': 1101.5497235715259, 'kappa': 2.1855441481340363}. Best is trial 11 with value: 0.5043636125692096.
Trial 15 finished with value: 0.5378417194986146 and parameters: {'lambda': 36.665815800610986, 'kappa': 3.340210383474719}. Best is trial 15 with value: 0.5378417194986146.
Trial 16 finished with value: -0.07146291689336423 and parameters: {'lambda': 584.603409069565, 'kappa': 3.3033641938100926}. Best is trial 15 with value: 0.5378417194986146.
Trial 17 finished with value: 0.1610822950508808 and parameters: {'lambda': 247.44910477412216, 'kappa': 2.9348699430616354}. Best is trial 15 with value: 0.5378417194986146.
Trial 18 finished with value: -0.07146291689336423 and parameters: {'lambda': 1281.1108701548017, 'kappa': 3.603054662505956}. Best is trial 15 with value: 0.5378417194986146.
Trial 19 finished with value: -0.07146291689336423 and parameters: {'lambda': 915.0284276141729, 'kappa': 2.341151732038887}. Best is trial 15 with value: 0.5378417194986146.
Trial 20 finished with value: -0.016781320621412053 and parameters: {'lambda': 557.1378893821937, 'kappa': 1.0823503127445389}. Best is trial 15 with value: 0.5378417194986146.
Trial 21 finished with value: 0.42287489184153804 and parameters: {'lambda': 49.46162762008374, 'kappa': 3.722788413455649}. Best is trial 15 with value: 0.5378417194986146.
Trial 22 finished with value: 0.17559644286177306 and parameters: {'lambda': 234.6865274401597, 'kappa': 4.107641156900943}. Best is trial 15 with value: 0.5378417194986146.
Trial 23 finished with value: 0.4023111082424818 and parameters: {'lambda': 24.95704841165176, 'kappa': 3.448922736383024}. Best is trial 15 with value: 0.5378417194986146.
Trial 24 finished with value: -0.07932628631506428 and parameters: {'lambda': 208.62362955477448, 'kappa': 3.06392223338198}. Best is trial 15 with value: 0.5378417194986146.
Trial 25 finished with value: -0.07146291689336423 and parameters: {'lambda': 433.774622884958, 'kappa': 3.54524340261234}. Best is trial 15 with value: 0.5378417194986146.
Trial 26 finished with value: -0.07146291689336423 and parameters: {'lambda': 712.4142378517423, 'kappa': 3.8453999347992207}. Best is trial 15 with value: 0.5378417194986146.
Trial 27 finished with value: -0.15126893981859596 and parameters: {'lambda': 178.45512979385245, 'kappa': 4.114165383381609}. Best is trial 15 with value: 0.5378417194986146.
Trial 28 finished with value: -0.07146291689336423 and parameters: {'lambda': 331.10375069818076, 'kappa': 2.610602135440333}. Best is trial 15 with value: 0.5378417194986146.
Trial 29 finished with value: -0.07146291689336423 and parameters: {'lambda': 765.2222953681415, 'kappa': 3.896118607964741}. Best is trial 15 with value: 0.5378417194986146.
Optuna best λ=36.6658, κ=3.340210383474719, Sharpe=0.5378
A new study created in memory with name: no-name-7209e4b5-e24a-4cbc-ae9b-be144566030c
Trial 0 finished with value: 0.390118604602516 and parameters: {'lambda': 759.7853498839952, 'kappa': 3.9691811987040015}. Best is trial 0 with value: 0.390118604602516.
Trial 1 finished with value: 0.39950843017208204 and parameters: {'lambda': 1465.8673507626895, 'kappa': 2.869673679819506}. Best is trial 1 with value: 0.39950843017208204.
Trial 2 finished with value: 0.3946689934512699 and parameters: {'lambda': 328.1377557200871, 'kappa': 1.487187364027523}. Best is trial 1 with value: 0.39950843017208204.
Trial 3 finished with value: 0.24913310474652414 and parameters: {'lambda': 134.68574520140024, 'kappa': 3.705159593645523}. Best is trial 1 with value: 0.39950843017208204.
Trial 4 finished with value: 0.39950843017208204 and parameters: {'lambda': 1207.3409317440553, 'kappa': 3.2113854510604285}. Best is trial 1 with value: 0.39950843017208204.
Trial 5 finished with value: 0.11758535092838111 and parameters: {'lambda': 60.6133742333842, 'kappa': 4.029130915629118}. Best is trial 1 with value: 0.39950843017208204.
Trial 6 finished with value: 0.4028241030152143 and parameters: {'lambda': 1664.2846394063226, 'kappa': 1.6631574710979753}. Best is trial 6 with value: 0.4028241030152143.
Trial 7 finished with value: 0.38725719737622694 and parameters: {'lambda': 379.11324308858104, 'kappa': 1.5727916564869089}. Best is trial 6 with value: 0.4028241030152143.
Trial 8 finished with value: 0.38913908621570087 and parameters: {'lambda': 620.9252743284724, 'kappa': 2.638869763709691}. Best is trial 6 with value: 0.4028241030152143.
Trial 9 finished with value: 0.4059669266086512 and parameters: {'lambda': 873.1778048064807, 'kappa': 1.9095393660962992}. Best is trial 9 with value: 0.4059669266086512.
Trial 10 finished with value: 0.39614002229592143 and parameters: {'lambda': 1050.221228040157, 'kappa': 2.1258152001831987}. Best is trial 9 with value: 0.4059669266086512.
Trial 11 finished with value: 0.4028241030152143 and parameters: {'lambda': 1935.0886746673355, 'kappa': 1.053853654677886}. Best is trial 9 with value: 0.4059669266086512.
Trial 12 finished with value: 0.4028241030152143 and parameters: {'lambda': 1750.0653857861903, 'kappa': 2.0739346614866854}. Best is trial 9 with value: 0.4059669266086512.
Trial 13 finished with value: 0.39614002229592143 and parameters: {'lambda': 1191.4825912877516, 'kappa': 2.0161336400150702}. Best is trial 9 with value: 0.4059669266086512.
Trial 14 finished with value: 0.4028241030152143 and parameters: {'lambda': 1490.8885149535222, 'kappa': 1.6550215383782068}. Best is trial 9 with value: 0.4059669266086512.
Trial 15 finished with value: 0.2461530408748335 and parameters: {'lambda': 855.3592453438268, 'kappa': 1.0321585110262315}. Best is trial 9 with value: 0.4059669266086512.
Trial 16 finished with value: 0.4028241030152143 and parameters: {'lambda': 1546.3095832409635, 'kappa': 2.3565405158447614}. Best is trial 9 with value: 0.4059669266086512.
Trial 17 finished with value: 0.4028241030152143 and parameters: {'lambda': 1982.438796019069, 'kappa': 1.7497532963231388}. Best is trial 9 with value: 0.4059669266086512.
Trial 18 finished with value: 0.2461530408748335 and parameters: {'lambda': 1219.3296043677185, 'kappa': 1.3422014417007073}. Best is trial 9 with value: 0.4059669266086512.
Trial 19 finished with value: 0.39354989956288766 and parameters: {'lambda': 573.779555082064, 'kappa': 3.0207475397931}. Best is trial 9 with value: 0.4059669266086512.
Trial 20 finished with value: 0.4121738731939231 and parameters: {'lambda': 999.1024315941478, 'kappa': 1.9225907453927633}. Best is trial 20 with value: 0.4121738731939231.
Trial 21 finished with value: 0.4121738731939231 and parameters: {'lambda': 945.7905846250783, 'kappa': 1.867670359228903}. Best is trial 20 with value: 0.4121738731939231.
Trial 22 finished with value: 0.3963744317898856 and parameters: {'lambda': 1029.4589202686932, 'kappa': 2.382042348573991}. Best is trial 20 with value: 0.4121738731939231.
Trial 23 finished with value: 0.39884866391331153 and parameters: {'lambda': 849.9256666791848, 'kappa': 1.878367183021926}. Best is trial 20 with value: 0.4121738731939231.
Trial 24 finished with value: 0.39056166616701904 and parameters: {'lambda': 669.818172318802, 'kappa': 2.2847950489780677}. Best is trial 20 with value: 0.4121738731939231.
Trial 25 finished with value: 0.2461530408748335 and parameters: {'lambda': 923.0967713521834, 'kappa': 1.3289731071673438}. Best is trial 20 with value: 0.4121738731939231.
Trial 26 finished with value: 0.39950843017208204 and parameters: {'lambda': 1309.0165374922951, 'kappa': 2.6332086095295266}. Best is trial 20 with value: 0.4121738731939231.
Trial 27 finished with value: 0.4031668862372145 and parameters: {'lambda': 460.80532083245646, 'kappa': 1.8922724976283436}. Best is trial 20 with value: 0.4121738731939231.
Trial 28 finished with value: 0.2461530408748335 and parameters: {'lambda': 1098.5708895761122, 'kappa': 1.326184431810769}. Best is trial 20 with value: 0.4121738731939231.
Trial 29 finished with value: 0.3754884955750797 and parameters: {'lambda': 689.6617622966326, 'kappa': 2.165725231536859}. Best is trial 20 with value: 0.4121738731939231.
Optuna best λ=999.1024, κ=1.9225907453927633, Sharpe=0.4122
A new study created in memory with name: no-name-32d3afe2-bff5-4ec7-bf20-50c7742c84aa
Trial 0 finished with value: -0.7089920202365042 and parameters: {'lambda': 759.7853498839952, 'kappa': 3.9691811987040015}. Best is trial 0 with value: -0.7089920202365042.
Trial 1 finished with value: -1.1260863009332898 and parameters: {'lambda': 1465.8673507626895, 'kappa': 2.869673679819506}. Best is trial 0 with value: -0.7089920202365042.
Trial 2 finished with value: -0.1759029789540449 and parameters: {'lambda': 328.1377557200871, 'kappa': 1.487187364027523}. Best is trial 2 with value: -0.1759029789540449.
Trial 3 finished with value: -0.2151964725376982 and parameters: {'lambda': 134.68574520140024, 'kappa': 3.705159593645523}. Best is trial 2 with value: -0.1759029789540449.
Trial 4 finished with value: -0.8181434709735232 and parameters: {'lambda': 1207.3409317440553, 'kappa': 3.2113854510604285}. Best is trial 2 with value: -0.1759029789540449.
Trial 5 finished with value: -0.030406570334306108 and parameters: {'lambda': 60.6133742333842, 'kappa': 4.029130915629118}. Best is trial 5 with value: -0.030406570334306108.
Trial 6 finished with value: -0.4298469888923703 and parameters: {'lambda': 1664.2846394063226, 'kappa': 1.6631574710979753}. Best is trial 5 with value: -0.030406570334306108.
Trial 7 finished with value: -0.33633447580112913 and parameters: {'lambda': 379.11324308858104, 'kappa': 1.5727916564869089}. Best is trial 5 with value: -0.030406570334306108.
Trial 8 finished with value: -0.5254099429183674 and parameters: {'lambda': 620.9252743284724, 'kappa': 2.638869763709691}. Best is trial 5 with value: -0.030406570334306108.
Trial 9 finished with value: -0.6207877093949019 and parameters: {'lambda': 873.1778048064807, 'kappa': 1.9095393660962992}. Best is trial 5 with value: -0.030406570334306108.
Trial 10 finished with value: -0.4298469888923703 and parameters: {'lambda': 1886.8899990604687, 'kappa': 3.403359914931464}. Best is trial 5 with value: -0.030406570334306108.
Trial 11 finished with value: 0.1307724076196474 and parameters: {'lambda': 34.8609161424165, 'kappa': 1.0799836552286157}. Best is trial 11 with value: 0.1307724076196474.
Trial 12 finished with value: -0.1407976147907286 and parameters: {'lambda': 48.62839461429785, 'kappa': 2.1673446137274976}. Best is trial 11 with value: 0.1307724076196474.
Trial 13 finished with value: -0.31083199237978143 and parameters: {'lambda': 452.53111586658093, 'kappa': 1.1292391632493612}. Best is trial 11 with value: 0.1307724076196474.
Trial 14 finished with value: -0.6656405205168329 and parameters: {'lambda': 1101.5497235715259, 'kappa': 1.0211705101378328}. Best is trial 11 with value: 0.1307724076196474.
Trial 15 finished with value: 0.012431615520526546 and parameters: {'lambda': 36.665815800610986, 'kappa': 2.2718069069486355}. Best is trial 11 with value: 0.1307724076196474.
Trial 16 finished with value: -0.522084915838958 and parameters: {'lambda': 584.603409069565, 'kappa': 2.3565405158447614}. Best is trial 11 with value: 0.1307724076196474.
Trial 17 finished with value: -0.36472797808520513 and parameters: {'lambda': 247.44910477412216, 'kappa': 1.994041578321538}. Best is trial 11 with value: 0.1307724076196474.
Trial 18 finished with value: -0.8314628343574272 and parameters: {'lambda': 1281.1108701548017, 'kappa': 2.847890491959081}. Best is trial 11 with value: 0.1307724076196474.
Trial 19 finished with value: -0.7844434592013592 and parameters: {'lambda': 915.0284276141729, 'kappa': 1.2597615212417863}. Best is trial 11 with value: 0.1307724076196474.
Trial 20 finished with value: -0.39305082008870107 and parameters: {'lambda': 557.1378893821937, 'kappa': 2.3211406297658868}. Best is trial 11 with value: 0.1307724076196474.
Trial 21 finished with value: -0.11202428607402978 and parameters: {'lambda': 49.46162762008374, 'kappa': 3.2838226463132023}. Best is trial 11 with value: 0.1307724076196474.
Trial 22 finished with value: -0.3403621134963432 and parameters: {'lambda': 234.6865274401597, 'kappa': 3.903277638987676}. Best is trial 11 with value: 0.1307724076196474.
Trial 23 finished with value: -0.07016340084561051 and parameters: {'lambda': 24.95704841165176, 'kappa': 3.609522754591169}. Best is trial 11 with value: 0.1307724076196474.
Trial 24 finished with value: -0.3999161021477087 and parameters: {'lambda': 208.62362955477448, 'kappa': 3.06392223338198}. Best is trial 11 with value: 0.1307724076196474.
Trial 25 finished with value: -0.36470009277695803 and parameters: {'lambda': 433.774622884958, 'kappa': 2.591593368742865}. Best is trial 11 with value: 0.1307724076196474.
Trial 26 finished with value: -0.5858007598889647 and parameters: {'lambda': 712.4142378517423, 'kappa': 4.112176243987183}. Best is trial 11 with value: 0.1307724076196474.
Trial 27 finished with value: 0.014484591467914724 and parameters: {'lambda': 178.45512979385245, 'kappa': 1.8425862945222602}. Best is trial 11 with value: 0.1307724076196474.
Trial 28 finished with value: -0.31836980552323646 and parameters: {'lambda': 302.902977123735, 'kappa': 1.3690594847634892}. Best is trial 11 with value: 0.1307724076196474.
Trial 29 finished with value: -0.7300374053048374 and parameters: {'lambda': 766.4044328834376, 'kappa': 1.7907127947317383}. Best is trial 11 with value: 0.1307724076196474.
Optuna best λ=34.8609, κ=1.0799836552286157, Sharpe=0.1308
A new study created in memory with name: no-name-bc6c7d47-2b19-4f8b-a713-c395366205ec
Trial 0 finished with value: -0.0019569169370636055 and parameters: {'lambda': 759.7853498839952, 'kappa': 3.9691811987040015}. Best is trial 0 with value: -0.0019569169370636055.
Trial 1 finished with value: -0.126552932233418 and parameters: {'lambda': 1465.8673507626895, 'kappa': 2.869673679819506}. Best is trial 0 with value: -0.0019569169370636055.
Trial 2 finished with value: 0.6099888887863956 and parameters: {'lambda': 328.1377557200871, 'kappa': 1.487187364027523}. Best is trial 2 with value: 0.6099888887863956.
Trial 3 finished with value: 0.4723958322777314 and parameters: {'lambda': 134.68574520140024, 'kappa': 3.705159593645523}. Best is trial 2 with value: 0.6099888887863956.
Trial 4 finished with value: -0.126552932233418 and parameters: {'lambda': 1207.3409317440553, 'kappa': 3.2113854510604285}. Best is trial 2 with value: 0.6099888887863956.
Trial 5 finished with value: 0.17573229670799095 and parameters: {'lambda': 60.6133742333842, 'kappa': 4.029130915629118}. Best is trial 2 with value: 0.6099888887863956.
Trial 6 finished with value: -0.126552932233418 and parameters: {'lambda': 1664.2846394063226, 'kappa': 1.6631574710979753}. Best is trial 2 with value: 0.6099888887863956.
Trial 7 finished with value: -0.13401248562702564 and parameters: {'lambda': 379.11324308858104, 'kappa': 1.5727916564869089}. Best is trial 2 with value: 0.6099888887863956.
Trial 8 finished with value: -0.025707047432759034 and parameters: {'lambda': 620.9252743284724, 'kappa': 2.638869763709691}. Best is trial 2 with value: 0.6099888887863956.
Trial 9 finished with value: -0.12917601136776546 and parameters: {'lambda': 873.1778048064807, 'kappa': 1.9095393660962992}. Best is trial 2 with value: 0.6099888887863956.
Trial 10 finished with value: -0.126552932233418 and parameters: {'lambda': 1886.8899990604687, 'kappa': 1.0187298358271706}. Best is trial 2 with value: 0.6099888887863956.
Trial 11 finished with value: 0.0379186210496925 and parameters: {'lambda': 34.8609161424165, 'kappa': 3.297626693588746}. Best is trial 2 with value: 0.6099888887863956.
Trial 12 finished with value: 0.6343247709724502 and parameters: {'lambda': 401.62106243282926, 'kappa': 2.243131401327489}. Best is trial 12 with value: 0.6343247709724502.
Trial 13 finished with value: 0.010243163620060707 and parameters: {'lambda': 439.21701125845675, 'kappa': 2.21325173619893}. Best is trial 12 with value: 0.6343247709724502.
Trial 14 finished with value: -0.126552932233418 and parameters: {'lambda': 1101.5497235715259, 'kappa': 1.0411523272835173}. Best is trial 12 with value: 0.6343247709724502.
Trial 15 finished with value: 0.7682381197361021 and parameters: {'lambda': 384.72288522057875, 'kappa': 2.2718069069486355}. Best is trial 15 with value: 0.7682381197361021.
Trial 16 finished with value: -0.03415957462216121 and parameters: {'lambda': 584.7451018317138, 'kappa': 2.3108406627010027}. Best is trial 15 with value: 0.7682381197361021.
Trial 17 finished with value: -0.1341080654006223 and parameters: {'lambda': 938.930335174607, 'kappa': 2.075720712714445}. Best is trial 15 with value: 0.7682381197361021.
Trial 18 finished with value: 0.4825261249590781 and parameters: {'lambda': 256.59860451925977, 'kappa': 2.6261748750905145}. Best is trial 15 with value: 0.7682381197361021.
Trial 19 finished with value: -0.025707047432759034 and parameters: {'lambda': 621.533455239151, 'kappa': 2.996067030703244}. Best is trial 15 with value: 0.7682381197361021.
Trial 20 finished with value: -0.126552932233418 and parameters: {'lambda': 1309.8360941711126, 'kappa': 2.362589104088975}. Best is trial 15 with value: 0.7682381197361021.
Trial 21 finished with value: 0.6656492929794633 and parameters: {'lambda': 299.51650043390623, 'kappa': 1.471680823386766}. Best is trial 15 with value: 0.7682381197361021.
Trial 22 finished with value: -0.13939359212363522 and parameters: {'lambda': 486.7979962022258, 'kappa': 1.8419662203212968}. Best is trial 15 with value: 0.7682381197361021.
Trial 23 finished with value: 0.2694507991215807 and parameters: {'lambda': 748.4905357770544, 'kappa': 1.336247928182213}. Best is trial 15 with value: 0.7682381197361021.
Trial 24 finished with value: -0.005292304068103688 and parameters: {'lambda': 218.82344723480045, 'kappa': 1.9597788754813852}. Best is trial 15 with value: 0.7682381197361021.
Trial 25 finished with value: 0.34005490384675413 and parameters: {'lambda': 474.12431911146723, 'kappa': 1.3359849390607728}. Best is trial 15 with value: 0.7682381197361021.
Trial 26 finished with value: 0.6305730034289402 and parameters: {'lambda': 219.45390401710327, 'kappa': 2.5168164857814546}. Best is trial 15 with value: 0.7682381197361021.
Trial 27 finished with value: -0.13285080605213825 and parameters: {'lambda': 811.9648360553916, 'kappa': 1.789242387271051}. Best is trial 15 with value: 0.7682381197361021.
Trial 28 finished with value: -0.15587471119218835 and parameters: {'lambda': 1038.2527748398497, 'kappa': 2.8413543520145685}. Best is trial 15 with value: 0.7682381197361021.
Trial 29 finished with value: -0.00829550224039854 and parameters: {'lambda': 656.5299774078948, 'kappa': 2.161197150285453}. Best is trial 15 with value: 0.7682381197361021.
Optuna best λ=384.7229, κ=2.2718069069486355, Sharpe=0.7682
A new study created in memory with name: no-name-7b4339f7-607e-4173-b507-fb215ba0b350
Trial 0 finished with value: -0.03744108287475057 and parameters: {'lambda': 759.7853498839952, 'kappa': 3.9691811987040015}. Best is trial 0 with value: -0.03744108287475057.
Trial 1 finished with value: -0.07435604297577629 and parameters: {'lambda': 1465.8673507626895, 'kappa': 2.869673679819506}. Best is trial 0 with value: -0.03744108287475057.
Trial 2 finished with value: 0.035255758502648324 and parameters: {'lambda': 328.1377557200871, 'kappa': 1.487187364027523}. Best is trial 2 with value: 0.035255758502648324.
Trial 3 finished with value: -0.1726631842406601 and parameters: {'lambda': 134.68574520140024, 'kappa': 3.705159593645523}. Best is trial 2 with value: 0.035255758502648324.
Trial 4 finished with value: -0.07435604297577629 and parameters: {'lambda': 1207.3409317440553, 'kappa': 3.2113854510604285}. Best is trial 2 with value: 0.035255758502648324.
Trial 5 finished with value: -0.04823151463525317 and parameters: {'lambda': 60.6133742333842, 'kappa': 4.029130915629118}. Best is trial 2 with value: 0.035255758502648324.
Trial 6 finished with value: -0.07435604297577629 and parameters: {'lambda': 1664.2846394063226, 'kappa': 1.6631574710979753}. Best is trial 2 with value: 0.035255758502648324.
Trial 7 finished with value: -0.10122481354726096 and parameters: {'lambda': 379.11324308858104, 'kappa': 1.5727916564869089}. Best is trial 2 with value: 0.035255758502648324.
Trial 8 finished with value: -0.04661803234510725 and parameters: {'lambda': 620.9252743284724, 'kappa': 2.638869763709691}. Best is trial 2 with value: 0.035255758502648324.
Trial 9 finished with value: -0.01380607606848726 and parameters: {'lambda': 873.1778048064807, 'kappa': 1.9095393660962992}. Best is trial 2 with value: 0.035255758502648324.
