Trial 6 finished with value: -0.2160160199818452 and parameters: {'lambda': 1664.2846394063226, 'kappa': 1.6631574710979753}. Best is trial 2 with value: 0.20006923761335935.
Trial 7 finished with value: 0.20006923761335935 and parameters: {'lambda': 379.11324308858104, 'kappa': 1.5727916564869089}. Best is trial 2 with value: 0.20006923761335935.
Trial 8 finished with value: 0.2000692376133593 and parameters: {'lambda': 620.9252743284724, 'kappa': 2.638869763709691}. Best is trial 2 with value: 0.20006923761335935.
Trial 9 finished with value: -0.2160160199818452 and parameters: {'lambda': 873.1778048064807, 'kappa': 1.9095393660962992}. Best is trial 2 with value: 0.20006923761335935.
Trial 10 finished with value: -0.2160160199818452 and parameters: {'lambda': 1886.8899990604687, 'kappa': 1.0187298358271706}. Best is trial 2 with value: 0.20006923761335935.
Trial 11 finished with value: 0.20006923761335924 and parameters: {'lambda': 446.06469989323665, 'kappa': 1.7980101744817147}. Best is trial 2 with value: 0.20006923761335935.
Trial 12 finished with value: 0.20006923761335932 and parameters: {'lambda': 353.10944076736615, 'kappa': 1.1209428898519396}. Best is trial 2 with value: 0.20006923761335935.
Trial 13 finished with value: -0.2160160199818452 and parameters: {'lambda': 1100.9760739817916, 'kappa': 2.2256718351156524}. Best is trial 2 with value: 0.20006923761335935.
Trial 14 finished with value: 0.20006923761335932 and parameters: {'lambda': 367.05033656852584, 'kappa': 1.3921151933115674}. Best is trial 2 with value: 0.20006923761335935.
Trial 15 finished with value: 0.2000692376133593 and parameters: {'lambda': 574.5424571437802, 'kappa': 2.2718069069486355}. Best is trial 2 with value: 0.20006923761335935.
Trial 16 finished with value: 0.20006923761335935 and parameters: {'lambda': 228.20240472072473, 'kappa': 1.4498881943951683}. Best is trial 2 with value: 0.20006923761335935.
Trial 17 finished with value: -0.2160160199818452 and parameters: {'lambda': 916.0984066132451, 'kappa': 2.160388336329991}. Best is trial 2 with value: 0.20006923761335935.
Trial 18 finished with value: 0.20006923761335932 and parameters: {'lambda': 626.0182432909755, 'kappa': 1.366374416255207}. Best is trial 2 with value: 0.20006923761335935.
Trial 19 finished with value: -0.2160160199818452 and parameters: {'lambda': 1267.3870585295888, 'kappa': 3.0611357071645893}. Best is trial 2 with value: 0.20006923761335935.
Trial 20 finished with value: 0.20006923761335924 and parameters: {'lambda': 244.96439745667638, 'kappa': 1.954592983102062}. Best is trial 2 with value: 0.20006923761335935.
Trial 21 finished with value: 0.20006923761335932 and parameters: {'lambda': 190.2376613189073, 'kappa': 1.3625259092232975}. Best is trial 2 with value: 0.20006923761335935.
Trial 22 finished with value: -0.8103496456430689 and parameters: {'lambda': 55.623475695676035, 'kappa': 1.5322170744247423}. Best is trial 2 with value: 0.20006923761335935.
Trial 23 finished with value: 0.20006923761335932 and parameters: {'lambda': 483.71670027936324, 'kappa': 1.1452692971939615}. Best is trial 2 with value: 0.20006923761335935.
Trial 24 finished with value: 0.20006923761335935 and parameters: {'lambda': 300.45740670169477, 'kappa': 1.623237420726121}. Best is trial 2 with value: 0.20006923761335935.
Trial 25 finished with value: 0.6035421951926061 and parameters: {'lambda': 723.965600501137, 'kappa': 2.4438124690698206}. Best is trial 25 with value: 0.6035421951926061.
Trial 26 finished with value: 0.6035421951926061 and parameters: {'lambda': 702.4288157118979, 'kappa': 2.5848079644407216}. Best is trial 25 with value: 0.6035421951926061.
Trial 27 finished with value: -0.2160160199818452 and parameters: {'lambda': 774.3858817311344, 'kappa': 2.4952521709594038}. Best is trial 25 with value: 0.6035421951926061.
Trial 28 finished with value: -0.2160160199818452 and parameters: {'lambda': 1028.5327648219268, 'kappa': 3.394661592026487}. Best is trial 25 with value: 0.6035421951926061.
Trial 29 finished with value: 0.6035421951926061 and parameters: {'lambda': 750.4107071217053, 'kappa': 2.6678716241774847}. Best is trial 25 with value: 0.6035421951926061.
Optuna best λ=723.9656, κ=2.4438124690698206, Sharpe=0.6035
A new study created in memory with name: no-name-8cdc6842-ac74-45b9-a4ea-be65e9413e9f
Trial 0 finished with value: 1.0152491590926487 and parameters: {'lambda': 759.7853498839952, 'kappa': 3.9691811987040015}. Best is trial 0 with value: 1.0152491590926487.
Trial 1 finished with value: 1.0152491590926485 and parameters: {'lambda': 1465.8673507626895, 'kappa': 2.869673679819506}. Best is trial 0 with value: 1.0152491590926487.
Trial 2 finished with value: 1.0152491590926487 and parameters: {'lambda': 328.1377557200871, 'kappa': 1.487187364027523}. Best is trial 0 with value: 1.0152491590926487.
Trial 3 finished with value: 1.0152491590926487 and parameters: {'lambda': 134.68574520140024, 'kappa': 3.705159593645523}. Best is trial 0 with value: 1.0152491590926487.
Trial 4 finished with value: 1.0152491590926485 and parameters: {'lambda': 1207.3409317440553, 'kappa': 3.2113854510604285}. Best is trial 0 with value: 1.0152491590926487.
Trial 5 finished with value: 0.6262169355432738 and parameters: {'lambda': 60.6133742333842, 'kappa': 4.029130915629118}. Best is trial 0 with value: 1.0152491590926487.
Trial 6 finished with value: 1.0152491590926485 and parameters: {'lambda': 1664.2846394063226, 'kappa': 1.6631574710979753}. Best is trial 0 with value: 1.0152491590926487.
Trial 7 finished with value: 1.0152491590926487 and parameters: {'lambda': 379.11324308858104, 'kappa': 1.5727916564869089}. Best is trial 0 with value: 1.0152491590926487.
Trial 8 finished with value: 1.0152491590926487 and parameters: {'lambda': 620.9252743284724, 'kappa': 2.638869763709691}. Best is trial 0 with value: 1.0152491590926487.
Trial 9 finished with value: 1.0152491590926487 and parameters: {'lambda': 873.1778048064807, 'kappa': 1.9095393660962992}. Best is trial 0 with value: 1.0152491590926487.
Trial 10 finished with value: 1.0152491590926485 and parameters: {'lambda': 1886.8899990604687, 'kappa': 3.4091247782378664}. Best is trial 0 with value: 1.0152491590926487.
Trial 11 finished with value: 1.0152491590926487 and parameters: {'lambda': 809.873088210113, 'kappa': 1.0328395203795087}. Best is trial 0 with value: 1.0152491590926487.
Trial 12 finished with value: 1.0152491590926485 and parameters: {'lambda': 491.0699835061663, 'kappa': 2.0857879540957125}. Best is trial 0 with value: 1.0152491590926487.
Trial 13 finished with value: 1.0152491590926485 and parameters: {'lambda': 1123.672971053165, 'kappa': 1.1347154605411491}. Best is trial 0 with value: 1.0152491590926487.
Trial 14 finished with value: 1.0152491590926485 and parameters: {'lambda': 304.9981534714469, 'kappa': 2.1855441481340363}. Best is trial 0 with value: 1.0152491590926487.
Trial 15 finished with value: 1.0152491590926485 and parameters: {'lambda': 690.4554026735486, 'kappa': 2.380266007302743}. Best is trial 0 with value: 1.0152491590926487.
Trial 16 finished with value: 1.0152491590926485 and parameters: {'lambda': 1028.5830255600483, 'kappa': 4.097948080441039}. Best is trial 0 with value: 1.0152491590926487.
Trial 17 finished with value: 1.0152491590926487 and parameters: {'lambda': 299.5839973459175, 'kappa': 2.9348699430616354}. Best is trial 0 with value: 1.0152491590926487.
Trial 18 finished with value: 1.0152491590926485 and parameters: {'lambda': 1323.670908145954, 'kappa': 1.4487956654414753}. Best is trial 0 with value: 1.0152491590926487.
Trial 19 finished with value: 1.0152491590926487 and parameters: {'lambda': 547.3426771678813, 'kappa': 3.633373176573328}. Best is trial 0 with value: 1.0152491590926487.
Trial 20 finished with value: 1.0152491590926487 and parameters: {'lambda': 856.7192388423675, 'kappa': 2.6153912087958}. Best is trial 0 with value: 1.0152491590926487.
Trial 21 finished with value: 1.0152491590926487 and parameters: {'lambda': 78.75328698583456, 'kappa': 3.722788413455649}. Best is trial 0 with value: 1.0152491590926487.
Trial 22 finished with value: 1.0152491590926487 and parameters: {'lambda': 162.1868717129645, 'kappa': 3.7806794328696793}. Best is trial 0 with value: 1.0152491590926487.
Trial 23 finished with value: 1.0152491590926487 and parameters: {'lambda': 248.87509500521367, 'kappa': 3.2979416408879945}. Best is trial 0 with value: 1.0152491590926487.
Trial 24 finished with value: 1.0152491590926487 and parameters: {'lambda': 412.07106761693024, 'kappa': 3.9022506897345774}. Best is trial 0 with value: 1.0152491590926487.
Trial 25 finished with value: 0.5584671418711625 and parameters: {'lambda': 23.601510896531565, 'kappa': 3.5982704123488682}. Best is trial 0 with value: 1.0152491590926487.
Trial 26 finished with value: 1.0152491590926487 and parameters: {'lambda': 703.1219993674117, 'kappa': 3.0718883492690034}. Best is trial 0 with value: 1.0152491590926487.
Trial 27 finished with value: 1.0152491590926487 and parameters: {'lambda': 548.886680622836, 'kappa': 3.459742386312125}. Best is trial 0 with value: 1.0152491590926487.
Trial 28 finished with value: 1.0152491590926487 and parameters: {'lambda': 219.68916404557513, 'kappa': 1.326184431810769}. Best is trial 0 with value: 1.0152491590926487.
Trial 29 finished with value: 1.0152491590926487 and parameters: {'lambda': 443.0130182619695, 'kappa': 2.875873760542804}. Best is trial 0 with value: 1.0152491590926487.
Optuna best λ=759.7853, κ=3.9691811987040015, Sharpe=1.0152
A new study created in memory with name: no-name-f86545a1-5e49-49c1-859c-8e7107f0586e
Trial 0 finished with value: -0.27620476653016374 and parameters: {'lambda': 759.7853498839952, 'kappa': 3.9691811987040015}. Best is trial 0 with value: -0.27620476653016374.
Trial 1 finished with value: 0.261774730495612 and parameters: {'lambda': 1465.8673507626895, 'kappa': 2.869673679819506}. Best is trial 1 with value: 0.261774730495612.
Trial 2 finished with value: 0.2617747304956121 and parameters: {'lambda': 328.1377557200871, 'kappa': 1.487187364027523}. Best is trial 2 with value: 0.2617747304956121.
Trial 3 finished with value: -0.2762047665301635 and parameters: {'lambda': 134.68574520140024, 'kappa': 3.705159593645523}. Best is trial 2 with value: 0.2617747304956121.
Trial 4 finished with value: 0.261774730495612 and parameters: {'lambda': 1207.3409317440553, 'kappa': 3.2113854510604285}. Best is trial 2 with value: 0.2617747304956121.
Trial 5 finished with value: -1.286749669571464 and parameters: {'lambda': 60.6133742333842, 'kappa': 4.029130915629118}. Best is trial 2 with value: 0.2617747304956121.
Trial 6 finished with value: 0.261774730495612 and parameters: {'lambda': 1664.2846394063226, 'kappa': 1.6631574710979753}. Best is trial 2 with value: 0.2617747304956121.
Trial 7 finished with value: 0.2617747304956121 and parameters: {'lambda': 379.11324308858104, 'kappa': 1.5727916564869089}. Best is trial 2 with value: 0.2617747304956121.
Trial 8 finished with value: -0.2762047665301637 and parameters: {'lambda': 620.9252743284724, 'kappa': 2.638869763709691}. Best is trial 2 with value: 0.2617747304956121.
Trial 9 finished with value: 0.261774730495612 and parameters: {'lambda': 873.1778048064807, 'kappa': 1.9095393660962992}. Best is trial 2 with value: 0.2617747304956121.
Trial 10 finished with value: 0.261774730495612 and parameters: {'lambda': 1886.8899990604687, 'kappa': 1.0187298358271706}. Best is trial 2 with value: 0.2617747304956121.
Trial 11 finished with value: 0.26177473049561195 and parameters: {'lambda': 446.06469989323665, 'kappa': 1.7980101744817147}. Best is trial 2 with value: 0.2617747304956121.
Trial 12 finished with value: 0.261774730495612 and parameters: {'lambda': 353.10944076736615, 'kappa': 1.1209428898519396}. Best is trial 2 with value: 0.2617747304956121.
Trial 13 finished with value: 0.261774730495612 and parameters: {'lambda': 1100.9760739817916, 'kappa': 2.2256718351156524}. Best is trial 2 with value: 0.2617747304956121.
Trial 14 finished with value: 0.261774730495612 and parameters: {'lambda': 367.05033656852584, 'kappa': 1.3921151933115674}. Best is trial 2 with value: 0.2617747304956121.
Trial 15 finished with value: -0.2762047665301638 and parameters: {'lambda': 574.5424571437802, 'kappa': 2.2718069069486355}. Best is trial 2 with value: 0.2617747304956121.
Trial 16 finished with value: 0.2617747304956121 and parameters: {'lambda': 228.20240472072473, 'kappa': 1.4498881943951683}. Best is trial 2 with value: 0.2617747304956121.
Trial 17 finished with value: 0.261774730495612 and parameters: {'lambda': 916.0984066132451, 'kappa': 2.160388336329991}. Best is trial 2 with value: 0.2617747304956121.
Trial 18 finished with value: 0.261774730495612 and parameters: {'lambda': 626.0182432909755, 'kappa': 1.366374416255207}. Best is trial 2 with value: 0.2617747304956121.
Trial 19 finished with value: 0.261774730495612 and parameters: {'lambda': 1267.3870585295888, 'kappa': 3.0611357071645893}. Best is trial 2 with value: 0.2617747304956121.
Trial 20 finished with value: 0.26177473049561195 and parameters: {'lambda': 244.96439745667638, 'kappa': 1.954592983102062}. Best is trial 2 with value: 0.2617747304956121.
Trial 21 finished with value: 0.261774730495612 and parameters: {'lambda': 190.2376613189073, 'kappa': 1.3625259092232975}. Best is trial 2 with value: 0.2617747304956121.
Trial 22 finished with value: -1.490727740811279 and parameters: {'lambda': 55.623475695676035, 'kappa': 1.5322170744247423}. Best is trial 2 with value: 0.2617747304956121.
Trial 23 finished with value: 0.261774730495612 and parameters: {'lambda': 483.71670027936324, 'kappa': 1.1452692971939615}. Best is trial 2 with value: 0.2617747304956121.
Trial 24 finished with value: 0.2617747304956121 and parameters: {'lambda': 300.45740670169477, 'kappa': 1.623237420726121}. Best is trial 2 with value: 0.2617747304956121.
Trial 25 finished with value: -0.2762047665301638 and parameters: {'lambda': 723.965600501137, 'kappa': 2.4438124690698206}. Best is trial 2 with value: 0.2617747304956121.
Trial 26 finished with value: 0.26177473049561195 and parameters: {'lambda': 476.88782861347994, 'kappa': 1.9906169583047053}. Best is trial 2 with value: 0.2617747304956121.
Trial 27 finished with value: 0.261774730495612 and parameters: {'lambda': 179.5532499338091, 'kappa': 1.3367065076440623}. Best is trial 2 with value: 0.2617747304956121.
Trial 28 finished with value: 0.32431630050403687 and parameters: {'lambda': 788.8434383948149, 'kappa': 1.655578830316252}. Best is trial 28 with value: 0.32431630050403687.
Trial 29 finished with value: 0.32431630050403687 and parameters: {'lambda': 764.3170166805891, 'kappa': 1.7306972793038249}. Best is trial 28 with value: 0.32431630050403687.
Optuna best λ=788.8434, κ=1.655578830316252, Sharpe=0.3243
A new study created in memory with name: no-name-16e1be93-7be8-4538-b45e-3335701a9b6d
Trial 0 finished with value: -0.6047774817101187 and parameters: {'lambda': 759.7853498839952, 'kappa': 3.9691811987040015}. Best is trial 0 with value: -0.6047774817101187.
Trial 1 finished with value: -0.6047774817101187 and parameters: {'lambda': 1465.8673507626895, 'kappa': 2.869673679819506}. Best is trial 0 with value: -0.6047774817101187.
Trial 2 finished with value: -0.8974495821636491 and parameters: {'lambda': 328.1377557200871, 'kappa': 1.487187364027523}. Best is trial 0 with value: -0.6047774817101187.
Trial 3 finished with value: -0.47094302753265543 and parameters: {'lambda': 134.68574520140024, 'kappa': 3.705159593645523}. Best is trial 3 with value: -0.47094302753265543.
Trial 4 finished with value: -0.6047774817101187 and parameters: {'lambda': 1207.3409317440553, 'kappa': 3.2113854510604285}. Best is trial 3 with value: -0.47094302753265543.
Trial 5 finished with value: -0.0575471682100939 and parameters: {'lambda': 60.6133742333842, 'kappa': 4.029130915629118}. Best is trial 5 with value: -0.0575471682100939.
Trial 6 finished with value: -0.6047774817101187 and parameters: {'lambda': 1664.2846394063226, 'kappa': 1.6631574710979753}. Best is trial 5 with value: -0.0575471682100939.
Trial 7 finished with value: -0.9194236106112703 and parameters: {'lambda': 379.11324308858104, 'kappa': 1.5727916564869089}. Best is trial 5 with value: -0.0575471682100939.
Trial 8 finished with value: -0.6047774817101186 and parameters: {'lambda': 620.9252743284724, 'kappa': 2.638869763709691}. Best is trial 5 with value: -0.0575471682100939.
Trial 9 finished with value: -0.7287017142798472 and parameters: {'lambda': 873.1778048064807, 'kappa': 1.9095393660962992}. Best is trial 5 with value: -0.0575471682100939.
Trial 10 finished with value: -0.6047774817101187 and parameters: {'lambda': 1886.8899990604687, 'kappa': 3.403359914931464}. Best is trial 5 with value: -0.0575471682100939.
Trial 11 finished with value: -0.06542764447767307 and parameters: {'lambda': 34.8609161424165, 'kappa': 3.9798232276603978}. Best is trial 5 with value: -0.0575471682100939.
Trial 12 finished with value: -0.017503889199927642 and parameters: {'lambda': 48.62839461429785, 'kappa': 3.834733028321934}. Best is trial 12 with value: -0.017503889199927642.
Trial 13 finished with value: -0.6229362872132558 and parameters: {'lambda': 458.70649859535825, 'kappa': 2.2138004647354244}. Best is trial 12 with value: -0.017503889199927642.
Trial 14 finished with value: -0.6047774817101187 and parameters: {'lambda': 1101.5497235715259, 'kappa': 1.0411523272835173}. Best is trial 12 with value: -0.017503889199927642.
Trial 15 finished with value: -0.10362128104493278 and parameters: {'lambda': 37.041088242378734, 'kappa': 3.4226504092668155}. Best is trial 12 with value: -0.017503889199927642.
Trial 16 finished with value: -0.6323033277635544 and parameters: {'lambda': 268.40090468770285, 'kappa': 4.108557595648523}. Best is trial 12 with value: -0.017503889199927642.
Trial 17 finished with value: -0.8941258003884056 and parameters: {'lambda': 580.2885136918369, 'kappa': 2.9348699430616354}. Best is trial 12 with value: -0.017503889199927642.
Trial 18 finished with value: -0.6047774817101187 and parameters: {'lambda': 1359.2422121044156, 'kappa': 3.6599983389133954}. Best is trial 12 with value: -0.017503889199927642.
Trial 19 finished with value: -0.8714078606159196 and parameters: {'lambda': 841.124743477924, 'kappa': 3.683596596190284}. Best is trial 12 with value: -0.017503889199927642.
Trial 20 finished with value: -0.7539516744984261 and parameters: {'lambda': 212.26908378417397, 'kappa': 3.1349829256242616}. Best is trial 12 with value: -0.017503889199927642.
Trial 21 finished with value: -0.1984044925628563 and parameters: {'lambda': 49.46162762008374, 'kappa': 3.9689982127442596}. Best is trial 12 with value: -0.017503889199927642.
Trial 22 finished with value: -0.8896292962329981 and parameters: {'lambda': 500.4106954133394, 'kappa': 4.107932658047123}. Best is trial 12 with value: -0.017503889199927642.
Trial 23 finished with value: -0.0774384671544222 and parameters: {'lambda': 25.08169166204355, 'kappa': 3.7335634303127425}. Best is trial 12 with value: -0.017503889199927642.
Trial 24 finished with value: -0.6691242565446103 and parameters: {'lambda': 226.7042259730632, 'kappa': 3.450842245945247}. Best is trial 12 with value: -0.017503889199927642.
Trial 25 finished with value: -0.6526254629531647 and parameters: {'lambda': 341.79626200024234, 'kappa': 3.8093217708207647}. Best is trial 12 with value: -0.017503889199927642.
Trial 26 finished with value: -0.6047774817101187 and parameters: {'lambda': 712.4142378517423, 'kappa': 3.2219607186998767}. Best is trial 12 with value: -0.017503889199927642.
Trial 27 finished with value: -0.5565709678584727 and parameters: {'lambda': 157.30528038218335, 'kappa': 2.441016049888713}. Best is trial 12 with value: -0.017503889199927642.
Trial 28 finished with value: -0.7311990591102561 and parameters: {'lambda': 398.8200318045358, 'kappa': 3.878644705204955}. Best is trial 12 with value: -0.017503889199927642.
Trial 29 finished with value: -0.8714078606159196 and parameters: {'lambda': 988.4131274688473, 'kappa': 4.116189169489521}. Best is trial 12 with value: -0.017503889199927642.
Optuna best λ=48.6284, κ=3.834733028321934, Sharpe=-0.0175
A new study created in memory with name: no-name-dd450795-ea3d-489d-9062-8f422ab7dc40
Trial 0 finished with value: -0.18654827454814854 and parameters: {'lambda': 759.7853498839952, 'kappa': 3.9691811987040015}. Best is trial 0 with value: -0.18654827454814854.
Trial 1 finished with value: 0.17981935978456778 and parameters: {'lambda': 1465.8673507626895, 'kappa': 2.869673679819506}. Best is trial 1 with value: 0.17981935978456778.
Trial 2 finished with value: -0.18654827454814848 and parameters: {'lambda': 328.1377557200871, 'kappa': 1.487187364027523}. Best is trial 1 with value: 0.17981935978456778.
Trial 3 finished with value: -0.6631579710426979 and parameters: {'lambda': 134.68574520140024, 'kappa': 3.705159593645523}. Best is trial 1 with value: 0.17981935978456778.
Trial 4 finished with value: 0.17981935978456778 and parameters: {'lambda': 1207.3409317440553, 'kappa': 3.2113854510604285}. Best is trial 1 with value: 0.17981935978456778.
Trial 5 finished with value: -0.5568080717754073 and parameters: {'lambda': 60.6133742333842, 'kappa': 4.029130915629118}. Best is trial 1 with value: 0.17981935978456778.
Trial 6 finished with value: 0.17981935978456778 and parameters: {'lambda': 1664.2846394063226, 'kappa': 1.6631574710979753}. Best is trial 1 with value: 0.17981935978456778.
Trial 7 finished with value: -0.18654827454814812 and parameters: {'lambda': 379.11324308858104, 'kappa': 1.5727916564869089}. Best is trial 1 with value: 0.17981935978456778.
