Trial 14 finished with value: 1.3763185573206982 and parameters: {'lambda': 1246.290737655581, 'kappa': 2.1855441481340363}. Best is trial 13 with value: 1.5849282870832324.
Trial 15 finished with value: 1.347290648498946 and parameters: {'lambda': 574.5424571437802, 'kappa': 1.1548841250776773}. Best is trial 13 with value: 1.5849282870832324.
Trial 16 finished with value: 1.3763185573206982 and parameters: {'lambda': 1145.7676446998876, 'kappa': 2.272448769341746}. Best is trial 13 with value: 1.5849282870832324.
Trial 17 finished with value: 1.5253160358426507 and parameters: {'lambda': 654.2358377179528, 'kappa': 2.9348699430616354}. Best is trial 13 with value: 1.5849282870832324.
Trial 18 finished with value: 1.3763185573206982 and parameters: {'lambda': 1437.7973276899888, 'kappa': 2.3951451545632687}. Best is trial 13 with value: 1.5849282870832324.
Trial 19 finished with value: 1.0846571083939425 and parameters: {'lambda': 446.2956462137329, 'kappa': 3.3557214050007573}. Best is trial 13 with value: 1.5849282870832324.
Trial 20 finished with value: 1.3763185573206982 and parameters: {'lambda': 1069.451367636542, 'kappa': 1.9991754741487027}. Best is trial 13 with value: 1.5849282870832324.
Trial 21 finished with value: 1.4807543541989538 and parameters: {'lambda': 768.8409313550225, 'kappa': 2.84700728053625}. Best is trial 13 with value: 1.5849282870832324.
Trial 22 finished with value: 1.4890009012325838 and parameters: {'lambda': 699.9469215287788, 'kappa': 2.8667499195862187}. Best is trial 13 with value: 1.5849282870832324.
Trial 23 finished with value: 1.3763185573206982 and parameters: {'lambda': 946.8154822369868, 'kappa': 3.1045489144581397}. Best is trial 13 with value: 1.5849282870832324.
Trial 24 finished with value: 1.36456178815618 and parameters: {'lambda': 523.5558916951327, 'kappa': 3.686244081107929}. Best is trial 13 with value: 1.5849282870832324.
Trial 25 finished with value: 1.5701473886429047 and parameters: {'lambda': 273.8994267181754, 'kappa': 2.663496004072049}. Best is trial 13 with value: 1.5849282870832324.
Trial 26 finished with value: 1.490796658731658 and parameters: {'lambda': 227.5847717899542, 'kappa': 2.547650899196307}. Best is trial 13 with value: 1.5849282870832324.
Trial 27 finished with value: 1.4978251493164003 and parameters: {'lambda': 229.89176353643325, 'kappa': 1.9682790081244042}. Best is trial 13 with value: 1.5849282870832324.
Trial 28 finished with value: 1.483769519355594 and parameters: {'lambda': 862.1568088692411, 'kappa': 1.106528290241333}. Best is trial 13 with value: 1.5849282870832324.
Trial 29 finished with value: 1.1568124032806564 and parameters: {'lambda': 414.5506696420241, 'kappa': 2.6049048868533906}. Best is trial 13 with value: 1.5849282870832324.
Optuna best λ=740.1474, κ=2.2256718351156524, Sharpe=1.5849
A new study created in memory with name: no-name-ca2e03a9-1322-426a-9193-ad1188f7b220
Trial 0 finished with value: 1.0644841031022354 and parameters: {'lambda': 759.7853498839952, 'kappa': 3.9691811987040015}. Best is trial 0 with value: 1.0644841031022354.
Trial 1 finished with value: 1.0644841031022354 and parameters: {'lambda': 1465.8673507626895, 'kappa': 2.869673679819506}. Best is trial 0 with value: 1.0644841031022354.
Trial 2 finished with value: 1.0789804858110783 and parameters: {'lambda': 328.1377557200871, 'kappa': 1.487187364027523}. Best is trial 2 with value: 1.0789804858110783.
Trial 3 finished with value: -0.0679780083429482 and parameters: {'lambda': 134.68574520140024, 'kappa': 3.705159593645523}. Best is trial 2 with value: 1.0789804858110783.
Trial 4 finished with value: 1.0644841031022354 and parameters: {'lambda': 1207.3409317440553, 'kappa': 3.2113854510604285}. Best is trial 2 with value: 1.0789804858110783.
Trial 5 finished with value: -0.4910629151388397 and parameters: {'lambda': 60.6133742333842, 'kappa': 4.029130915629118}. Best is trial 2 with value: 1.0789804858110783.
Trial 6 finished with value: 1.0644841031022354 and parameters: {'lambda': 1664.2846394063226, 'kappa': 1.6631574710979753}. Best is trial 2 with value: 1.0789804858110783.
Trial 7 finished with value: 1.0789804858110783 and parameters: {'lambda': 379.11324308858104, 'kappa': 1.5727916564869089}. Best is trial 2 with value: 1.0789804858110783.
Trial 8 finished with value: 0.9139931366689633 and parameters: {'lambda': 620.9252743284724, 'kappa': 2.638869763709691}. Best is trial 2 with value: 1.0789804858110783.
Trial 9 finished with value: 1.0967778367612828 and parameters: {'lambda': 873.1778048064807, 'kappa': 1.9095393660962992}. Best is trial 9 with value: 1.0967778367612828.
Trial 10 finished with value: 1.0644841031022354 and parameters: {'lambda': 1050.221228040157, 'kappa': 2.1258152001831987}. Best is trial 9 with value: 1.0967778367612828.
Trial 11 finished with value: 1.0890610976496895 and parameters: {'lambda': 642.404469840817, 'kappa': 1.053853654677886}. Best is trial 9 with value: 1.0967778367612828.
Trial 12 finished with value: 1.0819950587817684 and parameters: {'lambda': 756.1186185616924, 'kappa': 1.1209428898519396}. Best is trial 9 with value: 1.0967778367612828.
Trial 13 finished with value: 1.0644841031022354 and parameters: {'lambda': 1220.8217336789369, 'kappa': 2.1448998910938055}. Best is trial 9 with value: 1.0967778367612828.
Trial 14 finished with value: 1.0644841031022354 and parameters: {'lambda': 1890.4955953664362, 'kappa': 1.0128028839993848}. Best is trial 9 with value: 1.0967778367612828.
Trial 15 finished with value: 1.0967778367612828 and parameters: {'lambda': 574.5424571437802, 'kappa': 2.0854504666587466}. Best is trial 9 with value: 1.0967778367612828.
Trial 16 finished with value: 1.0967778367612828 and parameters: {'lambda': 933.2263656684999, 'kappa': 2.158809040922037}. Best is trial 9 with value: 1.0967778367612828.
Trial 17 finished with value: 1.0967778367612828 and parameters: {'lambda': 381.386282739795, 'kappa': 1.827568607219661}. Best is trial 9 with value: 1.0967778367612828.
Trial 18 finished with value: 1.0644841031022354 and parameters: {'lambda': 938.4544695268901, 'kappa': 2.4686184358557446}. Best is trial 9 with value: 1.0967778367612828.
Trial 19 finished with value: 0.6072322737534623 and parameters: {'lambda': 518.0368024021166, 'kappa': 3.1680044587374203}. Best is trial 9 with value: 1.0967778367612828.
Trial 20 finished with value: 1.0644841031022354 and parameters: {'lambda': 1376.0472187580822, 'kappa': 1.8927211308122385}. Best is trial 9 with value: 1.0967778367612828.
Trial 21 finished with value: 1.0644841031022354 and parameters: {'lambda': 945.7905846250783, 'kappa': 2.291217156636249}. Best is trial 9 with value: 1.0967778367612828.
Trial 22 finished with value: 1.0644841031022354 and parameters: {'lambda': 796.4056777921072, 'kappa': 2.647600917757069}. Best is trial 9 with value: 1.0967778367612828.
Trial 23 finished with value: 1.0644841031022354 and parameters: {'lambda': 1041.1903958496134, 'kappa': 2.0705983856422625}. Best is trial 9 with value: 1.0967778367612828.
Trial 24 finished with value: 1.0644841031022354 and parameters: {'lambda': 1184.0769166040623, 'kappa': 1.3886277010418207}. Best is trial 9 with value: 1.0967778367612828.
Trial 25 finished with value: 0.7784940329250996 and parameters: {'lambda': 529.2886271532726, 'kappa': 2.353249326109285}. Best is trial 9 with value: 1.0967778367612828.
Trial 26 finished with value: 1.0967778367612828 and parameters: {'lambda': 805.1640204334416, 'kappa': 1.9105885024452656}. Best is trial 9 with value: 1.0967778367612828.
Trial 27 finished with value: 1.0644841031022354 and parameters: {'lambda': 894.9493825135061, 'kappa': 3.013384013148427}. Best is trial 9 with value: 1.0967778367612828.
Trial 28 finished with value: 0.6535511937946792 and parameters: {'lambda': 198.19672450539963, 'kappa': 1.326184431810769}. Best is trial 9 with value: 1.0967778367612828.
Trial 29 finished with value: 1.0789804858110783 and parameters: {'lambda': 677.9792419829985, 'kappa': 1.7118001612497928}. Best is trial 9 with value: 1.0967778367612828.
Optuna best λ=873.1778, κ=1.9095393660962992, Sharpe=1.0968
A new study created in memory with name: no-name-66f275c2-fc93-4363-995d-a8c415aac061
Trial 0 finished with value: 0.35046064320530534 and parameters: {'lambda': 759.7853498839952, 'kappa': 3.9691811987040015}. Best is trial 0 with value: 0.35046064320530534.
Trial 1 finished with value: 0.35046064320530534 and parameters: {'lambda': 1465.8673507626895, 'kappa': 2.869673679819506}. Best is trial 0 with value: 0.35046064320530534.
Trial 2 finished with value: 0.35046064320530546 and parameters: {'lambda': 328.1377557200871, 'kappa': 1.487187364027523}. Best is trial 2 with value: 0.35046064320530546.
Trial 3 finished with value: -0.08532065390672161 and parameters: {'lambda': 134.68574520140024, 'kappa': 3.705159593645523}. Best is trial 2 with value: 0.35046064320530546.
Trial 4 finished with value: 0.35046064320530534 and parameters: {'lambda': 1207.3409317440553, 'kappa': 3.2113854510604285}. Best is trial 2 with value: 0.35046064320530546.
Trial 5 finished with value: -0.5401984016735111 and parameters: {'lambda': 60.6133742333842, 'kappa': 4.029130915629118}. Best is trial 2 with value: 0.35046064320530546.
Trial 6 finished with value: 0.35046064320530534 and parameters: {'lambda': 1664.2846394063226, 'kappa': 1.6631574710979753}. Best is trial 2 with value: 0.35046064320530546.
Trial 7 finished with value: 0.35046064320530546 and parameters: {'lambda': 379.11324308858104, 'kappa': 1.5727916564869089}. Best is trial 2 with value: 0.35046064320530546.
Trial 8 finished with value: 0.3504606432053052 and parameters: {'lambda': 620.9252743284724, 'kappa': 2.638869763709691}. Best is trial 2 with value: 0.35046064320530546.
Trial 9 finished with value: 0.3504606432053052 and parameters: {'lambda': 873.1778048064807, 'kappa': 1.9095393660962992}. Best is trial 2 with value: 0.35046064320530546.
Trial 10 finished with value: 0.35046064320530534 and parameters: {'lambda': 1886.8899990604687, 'kappa': 1.0187298358271706}. Best is trial 2 with value: 0.35046064320530546.
Trial 11 finished with value: 0.3504606432053052 and parameters: {'lambda': 446.06469989323665, 'kappa': 1.7980101744817147}. Best is trial 2 with value: 0.35046064320530546.
Trial 12 finished with value: 0.3504606432053053 and parameters: {'lambda': 353.10944076736615, 'kappa': 1.1209428898519396}. Best is trial 2 with value: 0.35046064320530546.
Trial 13 finished with value: 0.35046064320530534 and parameters: {'lambda': 1100.9760739817916, 'kappa': 2.2256718351156524}. Best is trial 2 with value: 0.35046064320530546.
Trial 14 finished with value: 0.3504606432053053 and parameters: {'lambda': 367.05033656852584, 'kappa': 1.3921151933115674}. Best is trial 2 with value: 0.35046064320530546.
Trial 15 finished with value: 0.35046064320530534 and parameters: {'lambda': 574.5424571437802, 'kappa': 2.2718069069486355}. Best is trial 2 with value: 0.35046064320530546.
Trial 16 finished with value: 0.35046064320530546 and parameters: {'lambda': 228.20240472072473, 'kappa': 1.4498881943951683}. Best is trial 2 with value: 0.35046064320530546.
Trial 17 finished with value: 0.35046064320530534 and parameters: {'lambda': 916.0984066132451, 'kappa': 2.160388336329991}. Best is trial 2 with value: 0.35046064320530546.
Trial 18 finished with value: 0.3504606432053053 and parameters: {'lambda': 626.0182432909755, 'kappa': 1.366374416255207}. Best is trial 2 with value: 0.35046064320530546.
Trial 19 finished with value: 0.35046064320530534 and parameters: {'lambda': 1267.3870585295888, 'kappa': 3.0611357071645893}. Best is trial 2 with value: 0.35046064320530546.
Trial 20 finished with value: 0.3504606432053052 and parameters: {'lambda': 244.96439745667638, 'kappa': 1.954592983102062}. Best is trial 2 with value: 0.35046064320530546.
Trial 21 finished with value: 0.3504606432053051 and parameters: {'lambda': 190.2376613189073, 'kappa': 1.3625259092232975}. Best is trial 2 with value: 0.35046064320530546.
Trial 22 finished with value: -0.34376005871536086 and parameters: {'lambda': 55.623475695676035, 'kappa': 1.5322170744247423}. Best is trial 2 with value: 0.35046064320530546.
Trial 23 finished with value: 0.3504606432053053 and parameters: {'lambda': 483.71670027936324, 'kappa': 1.1452692971939615}. Best is trial 2 with value: 0.35046064320530546.
Trial 24 finished with value: 0.35046064320530546 and parameters: {'lambda': 300.45740670169477, 'kappa': 1.623237420726121}. Best is trial 2 with value: 0.35046064320530546.
Trial 25 finished with value: 0.35046064320530534 and parameters: {'lambda': 723.965600501137, 'kappa': 2.4438124690698206}. Best is trial 2 with value: 0.35046064320530546.
Trial 26 finished with value: 0.3504606432053052 and parameters: {'lambda': 476.88782861347994, 'kappa': 1.9906169583047053}. Best is trial 2 with value: 0.35046064320530546.
Trial 27 finished with value: 0.3504606432053051 and parameters: {'lambda': 179.5532499338091, 'kappa': 1.3367065076440623}. Best is trial 2 with value: 0.35046064320530546.
Trial 28 finished with value: 0.35046064320530546 and parameters: {'lambda': 788.8434383948149, 'kappa': 1.655578830316252}. Best is trial 2 with value: 0.35046064320530546.
Trial 29 finished with value: 0.35046064320530534 and parameters: {'lambda': 294.15096651623765, 'kappa': 3.747127202931212}. Best is trial 2 with value: 0.35046064320530546.
Optuna best λ=328.1378, κ=1.487187364027523, Sharpe=0.3505
A new study created in memory with name: no-name-1ecc1a45-a58c-40a1-98dc-d29e677f58d4
Trial 0 finished with value: 0.5336425167257923 and parameters: {'lambda': 759.7853498839952, 'kappa': 3.9691811987040015}. Best is trial 0 with value: 0.5336425167257923.
Trial 1 finished with value: 0.5336425167257923 and parameters: {'lambda': 1465.8673507626895, 'kappa': 2.869673679819506}. Best is trial 0 with value: 0.5336425167257923.
Trial 2 finished with value: -0.5392786645088181 and parameters: {'lambda': 328.1377557200871, 'kappa': 1.487187364027523}. Best is trial 0 with value: 0.5336425167257923.
Trial 3 finished with value: 0.07255561740156134 and parameters: {'lambda': 134.68574520140024, 'kappa': 3.705159593645523}. Best is trial 0 with value: 0.5336425167257923.
Trial 4 finished with value: 0.5336425167257923 and parameters: {'lambda': 1207.3409317440553, 'kappa': 3.2113854510604285}. Best is trial 0 with value: 0.5336425167257923.
Trial 5 finished with value: -0.5417715547528782 and parameters: {'lambda': 60.6133742333842, 'kappa': 4.029130915629118}. Best is trial 0 with value: 0.5336425167257923.
Trial 6 finished with value: 0.5336425167257923 and parameters: {'lambda': 1664.2846394063226, 'kappa': 1.6631574710979753}. Best is trial 0 with value: 0.5336425167257923.
Trial 7 finished with value: -0.5392786645088181 and parameters: {'lambda': 379.11324308858104, 'kappa': 1.5727916564869089}. Best is trial 0 with value: 0.5336425167257923.
Trial 8 finished with value: 0.5336425167257923 and parameters: {'lambda': 620.9252743284724, 'kappa': 2.638869763709691}. Best is trial 0 with value: 0.5336425167257923.
Trial 9 finished with value: 0.5336425167257922 and parameters: {'lambda': 873.1778048064807, 'kappa': 1.9095393660962992}. Best is trial 0 with value: 0.5336425167257923.
Trial 10 finished with value: 0.5336425167257923 and parameters: {'lambda': 1886.8899990604687, 'kappa': 3.4091247782378664}. Best is trial 0 with value: 0.5336425167257923.
Trial 11 finished with value: 0.5336425167257923 and parameters: {'lambda': 1298.712888165613, 'kappa': 2.723057987164341}. Best is trial 0 with value: 0.5336425167257923.
Trial 12 finished with value: 0.5336425167257923 and parameters: {'lambda': 1432.6340894165896, 'kappa': 2.2154997449705958}. Best is trial 0 with value: 0.5336425167257923.
Trial 13 finished with value: 0.5336425167257923 and parameters: {'lambda': 954.3064273027765, 'kappa': 2.9924531776848378}. Best is trial 0 with value: 0.5336425167257923.
Trial 14 finished with value: 0.5336425167257922 and parameters: {'lambda': 681.276779517761, 'kappa': 1.0411523272835173}. Best is trial 0 with value: 0.5336425167257923.
Trial 15 finished with value: 0.5336425167257923 and parameters: {'lambda': 1575.8696651366647, 'kappa': 3.9538636572137684}. Best is trial 0 with value: 0.5336425167257923.
Trial 16 finished with value: 0.5336425167257923 and parameters: {'lambda': 1115.2224563073698, 'kappa': 3.5095893317281233}. Best is trial 0 with value: 0.5336425167257923.
Trial 17 finished with value: 0.5336425167257923 and parameters: {'lambda': 1877.600059137074, 'kappa': 2.3300928994225565}. Best is trial 0 with value: 0.5336425167257923.
Trial 18 finished with value: 0.5336425167257923 and parameters: {'lambda': 741.0562960581158, 'kappa': 2.9038509500810976}. Best is trial 0 with value: 0.5336425167257923.
Trial 19 finished with value: 0.5336425167257923 and parameters: {'lambda': 1474.8518716594879, 'kappa': 3.7218448999795655}. Best is trial 0 with value: 0.5336425167257923.
Trial 20 finished with value: -0.539278664508818 and parameters: {'lambda': 494.27345451292564, 'kappa': 3.1534956380291588}. Best is trial 0 with value: 0.5336425167257923.
Trial 21 finished with value: 0.5336425167257923 and parameters: {'lambda': 1147.252767346752, 'kappa': 3.2595049278036994}. Best is trial 0 with value: 0.5336425167257923.
Trial 22 finished with value: 0.5336425167257923 and parameters: {'lambda': 1259.7418159157073, 'kappa': 2.399632193375772}. Best is trial 0 with value: 0.5336425167257923.
Trial 23 finished with value: 0.5336425167257923 and parameters: {'lambda': 890.1324100955054, 'kappa': 4.110664833508607}. Best is trial 0 with value: 0.5336425167257923.
Trial 24 finished with value: 0.5336425167257923 and parameters: {'lambda': 1693.0322746126021, 'kappa': 3.5596705204346546}. Best is trial 0 with value: 0.5336425167257923.
Trial 25 finished with value: 0.5336425167257923 and parameters: {'lambda': 1076.1076176909978, 'kappa': 2.9131177715561067}. Best is trial 0 with value: 0.5336425167257923.
Trial 26 finished with value: 0.5336425167257923 and parameters: {'lambda': 1319.7623021093011, 'kappa': 3.2013469625209447}. Best is trial 0 with value: 0.5336425167257923.
Trial 27 finished with value: 0.5336425167257923 and parameters: {'lambda': 811.9648360553916, 'kappa': 3.7839897047013418}. Best is trial 0 with value: 0.5336425167257923.
Trial 28 finished with value: 0.5336425167257923 and parameters: {'lambda': 1020.4541682942137, 'kappa': 3.3747062315297804}. Best is trial 0 with value: 0.5336425167257923.
Trial 29 finished with value: -0.5392786645088181 and parameters: {'lambda': 561.0596201659281, 'kappa': 2.1646107968357224}. Best is trial 0 with value: 0.5336425167257923.
Optuna best λ=759.7853, κ=3.9691811987040015, Sharpe=0.5336
A new study created in memory with name: no-name-c06accc6-baad-46b2-a630-0b5bc2f4b6a6
Trial 0 finished with value: -0.2635963613649807 and parameters: {'lambda': 759.7853498839952, 'kappa': 3.9691811987040015}. Best is trial 0 with value: -0.2635963613649807.
Trial 1 finished with value: -0.5720280583047028 and parameters: {'lambda': 1465.8673507626895, 'kappa': 2.869673679819506}. Best is trial 0 with value: -0.2635963613649807.
Trial 2 finished with value: -0.2894582331884026 and parameters: {'lambda': 328.1377557200871, 'kappa': 1.487187364027523}. Best is trial 0 with value: -0.2635963613649807.
Trial 3 finished with value: -0.3398686321900395 and parameters: {'lambda': 134.68574520140024, 'kappa': 3.705159593645523}. Best is trial 0 with value: -0.2635963613649807.
Trial 4 finished with value: -0.5720280583047028 and parameters: {'lambda': 1207.3409317440553, 'kappa': 3.2113854510604285}. Best is trial 0 with value: -0.2635963613649807.
Trial 5 finished with value: -0.8641386927154879 and parameters: {'lambda': 60.6133742333842, 'kappa': 4.029130915629118}. Best is trial 0 with value: -0.2635963613649807.
Trial 6 finished with value: -0.5720280583047028 and parameters: {'lambda': 1664.2846394063226, 'kappa': 1.6631574710979753}. Best is trial 0 with value: -0.2635963613649807.
Trial 7 finished with value: -0.5523885837064061 and parameters: {'lambda': 379.11324308858104, 'kappa': 1.5727916564869089}. Best is trial 0 with value: -0.2635963613649807.
Trial 8 finished with value: -0.491564875387205 and parameters: {'lambda': 620.9252743284724, 'kappa': 2.638869763709691}. Best is trial 0 with value: -0.2635963613649807.
Trial 9 finished with value: -0.5720280583047027 and parameters: {'lambda': 873.1778048064807, 'kappa': 1.9095393660962992}. Best is trial 0 with value: -0.2635963613649807.
Trial 10 finished with value: -0.5720280583047028 and parameters: {'lambda': 1886.8899990604687, 'kappa': 3.4091247782378664}. Best is trial 0 with value: -0.2635963613649807.
Trial 11 finished with value: -0.5720280583047028 and parameters: {'lambda': 809.873088210113, 'kappa': 1.0328395203795087}. Best is trial 0 with value: -0.2635963613649807.
Trial 12 finished with value: -0.7665747928191758 and parameters: {'lambda': 491.0699835061663, 'kappa': 2.0857879540957125}. Best is trial 0 with value: -0.2635963613649807.
Trial 13 finished with value: -0.5720280583047028 and parameters: {'lambda': 1123.672971053165, 'kappa': 1.1347154605411491}. Best is trial 0 with value: -0.2635963613649807.
Trial 14 finished with value: -0.25850976872977555 and parameters: {'lambda': 304.9981534714469, 'kappa': 2.1855441481340363}. Best is trial 14 with value: -0.25850976872977555.
Trial 15 finished with value: -0.27270216805826286 and parameters: {'lambda': 675.4006750905972, 'kappa': 2.2718069069486355}. Best is trial 14 with value: -0.25850976872977555.
Trial 16 finished with value: -0.5720280583047028 and parameters: {'lambda': 1028.5830255600483, 'kappa': 2.491120434824217}. Best is trial 14 with value: -0.25850976872977555.
