Trial 27 finished with value: -0.7354193156187373 and parameters: {'lambda': 811.9648360553916, 'kappa': 2.441016049888713}. Best is trial 2 with value: 0.7232390419393844.
Trial 28 finished with value: 0.7232390419393843 and parameters: {'lambda': 1370.3125531610665, 'kappa': 3.4639932329082734}. Best is trial 2 with value: 0.7232390419393844.
Trial 29 finished with value: 0.7232390419393843 and parameters: {'lambda': 981.8386079520672, 'kappa': 1.2195933599462296}. Best is trial 2 with value: 0.7232390419393844.
Optuna best λ=328.1378, κ=1.487187364027523, Sharpe=0.7232
A new study created in memory with name: no-name-b22d8eeb-27de-406a-8915-55127e20da89
Trial 0 finished with value: -0.31002719425759356 and parameters: {'lambda': 759.7853498839952, 'kappa': 3.9691811987040015}. Best is trial 0 with value: -0.31002719425759356.
Trial 1 finished with value: -0.3100271942575936 and parameters: {'lambda': 1465.8673507626895, 'kappa': 2.869673679819506}. Best is trial 0 with value: -0.31002719425759356.
Trial 2 finished with value: 0.2728254689197433 and parameters: {'lambda': 328.1377557200871, 'kappa': 1.487187364027523}. Best is trial 2 with value: 0.2728254689197433.
Trial 3 finished with value: 0.5001023593096868 and parameters: {'lambda': 134.68574520140024, 'kappa': 3.705159593645523}. Best is trial 3 with value: 0.5001023593096868.
Trial 4 finished with value: -0.3100271942575936 and parameters: {'lambda': 1207.3409317440553, 'kappa': 3.2113854510604285}. Best is trial 3 with value: 0.5001023593096868.
Trial 5 finished with value: 0.4128748053289304 and parameters: {'lambda': 60.6133742333842, 'kappa': 4.029130915629118}. Best is trial 3 with value: 0.5001023593096868.
Trial 6 finished with value: -0.3100271942575936 and parameters: {'lambda': 1664.2846394063226, 'kappa': 1.6631574710979753}. Best is trial 3 with value: 0.5001023593096868.
Trial 7 finished with value: -0.31002719425759345 and parameters: {'lambda': 379.11324308858104, 'kappa': 1.5727916564869089}. Best is trial 3 with value: 0.5001023593096868.
Trial 8 finished with value: -0.31002719425759356 and parameters: {'lambda': 620.9252743284724, 'kappa': 2.638869763709691}. Best is trial 3 with value: 0.5001023593096868.
Trial 9 finished with value: -0.3100271942575936 and parameters: {'lambda': 873.1778048064807, 'kappa': 1.9095393660962992}. Best is trial 3 with value: 0.5001023593096868.
Trial 10 finished with value: -0.3100271942575936 and parameters: {'lambda': 1886.8899990604687, 'kappa': 3.4270596555033017}. Best is trial 3 with value: 0.5001023593096868.
Trial 11 finished with value: 0.2728626594713142 and parameters: {'lambda': 34.8609161424165, 'kappa': 3.9798232276603978}. Best is trial 3 with value: 0.5001023593096868.
Trial 12 finished with value: 0.544886830432624 and parameters: {'lambda': 48.648302835881935, 'kappa': 3.561963338490747}. Best is trial 12 with value: 0.544886830432624.
Trial 13 finished with value: 0.25022358013312695 and parameters: {'lambda': 408.3745276240877, 'kappa': 3.4750683075426987}. Best is trial 12 with value: 0.544886830432624.
Trial 14 finished with value: -0.3100271942575936 and parameters: {'lambda': 1146.9613502972234, 'kappa': 2.1855441481340363}. Best is trial 12 with value: 0.544886830432624.
Trial 15 finished with value: 0.23438964841408502 and parameters: {'lambda': 37.04164027829687, 'kappa': 2.99578417285058}. Best is trial 12 with value: 0.544886830432624.
Trial 16 finished with value: -0.31002719425759356 and parameters: {'lambda': 584.603409069565, 'kappa': 3.6162631850254616}. Best is trial 12 with value: 0.544886830432624.
Trial 17 finished with value: 0.08268357476316174 and parameters: {'lambda': 299.5839973459175, 'kappa': 2.3481639354842008}. Best is trial 12 with value: 0.544886830432624.
Trial 18 finished with value: 0.15983016887969387 and parameters: {'lambda': 256.59860451925977, 'kappa': 3.6516202246636627}. Best is trial 12 with value: 0.544886830432624.
Trial 19 finished with value: -0.11357596447814804 and parameters: {'lambda': 547.3426771678813, 'kappa': 3.028498532944551}. Best is trial 12 with value: 0.544886830432624.
Trial 20 finished with value: -0.3100271942575936 and parameters: {'lambda': 995.0837109064724, 'kappa': 1.0823503127445389}. Best is trial 12 with value: 0.544886830432624.
Trial 21 finished with value: 0.4154084501971918 and parameters: {'lambda': 142.19594950688378, 'kappa': 3.979848793475017}. Best is trial 12 with value: 0.544886830432624.
Trial 22 finished with value: 0.308985283050759 and parameters: {'lambda': 172.75865714698043, 'kappa': 3.822615694524773}. Best is trial 12 with value: 0.544886830432624.
Trial 23 finished with value: 0.2885043751212601 and parameters: {'lambda': 187.31007107676783, 'kappa': 3.2747754315998523}. Best is trial 12 with value: 0.544886830432624.
Trial 24 finished with value: -0.11521305972900851 and parameters: {'lambda': 523.5558916951327, 'kappa': 4.103711418693089}. Best is trial 12 with value: 0.544886830432624.
Trial 25 finished with value: -0.31002719425759356 and parameters: {'lambda': 726.030289216654, 'kappa': 3.746671610963349}. Best is trial 12 with value: 0.544886830432624.
Trial 26 finished with value: 0.49202604424618923 and parameters: {'lambda': 132.48610945674739, 'kappa': 3.43513538423859}. Best is trial 12 with value: 0.544886830432624.
Trial 27 finished with value: -0.05711397553480506 and parameters: {'lambda': 474.9022980208182, 'kappa': 2.636364096945956}. Best is trial 12 with value: 0.544886830432624.
Trial 28 finished with value: 0.2708552886036895 and parameters: {'lambda': 233.09446345658705, 'kappa': 3.306550604432724}. Best is trial 12 with value: 0.544886830432624.
Trial 29 finished with value: -0.31002719425759356 and parameters: {'lambda': 774.3013371446821, 'kappa': 2.8325087985262245}. Best is trial 12 with value: 0.544886830432624.
Optuna best λ=48.6483, κ=3.561963338490747, Sharpe=0.5449
A new study created in memory with name: no-name-62851315-1c76-4a7d-842f-c2e20b80ddd2
Trial 0 finished with value: 1.1879441759896752 and parameters: {'lambda': 759.7853498839952, 'kappa': 3.9691811987040015}. Best is trial 0 with value: 1.1879441759896752.
Trial 1 finished with value: -0.4128863067283542 and parameters: {'lambda': 1465.8673507626895, 'kappa': 2.869673679819506}. Best is trial 0 with value: 1.1879441759896752.
Trial 2 finished with value: -1.0958079898129514 and parameters: {'lambda': 328.1377557200871, 'kappa': 1.487187364027523}. Best is trial 0 with value: 1.1879441759896752.
Trial 3 finished with value: -0.6240546026035012 and parameters: {'lambda': 134.68574520140024, 'kappa': 3.705159593645523}. Best is trial 0 with value: 1.1879441759896752.
Trial 4 finished with value: -0.4128863067283542 and parameters: {'lambda': 1207.3409317440553, 'kappa': 3.2113854510604285}. Best is trial 0 with value: 1.1879441759896752.
Trial 5 finished with value: -0.3062520468119176 and parameters: {'lambda': 60.6133742333842, 'kappa': 4.029130915629118}. Best is trial 0 with value: 1.1879441759896752.
Trial 6 finished with value: -0.4128863067283542 and parameters: {'lambda': 1664.2846394063226, 'kappa': 1.6631574710979753}. Best is trial 0 with value: 1.1879441759896752.
Trial 7 finished with value: -0.5726485211151943 and parameters: {'lambda': 379.11324308858104, 'kappa': 1.5727916564869089}. Best is trial 0 with value: 1.1879441759896752.
Trial 8 finished with value: -0.41288630672835436 and parameters: {'lambda': 620.9252743284724, 'kappa': 2.638869763709691}. Best is trial 0 with value: 1.1879441759896752.
Trial 9 finished with value: -1.1409875600050368 and parameters: {'lambda': 873.1778048064807, 'kappa': 1.9095393660962992}. Best is trial 0 with value: 1.1879441759896752.
Trial 10 finished with value: -0.4128863067283542 and parameters: {'lambda': 1886.8899990604687, 'kappa': 3.4091247782378664}. Best is trial 0 with value: 1.1879441759896752.
Trial 11 finished with value: -0.48997020621618786 and parameters: {'lambda': 34.8609161424165, 'kappa': 3.983014214982241}. Best is trial 0 with value: 1.1879441759896752.
Trial 12 finished with value: 1.1879441759896752 and parameters: {'lambda': 832.669288958799, 'kappa': 3.9181024173436354}. Best is trial 0 with value: 1.1879441759896752.
Trial 13 finished with value: -0.37163502724451963 and parameters: {'lambda': 921.5921967099881, 'kappa': 2.2256718351156524}. Best is trial 0 with value: 1.1879441759896752.
Trial 14 finished with value: -0.41288630672835414 and parameters: {'lambda': 681.276779517761, 'kappa': 1.0411523272835173}. Best is trial 0 with value: 1.1879441759896752.
Trial 15 finished with value: -0.4128863067283542 and parameters: {'lambda': 1208.5300573450645, 'kappa': 3.4226504092668155}. Best is trial 0 with value: 1.1879441759896752.
Trial 16 finished with value: -0.41288630672835436 and parameters: {'lambda': 640.600965940992, 'kappa': 3.0028427230934547}. Best is trial 0 with value: 1.1879441759896752.
Trial 17 finished with value: -0.4128863067283542 and parameters: {'lambda': 1146.5994945091174, 'kappa': 3.6954136146059247}. Best is trial 0 with value: 1.1879441759896752.
Trial 18 finished with value: -0.4128863067283542 and parameters: {'lambda': 1460.344397748774, 'kappa': 4.117255595973489}. Best is trial 0 with value: 1.1879441759896752.
Trial 19 finished with value: -0.9925159014303041 and parameters: {'lambda': 437.53403833956094, 'kappa': 3.6624479221435657}. Best is trial 0 with value: 1.1879441759896752.
Trial 20 finished with value: 1.1879441759896752 and parameters: {'lambda': 781.8262509578036, 'kappa': 2.641781912816032}. Best is trial 0 with value: 1.1879441759896752.
Trial 21 finished with value: 1.1879441759896752 and parameters: {'lambda': 853.9904517752428, 'kappa': 2.549189412576001}. Best is trial 0 with value: 1.1879441759896752.
Trial 22 finished with value: 1.1879441759896752 and parameters: {'lambda': 1055.2793314544483, 'kappa': 2.2894180870739205}. Best is trial 0 with value: 1.1879441759896752.
Trial 23 finished with value: 1.1879441759896752 and parameters: {'lambda': 740.9846543741598, 'kappa': 3.2235818794076043}. Best is trial 0 with value: 1.1879441759896752.
Trial 24 finished with value: -0.2811801880881293 and parameters: {'lambda': 523.1995479682917, 'kappa': 3.844549653015024}. Best is trial 0 with value: 1.1879441759896752.
Trial 25 finished with value: 1.1879441759896752 and parameters: {'lambda': 992.3194058805525, 'kappa': 3.3735900103094734}. Best is trial 0 with value: 1.1879441759896752.
Trial 26 finished with value: 1.1879441759896752 and parameters: {'lambda': 794.8889812162636, 'kappa': 2.844824623500418}. Best is trial 0 with value: 1.1879441759896752.
Trial 27 finished with value: -0.4128863067283542 and parameters: {'lambda': 1369.218770297736, 'kappa': 3.835333647242275}. Best is trial 0 with value: 1.1879441759896752.
Trial 28 finished with value: -0.41288630672835414 and parameters: {'lambda': 529.3118839615836, 'kappa': 1.1127345311472787}. Best is trial 0 with value: 1.1879441759896752.
Trial 29 finished with value: -0.5545128507088974 and parameters: {'lambda': 225.2480968573667, 'kappa': 2.894115776520223}. Best is trial 0 with value: 1.1879441759896752.
Optuna best λ=759.7853, κ=3.9691811987040015, Sharpe=1.1879
A new study created in memory with name: no-name-e9ef5972-ec8a-44a4-bd3b-bfc9cb562d12
Trial 0 finished with value: -0.2313510667258157 and parameters: {'lambda': 759.7853498839952, 'kappa': 3.9691811987040015}. Best is trial 0 with value: -0.2313510667258157.
Trial 1 finished with value: -0.00886976397630063 and parameters: {'lambda': 1465.8673507626895, 'kappa': 2.869673679819506}. Best is trial 1 with value: -0.00886976397630063.
Trial 2 finished with value: 0.4202403468399521 and parameters: {'lambda': 328.1377557200871, 'kappa': 1.487187364027523}. Best is trial 2 with value: 0.4202403468399521.
Trial 3 finished with value: 0.36431819992582565 and parameters: {'lambda': 134.68574520140024, 'kappa': 3.705159593645523}. Best is trial 2 with value: 0.4202403468399521.
Trial 4 finished with value: -0.00886976397630063 and parameters: {'lambda': 1207.3409317440553, 'kappa': 3.2113854510604285}. Best is trial 2 with value: 0.4202403468399521.
Trial 5 finished with value: 0.14636428350799457 and parameters: {'lambda': 60.6133742333842, 'kappa': 4.029130915629118}. Best is trial 2 with value: 0.4202403468399521.
Trial 6 finished with value: -0.00886976397630063 and parameters: {'lambda': 1664.2846394063226, 'kappa': 1.6631574710979753}. Best is trial 2 with value: 0.4202403468399521.
Trial 7 finished with value: 0.31300328307139597 and parameters: {'lambda': 379.11324308858104, 'kappa': 1.5727916564869089}. Best is trial 2 with value: 0.4202403468399521.
Trial 8 finished with value: 0.22025345013929115 and parameters: {'lambda': 620.9252743284724, 'kappa': 2.638869763709691}. Best is trial 2 with value: 0.4202403468399521.
Trial 9 finished with value: -0.3613261942082253 and parameters: {'lambda': 873.1778048064807, 'kappa': 1.9095393660962992}. Best is trial 2 with value: 0.4202403468399521.
Trial 10 finished with value: -0.00886976397630063 and parameters: {'lambda': 1886.8899990604687, 'kappa': 1.0187298358271706}. Best is trial 2 with value: 0.4202403468399521.
Trial 11 finished with value: -0.6616776664184152 and parameters: {'lambda': 34.8609161424165, 'kappa': 3.297626693588746}. Best is trial 2 with value: 0.4202403468399521.
Trial 12 finished with value: 0.17039181855255595 and parameters: {'lambda': 401.62106243282926, 'kappa': 2.243131401327489}. Best is trial 2 with value: 0.4202403468399521.
Trial 13 finished with value: 0.38443134383989086 and parameters: {'lambda': 348.62351716613654, 'kappa': 1.0360510594857923}. Best is trial 2 with value: 0.4202403468399521.
Trial 14 finished with value: -0.00886976397630063 and parameters: {'lambda': 1101.5497235715259, 'kappa': 1.0115272863464582}. Best is trial 2 with value: 0.4202403468399521.
Trial 15 finished with value: 0.18093275303839376 and parameters: {'lambda': 419.01657765440416, 'kappa': 1.3991028920310182}. Best is trial 2 with value: 0.4202403468399521.
Trial 16 finished with value: 0.28147050232647847 and parameters: {'lambda': 609.1614378862148, 'kappa': 2.1038550083829626}. Best is trial 2 with value: 0.4202403468399521.
Trial 17 finished with value: 0.29381514191653485 and parameters: {'lambda': 299.5839973459175, 'kappa': 1.265097630573727}. Best is trial 2 with value: 0.4202403468399521.
Trial 18 finished with value: -0.24095553750827833 and parameters: {'lambda': 935.1695378434076, 'kappa': 1.8733429896303389}. Best is trial 2 with value: 0.4202403468399521.
Trial 19 finished with value: 0.1882875645790496 and parameters: {'lambda': 578.4182881448222, 'kappa': 2.364215255818936}. Best is trial 2 with value: 0.4202403468399521.
Trial 20 finished with value: -0.00886976397630063 and parameters: {'lambda': 1309.8360941711126, 'kappa': 1.3653225638065014}. Best is trial 2 with value: 0.4202403468399521.
Trial 21 finished with value: 0.23732856266202793 and parameters: {'lambda': 190.2376613189073, 'kappa': 3.6115249129666687}. Best is trial 2 with value: 0.4202403468399521.
Trial 22 finished with value: 0.17431602136715715 and parameters: {'lambda': 178.35788921605013, 'kappa': 2.8785008975078124}. Best is trial 2 with value: 0.4202403468399521.
Trial 23 finished with value: 0.1445082741169721 and parameters: {'lambda': 235.21700626209332, 'kappa': 3.6271967095673308}. Best is trial 2 with value: 0.4202403468399521.
Trial 24 finished with value: 0.018449280348355912 and parameters: {'lambda': 523.5558916951327, 'kappa': 1.1662498654399307}. Best is trial 2 with value: 0.4202403468399521.
Trial 25 finished with value: 0.023005770243166756 and parameters: {'lambda': 723.965600501137, 'kappa': 1.6875768183172468}. Best is trial 2 with value: 0.4202403468399521.
Trial 26 finished with value: 0.013070853618304339 and parameters: {'lambda': 70.42078787003834, 'kappa': 2.512678711980022}. Best is trial 2 with value: 0.4202403468399521.
Trial 27 finished with value: 0.2590110173462889 and parameters: {'lambda': 449.95742274908764, 'kappa': 1.9682790081244042}. Best is trial 2 with value: 0.4202403468399521.
Trial 28 finished with value: 0.4018118851735328 and parameters: {'lambda': 292.85406383352904, 'kappa': 1.4928693307173073}. Best is trial 2 with value: 0.4202403468399521.
Trial 29 finished with value: -0.09742465317195488 and parameters: {'lambda': 750.4107071217053, 'kappa': 1.4455984150480679}. Best is trial 2 with value: 0.4202403468399521.
Optuna best λ=328.1378, κ=1.487187364027523, Sharpe=0.4202
A new study created in memory with name: no-name-28a4b1eb-d605-4eae-9af1-fe57be3e8a36
Trial 0 finished with value: -0.8300656016500075 and parameters: {'lambda': 759.7853498839952, 'kappa': 3.9691811987040015}. Best is trial 0 with value: -0.8300656016500075.
Trial 1 finished with value: -0.8300656016500076 and parameters: {'lambda': 1465.8673507626895, 'kappa': 2.869673679819506}. Best is trial 0 with value: -0.8300656016500075.
Trial 2 finished with value: -0.8300656016500078 and parameters: {'lambda': 328.1377557200871, 'kappa': 1.487187364027523}. Best is trial 0 with value: -0.8300656016500075.
Trial 3 finished with value: -0.6255708475759331 and parameters: {'lambda': 134.68574520140024, 'kappa': 3.705159593645523}. Best is trial 3 with value: -0.6255708475759331.
Trial 4 finished with value: -0.8300656016500076 and parameters: {'lambda': 1207.3409317440553, 'kappa': 3.2113854510604285}. Best is trial 3 with value: -0.6255708475759331.
Trial 5 finished with value: -1.5306128348970363 and parameters: {'lambda': 60.6133742333842, 'kappa': 4.029130915629118}. Best is trial 3 with value: -0.6255708475759331.
Trial 6 finished with value: -0.8300656016500076 and parameters: {'lambda': 1664.2846394063226, 'kappa': 1.6631574710979753}. Best is trial 3 with value: -0.6255708475759331.
Trial 7 finished with value: -0.8300656016500078 and parameters: {'lambda': 379.11324308858104, 'kappa': 1.5727916564869089}. Best is trial 3 with value: -0.6255708475759331.
Trial 8 finished with value: -0.8300656016500075 and parameters: {'lambda': 620.9252743284724, 'kappa': 2.638869763709691}. Best is trial 3 with value: -0.6255708475759331.
Trial 9 finished with value: -0.8300656016500076 and parameters: {'lambda': 873.1778048064807, 'kappa': 1.9095393660962992}. Best is trial 3 with value: -0.6255708475759331.
Trial 10 finished with value: -0.8300656016500076 and parameters: {'lambda': 1886.8899990604687, 'kappa': 3.4270596555033017}. Best is trial 3 with value: -0.6255708475759331.
Trial 11 finished with value: -0.8300656016500075 and parameters: {'lambda': 896.4970192263532, 'kappa': 4.037001575400478}. Best is trial 3 with value: -0.6255708475759331.
Trial 12 finished with value: -1.7646300392156882 and parameters: {'lambda': 82.0901779633491, 'kappa': 3.5733115097889425}. Best is trial 3 with value: -0.6255708475759331.
Trial 13 finished with value: -0.8300656016500078 and parameters: {'lambda': 610.4382668265166, 'kappa': 2.2256718351156524}. Best is trial 3 with value: -0.6255708475759331.
Trial 14 finished with value: -0.8300656016500076 and parameters: {'lambda': 1224.540329717715, 'kappa': 1.0411523272835173}. Best is trial 3 with value: -0.6255708475759331.
Trial 15 finished with value: -0.8300656016500075 and parameters: {'lambda': 589.6618555967364, 'kappa': 3.7164421443642444}. Best is trial 3 with value: -0.6255708475759331.
Trial 16 finished with value: -0.23619593610013234 and parameters: {'lambda': 363.74762732277577, 'kappa': 3.0028427230934547}. Best is trial 16 with value: -0.23619593610013234.
Trial 17 finished with value: -0.30099109530438894 and parameters: {'lambda': 299.5839973459175, 'kappa': 2.994033379465182}. Best is trial 16 with value: -0.23619593610013234.
Trial 18 finished with value: -0.20760321811389415 and parameters: {'lambda': 336.1085403003575, 'kappa': 3.0436161087960585}. Best is trial 18 with value: -0.20760321811389415.
Trial 19 finished with value: -0.5971327997353815 and parameters: {'lambda': 446.2956462137329, 'kappa': 2.4934362804683126}. Best is trial 18 with value: -0.20760321811389415.
Trial 20 finished with value: -0.8300656016500076 and parameters: {'lambda': 1150.5516235211558, 'kappa': 3.1613919624448497}. Best is trial 18 with value: -0.20760321811389415.
Trial 21 finished with value: 0.2618387184958871 and parameters: {'lambda': 283.6734001156436, 'kappa': 2.9819723710793995}. Best is trial 21 with value: 0.2618387184958871.
Trial 22 finished with value: -0.623620683343764 and parameters: {'lambda': 234.6865274401597, 'kappa': 2.6477075517340505}. Best is trial 21 with value: 0.2618387184958871.
Trial 23 finished with value: -0.8595318939307044 and parameters: {'lambda': 464.704796189214, 'kappa': 2.366861668334749}. Best is trial 21 with value: 0.2618387184958871.
Trial 24 finished with value: -0.2987763222628469 and parameters: {'lambda': 212.71344433614752, 'kappa': 2.939028750215489}. Best is trial 21 with value: 0.2618387184958871.
Trial 25 finished with value: -0.8300656016500075 and parameters: {'lambda': 717.2252231184561, 'kappa': 3.2954480228498686}. Best is trial 21 with value: 0.2618387184958871.
Trial 26 finished with value: -0.8300656016500078 and parameters: {'lambda': 514.094624515817, 'kappa': 2.102973249639008}. Best is trial 21 with value: 0.2618387184958871.
Trial 27 finished with value: -0.8300656016500076 and parameters: {'lambda': 1025.2115871472715, 'kappa': 2.919687025818516}. Best is trial 21 with value: 0.2618387184958871.
Trial 28 finished with value: -1.2778738488055412 and parameters: {'lambda': 45.908816140639146, 'kappa': 2.740762003806214}. Best is trial 21 with value: 0.2618387184958871.
