Trial 21 finished with value: -0.16738607904538433 and parameters: {'lambda': 754.8869528036639, 'kappa': 2.5719795522367037}. Best is trial 0 with value: -0.16738607904538433.
Trial 22 finished with value: -0.16738607904538433 and parameters: {'lambda': 706.6363076099412, 'kappa': 2.2624351629905752}. Best is trial 0 with value: -0.16738607904538433.
Trial 23 finished with value: -0.16738607904538433 and parameters: {'lambda': 651.5409768278951, 'kappa': 2.8538743571844476}. Best is trial 0 with value: -0.16738607904538433.
Trial 24 finished with value: -0.16738607904538455 and parameters: {'lambda': 985.6610381027265, 'kappa': 1.9607358873694083}. Best is trial 0 with value: -0.16738607904538433.
Trial 25 finished with value: -0.12173583598897572 and parameters: {'lambda': 197.2936547486721, 'kappa': 3.4074179468065093}. Best is trial 25 with value: -0.12173583598897572.
Trial 26 finished with value: -0.12184206612651444 and parameters: {'lambda': 191.57240696110478, 'kappa': 3.33036434105046}. Best is trial 25 with value: -0.12173583598897572.
Trial 27 finished with value: -0.36644467095887145 and parameters: {'lambda': 163.10730652946916, 'kappa': 3.4159988257853926}. Best is trial 25 with value: -0.12173583598897572.
Trial 28 finished with value: -0.10336013290887833 and parameters: {'lambda': 240.09773148295002, 'kappa': 3.9107082829492876}. Best is trial 28 with value: -0.10336013290887833.
Trial 29 finished with value: -0.43672418044042816 and parameters: {'lambda': 216.35273744115494, 'kappa': 3.861243238231177}. Best is trial 28 with value: -0.10336013290887833.
Optuna best λ=240.0977, κ=3.9107082829492876, Sharpe=-0.1034
A new study created in memory with name: no-name-529f820a-623a-4f60-9bc0-638ed5820d04
Trial 0 finished with value: 0.7297012197772138 and parameters: {'lambda': 759.7853498839952, 'kappa': 3.9691811987040015}. Best is trial 0 with value: 0.7297012197772138.
Trial 1 finished with value: 0.7297012197772137 and parameters: {'lambda': 1465.8673507626895, 'kappa': 2.869673679819506}. Best is trial 0 with value: 0.7297012197772138.
Trial 2 finished with value: 0.7297012197772138 and parameters: {'lambda': 328.1377557200871, 'kappa': 1.487187364027523}. Best is trial 0 with value: 0.7297012197772138.
Trial 3 finished with value: 1.1568947654936348 and parameters: {'lambda': 134.68574520140024, 'kappa': 3.705159593645523}. Best is trial 3 with value: 1.1568947654936348.
Trial 4 finished with value: 0.7297012197772137 and parameters: {'lambda': 1207.3409317440553, 'kappa': 3.2113854510604285}. Best is trial 3 with value: 1.1568947654936348.
Trial 5 finished with value: 0.8156609468717665 and parameters: {'lambda': 60.6133742333842, 'kappa': 4.029130915629118}. Best is trial 3 with value: 1.1568947654936348.
Trial 6 finished with value: 0.7297012197772137 and parameters: {'lambda': 1664.2846394063226, 'kappa': 1.6631574710979753}. Best is trial 3 with value: 1.1568947654936348.
Trial 7 finished with value: 0.7297012197772137 and parameters: {'lambda': 379.11324308858104, 'kappa': 1.5727916564869089}. Best is trial 3 with value: 1.1568947654936348.
Trial 8 finished with value: 0.7297012197772138 and parameters: {'lambda': 620.9252743284724, 'kappa': 2.638869763709691}. Best is trial 3 with value: 1.1568947654936348.
Trial 9 finished with value: 0.7297012197772135 and parameters: {'lambda': 873.1778048064807, 'kappa': 1.9095393660962992}. Best is trial 3 with value: 1.1568947654936348.
Trial 10 finished with value: 0.7297012197772137 and parameters: {'lambda': 1886.8899990604687, 'kappa': 3.4270596555033017}. Best is trial 3 with value: 1.1568947654936348.
Trial 11 finished with value: 0.6464706868430141 and parameters: {'lambda': 34.8609161424165, 'kappa': 3.9798232276603978}. Best is trial 3 with value: 1.1568947654936348.
Trial 12 finished with value: 0.9527245894994454 and parameters: {'lambda': 48.648302835881935, 'kappa': 3.561963338490747}. Best is trial 3 with value: 1.1568947654936348.
Trial 13 finished with value: 0.7297012197772138 and parameters: {'lambda': 408.3745276240877, 'kappa': 3.4750683075426987}. Best is trial 3 with value: 1.1568947654936348.
Trial 14 finished with value: 0.7297012197772137 and parameters: {'lambda': 1146.9613502972234, 'kappa': 2.1855441481340363}. Best is trial 3 with value: 1.1568947654936348.
Trial 15 finished with value: 0.669595183390533 and parameters: {'lambda': 37.04164027829687, 'kappa': 2.99578417285058}. Best is trial 3 with value: 1.1568947654936348.
Trial 16 finished with value: 0.7297012197772138 and parameters: {'lambda': 584.603409069565, 'kappa': 3.6162631850254616}. Best is trial 3 with value: 1.1568947654936348.
Trial 17 finished with value: 0.8086601107423592 and parameters: {'lambda': 299.5839973459175, 'kappa': 2.3481639354842008}. Best is trial 3 with value: 1.1568947654936348.
Trial 18 finished with value: 0.752591705176041 and parameters: {'lambda': 256.59860451925977, 'kappa': 3.6516202246636627}. Best is trial 3 with value: 1.1568947654936348.
Trial 19 finished with value: 0.7297012197772138 and parameters: {'lambda': 547.3426771678813, 'kappa': 3.028498532944551}. Best is trial 3 with value: 1.1568947654936348.
Trial 20 finished with value: 0.7297012197772137 and parameters: {'lambda': 995.0837109064724, 'kappa': 1.0823503127445389}. Best is trial 3 with value: 1.1568947654936348.
Trial 21 finished with value: 1.382188317041829 and parameters: {'lambda': 142.19594950688378, 'kappa': 3.979848793475017}. Best is trial 21 with value: 1.382188317041829.
Trial 22 finished with value: 1.0949137947422476 and parameters: {'lambda': 172.75865714698043, 'kappa': 3.822615694524773}. Best is trial 21 with value: 1.382188317041829.
Trial 23 finished with value: 0.6408902956460101 and parameters: {'lambda': 223.365588214308, 'kappa': 4.110664833508607}. Best is trial 21 with value: 1.382188317041829.
Trial 24 finished with value: 0.7297012197772138 and parameters: {'lambda': 523.5558916951327, 'kappa': 3.7245944873112835}. Best is trial 21 with value: 1.382188317041829.
Trial 25 finished with value: 0.8487891884630077 and parameters: {'lambda': 161.19413796358097, 'kappa': 3.2185055065185946}. Best is trial 21 with value: 1.382188317041829.
Trial 26 finished with value: 0.7297012197772138 and parameters: {'lambda': 463.75188414391994, 'kappa': 3.82312823042184}. Best is trial 21 with value: 1.382188317041829.
Trial 27 finished with value: 0.7297012197772138 and parameters: {'lambda': 700.7787017394581, 'kappa': 3.420113420283177}. Best is trial 21 with value: 1.382188317041829.
Trial 28 finished with value: 0.5368778310232535 and parameters: {'lambda': 213.92784535890675, 'kappa': 3.8064755005942135}. Best is trial 21 with value: 1.382188317041829.
Trial 29 finished with value: 0.7297012197772138 and parameters: {'lambda': 838.8566064554143, 'kappa': 4.118700859794544}. Best is trial 21 with value: 1.382188317041829.
Optuna best λ=142.1959, κ=3.979848793475017, Sharpe=1.3822
A new study created in memory with name: no-name-4643bd10-9ae8-4562-b5f5-a9c7b1713dd5
Trial 0 finished with value: -0.6527451147823392 and parameters: {'lambda': 759.7853498839952, 'kappa': 3.9691811987040015}. Best is trial 0 with value: -0.6527451147823392.
Trial 1 finished with value: 0.6404250370086733 and parameters: {'lambda': 1465.8673507626895, 'kappa': 2.869673679819506}. Best is trial 1 with value: 0.6404250370086733.
Trial 2 finished with value: 0.6404250370086731 and parameters: {'lambda': 328.1377557200871, 'kappa': 1.487187364027523}. Best is trial 1 with value: 0.6404250370086733.
Trial 3 finished with value: 0.2449872685668778 and parameters: {'lambda': 134.68574520140024, 'kappa': 3.705159593645523}. Best is trial 1 with value: 0.6404250370086733.
Trial 4 finished with value: 0.6404250370086733 and parameters: {'lambda': 1207.3409317440553, 'kappa': 3.2113854510604285}. Best is trial 1 with value: 0.6404250370086733.
Trial 5 finished with value: 0.3840956278358147 and parameters: {'lambda': 60.6133742333842, 'kappa': 4.029130915629118}. Best is trial 1 with value: 0.6404250370086733.
Trial 6 finished with value: 0.6404250370086733 and parameters: {'lambda': 1664.2846394063226, 'kappa': 1.6631574710979753}. Best is trial 1 with value: 0.6404250370086733.
Trial 7 finished with value: 0.6404250370086731 and parameters: {'lambda': 379.11324308858104, 'kappa': 1.5727916564869089}. Best is trial 1 with value: 0.6404250370086733.
Trial 8 finished with value: -0.6527451147823392 and parameters: {'lambda': 620.9252743284724, 'kappa': 2.638869763709691}. Best is trial 1 with value: 0.6404250370086733.
Trial 9 finished with value: 0.640425037008673 and parameters: {'lambda': 873.1778048064807, 'kappa': 1.9095393660962992}. Best is trial 1 with value: 0.6404250370086733.
Trial 10 finished with value: 0.6404250370086733 and parameters: {'lambda': 1936.5795254032687, 'kappa': 2.4782512203936142}. Best is trial 1 with value: 0.6404250370086733.
Trial 11 finished with value: 0.6404250370086733 and parameters: {'lambda': 1390.2252518943073, 'kappa': 3.18332783541338}. Best is trial 1 with value: 0.6404250370086733.
Trial 12 finished with value: 0.6404250370086733 and parameters: {'lambda': 1284.3256456958843, 'kappa': 3.155714518529925}. Best is trial 1 with value: 0.6404250370086733.
Trial 13 finished with value: 0.6404250370086733 and parameters: {'lambda': 1241.1722695690644, 'kappa': 3.021337815946988}. Best is trial 1 with value: 0.6404250370086733.
Trial 14 finished with value: 0.6404250370086733 and parameters: {'lambda': 1567.8638086019419, 'kappa': 2.1855441481340363}. Best is trial 1 with value: 0.6404250370086733.
Trial 15 finished with value: 0.6404250370086733 and parameters: {'lambda': 1141.6398330287896, 'kappa': 3.4226504092668155}. Best is trial 1 with value: 0.6404250370086733.
Trial 16 finished with value: 0.6404250370086733 and parameters: {'lambda': 1798.7518030151937, 'kappa': 2.6871233931365808}. Best is trial 1 with value: 0.6404250370086733.
Trial 17 finished with value: 0.6404250370086733 and parameters: {'lambda': 971.8471135857591, 'kappa': 3.5210584037895685}. Best is trial 1 with value: 0.6404250370086733.
Trial 18 finished with value: 0.6404250370086733 and parameters: {'lambda': 1463.2644939284787, 'kappa': 2.847890491959081}. Best is trial 1 with value: 0.6404250370086733.
Trial 19 finished with value: 0.6404250370086733 and parameters: {'lambda': 1103.0929973510547, 'kappa': 2.2347208910546077}. Best is trial 1 with value: 0.6404250370086733.
Trial 20 finished with value: 0.6404250370086733 and parameters: {'lambda': 1670.218171188245, 'kappa': 1.0823503127445389}. Best is trial 1 with value: 0.6404250370086733.
Trial 21 finished with value: 0.6404250370086733 and parameters: {'lambda': 1804.261315957426, 'kappa': 2.3795644956684163}. Best is trial 1 with value: 0.6404250370086733.
Trial 22 finished with value: 0.6404250370086733 and parameters: {'lambda': 1629.6967826907173, 'kappa': 1.104892266180197}. Best is trial 1 with value: 0.6404250370086733.
Trial 23 finished with value: 0.6404250370086733 and parameters: {'lambda': 1399.5072184544717, 'kappa': 1.8558208467023807}. Best is trial 1 with value: 0.6404250370086733.
Trial 24 finished with value: 0.6404250370086733 and parameters: {'lambda': 1962.4761132743597, 'kappa': 2.8720401051615}. Best is trial 1 with value: 0.6404250370086733.
Trial 25 finished with value: 0.6404250370086733 and parameters: {'lambda': 1482.6981312366265, 'kappa': 3.211900005641687}. Best is trial 1 with value: 0.6404250370086733.
Trial 26 finished with value: 0.6404250370086733 and parameters: {'lambda': 1277.6242602859804, 'kappa': 3.4357071359018256}. Best is trial 1 with value: 0.6404250370086733.
Trial 27 finished with value: 0.6404250370086733 and parameters: {'lambda': 1740.7367296028574, 'kappa': 1.9682790081244042}. Best is trial 1 with value: 0.6404250370086733.
Trial 28 finished with value: 0.6404250370086733 and parameters: {'lambda': 1074.196407294737, 'kappa': 1.407321078454788}. Best is trial 1 with value: 0.6404250370086733.
Trial 29 finished with value: 0.6404250370086733 and parameters: {'lambda': 1531.029759487401, 'kappa': 3.747127202931212}. Best is trial 1 with value: 0.6404250370086733.
Optuna best λ=1465.8674, κ=2.869673679819506, Sharpe=0.6404
A new study created in memory with name: no-name-d7893d6d-57e3-49b3-9e8f-8f22beaddf77
Trial 0 finished with value: -0.47520433296113074 and parameters: {'lambda': 759.7853498839952, 'kappa': 3.9691811987040015}. Best is trial 0 with value: -0.47520433296113074.
Trial 1 finished with value: -0.48786163694435647 and parameters: {'lambda': 1465.8673507626895, 'kappa': 2.869673679819506}. Best is trial 0 with value: -0.47520433296113074.
Trial 2 finished with value: -0.48510557208520144 and parameters: {'lambda': 328.1377557200871, 'kappa': 1.487187364027523}. Best is trial 0 with value: -0.47520433296113074.
Trial 3 finished with value: 0.0031987820551053845 and parameters: {'lambda': 134.68574520140024, 'kappa': 3.705159593645523}. Best is trial 3 with value: 0.0031987820551053845.
Trial 4 finished with value: -0.48786163694435647 and parameters: {'lambda': 1207.3409317440553, 'kappa': 3.2113854510604285}. Best is trial 3 with value: 0.0031987820551053845.
Trial 5 finished with value: 0.169200641232909 and parameters: {'lambda': 60.6133742333842, 'kappa': 4.029130915629118}. Best is trial 5 with value: 0.169200641232909.
Trial 6 finished with value: -0.48786163694435647 and parameters: {'lambda': 1664.2846394063226, 'kappa': 1.6631574710979753}. Best is trial 5 with value: 0.169200641232909.
Trial 7 finished with value: -0.48786163694435625 and parameters: {'lambda': 379.11324308858104, 'kappa': 1.5727916564869089}. Best is trial 5 with value: 0.169200641232909.
Trial 8 finished with value: -0.48786163694435625 and parameters: {'lambda': 620.9252743284724, 'kappa': 2.638869763709691}. Best is trial 5 with value: 0.169200641232909.
Trial 9 finished with value: -0.4878616369443563 and parameters: {'lambda': 873.1778048064807, 'kappa': 1.9095393660962992}. Best is trial 5 with value: 0.169200641232909.
Trial 10 finished with value: -0.48786163694435647 and parameters: {'lambda': 1886.8899990604687, 'kappa': 3.403359914931464}. Best is trial 5 with value: 0.169200641232909.
Trial 11 finished with value: 0.38978117801539913 and parameters: {'lambda': 34.8609161424165, 'kappa': 3.9798232276603978}. Best is trial 11 with value: 0.38978117801539913.
Trial 12 finished with value: 0.13160910557114192 and parameters: {'lambda': 48.62839461429785, 'kappa': 3.834733028321934}. Best is trial 11 with value: 0.38978117801539913.
Trial 13 finished with value: -0.28239032720234264 and parameters: {'lambda': 452.53111586658093, 'kappa': 4.081306392996711}. Best is trial 11 with value: 0.38978117801539913.
Trial 14 finished with value: -0.48786163694435647 and parameters: {'lambda': 1101.5497235715259, 'kappa': 2.1855441481340363}. Best is trial 11 with value: 0.38978117801539913.
Trial 15 finished with value: 0.17639298938247233 and parameters: {'lambda': 36.665815800610986, 'kappa': 3.340210383474719}. Best is trial 11 with value: 0.38978117801539913.
Trial 16 finished with value: -0.47520433296113074 and parameters: {'lambda': 584.603409069565, 'kappa': 3.3033641938100926}. Best is trial 11 with value: 0.38978117801539913.
Trial 17 finished with value: -0.3873573692193215 and parameters: {'lambda': 247.44910477412216, 'kappa': 2.9348699430616354}. Best is trial 11 with value: 0.38978117801539913.
Trial 18 finished with value: -0.48786163694435647 and parameters: {'lambda': 1281.1108701548017, 'kappa': 3.603054662505956}. Best is trial 11 with value: 0.38978117801539913.
Trial 19 finished with value: -0.48786163694435625 and parameters: {'lambda': 915.0284276141729, 'kappa': 2.341151732038887}. Best is trial 11 with value: 0.38978117801539913.
Trial 20 finished with value: -0.4878616369443564 and parameters: {'lambda': 557.1378893821937, 'kappa': 1.0823503127445389}. Best is trial 11 with value: 0.38978117801539913.
Trial 21 finished with value: 0.13813147329839004 and parameters: {'lambda': 49.46162762008374, 'kappa': 3.722788413455649}. Best is trial 11 with value: 0.38978117801539913.
Trial 22 finished with value: -0.4717465656197788 and parameters: {'lambda': 234.6865274401597, 'kappa': 4.107641156900943}. Best is trial 11 with value: 0.38978117801539913.
Trial 23 finished with value: 0.24072111812510166 and parameters: {'lambda': 24.95704841165176, 'kappa': 3.448922736383024}. Best is trial 11 with value: 0.38978117801539913.
Trial 24 finished with value: -0.4717465656197788 and parameters: {'lambda': 234.95964136784772, 'kappa': 3.06392223338198}. Best is trial 11 with value: 0.38978117801539913.
Trial 25 finished with value: -0.3757601099004051 and parameters: {'lambda': 428.0180010945891, 'kappa': 3.48773318262947}. Best is trial 11 with value: 0.38978117801539913.
Trial 26 finished with value: -0.1793639966053908 and parameters: {'lambda': 205.36409770343494, 'kappa': 3.1918320465351364}. Best is trial 11 with value: 0.38978117801539913.
Trial 27 finished with value: -0.48786163694435625 and parameters: {'lambda': 740.501086529468, 'kappa': 2.599446876309133}. Best is trial 11 with value: 0.38978117801539913.
Trial 28 finished with value: 0.20948581741156058 and parameters: {'lambda': 45.908816140639146, 'kappa': 3.5092631664984033}. Best is trial 11 with value: 0.38978117801539913.
Trial 29 finished with value: -0.47520433296113074 and parameters: {'lambda': 758.7699576444542, 'kappa': 3.7603379415997997}. Best is trial 11 with value: 0.38978117801539913.
Optuna best λ=34.8609, κ=3.9798232276603978, Sharpe=0.3898
A new study created in memory with name: no-name-7c00e670-d812-44d9-b885-4ae065bbd604
Trial 0 finished with value: -0.14697122728925396 and parameters: {'lambda': 759.7853498839952, 'kappa': 3.9691811987040015}. Best is trial 0 with value: -0.14697122728925396.
Trial 1 finished with value: 0.27565841614311615 and parameters: {'lambda': 1465.8673507626895, 'kappa': 2.869673679819506}. Best is trial 1 with value: 0.27565841614311615.
Trial 2 finished with value: -0.8300474169648018 and parameters: {'lambda': 328.1377557200871, 'kappa': 1.487187364027523}. Best is trial 1 with value: 0.27565841614311615.
Trial 3 finished with value: -0.5629358766075288 and parameters: {'lambda': 134.68574520140024, 'kappa': 3.705159593645523}. Best is trial 1 with value: 0.27565841614311615.
Trial 4 finished with value: 0.27565841614311615 and parameters: {'lambda': 1207.3409317440553, 'kappa': 3.2113854510604285}. Best is trial 1 with value: 0.27565841614311615.
Trial 5 finished with value: -0.3581444206421492 and parameters: {'lambda': 60.6133742333842, 'kappa': 4.029130915629118}. Best is trial 1 with value: 0.27565841614311615.
Trial 6 finished with value: 0.27565841614311615 and parameters: {'lambda': 1664.2846394063226, 'kappa': 1.6631574710979753}. Best is trial 1 with value: 0.27565841614311615.
Trial 7 finished with value: -0.4473265024321158 and parameters: {'lambda': 379.11324308858104, 'kappa': 1.5727916564869089}. Best is trial 1 with value: 0.27565841614311615.
Trial 8 finished with value: -0.4697356955581018 and parameters: {'lambda': 620.9252743284724, 'kappa': 2.638869763709691}. Best is trial 1 with value: 0.27565841614311615.
Trial 9 finished with value: -0.24259585170197723 and parameters: {'lambda': 873.1778048064807, 'kappa': 1.9095393660962992}. Best is trial 1 with value: 0.27565841614311615.
Trial 10 finished with value: 0.27565841614311615 and parameters: {'lambda': 1936.5795254032687, 'kappa': 2.4782512203936142}. Best is trial 1 with value: 0.27565841614311615.
Trial 11 finished with value: 0.27565841614311615 and parameters: {'lambda': 1390.2252518943073, 'kappa': 3.18332783541338}. Best is trial 1 with value: 0.27565841614311615.
Trial 12 finished with value: 0.27565841614311615 and parameters: {'lambda': 1284.3256456958843, 'kappa': 3.155714518529925}. Best is trial 1 with value: 0.27565841614311615.
Trial 13 finished with value: 0.27565841614311615 and parameters: {'lambda': 1241.1722695690644, 'kappa': 3.021337815946988}. Best is trial 1 with value: 0.27565841614311615.
Trial 14 finished with value: 0.27565841614311615 and parameters: {'lambda': 1567.8638086019419, 'kappa': 2.1855441481340363}. Best is trial 1 with value: 0.27565841614311615.
Trial 15 finished with value: 0.27565841614311615 and parameters: {'lambda': 1141.6398330287896, 'kappa': 3.4226504092668155}. Best is trial 1 with value: 0.27565841614311615.
Trial 16 finished with value: 0.27565841614311615 and parameters: {'lambda': 1798.7518030151937, 'kappa': 2.6871233931365808}. Best is trial 1 with value: 0.27565841614311615.
Trial 17 finished with value: -0.14697122728925396 and parameters: {'lambda': 971.8471135857591, 'kappa': 3.5210584037895685}. Best is trial 1 with value: 0.27565841614311615.
Trial 18 finished with value: 0.27565841614311615 and parameters: {'lambda': 1463.2644939284787, 'kappa': 2.847890491959081}. Best is trial 1 with value: 0.27565841614311615.
Trial 19 finished with value: 0.27565841614311615 and parameters: {'lambda': 1103.0929973510547, 'kappa': 2.2347208910546077}. Best is trial 1 with value: 0.27565841614311615.
Trial 20 finished with value: 0.27565841614311615 and parameters: {'lambda': 1670.218171188245, 'kappa': 1.0823503127445389}. Best is trial 1 with value: 0.27565841614311615.
Trial 21 finished with value: 0.27565841614311615 and parameters: {'lambda': 1804.261315957426, 'kappa': 2.3795644956684163}. Best is trial 1 with value: 0.27565841614311615.
Trial 22 finished with value: 0.27565841614311615 and parameters: {'lambda': 1629.6967826907173, 'kappa': 1.104892266180197}. Best is trial 1 with value: 0.27565841614311615.
Trial 23 finished with value: 0.27565841614311615 and parameters: {'lambda': 1399.5072184544717, 'kappa': 1.8558208467023807}. Best is trial 1 with value: 0.27565841614311615.
