Trial 8 finished with value: -0.18654827454814848 and parameters: {'lambda': 620.9252743284724, 'kappa': 2.638869763709691}. Best is trial 1 with value: 0.17981935978456778.
Trial 9 finished with value: 0.17981935978456778 and parameters: {'lambda': 873.1778048064807, 'kappa': 1.9095393660962992}. Best is trial 1 with value: 0.17981935978456778.
Trial 10 finished with value: 0.17981935978456778 and parameters: {'lambda': 1936.5795254032687, 'kappa': 2.4782512203936142}. Best is trial 1 with value: 0.17981935978456778.
Trial 11 finished with value: 0.17981935978456778 and parameters: {'lambda': 1390.2252518943073, 'kappa': 3.18332783541338}. Best is trial 1 with value: 0.17981935978456778.
Trial 12 finished with value: 0.17981935978456778 and parameters: {'lambda': 1284.3256456958843, 'kappa': 3.155714518529925}. Best is trial 1 with value: 0.17981935978456778.
Trial 13 finished with value: 0.17981935978456778 and parameters: {'lambda': 1241.1722695690644, 'kappa': 3.021337815946988}. Best is trial 1 with value: 0.17981935978456778.
Trial 14 finished with value: 0.17981935978456778 and parameters: {'lambda': 1567.8638086019419, 'kappa': 2.1855441481340363}. Best is trial 1 with value: 0.17981935978456778.
Trial 15 finished with value: 0.17981935978456778 and parameters: {'lambda': 1141.6398330287896, 'kappa': 3.4226504092668155}. Best is trial 1 with value: 0.17981935978456778.
Trial 16 finished with value: 0.17981935978456778 and parameters: {'lambda': 1798.7518030151937, 'kappa': 2.6871233931365808}. Best is trial 1 with value: 0.17981935978456778.
Trial 17 finished with value: 0.17981935978456778 and parameters: {'lambda': 971.8471135857591, 'kappa': 3.5210584037895685}. Best is trial 1 with value: 0.17981935978456778.
Trial 18 finished with value: 0.17981935978456778 and parameters: {'lambda': 1463.2644939284787, 'kappa': 2.847890491959081}. Best is trial 1 with value: 0.17981935978456778.
Trial 19 finished with value: 0.17981935978456778 and parameters: {'lambda': 1103.0929973510547, 'kappa': 2.2347208910546077}. Best is trial 1 with value: 0.17981935978456778.
Trial 20 finished with value: 0.17981935978456778 and parameters: {'lambda': 1670.218171188245, 'kappa': 1.0823503127445389}. Best is trial 1 with value: 0.17981935978456778.
Trial 21 finished with value: 0.17981935978456778 and parameters: {'lambda': 1804.261315957426, 'kappa': 2.3795644956684163}. Best is trial 1 with value: 0.17981935978456778.
Trial 22 finished with value: 0.17981935978456778 and parameters: {'lambda': 1629.6967826907173, 'kappa': 1.104892266180197}. Best is trial 1 with value: 0.17981935978456778.
Trial 23 finished with value: 0.17981935978456778 and parameters: {'lambda': 1399.5072184544717, 'kappa': 1.8558208467023807}. Best is trial 1 with value: 0.17981935978456778.
Trial 24 finished with value: 0.17981935978456778 and parameters: {'lambda': 1962.4761132743597, 'kappa': 2.8720401051615}. Best is trial 1 with value: 0.17981935978456778.
Trial 25 finished with value: 0.17981935978456778 and parameters: {'lambda': 1482.6981312366265, 'kappa': 3.211900005641687}. Best is trial 1 with value: 0.17981935978456778.
Trial 26 finished with value: 0.17981935978456778 and parameters: {'lambda': 1277.6242602859804, 'kappa': 3.4357071359018256}. Best is trial 1 with value: 0.17981935978456778.
Trial 27 finished with value: 0.17981935978456778 and parameters: {'lambda': 1740.7367296028574, 'kappa': 1.9682790081244042}. Best is trial 1 with value: 0.17981935978456778.
Trial 28 finished with value: 0.17981935978456778 and parameters: {'lambda': 1074.196407294737, 'kappa': 1.407321078454788}. Best is trial 1 with value: 0.17981935978456778.
Trial 29 finished with value: 0.17981935978456778 and parameters: {'lambda': 1531.029759487401, 'kappa': 3.747127202931212}. Best is trial 1 with value: 0.17981935978456778.
Optuna best λ=1465.8674, κ=2.869673679819506, Sharpe=0.1798
A new study created in memory with name: no-name-0befbc37-ee2a-4e5f-be17-503468760518
Trial 0 finished with value: 1.2941251524558275 and parameters: {'lambda': 759.7853498839952, 'kappa': 3.9691811987040015}. Best is trial 0 with value: 1.2941251524558275.
Trial 1 finished with value: 1.2816024993784365 and parameters: {'lambda': 1465.8673507626895, 'kappa': 2.869673679819506}. Best is trial 0 with value: 1.2941251524558275.
Trial 2 finished with value: 1.2816024993784367 and parameters: {'lambda': 328.1377557200871, 'kappa': 1.487187364027523}. Best is trial 0 with value: 1.2941251524558275.
Trial 3 finished with value: 0.9002819844732814 and parameters: {'lambda': 134.68574520140024, 'kappa': 3.705159593645523}. Best is trial 0 with value: 1.2941251524558275.
Trial 4 finished with value: 1.2816024993784365 and parameters: {'lambda': 1207.3409317440553, 'kappa': 3.2113854510604285}. Best is trial 0 with value: 1.2941251524558275.
Trial 5 finished with value: 0.4705494142059583 and parameters: {'lambda': 60.6133742333842, 'kappa': 4.029130915629118}. Best is trial 0 with value: 1.2941251524558275.
Trial 6 finished with value: 1.2816024993784365 and parameters: {'lambda': 1664.2846394063226, 'kappa': 1.6631574710979753}. Best is trial 0 with value: 1.2941251524558275.
Trial 7 finished with value: 1.2816024993784367 and parameters: {'lambda': 379.11324308858104, 'kappa': 1.5727916564869089}. Best is trial 0 with value: 1.2941251524558275.
Trial 8 finished with value: 1.281602499378437 and parameters: {'lambda': 620.9252743284724, 'kappa': 2.638869763709691}. Best is trial 0 with value: 1.2941251524558275.
Trial 9 finished with value: 1.2816024993784367 and parameters: {'lambda': 873.1778048064807, 'kappa': 1.9095393660962992}. Best is trial 0 with value: 1.2941251524558275.
Trial 10 finished with value: 1.2816024993784365 and parameters: {'lambda': 1886.8899990604687, 'kappa': 3.4091247782378664}. Best is trial 0 with value: 1.2941251524558275.
Trial 11 finished with value: 1.1109704446044004 and parameters: {'lambda': 809.873088210113, 'kappa': 2.310154832382016}. Best is trial 0 with value: 1.2941251524558275.
Trial 12 finished with value: 1.281602499378437 and parameters: {'lambda': 674.9999134149766, 'kappa': 2.6038721002470457}. Best is trial 0 with value: 1.2941251524558275.
Trial 13 finished with value: 1.2816024993784365 and parameters: {'lambda': 1123.672971053165, 'kappa': 4.053810295299152}. Best is trial 0 with value: 1.2941251524558275.
Trial 14 finished with value: 1.2816024993784365 and parameters: {'lambda': 586.6942083953295, 'kappa': 1.0411523272835173}. Best is trial 0 with value: 1.2941251524558275.
Trial 15 finished with value: 1.2816024993784367 and parameters: {'lambda': 574.5424571437802, 'kappa': 2.950763571465935}. Best is trial 0 with value: 1.2941251524558275.
Trial 16 finished with value: 1.2816024993784365 and parameters: {'lambda': 1028.5830255600483, 'kappa': 2.2480763926531226}. Best is trial 0 with value: 1.2941251524558275.
Trial 17 finished with value: 1.2816024993784365 and parameters: {'lambda': 1368.2621657889094, 'kappa': 3.6403636104869124}. Best is trial 0 with value: 1.2941251524558275.
Trial 18 finished with value: 1.1438154678486832 and parameters: {'lambda': 336.1085403003575, 'kappa': 3.131860159117194}. Best is trial 0 with value: 1.2941251524558275.
Trial 19 finished with value: 1.2239630941217892 and parameters: {'lambda': 884.725771295957, 'kappa': 2.618265805251587}. Best is trial 0 with value: 1.2941251524558275.
Trial 20 finished with value: 0.9271622106665839 and parameters: {'lambda': 494.27345451292564, 'kappa': 3.695428500450457}. Best is trial 0 with value: 1.2941251524558275.
Trial 21 finished with value: 1.251955155130279 and parameters: {'lambda': 754.8869528036639, 'kappa': 2.5719795522367037}. Best is trial 0 with value: 1.2941251524558275.
Trial 22 finished with value: 1.281602499378437 and parameters: {'lambda': 706.6363076099412, 'kappa': 2.2624351629905752}. Best is trial 0 with value: 1.2941251524558275.
Trial 23 finished with value: 1.2816024993784367 and parameters: {'lambda': 651.5409768278951, 'kappa': 2.8538743571844476}. Best is trial 0 with value: 1.2941251524558275.
Trial 24 finished with value: 1.2816024993784365 and parameters: {'lambda': 985.6610381027265, 'kappa': 1.9607358873694083}. Best is trial 0 with value: 1.2941251524558275.
Trial 25 finished with value: 1.0968041097654018 and parameters: {'lambda': 197.2936547486721, 'kappa': 3.4074179468065093}. Best is trial 0 with value: 1.2941251524558275.
Trial 26 finished with value: 0.8497256572210033 and parameters: {'lambda': 463.75188414391994, 'kappa': 2.6834344270132298}. Best is trial 0 with value: 1.2941251524558275.
Trial 27 finished with value: 1.2816024993784365 and parameters: {'lambda': 1268.7906591676572, 'kappa': 1.2761111837235175}. Best is trial 0 with value: 1.2941251524558275.
Trial 28 finished with value: 1.2816024993784365 and parameters: {'lambda': 1003.1984388387982, 'kappa': 2.0250087824156586}. Best is trial 0 with value: 1.2941251524558275.
Trial 29 finished with value: 1.2816024993784365 and parameters: {'lambda': 1482.5146449942133, 'kappa': 3.0084963602548136}. Best is trial 0 with value: 1.2941251524558275.
Optuna best λ=759.7853, κ=3.9691811987040015, Sharpe=1.2941
A new study created in memory with name: no-name-bcaeb3b4-8f8b-413e-8eea-58f001b67d0e
Trial 0 finished with value: 0.28631230311071687 and parameters: {'lambda': 759.7853498839952, 'kappa': 3.9691811987040015}. Best is trial 0 with value: 0.28631230311071687.
Trial 1 finished with value: 0.28631230311071687 and parameters: {'lambda': 1465.8673507626895, 'kappa': 2.869673679819506}. Best is trial 0 with value: 0.28631230311071687.
Trial 2 finished with value: 0.28631230311071704 and parameters: {'lambda': 328.1377557200871, 'kappa': 1.487187364027523}. Best is trial 2 with value: 0.28631230311071704.
Trial 3 finished with value: -0.8547904402982962 and parameters: {'lambda': 134.68574520140024, 'kappa': 3.705159593645523}. Best is trial 2 with value: 0.28631230311071704.
Trial 4 finished with value: 0.28631230311071687 and parameters: {'lambda': 1207.3409317440553, 'kappa': 3.2113854510604285}. Best is trial 2 with value: 0.28631230311071704.
Trial 5 finished with value: -0.7673462104687381 and parameters: {'lambda': 60.6133742333842, 'kappa': 4.029130915629118}. Best is trial 2 with value: 0.28631230311071704.
Trial 6 finished with value: 0.28631230311071687 and parameters: {'lambda': 1664.2846394063226, 'kappa': 1.6631574710979753}. Best is trial 2 with value: 0.28631230311071704.
Trial 7 finished with value: 0.28631230311071704 and parameters: {'lambda': 379.11324308858104, 'kappa': 1.5727916564869089}. Best is trial 2 with value: 0.28631230311071704.
Trial 8 finished with value: 0.286312303110717 and parameters: {'lambda': 620.9252743284724, 'kappa': 2.638869763709691}. Best is trial 2 with value: 0.28631230311071704.
Trial 9 finished with value: 0.28631230311071687 and parameters: {'lambda': 873.1778048064807, 'kappa': 1.9095393660962992}. Best is trial 2 with value: 0.28631230311071704.
Trial 10 finished with value: 0.28631230311071687 and parameters: {'lambda': 1886.8899990604687, 'kappa': 1.0187298358271706}. Best is trial 2 with value: 0.28631230311071704.
Trial 11 finished with value: -0.3030562579039887 and parameters: {'lambda': 446.06469989323665, 'kappa': 1.7980101744817147}. Best is trial 2 with value: 0.28631230311071704.
Trial 12 finished with value: -0.3030562579039888 and parameters: {'lambda': 353.10944076736615, 'kappa': 1.1209428898519396}. Best is trial 2 with value: 0.28631230311071704.
Trial 13 finished with value: 0.28631230311071687 and parameters: {'lambda': 1100.9760739817916, 'kappa': 2.2256718351156524}. Best is trial 2 with value: 0.28631230311071704.
Trial 14 finished with value: -0.3030562579039888 and parameters: {'lambda': 367.05033656852584, 'kappa': 1.3921151933115674}. Best is trial 2 with value: 0.28631230311071704.
Trial 15 finished with value: 0.286312303110717 and parameters: {'lambda': 574.5424571437802, 'kappa': 2.2718069069486355}. Best is trial 2 with value: 0.28631230311071704.
Trial 16 finished with value: 0.28631230311071704 and parameters: {'lambda': 228.20240472072473, 'kappa': 1.4498881943951683}. Best is trial 2 with value: 0.28631230311071704.
Trial 17 finished with value: 0.28631230311071687 and parameters: {'lambda': 916.0984066132451, 'kappa': 2.160388336329991}. Best is trial 2 with value: 0.28631230311071704.
Trial 18 finished with value: -0.3030562579039888 and parameters: {'lambda': 626.0182432909755, 'kappa': 1.366374416255207}. Best is trial 2 with value: 0.28631230311071704.
Trial 19 finished with value: 0.28631230311071687 and parameters: {'lambda': 1267.3870585295888, 'kappa': 3.0611357071645893}. Best is trial 2 with value: 0.28631230311071704.
Trial 20 finished with value: -0.3030562579039887 and parameters: {'lambda': 244.96439745667638, 'kappa': 1.954592983102062}. Best is trial 2 with value: 0.28631230311071704.
Trial 21 finished with value: -0.3030562579039888 and parameters: {'lambda': 190.2376613189073, 'kappa': 1.3625259092232975}. Best is trial 2 with value: 0.28631230311071704.
Trial 22 finished with value: -0.796211535692489 and parameters: {'lambda': 55.623475695676035, 'kappa': 1.5322170744247423}. Best is trial 2 with value: 0.28631230311071704.
Trial 23 finished with value: -0.3030562579039888 and parameters: {'lambda': 483.71670027936324, 'kappa': 1.1452692971939615}. Best is trial 2 with value: 0.28631230311071704.
Trial 24 finished with value: 0.28631230311071704 and parameters: {'lambda': 300.45740670169477, 'kappa': 1.623237420726121}. Best is trial 2 with value: 0.28631230311071704.
Trial 25 finished with value: 0.286312303110717 and parameters: {'lambda': 723.965600501137, 'kappa': 2.4438124690698206}. Best is trial 2 with value: 0.28631230311071704.
Trial 26 finished with value: -0.3030562579039887 and parameters: {'lambda': 476.88782861347994, 'kappa': 1.9906169583047053}. Best is trial 2 with value: 0.28631230311071704.
Trial 27 finished with value: -0.3030562579039888 and parameters: {'lambda': 179.5532499338091, 'kappa': 1.3367065076440623}. Best is trial 2 with value: 0.28631230311071704.
Trial 28 finished with value: 0.28631230311071687 and parameters: {'lambda': 788.8434383948149, 'kappa': 1.655578830316252}. Best is trial 2 with value: 0.28631230311071704.
Trial 29 finished with value: 0.286312303110717 and parameters: {'lambda': 294.15096651623765, 'kappa': 3.747127202931212}. Best is trial 2 with value: 0.28631230311071704.
Optuna best λ=328.1378, κ=1.487187364027523, Sharpe=0.2863
A new study created in memory with name: no-name-79ee1eaa-096f-4a5f-8e55-82faac2ca2e5
Trial 0 finished with value: 1.003386879140439 and parameters: {'lambda': 759.7853498839952, 'kappa': 3.9691811987040015}. Best is trial 0 with value: 1.003386879140439.
Trial 1 finished with value: 1.0033868791404388 and parameters: {'lambda': 1465.8673507626895, 'kappa': 2.869673679819506}. Best is trial 0 with value: 1.003386879140439.
Trial 2 finished with value: 1.0033868791404392 and parameters: {'lambda': 328.1377557200871, 'kappa': 1.487187364027523}. Best is trial 2 with value: 1.0033868791404392.
Trial 3 finished with value: 1.003386879140439 and parameters: {'lambda': 134.68574520140024, 'kappa': 3.705159593645523}. Best is trial 2 with value: 1.0033868791404392.
Trial 4 finished with value: 1.0033868791404388 and parameters: {'lambda': 1207.3409317440553, 'kappa': 3.2113854510604285}. Best is trial 2 with value: 1.0033868791404392.
Trial 5 finished with value: 0.6576013915722922 and parameters: {'lambda': 60.6133742333842, 'kappa': 4.029130915629118}. Best is trial 2 with value: 1.0033868791404392.
Trial 6 finished with value: 1.0033868791404388 and parameters: {'lambda': 1664.2846394063226, 'kappa': 1.6631574710979753}. Best is trial 2 with value: 1.0033868791404392.
Trial 7 finished with value: 1.0033868791404392 and parameters: {'lambda': 379.11324308858104, 'kappa': 1.5727916564869089}. Best is trial 2 with value: 1.0033868791404392.
Trial 8 finished with value: 1.003386879140439 and parameters: {'lambda': 620.9252743284724, 'kappa': 2.638869763709691}. Best is trial 2 with value: 1.0033868791404392.
Trial 9 finished with value: 1.003386879140439 and parameters: {'lambda': 873.1778048064807, 'kappa': 1.9095393660962992}. Best is trial 2 with value: 1.0033868791404392.
Trial 10 finished with value: 1.0033868791404388 and parameters: {'lambda': 1886.8899990604687, 'kappa': 1.0187298358271706}. Best is trial 2 with value: 1.0033868791404392.
Trial 11 finished with value: 1.003386879140439 and parameters: {'lambda': 446.06469989323665, 'kappa': 1.7980101744817147}. Best is trial 2 with value: 1.0033868791404392.
Trial 12 finished with value: 1.0033868791404392 and parameters: {'lambda': 353.10944076736615, 'kappa': 1.1209428898519396}. Best is trial 2 with value: 1.0033868791404392.
Trial 13 finished with value: 1.0033868791404388 and parameters: {'lambda': 1100.9760739817916, 'kappa': 2.2256718351156524}. Best is trial 2 with value: 1.0033868791404392.
Trial 14 finished with value: 1.0033868791404392 and parameters: {'lambda': 367.05033656852584, 'kappa': 1.3921151933115674}. Best is trial 2 with value: 1.0033868791404392.
Trial 15 finished with value: 1.003386879140439 and parameters: {'lambda': 574.5424571437802, 'kappa': 2.2718069069486355}. Best is trial 2 with value: 1.0033868791404392.
Trial 16 finished with value: 1.0033868791404392 and parameters: {'lambda': 228.20240472072473, 'kappa': 1.4498881943951683}. Best is trial 2 with value: 1.0033868791404392.
Trial 17 finished with value: 1.003386879140439 and parameters: {'lambda': 916.0984066132451, 'kappa': 2.160388336329991}. Best is trial 2 with value: 1.0033868791404392.
Trial 18 finished with value: 1.0033868791404392 and parameters: {'lambda': 626.0182432909755, 'kappa': 1.366374416255207}. Best is trial 2 with value: 1.0033868791404392.
Trial 19 finished with value: 1.0033868791404388 and parameters: {'lambda': 1267.3870585295888, 'kappa': 3.0611357071645893}. Best is trial 2 with value: 1.0033868791404392.
Trial 20 finished with value: 1.003386879140439 and parameters: {'lambda': 244.96439745667638, 'kappa': 1.954592983102062}. Best is trial 2 with value: 1.0033868791404392.
Trial 21 finished with value: 1.0033868791404392 and parameters: {'lambda': 430.86838265418885, 'kappa': 1.073894737766638}. Best is trial 2 with value: 1.0033868791404392.
Trial 22 finished with value: 1.0033868791404392 and parameters: {'lambda': 316.5094376591663, 'kappa': 1.2574276032182645}. Best is trial 2 with value: 1.0033868791404392.
Trial 23 finished with value: 0.5941826716361092 and parameters: {'lambda': 30.877886750805544, 'kappa': 1.6537075876648921}. Best is trial 2 with value: 1.0033868791404392.
Trial 24 finished with value: 1.0033868791404392 and parameters: {'lambda': 523.5558916951327, 'kappa': 1.5752965369582124}. Best is trial 2 with value: 1.0033868791404392.
Trial 25 finished with value: 1.0033868791404392 and parameters: {'lambda': 769.694492459868, 'kappa': 1.221051865124349}. Best is trial 2 with value: 1.0033868791404392.
Trial 26 finished with value: 1.0033868791404388 and parameters: {'lambda': 183.68829135985456, 'kappa': 2.033788578166713}. Best is trial 2 with value: 1.0033868791404392.
Trial 27 finished with value: 1.003386879140439 and parameters: {'lambda': 728.6061242689502, 'kappa': 2.441016049888713}. Best is trial 2 with value: 1.0033868791404392.
Trial 28 finished with value: 1.0033868791404392 and parameters: {'lambda': 331.10375069818076, 'kappa': 1.0192176550886012}. Best is trial 2 with value: 1.0033868791404392.
Trial 29 finished with value: 1.003386879140439 and parameters: {'lambda': 750.4107071217053, 'kappa': 1.7773563380744113}. Best is trial 2 with value: 1.0033868791404392.
Optuna best λ=328.1378, κ=1.487187364027523, Sharpe=1.0034
A new study created in memory with name: no-name-3fa9b936-0f97-4ac7-9394-1d253e29b2c1
Trial 0 finished with value: -0.4759146279338027 and parameters: {'lambda': 759.7853498839952, 'kappa': 3.9691811987040015}. Best is trial 0 with value: -0.4759146279338027.
Trial 1 finished with value: 0.46120341910232227 and parameters: {'lambda': 1465.8673507626895, 'kappa': 2.869673679819506}. Best is trial 1 with value: 0.46120341910232227.
Trial 2 finished with value: 0.4612034191023226 and parameters: {'lambda': 328.1377557200871, 'kappa': 1.487187364027523}. Best is trial 2 with value: 0.4612034191023226.
Trial 3 finished with value: -0.4759146279338027 and parameters: {'lambda': 134.68574520140024, 'kappa': 3.705159593645523}. Best is trial 2 with value: 0.4612034191023226.
Trial 4 finished with value: 0.46120341910232227 and parameters: {'lambda': 1207.3409317440553, 'kappa': 3.2113854510604285}. Best is trial 2 with value: 0.4612034191023226.
Trial 5 finished with value: -0.7328489575762099 and parameters: {'lambda': 60.6133742333842, 'kappa': 4.029130915629118}. Best is trial 2 with value: 0.4612034191023226.
Trial 6 finished with value: 0.46120341910232227 and parameters: {'lambda': 1664.2846394063226, 'kappa': 1.6631574710979753}. Best is trial 2 with value: 0.4612034191023226.
Trial 7 finished with value: 0.4612034191023226 and parameters: {'lambda': 379.11324308858104, 'kappa': 1.5727916564869089}. Best is trial 2 with value: 0.4612034191023226.
Trial 8 finished with value: 0.4612034191023223 and parameters: {'lambda': 620.9252743284724, 'kappa': 2.638869763709691}. Best is trial 2 with value: 0.4612034191023226.
Trial 9 finished with value: 0.46120341910232227 and parameters: {'lambda': 873.1778048064807, 'kappa': 1.9095393660962992}. Best is trial 2 with value: 0.4612034191023226.
Trial 10 finished with value: 0.46120341910232227 and parameters: {'lambda': 1886.8899990604687, 'kappa': 1.0187298358271706}. Best is trial 2 with value: 0.4612034191023226.
