Trial 8 finished with value: -0.03931335403044413 and parameters: {'lambda': 620.9252743284724, 'kappa': 2.638869763709691}. Best is trial 3 with value: 0.9210633844294545.
Trial 9 finished with value: 0.4203721515644142 and parameters: {'lambda': 873.1778048064807, 'kappa': 1.9095393660962992}. Best is trial 3 with value: 0.9210633844294545.
Trial 10 finished with value: 0.4787803850602177 and parameters: {'lambda': 1886.8899990604687, 'kappa': 3.4270596555033017}. Best is trial 3 with value: 0.9210633844294545.
Trial 11 finished with value: 0.4787803850602177 and parameters: {'lambda': 1298.9533901026055, 'kappa': 2.8362681011605164}. Best is trial 3 with value: 0.9210633844294545.
Trial 12 finished with value: 0.4787803850602177 and parameters: {'lambda': 1460.6549280008735, 'kappa': 3.440130975479543}. Best is trial 3 with value: 0.9210633844294545.
Trial 13 finished with value: 0.4787803850602177 and parameters: {'lambda': 1100.9760739817916, 'kappa': 2.2256718351156524}. Best is trial 3 with value: 0.9210633844294545.
Trial 14 finished with value: 0.4787803850602177 and parameters: {'lambda': 1567.8638086019419, 'kappa': 1.0411523272835173}. Best is trial 3 with value: 0.9210633844294545.
Trial 15 finished with value: 0.4787803850602177 and parameters: {'lambda': 1931.1367191612144, 'kappa': 3.1183491327756907}. Best is trial 3 with value: 0.9210633844294545.
Trial 16 finished with value: 0.8294497196837338 and parameters: {'lambda': 161.70629077990583, 'kappa': 3.7812505771217495}. Best is trial 3 with value: 0.9210633844294545.
Trial 17 finished with value: 0.4451866143729038 and parameters: {'lambda': 81.08686796642502, 'kappa': 3.7772037693533047}. Best is trial 3 with value: 0.9210633844294545.
Trial 18 finished with value: 0.29413176154975385 and parameters: {'lambda': 358.6783786916954, 'kappa': 3.6715534793654703}. Best is trial 3 with value: 0.9210633844294545.
Trial 19 finished with value: 0.12110228474227781 and parameters: {'lambda': 547.3426771678813, 'kappa': 2.328661362061183}. Best is trial 3 with value: 0.9210633844294545.
Trial 20 finished with value: 0.7777686662755566 and parameters: {'lambda': 201.67785519894448, 'kappa': 4.119096740516304}. Best is trial 3 with value: 0.9210633844294545.
Trial 21 finished with value: 0.736040925427897 and parameters: {'lambda': 169.1596436279123, 'kappa': 3.6955156562962053}. Best is trial 3 with value: 0.9210633844294545.
Trial 22 finished with value: 0.4795276603484465 and parameters: {'lambda': 234.6865274401597, 'kappa': 4.1026583306290005}. Best is trial 3 with value: 0.9210633844294545.
Trial 23 finished with value: -0.12666349013091885 and parameters: {'lambda': 507.8559422492885, 'kappa': 3.414055023058993}. Best is trial 3 with value: 0.9210633844294545.
Trial 24 finished with value: 0.5741968036373734 and parameters: {'lambda': 220.0092530408132, 'kappa': 3.8290504307953133}. Best is trial 3 with value: 0.9210633844294545.
Trial 25 finished with value: -0.41816977112848003 and parameters: {'lambda': 26.821586082067427, 'kappa': 3.5931975500795623}. Best is trial 3 with value: 0.9210633844294545.
Trial 26 finished with value: 0.18119937964478394 and parameters: {'lambda': 866.8881009147925, 'kappa': 4.111746171875494}. Best is trial 3 with value: 0.9210633844294545.
Trial 27 finished with value: 0.013495511278810638 and parameters: {'lambda': 695.2884773554024, 'kappa': 3.1409032980343046}. Best is trial 3 with value: 0.9210633844294545.
Trial 28 finished with value: 0.26743982357271306 and parameters: {'lambda': 401.419614774146, 'kappa': 3.847491377171046}. Best is trial 3 with value: 0.9210633844294545.
Trial 29 finished with value: 0.11088061482999598 and parameters: {'lambda': 831.9369681462141, 'kappa': 3.9196994594794106}. Best is trial 3 with value: 0.9210633844294545.
Optuna best λ=134.6857, κ=3.705159593645523, Sharpe=0.9211
A new study created in memory with name: no-name-0318f42e-5069-4386-a653-f497ba7327ce
Trial 0 finished with value: 0.4243888349464204 and parameters: {'lambda': 759.7853498839952, 'kappa': 3.9691811987040015}. Best is trial 0 with value: 0.4243888349464204.
Trial 1 finished with value: 0.7653277968879665 and parameters: {'lambda': 1465.8673507626895, 'kappa': 2.869673679819506}. Best is trial 1 with value: 0.7653277968879665.
Trial 2 finished with value: 0.7258882094476863 and parameters: {'lambda': 328.1377557200871, 'kappa': 1.487187364027523}. Best is trial 1 with value: 0.7653277968879665.
Trial 3 finished with value: 0.31379031902936194 and parameters: {'lambda': 134.68574520140024, 'kappa': 3.705159593645523}. Best is trial 1 with value: 0.7653277968879665.
Trial 4 finished with value: 0.7653277968879665 and parameters: {'lambda': 1207.3409317440553, 'kappa': 3.2113854510604285}. Best is trial 1 with value: 0.7653277968879665.
Trial 5 finished with value: 0.9682597142960023 and parameters: {'lambda': 60.6133742333842, 'kappa': 4.029130915629118}. Best is trial 5 with value: 0.9682597142960023.
Trial 6 finished with value: 0.7653277968879665 and parameters: {'lambda': 1664.2846394063226, 'kappa': 1.6631574710979753}. Best is trial 5 with value: 0.9682597142960023.
Trial 7 finished with value: 0.7688944693384352 and parameters: {'lambda': 379.11324308858104, 'kappa': 1.5727916564869089}. Best is trial 5 with value: 0.9682597142960023.
Trial 8 finished with value: 0.5832448014871496 and parameters: {'lambda': 620.9252743284724, 'kappa': 2.638869763709691}. Best is trial 5 with value: 0.9682597142960023.
Trial 9 finished with value: 0.7653277968879665 and parameters: {'lambda': 873.1778048064807, 'kappa': 1.9095393660962992}. Best is trial 5 with value: 0.9682597142960023.
Trial 10 finished with value: 0.7653277968879665 and parameters: {'lambda': 1886.8899990604687, 'kappa': 3.403359914931464}. Best is trial 5 with value: 0.9682597142960023.
Trial 11 finished with value: 0.9682910515307434 and parameters: {'lambda': 34.8609161424165, 'kappa': 1.0343686984968272}. Best is trial 11 with value: 0.9682910515307434.
Trial 12 finished with value: 1.0233957655428947 and parameters: {'lambda': 48.62839461429785, 'kappa': 2.177286362233018}. Best is trial 12 with value: 1.0233957655428947.
Trial 13 finished with value: 0.6020446912853121 and parameters: {'lambda': 451.4173152151434, 'kappa': 1.0265532319454578}. Best is trial 12 with value: 1.0233957655428947.
Trial 14 finished with value: 1.0108933770379698 and parameters: {'lambda': 56.44148341318614, 'kappa': 2.1855441481340363}. Best is trial 12 with value: 1.0233957655428947.
Trial 15 finished with value: 0.7653277968879665 and parameters: {'lambda': 1230.596504724961, 'kappa': 2.26102489379462}. Best is trial 12 with value: 1.0233957655428947.
Trial 16 finished with value: 0.6148160383082318 and parameters: {'lambda': 584.603409069565, 'kappa': 2.2394273863203944}. Best is trial 12 with value: 1.0233957655428947.
Trial 17 finished with value: 0.5662430760583829 and parameters: {'lambda': 251.4307790577417, 'kappa': 2.3035021854230004}. Best is trial 12 with value: 1.0233957655428947.
Trial 18 finished with value: 0.7653277968879665 and parameters: {'lambda': 1037.798541733299, 'kappa': 2.847890491959081}. Best is trial 12 with value: 1.0233957655428947.
Trial 19 finished with value: 0.6482664151971084 and parameters: {'lambda': 547.3426771678813, 'kappa': 2.0877590176960372}. Best is trial 12 with value: 1.0233957655428947.
Trial 20 finished with value: 0.23889678261927372 and parameters: {'lambda': 239.37345156277215, 'kappa': 2.6483092299043545}. Best is trial 12 with value: 1.0233957655428947.
Trial 21 finished with value: 0.8928608779788333 and parameters: {'lambda': 50.275025360786124, 'kappa': 1.1109806377786096}. Best is trial 12 with value: 1.0233957655428947.
Trial 22 finished with value: 0.38403764414509195 and parameters: {'lambda': 201.1535736219227, 'kappa': 1.2720059822242744}. Best is trial 12 with value: 1.0233957655428947.
Trial 23 finished with value: 0.7965882040655705 and parameters: {'lambda': 31.479519828664273, 'kappa': 1.8193503612995885}. Best is trial 12 with value: 1.0233957655428947.
Trial 24 finished with value: 0.7628631441346201 and parameters: {'lambda': 358.13334308973697, 'kappa': 1.9046663219605604}. Best is trial 12 with value: 1.0233957655428947.
Trial 25 finished with value: 0.6608422418262334 and parameters: {'lambda': 743.9911319512537, 'kappa': 1.337646144372384}. Best is trial 12 with value: 1.0233957655428947.
Trial 26 finished with value: 0.6211050775053844 and parameters: {'lambda': 469.6872364458779, 'kappa': 2.4150286155618352}. Best is trial 12 with value: 1.0233957655428947.
Trial 27 finished with value: 0.24390303141643357 and parameters: {'lambda': 182.05867855755645, 'kappa': 3.1409032980343046}. Best is trial 12 with value: 1.0233957655428947.
Trial 28 finished with value: 1.0316601823914324 and parameters: {'lambda': 45.908816140639146, 'kappa': 2.0196634151368196}. Best is trial 28 with value: 1.0316601823914324.
Trial 29 finished with value: 0.6298180948689883 and parameters: {'lambda': 661.8056624316198, 'kappa': 2.1217725211165255}. Best is trial 28 with value: 1.0316601823914324.
Optuna best λ=45.9088, κ=2.0196634151368196, Sharpe=1.0317
A new study created in memory with name: no-name-d3cef252-7c1d-4f29-8eda-d372bae86896
Trial 0 finished with value: 1.158270851360558 and parameters: {'lambda': 759.7853498839952, 'kappa': 3.9691811987040015}. Best is trial 0 with value: 1.158270851360558.
Trial 1 finished with value: 1.0841009694705164 and parameters: {'lambda': 1465.8673507626895, 'kappa': 2.869673679819506}. Best is trial 0 with value: 1.158270851360558.
Trial 2 finished with value: 1.1109686046598422 and parameters: {'lambda': 328.1377557200871, 'kappa': 1.487187364027523}. Best is trial 0 with value: 1.158270851360558.
Trial 3 finished with value: 1.1575964560906178 and parameters: {'lambda': 134.68574520140024, 'kappa': 3.705159593645523}. Best is trial 0 with value: 1.158270851360558.
Trial 4 finished with value: 1.0841009694705164 and parameters: {'lambda': 1207.3409317440553, 'kappa': 3.2113854510604285}. Best is trial 0 with value: 1.158270851360558.
Trial 5 finished with value: 1.4253050750242116 and parameters: {'lambda': 60.6133742333842, 'kappa': 4.029130915629118}. Best is trial 5 with value: 1.4253050750242116.
Trial 6 finished with value: 1.0841009694705164 and parameters: {'lambda': 1664.2846394063226, 'kappa': 1.6631574710979753}. Best is trial 5 with value: 1.4253050750242116.
Trial 7 finished with value: 0.8476893086948692 and parameters: {'lambda': 379.11324308858104, 'kappa': 1.5727916564869089}. Best is trial 5 with value: 1.4253050750242116.
Trial 8 finished with value: 1.1586413632227368 and parameters: {'lambda': 620.9252743284724, 'kappa': 2.638869763709691}. Best is trial 5 with value: 1.4253050750242116.
Trial 9 finished with value: 1.2053130020723828 and parameters: {'lambda': 873.1778048064807, 'kappa': 1.9095393660962992}. Best is trial 5 with value: 1.4253050750242116.
Trial 10 finished with value: 1.0841009694705164 and parameters: {'lambda': 1886.8899990604687, 'kappa': 3.403359914931464}. Best is trial 5 with value: 1.4253050750242116.
Trial 11 finished with value: 1.2008105792561177 and parameters: {'lambda': 1002.3906250138785, 'kappa': 2.1239772323595436}. Best is trial 5 with value: 1.4253050750242116.
Trial 12 finished with value: 1.5036885902328552 and parameters: {'lambda': 45.29266221530304, 'kappa': 2.1653702315615755}. Best is trial 12 with value: 1.5036885902328552.
Trial 13 finished with value: 1.4593736648655498 and parameters: {'lambda': 49.59874990776083, 'kappa': 2.2256718351156524}. Best is trial 12 with value: 1.5036885902328552.
Trial 14 finished with value: 0.8476893086948692 and parameters: {'lambda': 371.7969533113602, 'kappa': 1.0411523272835173}. Best is trial 12 with value: 1.5036885902328552.
Trial 15 finished with value: 1.0428404342783677 and parameters: {'lambda': 574.5424571437802, 'kappa': 2.2718069069486355}. Best is trial 12 with value: 1.5036885902328552.
Trial 16 finished with value: 1.3961395488493988 and parameters: {'lambda': 45.28866595240706, 'kappa': 2.4220126360216265}. Best is trial 12 with value: 1.5036885902328552.
Trial 17 finished with value: 1.0841009694705164 and parameters: {'lambda': 1254.0515551720137, 'kappa': 2.7602925820614894}. Best is trial 12 with value: 1.5036885902328552.
Trial 18 finished with value: 1.2257324018771651 and parameters: {'lambda': 256.59860451925977, 'kappa': 1.076092528443209}. Best is trial 12 with value: 1.5036885902328552.
Trial 19 finished with value: 1.075280269768864 and parameters: {'lambda': 547.3426771678813, 'kappa': 3.017077883301691}. Best is trial 12 with value: 1.5036885902328552.
Trial 20 finished with value: 1.1759145560326825 and parameters: {'lambda': 212.26908378417397, 'kappa': 1.9991754741487027}. Best is trial 12 with value: 1.5036885902328552.
Trial 21 finished with value: 1.4769061824453722 and parameters: {'lambda': 50.07484594402534, 'kappa': 2.4705406415170597}. Best is trial 12 with value: 1.5036885902328552.
Trial 22 finished with value: 0.8788407797385948 and parameters: {'lambda': 433.809836537111, 'kappa': 2.481234914365787}. Best is trial 12 with value: 1.5036885902328552.
Trial 23 finished with value: 1.3325664280613325 and parameters: {'lambda': 31.481648988194202, 'kappa': 1.7991824686972575}. Best is trial 12 with value: 1.5036885902328552.
Trial 24 finished with value: 1.13951922745169 and parameters: {'lambda': 213.03436723489878, 'kappa': 2.1999793060099924}. Best is trial 12 with value: 1.5036885902328552.
Trial 25 finished with value: 1.1305929639960244 and parameters: {'lambda': 745.3310173652467, 'kappa': 1.3359849390607728}. Best is trial 12 with value: 1.5036885902328552.
Trial 26 finished with value: 0.8115021653746327 and parameters: {'lambda': 475.13012152886756, 'kappa': 2.397783455904997}. Best is trial 12 with value: 1.5036885902328552.
Trial 27 finished with value: 0.9844672787026345 and parameters: {'lambda': 182.31688259002942, 'kappa': 3.013384013148427}. Best is trial 12 with value: 1.5036885902328552.
Trial 28 finished with value: 1.1822577421304539 and parameters: {'lambda': 290.0378810504617, 'kappa': 2.6336164847729857}. Best is trial 12 with value: 1.5036885902328552.
Trial 29 finished with value: 1.1167864195022792 and parameters: {'lambda': 774.931350681477, 'kappa': 2.1110338403937483}. Best is trial 12 with value: 1.5036885902328552.
Optuna best λ=45.2927, κ=2.1653702315615755, Sharpe=1.5037
A new study created in memory with name: no-name-8f3040e1-e7fc-4490-bb68-fc27df9a198d
Trial 0 finished with value: 0.548292603732456 and parameters: {'lambda': 759.7853498839952, 'kappa': 3.9691811987040015}. Best is trial 0 with value: 0.548292603732456.
Trial 1 finished with value: 0.5482926037324564 and parameters: {'lambda': 1465.8673507626895, 'kappa': 2.869673679819506}. Best is trial 1 with value: 0.5482926037324564.
Trial 2 finished with value: 0.4857794287534603 and parameters: {'lambda': 328.1377557200871, 'kappa': 1.487187364027523}. Best is trial 1 with value: 0.5482926037324564.
Trial 3 finished with value: 0.19929028721324527 and parameters: {'lambda': 134.68574520140024, 'kappa': 3.705159593645523}. Best is trial 1 with value: 0.5482926037324564.
Trial 4 finished with value: 0.5482926037324564 and parameters: {'lambda': 1207.3409317440553, 'kappa': 3.2113854510604285}. Best is trial 1 with value: 0.5482926037324564.
Trial 5 finished with value: -0.27248453225138786 and parameters: {'lambda': 60.6133742333842, 'kappa': 4.029130915629118}. Best is trial 1 with value: 0.5482926037324564.
Trial 6 finished with value: 0.5482926037324564 and parameters: {'lambda': 1664.2846394063226, 'kappa': 1.6631574710979753}. Best is trial 1 with value: 0.5482926037324564.
Trial 7 finished with value: 0.4857794287534603 and parameters: {'lambda': 379.11324308858104, 'kappa': 1.5727916564869089}. Best is trial 1 with value: 0.5482926037324564.
Trial 8 finished with value: 0.7423720953271556 and parameters: {'lambda': 620.9252743284724, 'kappa': 2.638869763709691}. Best is trial 8 with value: 0.7423720953271556.
Trial 9 finished with value: 0.4941132125021039 and parameters: {'lambda': 873.1778048064807, 'kappa': 1.9095393660962992}. Best is trial 8 with value: 0.7423720953271556.
Trial 10 finished with value: 0.4941132125021039 and parameters: {'lambda': 634.9560805115563, 'kappa': 2.220943325373505}. Best is trial 8 with value: 0.7423720953271556.
Trial 11 finished with value: 0.5482926037324564 and parameters: {'lambda': 1390.2252518943073, 'kappa': 2.8469539574896947}. Best is trial 8 with value: 0.7423720953271556.
Trial 12 finished with value: 0.5482926037324564 and parameters: {'lambda': 1946.9723704776295, 'kappa': 2.63118406109093}. Best is trial 8 with value: 0.7423720953271556.
Trial 13 finished with value: 0.5482926037324564 and parameters: {'lambda': 1119.3790568162026, 'kappa': 3.008857813935857}. Best is trial 8 with value: 0.7423720953271556.
Trial 14 finished with value: 0.5482926037324564 and parameters: {'lambda': 1490.8885149535222, 'kappa': 1.0411523272835173}. Best is trial 8 with value: 0.7423720953271556.
Trial 15 finished with value: 0.4664530950031499 and parameters: {'lambda': 574.5424571437802, 'kappa': 3.415702144265583}. Best is trial 8 with value: 0.7423720953271556.
Trial 16 finished with value: 0.5482926037324564 and parameters: {'lambda': 1798.7518030151937, 'kappa': 2.3536112129882722}. Best is trial 8 with value: 0.7423720953271556.
Trial 17 finished with value: 0.5482926037324564 and parameters: {'lambda': 971.8471135857591, 'kappa': 2.606859438182439}. Best is trial 8 with value: 0.7423720953271556.
Trial 18 finished with value: 0.5482926037324564 and parameters: {'lambda': 1325.1271505964253, 'kappa': 3.397377071789711}. Best is trial 8 with value: 0.7423720953271556.
Trial 19 finished with value: 0.5482926037324564 and parameters: {'lambda': 1617.0903195589067, 'kappa': 2.1066039800207985}. Best is trial 8 with value: 0.7423720953271556.
Trial 20 finished with value: 0.5482926037324564 and parameters: {'lambda': 1106.209684166747, 'kappa': 2.897231720097937}. Best is trial 8 with value: 0.7423720953271556.
Trial 21 finished with value: 0.5482926037324564 and parameters: {'lambda': 1223.062128624122, 'kappa': 3.1845459609909335}. Best is trial 8 with value: 0.7423720953271556.
Trial 22 finished with value: 0.548292603732456 and parameters: {'lambda': 907.0068502735116, 'kappa': 3.352399342336529}. Best is trial 8 with value: 0.7423720953271556.
Trial 23 finished with value: 0.5482926037324564 and parameters: {'lambda': 1475.047954532003, 'kappa': 2.5561440835110707}. Best is trial 8 with value: 0.7423720953271556.
Trial 24 finished with value: 0.5482926037324564 and parameters: {'lambda': 1254.103292318861, 'kappa': 3.6298870633053664}. Best is trial 8 with value: 0.7423720953271556.
Trial 25 finished with value: 0.548292603732456 and parameters: {'lambda': 715.5305316518012, 'kappa': 3.0826956082481645}. Best is trial 8 with value: 0.7423720953271556.
Trial 26 finished with value: 0.5028112486791741 and parameters: {'lambda': 463.75188414391994, 'kappa': 2.7249856613230006}. Best is trial 8 with value: 0.7423720953271556.
Trial 27 finished with value: 0.5482926037324564 and parameters: {'lambda': 1101.5997995824127, 'kappa': 2.4181431571545917}. Best is trial 8 with value: 0.7423720953271556.
Trial 28 finished with value: 0.5482926037324564 and parameters: {'lambda': 1755.5311448224936, 'kappa': 3.656270731760209}. Best is trial 8 with value: 0.7423720953271556.
Trial 29 finished with value: 0.548292603732456 and parameters: {'lambda': 792.9232268063535, 'kappa': 3.1167320304342523}. Best is trial 8 with value: 0.7423720953271556.
Optuna best λ=620.9253, κ=2.638869763709691, Sharpe=0.7424
A new study created in memory with name: no-name-9e71e815-fbf4-4543-83f2-aedbcdba15ee
Trial 0 finished with value: -0.30298906211060256 and parameters: {'lambda': 759.7853498839952, 'kappa': 3.9691811987040015}. Best is trial 0 with value: -0.30298906211060256.
Trial 1 finished with value: 0.35464795973355545 and parameters: {'lambda': 1465.8673507626895, 'kappa': 2.869673679819506}. Best is trial 1 with value: 0.35464795973355545.
Trial 2 finished with value: 0.35464795973355545 and parameters: {'lambda': 328.1377557200871, 'kappa': 1.487187364027523}. Best is trial 1 with value: 0.35464795973355545.
Trial 3 finished with value: -0.11868025210404029 and parameters: {'lambda': 134.68574520140024, 'kappa': 3.705159593645523}. Best is trial 1 with value: 0.35464795973355545.
Trial 4 finished with value: 0.35464795973355545 and parameters: {'lambda': 1207.3409317440553, 'kappa': 3.2113854510604285}. Best is trial 1 with value: 0.35464795973355545.
Trial 5 finished with value: -0.2749979517770187 and parameters: {'lambda': 60.6133742333842, 'kappa': 4.029130915629118}. Best is trial 1 with value: 0.35464795973355545.
Trial 6 finished with value: 0.35464795973355545 and parameters: {'lambda': 1664.2846394063226, 'kappa': 1.6631574710979753}. Best is trial 1 with value: 0.35464795973355545.
Trial 7 finished with value: 0.35464795973355545 and parameters: {'lambda': 379.11324308858104, 'kappa': 1.5727916564869089}. Best is trial 1 with value: 0.35464795973355545.
Trial 8 finished with value: 0.3546479597335555 and parameters: {'lambda': 620.9252743284724, 'kappa': 2.638869763709691}. Best is trial 8 with value: 0.3546479597335555.
Trial 9 finished with value: -0.13174243125422405 and parameters: {'lambda': 873.1778048064807, 'kappa': 1.9095393660962992}. Best is trial 8 with value: 0.3546479597335555.
Trial 10 finished with value: 0.3546479597335557 and parameters: {'lambda': 634.9560805115563, 'kappa': 2.220943325373505}. Best is trial 10 with value: 0.3546479597335557.
