Trial 23 finished with value: 0.5475958362727672 and parameters: {'lambda': 1041.1903958496134, 'kappa': 3.6720711856010357}. Best is trial 19 with value: 0.6802284070236447.
Trial 24 finished with value: 0.35095259899328957 and parameters: {'lambda': 708.52544101342, 'kappa': 3.444046836284429}. Best is trial 19 with value: 0.6802284070236447.
Trial 25 finished with value: 0.6284618154758352 and parameters: {'lambda': 33.6696566106649, 'kappa': 2.6825256589304454}. Best is trial 19 with value: 0.6802284070236447.
Trial 26 finished with value: 0.06754721458130335 and parameters: {'lambda': 221.15125888946488, 'kappa': 3.8079686906762342}. Best is trial 19 with value: 0.6802284070236447.
Trial 27 finished with value: 0.04541684300091955 and parameters: {'lambda': 515.031998652768, 'kappa': 3.1409032980343046}. Best is trial 19 with value: 0.6802284070236447.
Trial 28 finished with value: 0.5475958362727672 and parameters: {'lambda': 1307.673478775415, 'kappa': 3.5108750596501643}. Best is trial 19 with value: 0.6802284070236447.
Trial 29 finished with value: 0.7310869065766012 and parameters: {'lambda': 785.360816578896, 'kappa': 4.117867914392494}. Best is trial 29 with value: 0.7310869065766012.
Optuna best λ=785.3608, κ=4.117867914392494, Sharpe=0.7311
A new study created in memory with name: no-name-306f1a73-545a-45f4-a3fa-0219ef3d9047
Trial 0 finished with value: 0.5811208074232763 and parameters: {'lambda': 759.7853498839952, 'kappa': 3.9691811987040015}. Best is trial 0 with value: 0.5811208074232763.
Trial 1 finished with value: 0.5811208074232763 and parameters: {'lambda': 1465.8673507626895, 'kappa': 2.869673679819506}. Best is trial 0 with value: 0.5811208074232763.
Trial 2 finished with value: 0.5811208074232763 and parameters: {'lambda': 328.1377557200871, 'kappa': 1.487187364027523}. Best is trial 0 with value: 0.5811208074232763.
Trial 3 finished with value: 0.5285843349568049 and parameters: {'lambda': 134.68574520140024, 'kappa': 3.705159593645523}. Best is trial 0 with value: 0.5811208074232763.
Trial 4 finished with value: 0.5811208074232763 and parameters: {'lambda': 1207.3409317440553, 'kappa': 3.2113854510604285}. Best is trial 0 with value: 0.5811208074232763.
Trial 5 finished with value: 0.31592153320527067 and parameters: {'lambda': 60.6133742333842, 'kappa': 4.029130915629118}. Best is trial 0 with value: 0.5811208074232763.
Trial 6 finished with value: 0.5811208074232763 and parameters: {'lambda': 1664.2846394063226, 'kappa': 1.6631574710979753}. Best is trial 0 with value: 0.5811208074232763.
Trial 7 finished with value: 0.5811208074232763 and parameters: {'lambda': 379.11324308858104, 'kappa': 1.5727916564869089}. Best is trial 0 with value: 0.5811208074232763.
Trial 8 finished with value: 0.5811208074232763 and parameters: {'lambda': 620.9252743284724, 'kappa': 2.638869763709691}. Best is trial 0 with value: 0.5811208074232763.
Trial 9 finished with value: 0.5811208074232763 and parameters: {'lambda': 873.1778048064807, 'kappa': 1.9095393660962992}. Best is trial 0 with value: 0.5811208074232763.
Trial 10 finished with value: 0.5811208074232763 and parameters: {'lambda': 1886.8899990604687, 'kappa': 3.4091247782378664}. Best is trial 0 with value: 0.5811208074232763.
Trial 11 finished with value: 0.5811208074232763 and parameters: {'lambda': 1298.712888165613, 'kappa': 2.723057987164341}. Best is trial 0 with value: 0.5811208074232763.
Trial 12 finished with value: 0.5811208074232763 and parameters: {'lambda': 1432.6340894165896, 'kappa': 2.2154997449705958}. Best is trial 0 with value: 0.5811208074232763.
Trial 13 finished with value: 0.5811208074232763 and parameters: {'lambda': 954.3064273027765, 'kappa': 2.9924531776848378}. Best is trial 0 with value: 0.5811208074232763.
Trial 14 finished with value: 0.5811208074232763 and parameters: {'lambda': 681.276779517761, 'kappa': 1.0411523272835173}. Best is trial 0 with value: 0.5811208074232763.
Trial 15 finished with value: 0.5811208074232763 and parameters: {'lambda': 1575.8696651366647, 'kappa': 3.9538636572137684}. Best is trial 0 with value: 0.5811208074232763.
Trial 16 finished with value: 0.5811208074232763 and parameters: {'lambda': 1115.2224563073698, 'kappa': 3.5095893317281233}. Best is trial 0 with value: 0.5811208074232763.
Trial 17 finished with value: 0.5811208074232763 and parameters: {'lambda': 1877.600059137074, 'kappa': 2.3300928994225565}. Best is trial 0 with value: 0.5811208074232763.
Trial 18 finished with value: 0.5811208074232763 and parameters: {'lambda': 741.0562960581158, 'kappa': 2.9038509500810976}. Best is trial 0 with value: 0.5811208074232763.
Trial 19 finished with value: 0.5811208074232763 and parameters: {'lambda': 1474.8518716594879, 'kappa': 3.7218448999795655}. Best is trial 0 with value: 0.5811208074232763.
Trial 20 finished with value: 0.5811208074232763 and parameters: {'lambda': 494.27345451292564, 'kappa': 3.1534956380291588}. Best is trial 0 with value: 0.5811208074232763.
Trial 21 finished with value: 0.4864851544834962 and parameters: {'lambda': 234.60974546468674, 'kappa': 1.156819034708655}. Best is trial 0 with value: 0.5811208074232763.
Trial 22 finished with value: 0.5811208074232763 and parameters: {'lambda': 531.7381474027018, 'kappa': 2.2894180870739205}. Best is trial 0 with value: 0.5811208074232763.
Trial 23 finished with value: 0.5811208074232763 and parameters: {'lambda': 844.1999198463159, 'kappa': 1.3748587609469238}. Best is trial 0 with value: 0.5811208074232763.
Trial 24 finished with value: 0.5811208074232763 and parameters: {'lambda': 358.13334308973697, 'kappa': 1.905713594420495}. Best is trial 0 with value: 0.5811208074232763.
Trial 25 finished with value: 0.5811208074232763 and parameters: {'lambda': 1108.1078626985523, 'kappa': 1.8999477555606397}. Best is trial 0 with value: 0.5811208074232763.
Trial 26 finished with value: 0.5811208074232763 and parameters: {'lambda': 270.74575511471664, 'kappa': 2.442500330515138}. Best is trial 0 with value: 0.5811208074232763.
Trial 27 finished with value: 0.5811208074232763 and parameters: {'lambda': 1720.629810622259, 'kappa': 2.7772186269582764}. Best is trial 0 with value: 0.5811208074232763.
Trial 28 finished with value: 0.5811208074232763 and parameters: {'lambda': 1347.95612451144, 'kappa': 2.148145549526145}. Best is trial 0 with value: 0.5811208074232763.
Trial 29 finished with value: 0.4739223361161373 and parameters: {'lambda': 177.16955426207392, 'kappa': 3.747127202931212}. Best is trial 0 with value: 0.5811208074232763.
Optuna best λ=759.7853, κ=3.9691811987040015, Sharpe=0.5811
A new study created in memory with name: no-name-639ff028-b866-4032-aaf1-512c82200862
Trial 0 finished with value: 0.21901819379504273 and parameters: {'lambda': 759.7853498839952, 'kappa': 3.9691811987040015}. Best is trial 0 with value: 0.21901819379504273.
Trial 1 finished with value: 0.3184068346392206 and parameters: {'lambda': 1465.8673507626895, 'kappa': 2.869673679819506}. Best is trial 1 with value: 0.3184068346392206.
Trial 2 finished with value: 0.21770609455775305 and parameters: {'lambda': 328.1377557200871, 'kappa': 1.487187364027523}. Best is trial 1 with value: 0.3184068346392206.
Trial 3 finished with value: 0.8302579328357322 and parameters: {'lambda': 134.68574520140024, 'kappa': 3.705159593645523}. Best is trial 3 with value: 0.8302579328357322.
Trial 4 finished with value: 0.3184068346392206 and parameters: {'lambda': 1207.3409317440553, 'kappa': 3.2113854510604285}. Best is trial 3 with value: 0.8302579328357322.
Trial 5 finished with value: 0.32780673753796047 and parameters: {'lambda': 60.6133742333842, 'kappa': 4.029130915629118}. Best is trial 3 with value: 0.8302579328357322.
Trial 6 finished with value: 0.3184068346392206 and parameters: {'lambda': 1664.2846394063226, 'kappa': 1.6631574710979753}. Best is trial 3 with value: 0.8302579328357322.
Trial 7 finished with value: 0.19322747196439533 and parameters: {'lambda': 379.11324308858104, 'kappa': 1.5727916564869089}. Best is trial 3 with value: 0.8302579328357322.
Trial 8 finished with value: 0.24340268516343078 and parameters: {'lambda': 620.9252743284724, 'kappa': 2.638869763709691}. Best is trial 3 with value: 0.8302579328357322.
Trial 9 finished with value: 0.3184068346392206 and parameters: {'lambda': 873.1778048064807, 'kappa': 1.9095393660962992}. Best is trial 3 with value: 0.8302579328357322.
Trial 10 finished with value: 0.3184068346392206 and parameters: {'lambda': 1886.8899990604687, 'kappa': 3.4270596555033017}. Best is trial 3 with value: 0.8302579328357322.
Trial 11 finished with value: 0.17967726317302174 and parameters: {'lambda': 34.8609161424165, 'kappa': 3.9798232276603978}. Best is trial 3 with value: 0.8302579328357322.
Trial 12 finished with value: 0.18204752663376833 and parameters: {'lambda': 48.648302835881935, 'kappa': 3.561963338490747}. Best is trial 3 with value: 0.8302579328357322.
Trial 13 finished with value: 0.09210660354270304 and parameters: {'lambda': 413.4357677087194, 'kappa': 4.060125690956306}. Best is trial 3 with value: 0.8302579328357322.
Trial 14 finished with value: 0.3184068346392206 and parameters: {'lambda': 1146.9613502972234, 'kappa': 2.1855441481340363}. Best is trial 3 with value: 0.8302579328357322.
Trial 15 finished with value: 0.7777848674652763 and parameters: {'lambda': 119.33359562300568, 'kappa': 3.671017647863116}. Best is trial 3 with value: 0.8302579328357322.
Trial 16 finished with value: 0.38396245651601524 and parameters: {'lambda': 584.603409069565, 'kappa': 2.9702879081269344}. Best is trial 3 with value: 0.8302579328357322.
Trial 17 finished with value: 0.46004826207182786 and parameters: {'lambda': 299.5839973459175, 'kappa': 3.5909777871816364}. Best is trial 3 with value: 0.8302579328357322.
Trial 18 finished with value: 0.3184068346392206 and parameters: {'lambda': 965.9992823993667, 'kappa': 2.4317888466140385}. Best is trial 3 with value: 0.8302579328357322.
Trial 19 finished with value: 0.7682216936743133 and parameters: {'lambda': 231.93425314691265, 'kappa': 3.284167175069815}. Best is trial 3 with value: 0.8302579328357322.
Trial 20 finished with value: 0.3184068346392207 and parameters: {'lambda': 559.2952885187851, 'kappa': 1.0823503127445389}. Best is trial 3 with value: 0.8302579328357322.
Trial 21 finished with value: 0.7682216936743133 and parameters: {'lambda': 230.22167439701792, 'kappa': 3.700708490927993}. Best is trial 3 with value: 0.8302579328357322.
Trial 22 finished with value: 0.8663998901164369 and parameters: {'lambda': 204.98336571784262, 'kappa': 3.1670737645312412}. Best is trial 22 with value: 0.8663998901164369.
Trial 23 finished with value: 0.9146740505774006 and parameters: {'lambda': 168.81782483001138, 'kappa': 3.0627018391420346}. Best is trial 23 with value: 0.9146740505774006.
Trial 24 finished with value: 0.35556675272588173 and parameters: {'lambda': 481.9967923949875, 'kappa': 3.0112873478741573}. Best is trial 23 with value: 0.9146740505774006.
Trial 25 finished with value: 0.6322747707668643 and parameters: {'lambda': 258.9139232619833, 'kappa': 2.727527673890005}. Best is trial 23 with value: 0.9146740505774006.
Trial 26 finished with value: 0.21901819379504273 and parameters: {'lambda': 701.5545185963354, 'kappa': 3.170558197198585}. Best is trial 23 with value: 0.9146740505774006.
Trial 27 finished with value: 0.669691167230235 and parameters: {'lambda': 156.9615501919422, 'kappa': 2.441016049888713}. Best is trial 23 with value: 0.9146740505774006.
Trial 28 finished with value: 0.2213122004492646 and parameters: {'lambda': 463.30852881957804, 'kappa': 3.394661592026487}. Best is trial 23 with value: 0.9146740505774006.
Trial 29 finished with value: 0.21901819379504273 and parameters: {'lambda': 742.7523602244289, 'kappa': 3.747127202931212}. Best is trial 23 with value: 0.9146740505774006.
Optuna best λ=168.8178, κ=3.0627018391420346, Sharpe=0.9147
A new study created in memory with name: no-name-a460e0ab-c71f-4ec5-a090-cfce33edf5e0
Trial 0 finished with value: 0.8711954710458099 and parameters: {'lambda': 759.7853498839952, 'kappa': 3.9691811987040015}. Best is trial 0 with value: 0.8711954710458099.
Trial 1 finished with value: -0.8755278009623807 and parameters: {'lambda': 1465.8673507626895, 'kappa': 2.869673679819506}. Best is trial 0 with value: 0.8711954710458099.
Trial 2 finished with value: 0.8711954710458099 and parameters: {'lambda': 328.1377557200871, 'kappa': 1.487187364027523}. Best is trial 0 with value: 0.8711954710458099.
Trial 3 finished with value: -0.8300652642680509 and parameters: {'lambda': 134.68574520140024, 'kappa': 3.705159593645523}. Best is trial 0 with value: 0.8711954710458099.
Trial 4 finished with value: -0.8755278009623807 and parameters: {'lambda': 1207.3409317440553, 'kappa': 3.2113854510604285}. Best is trial 0 with value: 0.8711954710458099.
Trial 5 finished with value: -0.3924514678421728 and parameters: {'lambda': 60.6133742333842, 'kappa': 4.029130915629118}. Best is trial 0 with value: 0.8711954710458099.
Trial 6 finished with value: -0.8755278009623807 and parameters: {'lambda': 1664.2846394063226, 'kappa': 1.6631574710979753}. Best is trial 0 with value: 0.8711954710458099.
Trial 7 finished with value: 0.8711954710458099 and parameters: {'lambda': 379.11324308858104, 'kappa': 1.5727916564869089}. Best is trial 0 with value: 0.8711954710458099.
Trial 8 finished with value: 0.8711954710458099 and parameters: {'lambda': 620.9252743284724, 'kappa': 2.638869763709691}. Best is trial 0 with value: 0.8711954710458099.
Trial 9 finished with value: 0.8711954710458099 and parameters: {'lambda': 873.1778048064807, 'kappa': 1.9095393660962992}. Best is trial 0 with value: 0.8711954710458099.
Trial 10 finished with value: -0.8755278009623807 and parameters: {'lambda': 1886.8899990604687, 'kappa': 3.4091247782378664}. Best is trial 0 with value: 0.8711954710458099.
Trial 11 finished with value: 0.8711954710458099 and parameters: {'lambda': 809.873088210113, 'kappa': 1.0328395203795087}. Best is trial 0 with value: 0.8711954710458099.
Trial 12 finished with value: 0.8711954710458099 and parameters: {'lambda': 491.0699835061663, 'kappa': 2.0857879540957125}. Best is trial 0 with value: 0.8711954710458099.
Trial 13 finished with value: -0.8755278009623807 and parameters: {'lambda': 1123.672971053165, 'kappa': 1.1347154605411491}. Best is trial 0 with value: 0.8711954710458099.
Trial 14 finished with value: 0.8711954710458099 and parameters: {'lambda': 304.9981534714469, 'kappa': 2.1855441481340363}. Best is trial 0 with value: 0.8711954710458099.
Trial 15 finished with value: 0.8711954710458099 and parameters: {'lambda': 690.4554026735486, 'kappa': 2.380266007302743}. Best is trial 0 with value: 0.8711954710458099.
Trial 16 finished with value: 0.8711954710458099 and parameters: {'lambda': 1028.5830255600483, 'kappa': 4.097948080441039}. Best is trial 0 with value: 0.8711954710458099.
Trial 17 finished with value: 0.8711954710458099 and parameters: {'lambda': 299.5839973459175, 'kappa': 2.9348699430616354}. Best is trial 0 with value: 0.8711954710458099.
Trial 18 finished with value: -0.8755278009623807 and parameters: {'lambda': 1323.670908145954, 'kappa': 1.4487956654414753}. Best is trial 0 with value: 0.8711954710458099.
Trial 19 finished with value: 0.8711954710458099 and parameters: {'lambda': 547.3426771678813, 'kappa': 3.633373176573328}. Best is trial 0 with value: 0.8711954710458099.
Trial 20 finished with value: 0.8711954710458099 and parameters: {'lambda': 856.7192388423675, 'kappa': 2.6153912087958}. Best is trial 0 with value: 0.8711954710458099.
Trial 21 finished with value: 0.8711954710458099 and parameters: {'lambda': 372.1469438732167, 'kappa': 1.7507006867262072}. Best is trial 0 with value: 0.8711954710458099.
Trial 22 finished with value: -0.23971882237962608 and parameters: {'lambda': 234.6865274401597, 'kappa': 1.3805453361144646}. Best is trial 0 with value: 0.8711954710458099.
Trial 23 finished with value: 0.8711954710458099 and parameters: {'lambda': 436.38512324578835, 'kappa': 1.417700922399346}. Best is trial 0 with value: 0.8711954710458099.
Trial 24 finished with value: 0.8711954710458099 and parameters: {'lambda': 730.1271908394926, 'kappa': 2.2759341645095077}. Best is trial 0 with value: 0.8711954710458099.
Trial 25 finished with value: 0.2981117047540606 and parameters: {'lambda': 26.951096931828374, 'kappa': 1.8957758604862718}. Best is trial 0 with value: 0.8711954710458099.
Trial 26 finished with value: 0.6412060489116691 and parameters: {'lambda': 193.3862991127484, 'kappa': 1.6043245623456088}. Best is trial 0 with value: 0.8711954710458099.
Trial 27 finished with value: 0.8711954710458099 and parameters: {'lambda': 521.2624209634639, 'kappa': 1.2006621795502213}. Best is trial 0 with value: 0.8711954710458099.
Trial 28 finished with value: 0.8711954710458099 and parameters: {'lambda': 400.97329320655786, 'kappa': 2.0010280436288927}. Best is trial 0 with value: 0.8711954710458099.
Trial 29 finished with value: 0.8711954710458099 and parameters: {'lambda': 981.8386079520672, 'kappa': 3.035031883063512}. Best is trial 0 with value: 0.8711954710458099.
Optuna best λ=759.7853, κ=3.9691811987040015, Sharpe=0.8712
A new study created in memory with name: no-name-de1b7776-e6da-45ed-8f4e-b2634059111d
Trial 0 finished with value: 0.48673403853758257 and parameters: {'lambda': 759.7853498839952, 'kappa': 3.9691811987040015}. Best is trial 0 with value: 0.48673403853758257.
Trial 1 finished with value: 0.4867340385375825 and parameters: {'lambda': 1465.8673507626895, 'kappa': 2.869673679819506}. Best is trial 0 with value: 0.48673403853758257.
Trial 2 finished with value: 0.48673403853758257 and parameters: {'lambda': 328.1377557200871, 'kappa': 1.487187364027523}. Best is trial 0 with value: 0.48673403853758257.
Trial 3 finished with value: 0.48673403853758257 and parameters: {'lambda': 134.68574520140024, 'kappa': 3.705159593645523}. Best is trial 0 with value: 0.48673403853758257.
Trial 4 finished with value: 0.48673403853758257 and parameters: {'lambda': 1207.3409317440553, 'kappa': 3.2113854510604285}. Best is trial 0 with value: 0.48673403853758257.
Trial 5 finished with value: 0.7222497991731661 and parameters: {'lambda': 60.6133742333842, 'kappa': 4.029130915629118}. Best is trial 5 with value: 0.7222497991731661.
Trial 6 finished with value: 0.4867340385375825 and parameters: {'lambda': 1664.2846394063226, 'kappa': 1.6631574710979753}. Best is trial 5 with value: 0.7222497991731661.
Trial 7 finished with value: 0.48673403853758257 and parameters: {'lambda': 379.11324308858104, 'kappa': 1.5727916564869089}. Best is trial 5 with value: 0.7222497991731661.
Trial 8 finished with value: 0.48673403853758257 and parameters: {'lambda': 620.9252743284724, 'kappa': 2.638869763709691}. Best is trial 5 with value: 0.7222497991731661.
Trial 9 finished with value: 0.48673403853758257 and parameters: {'lambda': 873.1778048064807, 'kappa': 1.9095393660962992}. Best is trial 5 with value: 0.7222497991731661.
Trial 10 finished with value: 0.4867340385375825 and parameters: {'lambda': 1886.8899990604687, 'kappa': 3.403359914931464}. Best is trial 5 with value: 0.7222497991731661.
Trial 11 finished with value: 0.43344762160757766 and parameters: {'lambda': 34.8609161424165, 'kappa': 3.983014214982241}. Best is trial 5 with value: 0.7222497991731661.
Trial 12 finished with value: 0.48673403853758257 and parameters: {'lambda': 832.669288958799, 'kappa': 3.9181024173436354}. Best is trial 5 with value: 0.7222497991731661.
Trial 13 finished with value: 0.48673403853758257 and parameters: {'lambda': 1184.841818178949, 'kappa': 2.2256718351156524}. Best is trial 5 with value: 0.7222497991731661.
Trial 14 finished with value: 0.48673403853758235 and parameters: {'lambda': 592.9115769171985, 'kappa': 1.0411523272835173}. Best is trial 5 with value: 0.7222497991731661.
Trial 15 finished with value: 0.48673403853758257 and parameters: {'lambda': 574.5424571437802, 'kappa': 3.4226504092668155}. Best is trial 5 with value: 0.7222497991731661.
Trial 16 finished with value: 0.48673403853758257 and parameters: {'lambda': 275.8286180641988, 'kappa': 4.097948080441039}. Best is trial 5 with value: 0.7222497991731661.
Trial 17 finished with value: 0.48673403853758257 and parameters: {'lambda': 994.1624439387463, 'kappa': 2.9483731546064136}. Best is trial 5 with value: 0.7222497991731661.
Trial 18 finished with value: 0.48673403853758257 and parameters: {'lambda': 1272.1877035217174, 'kappa': 3.640875538391005}. Best is trial 5 with value: 0.7222497991731661.
Trial 19 finished with value: 0.48673403853758257 and parameters: {'lambda': 740.579386718424, 'kappa': 3.654978622179306}. Best is trial 5 with value: 0.7222497991731661.
Trial 20 finished with value: 0.48673403853758257 and parameters: {'lambda': 433.4652462504609, 'kappa': 3.1534956380291588}. Best is trial 5 with value: 0.7222497991731661.
Trial 21 finished with value: 0.48673403853758257 and parameters: {'lambda': 233.7635610377685, 'kappa': 2.3092016516498486}. Best is trial 5 with value: 0.7222497991731661.
Trial 22 finished with value: 0.4934196363197533 and parameters: {'lambda': 44.52501546672923, 'kappa': 1.104892266180197}. Best is trial 5 with value: 0.7222497991731661.
Trial 23 finished with value: 0.48112041264928 and parameters: {'lambda': 25.038398685908167, 'kappa': 1.0571139665988778}. Best is trial 5 with value: 0.7222497991731661.
Trial 24 finished with value: 0.48673403853758257 and parameters: {'lambda': 444.5277752919866, 'kappa': 2.4258331254949925}. Best is trial 5 with value: 0.7222497991731661.
Trial 25 finished with value: 0.48673403853758257 and parameters: {'lambda': 215.61693561364592, 'kappa': 1.9490666887810635}. Best is trial 5 with value: 0.7222497991731661.
