Trial 17 finished with value: 0.27457000679167204 and parameters: {'lambda': 919.0920811211232, 'kappa': 1.0339110969862924}. Best is trial 14 with value: 0.27457000679167204.
Trial 18 finished with value: 0.20880011269936555 and parameters: {'lambda': 1496.209798187128, 'kappa': 1.3340229201154352}. Best is trial 14 with value: 0.27457000679167204.
Trial 19 finished with value: 0.006950108287014233 and parameters: {'lambda': 512.8585453154597, 'kappa': 2.361986911044844}. Best is trial 14 with value: 0.27457000679167204.
Trial 20 finished with value: 0.27457000679167204 and parameters: {'lambda': 748.4464304245254, 'kappa': 1.2183279286816353}. Best is trial 14 with value: 0.27457000679167204.
Trial 21 finished with value: 0.27457000679167204 and parameters: {'lambda': 539.970306041296, 'kappa': 1.062466281538194}. Best is trial 14 with value: 0.27457000679167204.
Trial 22 finished with value: 0.10759839249724207 and parameters: {'lambda': 706.6363076099412, 'kappa': 1.906688774346827}. Best is trial 14 with value: 0.27457000679167204.
Trial 23 finished with value: 0.27457000679167204 and parameters: {'lambda': 342.1908732002422, 'kappa': 1.373368222480416}. Best is trial 14 with value: 0.27457000679167204.
Trial 24 finished with value: 0.27457000679167204 and parameters: {'lambda': 1049.7408597997974, 'kappa': 1.004057907926747}. Best is trial 14 with value: 0.27457000679167204.
Trial 25 finished with value: 0.23164485175636468 and parameters: {'lambda': 876.3221420432623, 'kappa': 1.8239275968817537}. Best is trial 14 with value: 0.27457000679167204.
Trial 26 finished with value: 0.27457000679167204 and parameters: {'lambda': 463.75188414391994, 'kappa': 1.1657129032213198}. Best is trial 14 with value: 0.27457000679167204.
Trial 27 finished with value: 0.1350034044140339 and parameters: {'lambda': 636.7133182011889, 'kappa': 1.659121793902278}. Best is trial 14 with value: 0.27457000679167204.
Trial 28 finished with value: 0.27457000679167204 and parameters: {'lambda': 941.0950132435255, 'kappa': 1.3461960033600366}. Best is trial 14 with value: 0.27457000679167204.
Trial 29 finished with value: 0.21894721203755946 and parameters: {'lambda': 201.0390251658074, 'kappa': 1.25498475953013}. Best is trial 14 with value: 0.27457000679167204.
Optuna best λ=823.4567, κ=1.0373077153894181, Sharpe=0.2746
A new study created in memory with name: no-name-27d2ace3-d0fa-46a1-8dcd-1defa8563c59
Trial 0 finished with value: 0.4932603025490822 and parameters: {'lambda': 759.7853498839952, 'kappa': 3.9691811987040015}. Best is trial 0 with value: 0.4932603025490822.
Trial 1 finished with value: -0.20259973299283388 and parameters: {'lambda': 1465.8673507626895, 'kappa': 2.869673679819506}. Best is trial 0 with value: 0.4932603025490822.
Trial 2 finished with value: 0.5857703886721707 and parameters: {'lambda': 328.1377557200871, 'kappa': 1.487187364027523}. Best is trial 2 with value: 0.5857703886721707.
Trial 3 finished with value: 0.25449322882281766 and parameters: {'lambda': 134.68574520140024, 'kappa': 3.705159593645523}. Best is trial 2 with value: 0.5857703886721707.
Trial 4 finished with value: -0.20259973299283388 and parameters: {'lambda': 1207.3409317440553, 'kappa': 3.2113854510604285}. Best is trial 2 with value: 0.5857703886721707.
Trial 5 finished with value: 0.19658859709148802 and parameters: {'lambda': 60.6133742333842, 'kappa': 4.029130915629118}. Best is trial 2 with value: 0.5857703886721707.
Trial 6 finished with value: -0.20259973299283388 and parameters: {'lambda': 1664.2846394063226, 'kappa': 1.6631574710979753}. Best is trial 2 with value: 0.5857703886721707.
Trial 7 finished with value: 0.3317888378906325 and parameters: {'lambda': 379.11324308858104, 'kappa': 1.5727916564869089}. Best is trial 2 with value: 0.5857703886721707.
Trial 8 finished with value: 0.36508851786395297 and parameters: {'lambda': 620.9252743284724, 'kappa': 2.638869763709691}. Best is trial 2 with value: 0.5857703886721707.
Trial 9 finished with value: 0.42259766183795605 and parameters: {'lambda': 873.1778048064807, 'kappa': 1.9095393660962992}. Best is trial 2 with value: 0.5857703886721707.
Trial 10 finished with value: -0.20259973299283388 and parameters: {'lambda': 1886.8899990604687, 'kappa': 1.0187298358271706}. Best is trial 2 with value: 0.5857703886721707.
Trial 11 finished with value: 0.4542797906735934 and parameters: {'lambda': 809.873088210113, 'kappa': 2.236590256472323}. Best is trial 2 with value: 0.5857703886721707.
Trial 12 finished with value: 0.3999271318698315 and parameters: {'lambda': 491.0699835061663, 'kappa': 3.2898558741033144}. Best is trial 2 with value: 0.5857703886721707.
Trial 13 finished with value: -0.08334576234265104 and parameters: {'lambda': 1123.672971053165, 'kappa': 1.1347154605411491}. Best is trial 2 with value: 0.5857703886721707.
Trial 14 finished with value: 0.11252972446688435 and parameters: {'lambda': 304.9981534714469, 'kappa': 2.1855441481340363}. Best is trial 2 with value: 0.5857703886721707.
Trial 15 finished with value: 0.5380342994181891 and parameters: {'lambda': 690.4554026735486, 'kappa': 3.4226504092668155}. Best is trial 2 with value: 0.5857703886721707.
Trial 16 finished with value: 0.34649373400295314 and parameters: {'lambda': 584.603409069565, 'kappa': 3.3212256111292167}. Best is trial 2 with value: 0.5857703886721707.
Trial 17 finished with value: 0.21283059960612505 and parameters: {'lambda': 299.5839973459175, 'kappa': 2.9348699430616354}. Best is trial 2 with value: 0.5857703886721707.
Trial 18 finished with value: 0.4330993283980766 and parameters: {'lambda': 1033.569863803284, 'kappa': 3.628781590416798}. Best is trial 2 with value: 0.5857703886721707.
Trial 19 finished with value: -0.20259973299283388 and parameters: {'lambda': 1328.1094536448077, 'kappa': 2.4623805416468336}. Best is trial 2 with value: 0.5857703886721707.
Trial 20 finished with value: 0.43549184355066817 and parameters: {'lambda': 694.8315436420867, 'kappa': 1.429828391318313}. Best is trial 2 with value: 0.5857703886721707.
Trial 21 finished with value: 0.48876964843723514 and parameters: {'lambda': 922.4951467626943, 'kappa': 3.9824077137650957}. Best is trial 2 with value: 0.5857703886721707.
Trial 22 finished with value: 0.5802251866010971 and parameters: {'lambda': 706.6363076099412, 'kappa': 3.67582538254387}. Best is trial 2 with value: 0.5857703886721707.
Trial 23 finished with value: 0.3999271318698315 and parameters: {'lambda': 486.23815972276503, 'kappa': 3.6133574113575957}. Best is trial 2 with value: 0.5857703886721707.
Trial 24 finished with value: 0.1325953532664007 and parameters: {'lambda': 174.94013261781845, 'kappa': 3.0391418131438277}. Best is trial 2 with value: 0.5857703886721707.
Trial 25 finished with value: 0.34055801034018535 and parameters: {'lambda': 473.5938922922217, 'kappa': 3.4697654929844384}. Best is trial 2 with value: 0.5857703886721707.
Trial 26 finished with value: 0.5592007434344392 and parameters: {'lambda': 666.8013776081233, 'kappa': 3.7661834521062794}. Best is trial 2 with value: 0.5857703886721707.
Trial 27 finished with value: 0.35342829153203065 and parameters: {'lambda': 239.74736383011322, 'kappa': 3.859117299222998}. Best is trial 2 with value: 0.5857703886721707.
Trial 28 finished with value: 0.4292285023997027 and parameters: {'lambda': 995.6682481283626, 'kappa': 1.9476948493779247}. Best is trial 2 with value: 0.5857703886721707.
Trial 29 finished with value: 0.41856031328318405 and parameters: {'lambda': 750.4107071217053, 'kappa': 4.11827721287573}. Best is trial 2 with value: 0.5857703886721707.
Optuna best λ=328.1378, κ=1.487187364027523, Sharpe=0.5858
A new study created in memory with name: no-name-8d297182-37d5-4d2b-bb28-3f7cbf49296b
Trial 0 finished with value: 0.03468072471299802 and parameters: {'lambda': 759.7853498839952, 'kappa': 3.9691811987040015}. Best is trial 0 with value: 0.03468072471299802.
Trial 1 finished with value: 0.5928685000375304 and parameters: {'lambda': 1465.8673507626895, 'kappa': 2.869673679819506}. Best is trial 1 with value: 0.5928685000375304.
Trial 2 finished with value: -0.11954583479808686 and parameters: {'lambda': 328.1377557200871, 'kappa': 1.487187364027523}. Best is trial 1 with value: 0.5928685000375304.
Trial 3 finished with value: 0.08115120434211714 and parameters: {'lambda': 134.68574520140024, 'kappa': 3.705159593645523}. Best is trial 1 with value: 0.5928685000375304.
Trial 4 finished with value: 0.5928685000375304 and parameters: {'lambda': 1207.3409317440553, 'kappa': 3.2113854510604285}. Best is trial 1 with value: 0.5928685000375304.
Trial 5 finished with value: 0.6715865669628419 and parameters: {'lambda': 60.6133742333842, 'kappa': 4.029130915629118}. Best is trial 5 with value: 0.6715865669628419.
Trial 6 finished with value: 0.5928685000375304 and parameters: {'lambda': 1664.2846394063226, 'kappa': 1.6631574710979753}. Best is trial 5 with value: 0.6715865669628419.
Trial 7 finished with value: -0.11268328000093428 and parameters: {'lambda': 379.11324308858104, 'kappa': 1.5727916564869089}. Best is trial 5 with value: 0.6715865669628419.
Trial 8 finished with value: -0.17273572152204747 and parameters: {'lambda': 620.9252743284724, 'kappa': 2.638869763709691}. Best is trial 5 with value: 0.6715865669628419.
Trial 9 finished with value: 0.5634015409544155 and parameters: {'lambda': 873.1778048064807, 'kappa': 1.9095393660962992}. Best is trial 5 with value: 0.6715865669628419.
Trial 10 finished with value: 0.5928685000375304 and parameters: {'lambda': 1886.8899990604687, 'kappa': 3.403359914931464}. Best is trial 5 with value: 0.6715865669628419.
Trial 11 finished with value: 0.5928685000375304 and parameters: {'lambda': 1332.1117571260556, 'kappa': 2.772337891048111}. Best is trial 5 with value: 0.6715865669628419.
Trial 12 finished with value: 0.5928685000375304 and parameters: {'lambda': 1460.6549280008735, 'kappa': 2.0739346614866854}. Best is trial 5 with value: 0.6715865669628419.
Trial 13 finished with value: 0.5928685000375304 and parameters: {'lambda': 1100.9760739817916, 'kappa': 3.087186354637091}. Best is trial 5 with value: 0.6715865669628419.
Trial 14 finished with value: 0.5928685000375304 and parameters: {'lambda': 1661.3510041463487, 'kappa': 1.0411523272835173}. Best is trial 5 with value: 0.6715865669628419.
Trial 15 finished with value: 0.8139084126832266 and parameters: {'lambda': 51.04627507325116, 'kappa': 3.975965926708013}. Best is trial 15 with value: 0.8139084126832266.
Trial 16 finished with value: 0.509278246055873 and parameters: {'lambda': 66.30620118428078, 'kappa': 4.108557595648523}. Best is trial 15 with value: 0.8139084126832266.
Trial 17 finished with value: -0.21417202874300348 and parameters: {'lambda': 441.21270956017514, 'kappa': 3.6443701557393204}. Best is trial 15 with value: 0.8139084126832266.
Trial 18 finished with value: 0.6920754429862152 and parameters: {'lambda': 41.31201699921925, 'kappa': 2.296660990876152}. Best is trial 15 with value: 0.8139084126832266.
Trial 19 finished with value: -0.2288999664211218 and parameters: {'lambda': 547.3426771678813, 'kappa': 2.2104976391689557}. Best is trial 15 with value: 0.8139084126832266.
Trial 20 finished with value: 0.016435750531577285 and parameters: {'lambda': 257.8035425053962, 'kappa': 2.4361547485944754}. Best is trial 15 with value: 0.8139084126832266.
Trial 21 finished with value: 0.8347640132344961 and parameters: {'lambda': 50.42138818583616, 'kappa': 3.7312101678171388}. Best is trial 21 with value: 0.8347640132344961.
Trial 22 finished with value: 0.14944498621913918 and parameters: {'lambda': 234.6865274401597, 'kappa': 3.6147679814471507}. Best is trial 21 with value: 0.8347640132344961.
Trial 23 finished with value: 0.7144609898203161 and parameters: {'lambda': 25.10078845117378, 'kappa': 2.434375930911666}. Best is trial 21 with value: 0.8347640132344961.
Trial 24 finished with value: -0.21597370207012231 and parameters: {'lambda': 523.5558916951327, 'kappa': 3.06392223338198}. Best is trial 21 with value: 0.8347640132344961.
Trial 25 finished with value: 0.25675933663241807 and parameters: {'lambda': 209.80135578948435, 'kappa': 3.3774099115595417}. Best is trial 21 with value: 0.8347640132344961.
Trial 26 finished with value: -0.07339466771343087 and parameters: {'lambda': 714.3013715593669, 'kappa': 3.805640544858828}. Best is trial 21 with value: 0.8347640132344961.
Trial 27 finished with value: -0.24234725677535188 and parameters: {'lambda': 366.30125742896246, 'kappa': 3.306377938334653}. Best is trial 21 with value: 0.8347640132344961.
Trial 28 finished with value: 0.6272938930179414 and parameters: {'lambda': 932.2278616596122, 'kappa': 2.8939922716482855}. Best is trial 21 with value: 0.8347640132344961.
Trial 29 finished with value: 0.008988863235961644 and parameters: {'lambda': 775.4770758719746, 'kappa': 3.9678607009768894}. Best is trial 21 with value: 0.8347640132344961.
Optuna best λ=50.4214, κ=3.7312101678171388, Sharpe=0.8348
A new study created in memory with name: no-name-92db1e06-d492-4d23-a285-c4c9d374fd55
Trial 0 finished with value: 0.5016526607787629 and parameters: {'lambda': 759.7853498839952, 'kappa': 3.9691811987040015}. Best is trial 0 with value: 0.5016526607787629.
Trial 1 finished with value: 0.5016526607787629 and parameters: {'lambda': 1465.8673507626895, 'kappa': 2.869673679819506}. Best is trial 0 with value: 0.5016526607787629.
Trial 2 finished with value: 0.5016526607787629 and parameters: {'lambda': 328.1377557200871, 'kappa': 1.487187364027523}. Best is trial 0 with value: 0.5016526607787629.
Trial 3 finished with value: 0.4420685582517705 and parameters: {'lambda': 134.68574520140024, 'kappa': 3.705159593645523}. Best is trial 0 with value: 0.5016526607787629.
Trial 4 finished with value: 0.5016526607787629 and parameters: {'lambda': 1207.3409317440553, 'kappa': 3.2113854510604285}. Best is trial 0 with value: 0.5016526607787629.
Trial 5 finished with value: 0.30802709715567955 and parameters: {'lambda': 60.6133742333842, 'kappa': 4.029130915629118}. Best is trial 0 with value: 0.5016526607787629.
Trial 6 finished with value: 0.5016526607787629 and parameters: {'lambda': 1664.2846394063226, 'kappa': 1.6631574710979753}. Best is trial 0 with value: 0.5016526607787629.
Trial 7 finished with value: 0.5016526607787629 and parameters: {'lambda': 379.11324308858104, 'kappa': 1.5727916564869089}. Best is trial 0 with value: 0.5016526607787629.
Trial 8 finished with value: 0.5016526607787629 and parameters: {'lambda': 620.9252743284724, 'kappa': 2.638869763709691}. Best is trial 0 with value: 0.5016526607787629.
Trial 9 finished with value: 0.5016526607787629 and parameters: {'lambda': 873.1778048064807, 'kappa': 1.9095393660962992}. Best is trial 0 with value: 0.5016526607787629.
Trial 10 finished with value: 0.5016526607787629 and parameters: {'lambda': 1886.8899990604687, 'kappa': 3.4091247782378664}. Best is trial 0 with value: 0.5016526607787629.
Trial 11 finished with value: 0.5016526607787629 and parameters: {'lambda': 1298.712888165613, 'kappa': 2.723057987164341}. Best is trial 0 with value: 0.5016526607787629.
Trial 12 finished with value: 0.5016526607787629 and parameters: {'lambda': 1432.6340894165896, 'kappa': 2.2154997449705958}. Best is trial 0 with value: 0.5016526607787629.
Trial 13 finished with value: 0.5016526607787629 and parameters: {'lambda': 954.3064273027765, 'kappa': 2.9924531776848378}. Best is trial 0 with value: 0.5016526607787629.
Trial 14 finished with value: 0.5016526607787629 and parameters: {'lambda': 681.276779517761, 'kappa': 1.0411523272835173}. Best is trial 0 with value: 0.5016526607787629.
Trial 15 finished with value: 0.5016526607787629 and parameters: {'lambda': 1575.8696651366647, 'kappa': 3.9538636572137684}. Best is trial 0 with value: 0.5016526607787629.
Trial 16 finished with value: 0.5016526607787629 and parameters: {'lambda': 1115.2224563073698, 'kappa': 3.5095893317281233}. Best is trial 0 with value: 0.5016526607787629.
Trial 17 finished with value: 0.5016526607787629 and parameters: {'lambda': 1877.600059137074, 'kappa': 2.3300928994225565}. Best is trial 0 with value: 0.5016526607787629.
Trial 18 finished with value: 0.5016526607787629 and parameters: {'lambda': 741.0562960581158, 'kappa': 2.9038509500810976}. Best is trial 0 with value: 0.5016526607787629.
Trial 19 finished with value: 0.5016526607787629 and parameters: {'lambda': 1474.8518716594879, 'kappa': 3.7218448999795655}. Best is trial 0 with value: 0.5016526607787629.
Trial 20 finished with value: 0.5016526607787629 and parameters: {'lambda': 494.27345451292564, 'kappa': 3.1534956380291588}. Best is trial 0 with value: 0.5016526607787629.
Trial 21 finished with value: 0.5016526607787629 and parameters: {'lambda': 234.60974546468674, 'kappa': 1.156819034708655}. Best is trial 0 with value: 0.5016526607787629.
Trial 22 finished with value: 0.5016526607787629 and parameters: {'lambda': 531.7381474027018, 'kappa': 2.2894180870739205}. Best is trial 0 with value: 0.5016526607787629.
Trial 23 finished with value: 0.5016526607787629 and parameters: {'lambda': 844.1999198463159, 'kappa': 1.3748587609469238}. Best is trial 0 with value: 0.5016526607787629.
Trial 24 finished with value: 0.5016526607787629 and parameters: {'lambda': 358.13334308973697, 'kappa': 1.905713594420495}. Best is trial 0 with value: 0.5016526607787629.
Trial 25 finished with value: 0.5016526607787629 and parameters: {'lambda': 1108.1078626985523, 'kappa': 1.8999477555606397}. Best is trial 0 with value: 0.5016526607787629.
Trial 26 finished with value: 0.3662715399065264 and parameters: {'lambda': 270.74575511471664, 'kappa': 2.442500330515138}. Best is trial 0 with value: 0.5016526607787629.
Trial 27 finished with value: 0.5016526607787629 and parameters: {'lambda': 1720.629810622259, 'kappa': 2.7772186269582764}. Best is trial 0 with value: 0.5016526607787629.
Trial 28 finished with value: 0.5016526607787629 and parameters: {'lambda': 1347.95612451144, 'kappa': 2.148145549526145}. Best is trial 0 with value: 0.5016526607787629.
Trial 29 finished with value: 0.42044391487551025 and parameters: {'lambda': 177.16955426207392, 'kappa': 3.747127202931212}. Best is trial 0 with value: 0.5016526607787629.
Optuna best λ=759.7853, κ=3.9691811987040015, Sharpe=0.5017
A new study created in memory with name: no-name-7123fa47-af7d-4181-a5eb-0e1e8cea06ec
Trial 0 finished with value: -0.508270496641711 and parameters: {'lambda': 759.7853498839952, 'kappa': 3.9691811987040015}. Best is trial 0 with value: -0.508270496641711.
Trial 1 finished with value: 0.15576598468135397 and parameters: {'lambda': 1465.8673507626895, 'kappa': 2.869673679819506}. Best is trial 1 with value: 0.15576598468135397.
Trial 2 finished with value: -0.10596452593716296 and parameters: {'lambda': 328.1377557200871, 'kappa': 1.487187364027523}. Best is trial 1 with value: 0.15576598468135397.
Trial 3 finished with value: 0.5418911777861927 and parameters: {'lambda': 134.68574520140024, 'kappa': 3.705159593645523}. Best is trial 3 with value: 0.5418911777861927.
Trial 4 finished with value: 0.15576598468135397 and parameters: {'lambda': 1207.3409317440553, 'kappa': 3.2113854510604285}. Best is trial 3 with value: 0.5418911777861927.
Trial 5 finished with value: 0.1234721262415932 and parameters: {'lambda': 60.6133742333842, 'kappa': 4.029130915629118}. Best is trial 3 with value: 0.5418911777861927.
Trial 6 finished with value: 0.15576598468135397 and parameters: {'lambda': 1664.2846394063226, 'kappa': 1.6631574710979753}. Best is trial 3 with value: 0.5418911777861927.
Trial 7 finished with value: 0.06069651431259497 and parameters: {'lambda': 379.11324308858104, 'kappa': 1.5727916564869089}. Best is trial 3 with value: 0.5418911777861927.
Trial 8 finished with value: -0.5515593726953537 and parameters: {'lambda': 620.9252743284724, 'kappa': 2.638869763709691}. Best is trial 3 with value: 0.5418911777861927.
Trial 9 finished with value: 0.15576598468135397 and parameters: {'lambda': 873.1778048064807, 'kappa': 1.9095393660962992}. Best is trial 3 with value: 0.5418911777861927.
Trial 10 finished with value: 0.15576598468135397 and parameters: {'lambda': 1886.8899990604687, 'kappa': 3.4270596555033017}. Best is trial 3 with value: 0.5418911777861927.
Trial 11 finished with value: 0.15576598468135397 and parameters: {'lambda': 1298.9533901026055, 'kappa': 2.8362681011605164}. Best is trial 3 with value: 0.5418911777861927.
Trial 12 finished with value: 0.15576598468135397 and parameters: {'lambda': 1460.6549280008735, 'kappa': 3.440130975479543}. Best is trial 3 with value: 0.5418911777861927.
Trial 13 finished with value: 0.15576598468135397 and parameters: {'lambda': 1100.9760739817916, 'kappa': 2.2256718351156524}. Best is trial 3 with value: 0.5418911777861927.
Trial 14 finished with value: 0.15576598468135397 and parameters: {'lambda': 1567.8638086019419, 'kappa': 1.0411523272835173}. Best is trial 3 with value: 0.5418911777861927.
Trial 15 finished with value: 0.15576598468135397 and parameters: {'lambda': 1931.1367191612144, 'kappa': 3.1183491327756907}. Best is trial 3 with value: 0.5418911777861927.
Trial 16 finished with value: 0.7223236057699156 and parameters: {'lambda': 161.70629077990583, 'kappa': 3.7812505771217495}. Best is trial 16 with value: 0.7223236057699156.
Trial 17 finished with value: 0.36129821902677745 and parameters: {'lambda': 81.08686796642502, 'kappa': 3.7772037693533047}. Best is trial 16 with value: 0.7223236057699156.
Trial 18 finished with value: -0.341175616518411 and parameters: {'lambda': 358.6783786916954, 'kappa': 3.6715534793654703}. Best is trial 16 with value: 0.7223236057699156.
Trial 19 finished with value: -0.36109297438786647 and parameters: {'lambda': 547.3426771678813, 'kappa': 2.328661362061183}. Best is trial 16 with value: 0.7223236057699156.
