Trial 29 finished with value: -0.8300656016500075 and parameters: {'lambda': 798.3473208578714, 'kappa': 3.424838690839495}. Best is trial 21 with value: 0.2618387184958871.
Optuna best λ=283.6734, κ=2.9819723710793995, Sharpe=0.2618
A new study created in memory with name: no-name-bac0fb0b-ac0a-4f1e-8028-0f89d5b0eebb
Trial 0 finished with value: 1.36536127894656 and parameters: {'lambda': 759.7853498839952, 'kappa': 3.9691811987040015}. Best is trial 0 with value: 1.36536127894656.
Trial 1 finished with value: 1.3653612789465595 and parameters: {'lambda': 1465.8673507626895, 'kappa': 2.869673679819506}. Best is trial 0 with value: 1.36536127894656.
Trial 2 finished with value: 1.36536127894656 and parameters: {'lambda': 328.1377557200871, 'kappa': 1.487187364027523}. Best is trial 0 with value: 1.36536127894656.
Trial 3 finished with value: 1.6661195160724442 and parameters: {'lambda': 134.68574520140024, 'kappa': 3.705159593645523}. Best is trial 3 with value: 1.6661195160724442.
Trial 4 finished with value: 1.3653612789465595 and parameters: {'lambda': 1207.3409317440553, 'kappa': 3.2113854510604285}. Best is trial 3 with value: 1.6661195160724442.
Trial 5 finished with value: 2.046894666914715 and parameters: {'lambda': 60.6133742333842, 'kappa': 4.029130915629118}. Best is trial 5 with value: 2.046894666914715.
Trial 6 finished with value: 1.3653612789465595 and parameters: {'lambda': 1664.2846394063226, 'kappa': 1.6631574710979753}. Best is trial 5 with value: 2.046894666914715.
Trial 7 finished with value: 1.36536127894656 and parameters: {'lambda': 379.11324308858104, 'kappa': 1.5727916564869089}. Best is trial 5 with value: 2.046894666914715.
Trial 8 finished with value: 1.36536127894656 and parameters: {'lambda': 620.9252743284724, 'kappa': 2.638869763709691}. Best is trial 5 with value: 2.046894666914715.
Trial 9 finished with value: 1.3653612789465597 and parameters: {'lambda': 873.1778048064807, 'kappa': 1.9095393660962992}. Best is trial 5 with value: 2.046894666914715.
Trial 10 finished with value: 1.3653612789465595 and parameters: {'lambda': 1886.8899990604687, 'kappa': 3.403359914931464}. Best is trial 5 with value: 2.046894666914715.
Trial 11 finished with value: 1.7460604369556225 and parameters: {'lambda': 34.8609161424165, 'kappa': 3.9798232276603978}. Best is trial 5 with value: 2.046894666914715.
Trial 12 finished with value: 2.2555517692596725 and parameters: {'lambda': 48.62839461429785, 'kappa': 3.834733028321934}. Best is trial 12 with value: 2.2555517692596725.
Trial 13 finished with value: 1.3653612789465595 and parameters: {'lambda': 458.70649859535825, 'kappa': 2.2138004647354244}. Best is trial 12 with value: 2.2555517692596725.
Trial 14 finished with value: 1.3653612789465595 and parameters: {'lambda': 1101.5497235715259, 'kappa': 1.0411523272835173}. Best is trial 12 with value: 2.2555517692596725.
Trial 15 finished with value: 1.720817736746792 and parameters: {'lambda': 37.041088242378734, 'kappa': 3.4226504092668155}. Best is trial 12 with value: 2.2555517692596725.
Trial 16 finished with value: 1.555964996490143 and parameters: {'lambda': 268.40090468770285, 'kappa': 4.108557595648523}. Best is trial 12 with value: 2.2555517692596725.
Trial 17 finished with value: 1.36536127894656 and parameters: {'lambda': 580.2885136918369, 'kappa': 2.9348699430616354}. Best is trial 12 with value: 2.2555517692596725.
Trial 18 finished with value: 1.3653612789465595 and parameters: {'lambda': 1359.2422121044156, 'kappa': 3.6599983389133954}. Best is trial 12 with value: 2.2555517692596725.
Trial 19 finished with value: 1.36536127894656 and parameters: {'lambda': 841.124743477924, 'kappa': 3.683596596190284}. Best is trial 12 with value: 2.2555517692596725.
Trial 20 finished with value: 1.3040749169036585 and parameters: {'lambda': 212.26908378417397, 'kappa': 3.1349829256242616}. Best is trial 12 with value: 2.2555517692596725.
Trial 21 finished with value: 2.2518860760001678 and parameters: {'lambda': 49.46162762008374, 'kappa': 3.9689982127442596}. Best is trial 12 with value: 2.2555517692596725.
Trial 22 finished with value: 1.36536127894656 and parameters: {'lambda': 500.8622653957354, 'kappa': 3.80095754254786}. Best is trial 12 with value: 2.2555517692596725.
Trial 23 finished with value: 1.2187734156106906 and parameters: {'lambda': 194.2022597420422, 'kappa': 4.110664833508607}. Best is trial 12 with value: 2.2555517692596725.
Trial 24 finished with value: 2.275432532755905 and parameters: {'lambda': 88.70313658285895, 'kappa': 3.627088065134563}. Best is trial 24 with value: 2.275432532755905.
Trial 25 finished with value: 1.508125635804164 and parameters: {'lambda': 326.47529962220005, 'kappa': 3.465449604971564}. Best is trial 24 with value: 2.275432532755905.
Trial 26 finished with value: 1.3040749169036585 and parameters: {'lambda': 209.42689860355637, 'kappa': 3.149189477417971}. Best is trial 24 with value: 2.275432532755905.
Trial 27 finished with value: 1.36536127894656 and parameters: {'lambda': 636.7133182011889, 'kappa': 2.441016049888713}. Best is trial 24 with value: 2.275432532755905.
Trial 28 finished with value: 1.36536127894656 and parameters: {'lambda': 408.36035510976853, 'kappa': 3.495378861182861}. Best is trial 24 with value: 2.275432532755905.
Trial 29 finished with value: 1.36536127894656 and parameters: {'lambda': 774.8404248179517, 'kappa': 3.861045627963623}. Best is trial 24 with value: 2.275432532755905.
Optuna best λ=88.7031, κ=3.627088065134563, Sharpe=2.2754
A new study created in memory with name: no-name-30e7ede0-25c9-4edc-9a08-241513438782
Trial 0 finished with value: 0.6534293816612431 and parameters: {'lambda': 759.7853498839952, 'kappa': 3.9691811987040015}. Best is trial 0 with value: 0.6534293816612431.
Trial 1 finished with value: 0.653429381661243 and parameters: {'lambda': 1465.8673507626895, 'kappa': 2.869673679819506}. Best is trial 0 with value: 0.6534293816612431.
Trial 2 finished with value: 0.6534293816612429 and parameters: {'lambda': 328.1377557200871, 'kappa': 1.487187364027523}. Best is trial 0 with value: 0.6534293816612431.
Trial 3 finished with value: 0.46516313826692607 and parameters: {'lambda': 134.68574520140024, 'kappa': 3.705159593645523}. Best is trial 0 with value: 0.6534293816612431.
Trial 4 finished with value: 0.653429381661243 and parameters: {'lambda': 1207.3409317440553, 'kappa': 3.2113854510604285}. Best is trial 0 with value: 0.6534293816612431.
Trial 5 finished with value: 0.4704044431316785 and parameters: {'lambda': 60.6133742333842, 'kappa': 4.029130915629118}. Best is trial 0 with value: 0.6534293816612431.
Trial 6 finished with value: 0.653429381661243 and parameters: {'lambda': 1664.2846394063226, 'kappa': 1.6631574710979753}. Best is trial 0 with value: 0.6534293816612431.
Trial 7 finished with value: 0.6534293816612429 and parameters: {'lambda': 379.11324308858104, 'kappa': 1.5727916564869089}. Best is trial 0 with value: 0.6534293816612431.
Trial 8 finished with value: 0.6534293816612432 and parameters: {'lambda': 620.9252743284724, 'kappa': 2.638869763709691}. Best is trial 8 with value: 0.6534293816612432.
Trial 9 finished with value: 0.6534293816612428 and parameters: {'lambda': 873.1778048064807, 'kappa': 1.9095393660962992}. Best is trial 8 with value: 0.6534293816612432.
Trial 10 finished with value: 0.653429381661243 and parameters: {'lambda': 634.9560805115563, 'kappa': 2.220943325373505}. Best is trial 8 with value: 0.6534293816612432.
Trial 11 finished with value: 0.6534293816612431 and parameters: {'lambda': 809.873088210113, 'kappa': 3.2533031579306604}. Best is trial 8 with value: 0.6534293816612432.
Trial 12 finished with value: 0.653429381661243 and parameters: {'lambda': 1162.9148691171781, 'kappa': 2.6038721002470457}. Best is trial 8 with value: 0.6534293816612432.
Trial 13 finished with value: 0.6534293816612431 and parameters: {'lambda': 537.7366517882741, 'kappa': 4.053810295299152}. Best is trial 8 with value: 0.6534293816612432.
Trial 14 finished with value: 0.653429381661243 and parameters: {'lambda': 997.0283057518049, 'kappa': 1.0411523272835173}. Best is trial 8 with value: 0.6534293816612432.
Trial 15 finished with value: 0.653429381661243 and parameters: {'lambda': 1931.1367191612144, 'kappa': 3.4226504092668155}. Best is trial 8 with value: 0.6534293816612432.
Trial 16 finished with value: 0.6534293816612431 and parameters: {'lambda': 692.4540588435742, 'kappa': 2.77937639025189}. Best is trial 8 with value: 0.6534293816612432.
Trial 17 finished with value: 0.653429381661243 and parameters: {'lambda': 1127.1036453788538, 'kappa': 2.161309288113444}. Best is trial 8 with value: 0.6534293816612432.
Trial 18 finished with value: -0.7058827738189821 and parameters: {'lambda': 336.1085403003575, 'kappa': 3.7133954301109435}. Best is trial 8 with value: 0.6534293816612432.
Trial 19 finished with value: 0.6534293816612431 and parameters: {'lambda': 522.5637515357512, 'kappa': 3.0128914741481854}. Best is trial 8 with value: 0.6534293816612432.
Trial 20 finished with value: 0.653429381661243 and parameters: {'lambda': 1309.8360941711126, 'kappa': 2.5045858220966797}. Best is trial 8 with value: 0.6534293816612432.
Trial 21 finished with value: 0.6534293816612431 and parameters: {'lambda': 754.8869528036639, 'kappa': 3.4656202671184477}. Best is trial 8 with value: 0.6534293816612432.
Trial 22 finished with value: 0.6534293816612431 and parameters: {'lambda': 900.685579060322, 'kappa': 3.2550939222454716}. Best is trial 8 with value: 0.6534293816612432.
Trial 23 finished with value: 0.6534293816612431 and parameters: {'lambda': 832.090650647492, 'kappa': 3.7919238590578335}. Best is trial 8 with value: 0.6534293816612432.
Trial 24 finished with value: 0.6534293816612431 and parameters: {'lambda': 521.0606182241281, 'kappa': 3.0838785197545158}. Best is trial 8 with value: 0.6534293816612432.
Trial 25 finished with value: 0.6534293816612429 and parameters: {'lambda': 1018.7120461125061, 'kappa': 2.4004935120431483}. Best is trial 8 with value: 0.6534293816612432.
Trial 26 finished with value: 0.4412940630952812 and parameters: {'lambda': 217.33901859181884, 'kappa': 3.5270356535334058}. Best is trial 8 with value: 0.6534293816612432.
Trial 27 finished with value: 0.6534293816612431 and parameters: {'lambda': 658.8920914908367, 'kappa': 4.112207819260942}. Best is trial 8 with value: 0.6534293816612432.
Trial 28 finished with value: 0.653429381661243 and parameters: {'lambda': 1410.498897457082, 'kappa': 2.778244227024835}. Best is trial 8 with value: 0.6534293816612432.
Trial 29 finished with value: 0.6534293816612431 and parameters: {'lambda': 1006.3352372038187, 'kappa': 2.9105559532639}. Best is trial 8 with value: 0.6534293816612432.
Optuna best λ=620.9253, κ=2.638869763709691, Sharpe=0.6534
A new study created in memory with name: no-name-1cb4790c-81f9-4aa5-8630-9ab112e4b8a4
Trial 0 finished with value: -0.030564425974994477 and parameters: {'lambda': 759.7853498839952, 'kappa': 3.9691811987040015}. Best is trial 0 with value: -0.030564425974994477.
Trial 1 finished with value: -0.10624632687019903 and parameters: {'lambda': 1465.8673507626895, 'kappa': 2.869673679819506}. Best is trial 0 with value: -0.030564425974994477.
Trial 2 finished with value: -0.10624632687019936 and parameters: {'lambda': 328.1377557200871, 'kappa': 1.487187364027523}. Best is trial 0 with value: -0.030564425974994477.
Trial 3 finished with value: 0.05174712375180242 and parameters: {'lambda': 134.68574520140024, 'kappa': 3.705159593645523}. Best is trial 3 with value: 0.05174712375180242.
Trial 4 finished with value: 0.1142044428148171 and parameters: {'lambda': 1207.3409317440553, 'kappa': 3.2113854510604285}. Best is trial 4 with value: 0.1142044428148171.
Trial 5 finished with value: 0.16970890805892688 and parameters: {'lambda': 60.6133742333842, 'kappa': 4.029130915629118}. Best is trial 5 with value: 0.16970890805892688.
Trial 6 finished with value: -0.10624632687019903 and parameters: {'lambda': 1664.2846394063226, 'kappa': 1.6631574710979753}. Best is trial 5 with value: 0.16970890805892688.
Trial 7 finished with value: -0.10624632687019936 and parameters: {'lambda': 379.11324308858104, 'kappa': 1.5727916564869089}. Best is trial 5 with value: 0.16970890805892688.
Trial 8 finished with value: -0.10624632687019916 and parameters: {'lambda': 620.9252743284724, 'kappa': 2.638869763709691}. Best is trial 5 with value: 0.16970890805892688.
Trial 9 finished with value: 0.014831797721672821 and parameters: {'lambda': 873.1778048064807, 'kappa': 1.9095393660962992}. Best is trial 5 with value: 0.16970890805892688.
Trial 10 finished with value: -0.10624632687019903 and parameters: {'lambda': 1886.8899990604687, 'kappa': 3.403359914931464}. Best is trial 5 with value: 0.16970890805892688.
Trial 11 finished with value: 0.1142044428148171 and parameters: {'lambda': 1191.738140594492, 'kappa': 3.2401579741487048}. Best is trial 5 with value: 0.16970890805892688.
Trial 12 finished with value: 0.1142044428148171 and parameters: {'lambda': 1169.4173567050518, 'kappa': 3.909252529278382}. Best is trial 5 with value: 0.16970890805892688.
Trial 13 finished with value: -0.10624632687019903 and parameters: {'lambda': 1410.961621668998, 'kappa': 2.2256718351156524}. Best is trial 5 with value: 0.16970890805892688.
Trial 14 finished with value: -0.10624632687019903 and parameters: {'lambda': 1101.5497235715259, 'kappa': 1.0411523272835173}. Best is trial 5 with value: 0.16970890805892688.
Trial 15 finished with value: 0.024805594643251095 and parameters: {'lambda': 51.04627507325116, 'kappa': 3.1710800662967316}. Best is trial 5 with value: 0.16970890805892688.
Trial 16 finished with value: -0.10624632687019916 and parameters: {'lambda': 548.802876889053, 'kappa': 3.533129704420071}. Best is trial 5 with value: 0.16970890805892688.
Trial 17 finished with value: 0.10233633420971901 and parameters: {'lambda': 932.18501706137, 'kappa': 2.9348699430616354}. Best is trial 5 with value: 0.16970890805892688.
Trial 18 finished with value: -0.10624632687019903 and parameters: {'lambda': 1382.6998626855793, 'kappa': 4.11958735270775}. Best is trial 5 with value: 0.16970890805892688.
Trial 19 finished with value: -0.10624632687019903 and parameters: {'lambda': 1770.6751236233758, 'kappa': 2.353659688905808}. Best is trial 5 with value: 0.16970890805892688.
Trial 20 finished with value: -0.10624632687019903 and parameters: {'lambda': 1583.3496659206821, 'kappa': 3.695428500450457}. Best is trial 5 with value: 0.16970890805892688.
Trial 21 finished with value: 0.1142044428148171 and parameters: {'lambda': 1223.062128624122, 'kappa': 3.244701512341302}. Best is trial 5 with value: 0.16970890805892688.
Trial 22 finished with value: 0.17003027533746523 and parameters: {'lambda': 1262.0070780674534, 'kappa': 2.9886072041799463}. Best is trial 22 with value: 0.17003027533746523.
Trial 23 finished with value: 0.10689752998343778 and parameters: {'lambda': 970.6464478665252, 'kappa': 2.905345216173559}. Best is trial 22 with value: 0.17003027533746523.
Trial 24 finished with value: 0.1978188362187572 and parameters: {'lambda': 1305.9104486819938, 'kappa': 2.6083069970554638}. Best is trial 24 with value: 0.1978188362187572.
Trial 25 finished with value: -0.10624632687019903 and parameters: {'lambda': 1994.0029338384056, 'kappa': 2.505801535063055}. Best is trial 24 with value: 0.1978188362187572.
Trial 26 finished with value: 0.04675253499089078 and parameters: {'lambda': 740.1486346577735, 'kappa': 2.102973249639008}. Best is trial 24 with value: 0.1978188362187572.
Trial 27 finished with value: -0.10624632687019903 and parameters: {'lambda': 1337.2622457126488, 'kappa': 2.7105365451553567}. Best is trial 24 with value: 0.1978188362187572.
Trial 28 finished with value: -0.10624632687019903 and parameters: {'lambda': 1578.8201688444367, 'kappa': 1.9476948493779247}. Best is trial 24 with value: 0.1978188362187572.
Trial 29 finished with value: 0.17017938302011965 and parameters: {'lambda': 1029.9811527852485, 'kappa': 2.4364109261946623}. Best is trial 24 with value: 0.1978188362187572.
Optuna best λ=1305.9104, κ=2.6083069970554638, Sharpe=0.1978
A new study created in memory with name: no-name-489605b9-883b-4e29-aaa4-143fbce24a69
Trial 0 finished with value: 0.08374773631109238 and parameters: {'lambda': 759.7853498839952, 'kappa': 3.9691811987040015}. Best is trial 0 with value: 0.08374773631109238.
Trial 1 finished with value: -0.0901389362345168 and parameters: {'lambda': 1465.8673507626895, 'kappa': 2.869673679819506}. Best is trial 0 with value: 0.08374773631109238.
Trial 2 finished with value: -0.9859458287687393 and parameters: {'lambda': 328.1377557200871, 'kappa': 1.487187364027523}. Best is trial 0 with value: 0.08374773631109238.
Trial 3 finished with value: -0.24668903519835486 and parameters: {'lambda': 134.68574520140024, 'kappa': 3.705159593645523}. Best is trial 0 with value: 0.08374773631109238.
Trial 4 finished with value: -0.0901389362345168 and parameters: {'lambda': 1207.3409317440553, 'kappa': 3.2113854510604285}. Best is trial 0 with value: 0.08374773631109238.
Trial 5 finished with value: 0.33993520669118965 and parameters: {'lambda': 60.6133742333842, 'kappa': 4.029130915629118}. Best is trial 5 with value: 0.33993520669118965.
Trial 6 finished with value: -0.0901389362345168 and parameters: {'lambda': 1664.2846394063226, 'kappa': 1.6631574710979753}. Best is trial 5 with value: 0.33993520669118965.
Trial 7 finished with value: -0.08154446225105626 and parameters: {'lambda': 379.11324308858104, 'kappa': 1.5727916564869089}. Best is trial 5 with value: 0.33993520669118965.
Trial 8 finished with value: 0.08374773631109238 and parameters: {'lambda': 620.9252743284724, 'kappa': 2.638869763709691}. Best is trial 5 with value: 0.33993520669118965.
Trial 9 finished with value: -0.30151056391360886 and parameters: {'lambda': 873.1778048064807, 'kappa': 1.9095393660962992}. Best is trial 5 with value: 0.33993520669118965.
Trial 10 finished with value: -0.0901389362345168 and parameters: {'lambda': 1886.8899990604687, 'kappa': 3.403359914931464}. Best is trial 5 with value: 0.33993520669118965.
Trial 11 finished with value: 0.14557800839306353 and parameters: {'lambda': 34.8609161424165, 'kappa': 3.983014214982241}. Best is trial 5 with value: 0.33993520669118965.
Trial 12 finished with value: 0.22759745106937643 and parameters: {'lambda': 48.62839461429785, 'kappa': 3.834733028321934}. Best is trial 5 with value: 0.33993520669118965.
Trial 13 finished with value: -0.1166292800231218 and parameters: {'lambda': 458.70649859535825, 'kappa': 2.2138004647354244}. Best is trial 5 with value: 0.33993520669118965.
Trial 14 finished with value: -0.5566792029918884 and parameters: {'lambda': 1101.5497235715259, 'kappa': 1.0411523272835173}. Best is trial 5 with value: 0.33993520669118965.
Trial 15 finished with value: 0.14557800839306353 and parameters: {'lambda': 37.041088242378734, 'kappa': 3.4226504092668155}. Best is trial 5 with value: 0.33993520669118965.
Trial 16 finished with value: -0.4707818911203559 and parameters: {'lambda': 268.40090468770285, 'kappa': 4.108557595648523}. Best is trial 5 with value: 0.33993520669118965.
Trial 17 finished with value: 0.08374773631109238 and parameters: {'lambda': 580.2885136918369, 'kappa': 2.9348699430616354}. Best is trial 5 with value: 0.33993520669118965.
Trial 18 finished with value: -0.0901389362345168 and parameters: {'lambda': 1359.2422121044156, 'kappa': 3.6599983389133954}. Best is trial 5 with value: 0.33993520669118965.
Trial 19 finished with value: 0.05286577268812577 and parameters: {'lambda': 841.124743477924, 'kappa': 3.683596596190284}. Best is trial 5 with value: 0.33993520669118965.
Trial 20 finished with value: -0.23070097942099513 and parameters: {'lambda': 212.26908378417397, 'kappa': 3.1349829256242616}. Best is trial 5 with value: 0.33993520669118965.
Trial 21 finished with value: 0.15881095175150892 and parameters: {'lambda': 49.46162762008374, 'kappa': 3.9689982127442596}. Best is trial 5 with value: 0.33993520669118965.
Trial 22 finished with value: -0.45626725437098475 and parameters: {'lambda': 500.8622653957354, 'kappa': 3.80095754254786}. Best is trial 5 with value: 0.33993520669118965.
Trial 23 finished with value: -0.1708334136283922 and parameters: {'lambda': 194.2022597420422, 'kappa': 4.110664833508607}. Best is trial 5 with value: 0.33993520669118965.
Trial 24 finished with value: 0.08966019750464825 and parameters: {'lambda': 88.70313658285895, 'kappa': 3.627088065134563}. Best is trial 5 with value: 0.33993520669118965.
Trial 25 finished with value: -0.707166792333315 and parameters: {'lambda': 342.15585338897876, 'kappa': 3.4066120364754258}. Best is trial 5 with value: 0.33993520669118965.
Trial 26 finished with value: 0.08374773631109238 and parameters: {'lambda': 712.4142378517423, 'kappa': 3.869182806548374}. Best is trial 5 with value: 0.33993520669118965.
Trial 27 finished with value: -0.3198829094358076 and parameters: {'lambda': 225.34236631006678, 'kappa': 2.441016049888713}. Best is trial 5 with value: 0.33993520669118965.
Trial 28 finished with value: -0.6864227784197391 and parameters: {'lambda': 398.8200318045358, 'kappa': 3.4934833162574104}. Best is trial 5 with value: 0.33993520669118965.
Trial 29 finished with value: 0.05286577268812577 and parameters: {'lambda': 998.345018623694, 'kappa': 3.9192620098564643}. Best is trial 5 with value: 0.33993520669118965.
Optuna best λ=60.6134, κ=4.029130915629118, Sharpe=0.3399
A new study created in memory with name: no-name-433cff04-4ea1-48fd-acb3-8aa417191f93
Trial 0 finished with value: 0.4681400127298027 and parameters: {'lambda': 759.7853498839952, 'kappa': 3.9691811987040015}. Best is trial 0 with value: 0.4681400127298027.
