Trial 26 finished with value: 0.48673403853758257 and parameters: {'lambda': 141.4740655483694, 'kappa': 3.812491767148043}. Best is trial 5 with value: 0.7222497991731661.
Trial 27 finished with value: 0.48673403853758257 and parameters: {'lambda': 1001.8502188109624, 'kappa': 4.108661789677702}. Best is trial 5 with value: 0.7222497991731661.
Trial 28 finished with value: 0.48673403853758235 and parameters: {'lambda': 490.92302526925306, 'kappa': 1.3248711657144658}. Best is trial 5 with value: 0.7222497991731661.
Trial 29 finished with value: 0.4867340385375825 and parameters: {'lambda': 1380.3935059344817, 'kappa': 2.7504523149403792}. Best is trial 5 with value: 0.7222497991731661.
Optuna best λ=60.6134, κ=4.029130915629118, Sharpe=0.7222
A new study created in memory with name: no-name-d3c03c4b-bf13-4e0f-97a8-f02b54fb76c1
Trial 0 finished with value: -0.27906628377849374 and parameters: {'lambda': 759.7853498839952, 'kappa': 3.9691811987040015}. Best is trial 0 with value: -0.27906628377849374.
Trial 1 finished with value: 0.19532382908230214 and parameters: {'lambda': 1465.8673507626895, 'kappa': 2.869673679819506}. Best is trial 1 with value: 0.19532382908230214.
Trial 2 finished with value: -0.14100397347774934 and parameters: {'lambda': 328.1377557200871, 'kappa': 1.487187364027523}. Best is trial 1 with value: 0.19532382908230214.
Trial 3 finished with value: -0.09906561404623522 and parameters: {'lambda': 134.68574520140024, 'kappa': 3.705159593645523}. Best is trial 1 with value: 0.19532382908230214.
Trial 4 finished with value: 0.19532382908230214 and parameters: {'lambda': 1207.3409317440553, 'kappa': 3.2113854510604285}. Best is trial 1 with value: 0.19532382908230214.
Trial 5 finished with value: -0.007635059625549764 and parameters: {'lambda': 60.6133742333842, 'kappa': 4.029130915629118}. Best is trial 1 with value: 0.19532382908230214.
Trial 6 finished with value: 0.19532382908230214 and parameters: {'lambda': 1664.2846394063226, 'kappa': 1.6631574710979753}. Best is trial 1 with value: 0.19532382908230214.
Trial 7 finished with value: -0.06433715573235738 and parameters: {'lambda': 379.11324308858104, 'kappa': 1.5727916564869089}. Best is trial 1 with value: 0.19532382908230214.
Trial 8 finished with value: -0.202264217538237 and parameters: {'lambda': 620.9252743284724, 'kappa': 2.638869763709691}. Best is trial 1 with value: 0.19532382908230214.
Trial 9 finished with value: -0.21596507996470093 and parameters: {'lambda': 873.1778048064807, 'kappa': 1.9095393660962992}. Best is trial 1 with value: 0.19532382908230214.
Trial 10 finished with value: 0.19532382908230214 and parameters: {'lambda': 1936.5795254032687, 'kappa': 2.4782512203936142}. Best is trial 1 with value: 0.19532382908230214.
Trial 11 finished with value: 0.19532382908230214 and parameters: {'lambda': 1390.2252518943073, 'kappa': 3.18332783541338}. Best is trial 1 with value: 0.19532382908230214.
Trial 12 finished with value: 0.19532382908230214 and parameters: {'lambda': 1284.3256456958843, 'kappa': 3.155714518529925}. Best is trial 1 with value: 0.19532382908230214.
Trial 13 finished with value: 0.19532382908230214 and parameters: {'lambda': 1241.1722695690644, 'kappa': 3.021337815946988}. Best is trial 1 with value: 0.19532382908230214.
Trial 14 finished with value: 0.19532382908230214 and parameters: {'lambda': 1567.8638086019419, 'kappa': 2.1855441481340363}. Best is trial 1 with value: 0.19532382908230214.
Trial 15 finished with value: 0.19532382908230214 and parameters: {'lambda': 1141.6398330287896, 'kappa': 3.4226504092668155}. Best is trial 1 with value: 0.19532382908230214.
Trial 16 finished with value: 0.19532382908230214 and parameters: {'lambda': 1798.7518030151937, 'kappa': 2.6871233931365808}. Best is trial 1 with value: 0.19532382908230214.
Trial 17 finished with value: -0.11055892587496705 and parameters: {'lambda': 971.8471135857591, 'kappa': 3.5210584037895685}. Best is trial 1 with value: 0.19532382908230214.
Trial 18 finished with value: 0.19532382908230214 and parameters: {'lambda': 1463.2644939284787, 'kappa': 2.847890491959081}. Best is trial 1 with value: 0.19532382908230214.
Trial 19 finished with value: 0.19532382908230214 and parameters: {'lambda': 1103.0929973510547, 'kappa': 2.2347208910546077}. Best is trial 1 with value: 0.19532382908230214.
Trial 20 finished with value: 0.19532382908230214 and parameters: {'lambda': 1670.218171188245, 'kappa': 1.0823503127445389}. Best is trial 1 with value: 0.19532382908230214.
Trial 21 finished with value: 0.19532382908230214 and parameters: {'lambda': 1804.261315957426, 'kappa': 2.3795644956684163}. Best is trial 1 with value: 0.19532382908230214.
Trial 22 finished with value: 0.19532382908230214 and parameters: {'lambda': 1629.6967826907173, 'kappa': 1.104892266180197}. Best is trial 1 with value: 0.19532382908230214.
Trial 23 finished with value: 0.19532382908230214 and parameters: {'lambda': 1399.5072184544717, 'kappa': 1.8558208467023807}. Best is trial 1 with value: 0.19532382908230214.
Trial 24 finished with value: 0.19532382908230214 and parameters: {'lambda': 1962.4761132743597, 'kappa': 2.8720401051615}. Best is trial 1 with value: 0.19532382908230214.
Trial 25 finished with value: 0.19532382908230214 and parameters: {'lambda': 1482.6981312366265, 'kappa': 3.211900005641687}. Best is trial 1 with value: 0.19532382908230214.
Trial 26 finished with value: 0.19532382908230214 and parameters: {'lambda': 1277.6242602859804, 'kappa': 3.4357071359018256}. Best is trial 1 with value: 0.19532382908230214.
Trial 27 finished with value: 0.19532382908230214 and parameters: {'lambda': 1740.7367296028574, 'kappa': 1.9682790081244042}. Best is trial 1 with value: 0.19532382908230214.
Trial 28 finished with value: 0.19532382908230214 and parameters: {'lambda': 1074.196407294737, 'kappa': 1.407321078454788}. Best is trial 1 with value: 0.19532382908230214.
Trial 29 finished with value: 0.19532382908230214 and parameters: {'lambda': 1531.029759487401, 'kappa': 3.747127202931212}. Best is trial 1 with value: 0.19532382908230214.
Optuna best λ=1465.8674, κ=2.869673679819506, Sharpe=0.1953
A new study created in memory with name: no-name-8b518575-99ac-4cd9-aa7b-0810a42decb6
Trial 0 finished with value: 0.7199091091126918 and parameters: {'lambda': 759.7853498839952, 'kappa': 3.9691811987040015}. Best is trial 0 with value: 0.7199091091126918.
Trial 1 finished with value: 0.7199091091126918 and parameters: {'lambda': 1465.8673507626895, 'kappa': 2.869673679819506}. Best is trial 0 with value: 0.7199091091126918.
Trial 2 finished with value: -0.19442228664770828 and parameters: {'lambda': 328.1377557200871, 'kappa': 1.487187364027523}. Best is trial 0 with value: 0.7199091091126918.
Trial 3 finished with value: 0.3104371447395275 and parameters: {'lambda': 134.68574520140024, 'kappa': 3.705159593645523}. Best is trial 0 with value: 0.7199091091126918.
Trial 4 finished with value: 0.7199091091126918 and parameters: {'lambda': 1207.3409317440553, 'kappa': 3.2113854510604285}. Best is trial 0 with value: 0.7199091091126918.
Trial 5 finished with value: 0.436922439393301 and parameters: {'lambda': 60.6133742333842, 'kappa': 4.029130915629118}. Best is trial 0 with value: 0.7199091091126918.
Trial 6 finished with value: 0.7199091091126918 and parameters: {'lambda': 1664.2846394063226, 'kappa': 1.6631574710979753}. Best is trial 0 with value: 0.7199091091126918.
Trial 7 finished with value: -0.0874291048758699 and parameters: {'lambda': 379.11324308858104, 'kappa': 1.5727916564869089}. Best is trial 0 with value: 0.7199091091126918.
Trial 8 finished with value: 0.9169319326445023 and parameters: {'lambda': 620.9252743284724, 'kappa': 2.638869763709691}. Best is trial 8 with value: 0.9169319326445023.
Trial 9 finished with value: 0.7199091091126918 and parameters: {'lambda': 873.1778048064807, 'kappa': 1.9095393660962992}. Best is trial 8 with value: 0.9169319326445023.
Trial 10 finished with value: 0.8659469548176069 and parameters: {'lambda': 634.9560805115563, 'kappa': 2.220943325373505}. Best is trial 8 with value: 0.9169319326445023.
Trial 11 finished with value: 0.9169319326445023 and parameters: {'lambda': 618.6922950113895, 'kappa': 2.3731805084721884}. Best is trial 8 with value: 0.9169319326445023.
Trial 12 finished with value: 0.7199091091126918 and parameters: {'lambda': 1137.2136429924706, 'kappa': 2.5460800640931707}. Best is trial 8 with value: 0.9169319326445023.
Trial 13 finished with value: 0.6078111614379544 and parameters: {'lambda': 528.5627673835991, 'kappa': 3.1509422370356455}. Best is trial 8 with value: 0.9169319326445023.
Trial 14 finished with value: 0.7199091091126918 and parameters: {'lambda': 997.0283057518049, 'kappa': 1.0411523272835173}. Best is trial 8 with value: 0.9169319326445023.
Trial 15 finished with value: 0.7199091091126918 and parameters: {'lambda': 1931.1367191612144, 'kappa': 2.424624421729972}. Best is trial 8 with value: 0.9169319326445023.
Trial 16 finished with value: 0.6365569228848409 and parameters: {'lambda': 539.3141616126949, 'kappa': 2.9057419422810686}. Best is trial 8 with value: 0.9169319326445023.
Trial 17 finished with value: 0.7199091091126918 and parameters: {'lambda': 796.9467585876617, 'kappa': 1.994041578321538}. Best is trial 8 with value: 0.9169319326445023.
Trial 18 finished with value: -0.10421254771735643 and parameters: {'lambda': 336.1085403003575, 'kappa': 3.397377071789711}. Best is trial 8 with value: 0.9169319326445023.
Trial 19 finished with value: 0.7199091091126918 and parameters: {'lambda': 1267.7538678042038, 'kappa': 2.811523784856045}. Best is trial 8 with value: 0.9169319326445023.
Trial 20 finished with value: 0.7199091091126918 and parameters: {'lambda': 968.2005512471073, 'kappa': 2.1179009071383037}. Best is trial 8 with value: 0.9169319326445023.
Trial 21 finished with value: 0.7199091091126918 and parameters: {'lambda': 676.2927800742505, 'kappa': 2.3522203711498557}. Best is trial 8 with value: 0.9169319326445023.
Trial 22 finished with value: 0.09529680146079364 and parameters: {'lambda': 508.2346551745007, 'kappa': 2.2894180870739205}. Best is trial 8 with value: 0.9169319326445023.
Trial 23 finished with value: 0.7199091091126918 and parameters: {'lambda': 663.3966164106487, 'kappa': 2.6338804786638237}. Best is trial 8 with value: 0.9169319326445023.
Trial 24 finished with value: 0.7119418594015613 and parameters: {'lambda': 174.94013261781845, 'kappa': 2.1669192723369934}. Best is trial 8 with value: 0.9169319326445023.
Trial 25 finished with value: 0.6722269299189741 and parameters: {'lambda': 577.5553518650383, 'kappa': 1.8481102302742676}. Best is trial 8 with value: 0.9169319326445023.
Trial 26 finished with value: 0.7199091091126918 and parameters: {'lambda': 891.8275324734025, 'kappa': 2.6973385049958396}. Best is trial 8 with value: 0.9169319326445023.
Trial 27 finished with value: -0.005792387971509517 and parameters: {'lambda': 364.2384481296154, 'kappa': 1.349713240931726}. Best is trial 8 with value: 0.9169319326445023.
Trial 28 finished with value: 0.7199091091126918 and parameters: {'lambda': 1098.5708895761122, 'kappa': 3.0979843454596048}. Best is trial 8 with value: 0.9169319326445023.
Trial 29 finished with value: 0.7199091091126918 and parameters: {'lambda': 694.686277496145, 'kappa': 3.440308641708933}. Best is trial 8 with value: 0.9169319326445023.
Optuna best λ=620.9253, κ=2.638869763709691, Sharpe=0.9169
A new study created in memory with name: no-name-83e5bce2-5cc7-46f9-bb60-7bd0d6632dc7
Trial 0 finished with value: 0.19777318714965603 and parameters: {'lambda': 759.7853498839952, 'kappa': 3.9691811987040015}. Best is trial 0 with value: 0.19777318714965603.
Trial 1 finished with value: 0.19777318714965603 and parameters: {'lambda': 1465.8673507626895, 'kappa': 2.869673679819506}. Best is trial 0 with value: 0.19777318714965603.
Trial 2 finished with value: 0.19777318714965603 and parameters: {'lambda': 328.1377557200871, 'kappa': 1.487187364027523}. Best is trial 0 with value: 0.19777318714965603.
Trial 3 finished with value: 0.15482302893843522 and parameters: {'lambda': 134.68574520140024, 'kappa': 3.705159593645523}. Best is trial 0 with value: 0.19777318714965603.
Trial 4 finished with value: 0.19777318714965603 and parameters: {'lambda': 1207.3409317440553, 'kappa': 3.2113854510604285}. Best is trial 0 with value: 0.19777318714965603.
Trial 5 finished with value: 0.036597243872540645 and parameters: {'lambda': 60.6133742333842, 'kappa': 4.029130915629118}. Best is trial 0 with value: 0.19777318714965603.
Trial 6 finished with value: 0.19777318714965603 and parameters: {'lambda': 1664.2846394063226, 'kappa': 1.6631574710979753}. Best is trial 0 with value: 0.19777318714965603.
Trial 7 finished with value: 0.19777318714965603 and parameters: {'lambda': 379.11324308858104, 'kappa': 1.5727916564869089}. Best is trial 0 with value: 0.19777318714965603.
Trial 8 finished with value: 0.19777318714965603 and parameters: {'lambda': 620.9252743284724, 'kappa': 2.638869763709691}. Best is trial 0 with value: 0.19777318714965603.
Trial 9 finished with value: 0.19777318714965603 and parameters: {'lambda': 873.1778048064807, 'kappa': 1.9095393660962992}. Best is trial 0 with value: 0.19777318714965603.
Trial 10 finished with value: 0.19777318714965603 and parameters: {'lambda': 1886.8899990604687, 'kappa': 3.4091247782378664}. Best is trial 0 with value: 0.19777318714965603.
Trial 11 finished with value: 0.19777318714965603 and parameters: {'lambda': 1298.712888165613, 'kappa': 2.723057987164341}. Best is trial 0 with value: 0.19777318714965603.
Trial 12 finished with value: 0.19777318714965603 and parameters: {'lambda': 1432.6340894165896, 'kappa': 2.2154997449705958}. Best is trial 0 with value: 0.19777318714965603.
Trial 13 finished with value: 0.19777318714965603 and parameters: {'lambda': 954.3064273027765, 'kappa': 2.9924531776848378}. Best is trial 0 with value: 0.19777318714965603.
Trial 14 finished with value: 0.19777318714965603 and parameters: {'lambda': 681.276779517761, 'kappa': 1.0411523272835173}. Best is trial 0 with value: 0.19777318714965603.
Trial 15 finished with value: 0.19777318714965603 and parameters: {'lambda': 1575.8696651366647, 'kappa': 3.9538636572137684}. Best is trial 0 with value: 0.19777318714965603.
Trial 16 finished with value: 0.19777318714965603 and parameters: {'lambda': 1115.2224563073698, 'kappa': 3.5095893317281233}. Best is trial 0 with value: 0.19777318714965603.
Trial 17 finished with value: 0.19777318714965603 and parameters: {'lambda': 1877.600059137074, 'kappa': 2.3300928994225565}. Best is trial 0 with value: 0.19777318714965603.
Trial 18 finished with value: 0.19777318714965603 and parameters: {'lambda': 741.0562960581158, 'kappa': 2.9038509500810976}. Best is trial 0 with value: 0.19777318714965603.
Trial 19 finished with value: 0.19777318714965603 and parameters: {'lambda': 1474.8518716594879, 'kappa': 3.7218448999795655}. Best is trial 0 with value: 0.19777318714965603.
Trial 20 finished with value: 0.19777318714965603 and parameters: {'lambda': 494.27345451292564, 'kappa': 3.1534956380291588}. Best is trial 0 with value: 0.19777318714965603.
Trial 21 finished with value: 0.07671820730410871 and parameters: {'lambda': 234.60974546468674, 'kappa': 1.156819034708655}. Best is trial 0 with value: 0.19777318714965603.
Trial 22 finished with value: 0.19777318714965603 and parameters: {'lambda': 531.7381474027018, 'kappa': 2.2894180870739205}. Best is trial 0 with value: 0.19777318714965603.
Trial 23 finished with value: 0.19777318714965603 and parameters: {'lambda': 844.1999198463159, 'kappa': 1.3748587609469238}. Best is trial 0 with value: 0.19777318714965603.
Trial 24 finished with value: 0.19777318714965603 and parameters: {'lambda': 358.13334308973697, 'kappa': 1.905713594420495}. Best is trial 0 with value: 0.19777318714965603.
Trial 25 finished with value: 0.19777318714965603 and parameters: {'lambda': 1108.1078626985523, 'kappa': 1.8999477555606397}. Best is trial 0 with value: 0.19777318714965603.
Trial 26 finished with value: 0.023530648399696125 and parameters: {'lambda': 270.74575511471664, 'kappa': 2.442500330515138}. Best is trial 0 with value: 0.19777318714965603.
Trial 27 finished with value: 0.19777318714965603 and parameters: {'lambda': 1720.629810622259, 'kappa': 2.7772186269582764}. Best is trial 0 with value: 0.19777318714965603.
Trial 28 finished with value: 0.19777318714965603 and parameters: {'lambda': 1347.95612451144, 'kappa': 2.148145549526145}. Best is trial 0 with value: 0.19777318714965603.
Trial 29 finished with value: 0.1015697556515756 and parameters: {'lambda': 177.16955426207392, 'kappa': 3.747127202931212}. Best is trial 0 with value: 0.19777318714965603.
Optuna best λ=759.7853, κ=3.9691811987040015, Sharpe=0.1978
A new study created in memory with name: no-name-9b8f1222-909d-4eb4-a9eb-70ed1fcb7cf1
Trial 0 finished with value: -0.037363518294136956 and parameters: {'lambda': 759.7853498839952, 'kappa': 3.9691811987040015}. Best is trial 0 with value: -0.037363518294136956.
Trial 1 finished with value: -0.037363518294136956 and parameters: {'lambda': 1465.8673507626895, 'kappa': 2.869673679819506}. Best is trial 0 with value: -0.037363518294136956.
Trial 2 finished with value: -0.037363518294137095 and parameters: {'lambda': 328.1377557200871, 'kappa': 1.487187364027523}. Best is trial 0 with value: -0.037363518294136956.
Trial 3 finished with value: 0.6467231071958545 and parameters: {'lambda': 134.68574520140024, 'kappa': 3.705159593645523}. Best is trial 3 with value: 0.6467231071958545.
Trial 4 finished with value: -0.037363518294136956 and parameters: {'lambda': 1207.3409317440553, 'kappa': 3.2113854510604285}. Best is trial 3 with value: 0.6467231071958545.
Trial 5 finished with value: 0.14292360316684827 and parameters: {'lambda': 60.6133742333842, 'kappa': 4.029130915629118}. Best is trial 3 with value: 0.6467231071958545.
Trial 6 finished with value: -0.037363518294136956 and parameters: {'lambda': 1664.2846394063226, 'kappa': 1.6631574710979753}. Best is trial 3 with value: 0.6467231071958545.
Trial 7 finished with value: -0.037363518294137095 and parameters: {'lambda': 379.11324308858104, 'kappa': 1.5727916564869089}. Best is trial 3 with value: 0.6467231071958545.
Trial 8 finished with value: -0.03736351829413688 and parameters: {'lambda': 620.9252743284724, 'kappa': 2.638869763709691}. Best is trial 3 with value: 0.6467231071958545.
Trial 9 finished with value: -0.037363518294136956 and parameters: {'lambda': 873.1778048064807, 'kappa': 1.9095393660962992}. Best is trial 3 with value: 0.6467231071958545.
Trial 10 finished with value: -0.037363518294136956 and parameters: {'lambda': 1886.8899990604687, 'kappa': 3.4270596555033017}. Best is trial 3 with value: 0.6467231071958545.
Trial 11 finished with value: -0.09246150834356115 and parameters: {'lambda': 34.8609161424165, 'kappa': 3.9798232276603978}. Best is trial 3 with value: 0.6467231071958545.
Trial 12 finished with value: -0.1871764213484976 and parameters: {'lambda': 48.648302835881935, 'kappa': 3.561963338490747}. Best is trial 3 with value: 0.6467231071958545.
Trial 13 finished with value: -0.037363518294137095 and parameters: {'lambda': 413.4357677087194, 'kappa': 4.060125690956306}. Best is trial 3 with value: 0.6467231071958545.
Trial 14 finished with value: -0.037363518294136956 and parameters: {'lambda': 1146.9613502972234, 'kappa': 2.1855441481340363}. Best is trial 3 with value: 0.6467231071958545.
Trial 15 finished with value: 0.3794127071122212 and parameters: {'lambda': 119.33359562300568, 'kappa': 3.671017647863116}. Best is trial 3 with value: 0.6467231071958545.
Trial 16 finished with value: -0.03736351829413688 and parameters: {'lambda': 584.603409069565, 'kappa': 2.9702879081269344}. Best is trial 3 with value: 0.6467231071958545.
Trial 17 finished with value: -0.037363518294137095 and parameters: {'lambda': 299.5839973459175, 'kappa': 3.5909777871816364}. Best is trial 3 with value: 0.6467231071958545.
Trial 18 finished with value: -0.037363518294136956 and parameters: {'lambda': 965.9992823993667, 'kappa': 2.4317888466140385}. Best is trial 3 with value: 0.6467231071958545.
Trial 19 finished with value: -0.037363518294137095 and parameters: {'lambda': 231.93425314691265, 'kappa': 3.284167175069815}. Best is trial 3 with value: 0.6467231071958545.
Trial 20 finished with value: -0.037363518294136984 and parameters: {'lambda': 559.2952885187851, 'kappa': 1.0823503127445389}. Best is trial 3 with value: 0.6467231071958545.
Trial 21 finished with value: 0.7224791480009191 and parameters: {'lambda': 144.21985901104438, 'kappa': 3.7522741465781455}. Best is trial 21 with value: 0.7224791480009191.
Trial 22 finished with value: 0.1797602974849266 and parameters: {'lambda': 204.98336571784262, 'kappa': 3.6703918098894395}. Best is trial 21 with value: 0.7224791480009191.
Trial 23 finished with value: -0.03736351829413688 and parameters: {'lambda': 483.5023358578186, 'kappa': 3.774403942876709}. Best is trial 21 with value: 0.7224791480009191.
Trial 24 finished with value: 0.6872654726772598 and parameters: {'lambda': 174.94013261781845, 'kappa': 3.0838785197545158}. Best is trial 21 with value: 0.7224791480009191.
Trial 25 finished with value: -0.037363518294136956 and parameters: {'lambda': 719.3239773963758, 'kappa': 3.0483439054904005}. Best is trial 21 with value: 0.7224791480009191.
Trial 26 finished with value: -0.056740582250703796 and parameters: {'lambda': 217.03918746654838, 'kappa': 2.77243605431721}. Best is trial 21 with value: 0.7224791480009191.
Trial 27 finished with value: -0.037363518294137095 and parameters: {'lambda': 411.9173749243864, 'kappa': 3.258621475368105}. Best is trial 21 with value: 0.7224791480009191.
