Trial 4 finished with value: 0.2883455230639954 and parameters: {'lambda': 1207.3409317440553, 'kappa': 3.2113854510604285}. Best is trial 4 with value: 0.2883455230639954.
Trial 5 finished with value: 0.030866478704868125 and parameters: {'lambda': 60.6133742333842, 'kappa': 4.029130915629118}. Best is trial 4 with value: 0.2883455230639954.
Trial 6 finished with value: -0.29083856975916944 and parameters: {'lambda': 1664.2846394063226, 'kappa': 1.6631574710979753}. Best is trial 4 with value: 0.2883455230639954.
Trial 7 finished with value: -0.2908385697591694 and parameters: {'lambda': 379.11324308858104, 'kappa': 1.5727916564869089}. Best is trial 4 with value: 0.2883455230639954.
Trial 8 finished with value: -0.35535768013774394 and parameters: {'lambda': 620.9252743284724, 'kappa': 2.638869763709691}. Best is trial 4 with value: 0.2883455230639954.
Trial 9 finished with value: 0.2883455230639954 and parameters: {'lambda': 873.1778048064807, 'kappa': 1.9095393660962992}. Best is trial 4 with value: 0.2883455230639954.
Trial 10 finished with value: 0.2883455230639954 and parameters: {'lambda': 1270.8122987474067, 'kappa': 3.2397069956087674}. Best is trial 4 with value: 0.2883455230639954.
Trial 11 finished with value: 0.2883455230639954 and parameters: {'lambda': 1043.2364548982364, 'kappa': 2.1344039980016434}. Best is trial 4 with value: 0.2883455230639954.
Trial 12 finished with value: -0.29083856975916944 and parameters: {'lambda': 1899.3014586553732, 'kappa': 2.1653702315615755}. Best is trial 4 with value: 0.2883455230639954.
Trial 13 finished with value: 0.004866962397271106 and parameters: {'lambda': 1025.2997866561514, 'kappa': 3.1730009256632337}. Best is trial 4 with value: 0.2883455230639954.
Trial 14 finished with value: -0.29083856975916944 and parameters: {'lambda': 1270.2938225608186, 'kappa': 1.0373077153894181}. Best is trial 4 with value: 0.2883455230639954.
Trial 15 finished with value: 0.09927852631791896 and parameters: {'lambda': 855.3592453438268, 'kappa': 2.1865107871410734}. Best is trial 4 with value: 0.2883455230639954.
Trial 16 finished with value: 0.2883455230639954 and parameters: {'lambda': 1206.5762412690456, 'kappa': 3.345678703668793}. Best is trial 4 with value: 0.2883455230639954.
Trial 17 finished with value: -0.29083856975916944 and parameters: {'lambda': 1572.9574056470246, 'kappa': 2.4954193772084907}. Best is trial 4 with value: 0.2883455230639954.
Trial 18 finished with value: 0.17983842613403542 and parameters: {'lambda': 863.631699962449, 'kappa': 2.847890491959081}. Best is trial 4 with value: 0.2883455230639954.
Trial 19 finished with value: -0.35535768013774394 and parameters: {'lambda': 573.779555082064, 'kappa': 3.5101192518240296}. Best is trial 4 with value: 0.2883455230639954.
Trial 20 finished with value: -0.29083856975916944 and parameters: {'lambda': 1834.8861015251398, 'kappa': 1.0683338121685817}. Best is trial 4 with value: 0.2883455230639954.
Trial 21 finished with value: -0.29083856975916944 and parameters: {'lambda': 1343.828603581049, 'kappa': 3.1137742847580365}. Best is trial 4 with value: 0.2883455230639954.
Trial 22 finished with value: 0.18866697289337633 and parameters: {'lambda': 1085.8694500177617, 'kappa': 3.595563342171872}. Best is trial 4 with value: 0.2883455230639954.
Trial 23 finished with value: -0.29083856975916944 and parameters: {'lambda': 1319.408806206438, 'kappa': 2.5294938142613788}. Best is trial 4 with value: 0.2883455230639954.
Trial 24 finished with value: 0.2883455230639954 and parameters: {'lambda': 1151.7546032683997, 'kappa': 1.904140075473283}. Best is trial 4 with value: 0.2883455230639954.
Trial 25 finished with value: -0.29083856975916944 and parameters: {'lambda': 1463.728802449812, 'kappa': 3.0421955981937865}. Best is trial 4 with value: 0.2883455230639954.
Trial 26 finished with value: 0.2106808001578513 and parameters: {'lambda': 882.8683991667399, 'kappa': 3.7901155146999317}. Best is trial 4 with value: 0.2883455230639954.
Trial 27 finished with value: -0.29083856975916944 and parameters: {'lambda': 1720.629810622259, 'kappa': 3.3826296424490785}. Best is trial 4 with value: 0.2883455230639954.
Trial 28 finished with value: -0.35535768013774394 and parameters: {'lambda': 719.3782253348417, 'kappa': 2.7607436619369725}. Best is trial 4 with value: 0.2883455230639954.
Trial 29 finished with value: -0.29083856975916944 and parameters: {'lambda': 1425.508989495469, 'kappa': 2.338050648682274}. Best is trial 4 with value: 0.2883455230639954.
Optuna best λ=1207.3409, κ=3.2113854510604285, Sharpe=0.2883
A new study created in memory with name: no-name-14caf572-520d-4089-ad4f-6d1fb91b5373
Trial 0 finished with value: -0.018408967603223195 and parameters: {'lambda': 759.7853498839952, 'kappa': 3.9691811987040015}. Best is trial 0 with value: -0.018408967603223195.
Trial 1 finished with value: -0.11712895239166116 and parameters: {'lambda': 1465.8673507626895, 'kappa': 2.869673679819506}. Best is trial 0 with value: -0.018408967603223195.
Trial 2 finished with value: -0.7212496064193832 and parameters: {'lambda': 328.1377557200871, 'kappa': 1.487187364027523}. Best is trial 0 with value: -0.018408967603223195.
Trial 3 finished with value: -0.26157742103009585 and parameters: {'lambda': 134.68574520140024, 'kappa': 3.705159593645523}. Best is trial 0 with value: -0.018408967603223195.
Trial 4 finished with value: -0.11712895239166116 and parameters: {'lambda': 1207.3409317440553, 'kappa': 3.2113854510604285}. Best is trial 0 with value: -0.018408967603223195.
Trial 5 finished with value: -0.7130732405505352 and parameters: {'lambda': 60.6133742333842, 'kappa': 4.029130915629118}. Best is trial 0 with value: -0.018408967603223195.
Trial 6 finished with value: -0.11712895239166116 and parameters: {'lambda': 1664.2846394063226, 'kappa': 1.6631574710979753}. Best is trial 0 with value: -0.018408967603223195.
Trial 7 finished with value: -0.24809177285448014 and parameters: {'lambda': 379.11324308858104, 'kappa': 1.5727916564869089}. Best is trial 0 with value: -0.018408967603223195.
Trial 8 finished with value: -0.018408967603223195 and parameters: {'lambda': 620.9252743284724, 'kappa': 2.638869763709691}. Best is trial 0 with value: -0.018408967603223195.
Trial 9 finished with value: 0.04104677810071432 and parameters: {'lambda': 873.1778048064807, 'kappa': 1.9095393660962992}. Best is trial 9 with value: 0.04104677810071432.
Trial 10 finished with value: -0.11712895239166116 and parameters: {'lambda': 1050.221228040157, 'kappa': 2.1258152001831987}. Best is trial 9 with value: 0.04104677810071432.
Trial 11 finished with value: 0.0027052682362310957 and parameters: {'lambda': 730.3070769194337, 'kappa': 1.053853654677886}. Best is trial 9 with value: 0.04104677810071432.
Trial 12 finished with value: 0.0027052682362310957 and parameters: {'lambda': 776.6645220330424, 'kappa': 1.1209428898519396}. Best is trial 9 with value: 0.04104677810071432.
Trial 13 finished with value: -0.11712895239166116 and parameters: {'lambda': 1220.8217336789369, 'kappa': 2.1448998910938055}. Best is trial 9 with value: 0.04104677810071432.
Trial 14 finished with value: -0.11712895239166116 and parameters: {'lambda': 1890.4955953664362, 'kappa': 1.0128028839993848}. Best is trial 9 with value: 0.04104677810071432.
Trial 15 finished with value: -0.09610836583042613 and parameters: {'lambda': 574.5424571437802, 'kappa': 2.0854504666587466}. Best is trial 9 with value: 0.04104677810071432.
Trial 16 finished with value: 0.0027052682362310957 and parameters: {'lambda': 933.2263656684999, 'kappa': 1.3239587846218819}. Best is trial 9 with value: 0.04104677810071432.
Trial 17 finished with value: -0.11712895239166116 and parameters: {'lambda': 1005.6589399047976, 'kappa': 1.8466240583487405}. Best is trial 9 with value: 0.04104677810071432.
Trial 18 finished with value: -0.11712895239166116 and parameters: {'lambda': 1382.6998626855793, 'kappa': 2.4316476110476684}. Best is trial 9 with value: 0.04104677810071432.
Trial 19 finished with value: -0.3028836392922085 and parameters: {'lambda': 446.2956462137329, 'kappa': 1.850262702131244}. Best is trial 9 with value: 0.04104677810071432.
Trial 20 finished with value: 0.0027052682362310957 and parameters: {'lambda': 828.7236276232628, 'kappa': 1.2183279286816353}. Best is trial 9 with value: 0.04104677810071432.
Trial 21 finished with value: 0.0027052682362310957 and parameters: {'lambda': 668.972107105012, 'kappa': 1.0903199194891617}. Best is trial 9 with value: 0.04104677810071432.
Trial 22 finished with value: 0.0027052682362310957 and parameters: {'lambda': 865.7807611136184, 'kappa': 1.3158737785572154}. Best is trial 9 with value: 0.04104677810071432.
Trial 23 finished with value: -0.11712895239166116 and parameters: {'lambda': 1116.6942312932306, 'kappa': 1.0342824750049133}. Best is trial 9 with value: 0.04104677810071432.
Trial 24 finished with value: -0.011367720388169175 and parameters: {'lambda': 518.8210968215965, 'kappa': 1.7776862114028185}. Best is trial 9 with value: 0.04104677810071432.
Trial 25 finished with value: -0.7189899787810374 and parameters: {'lambda': 267.93274387285226, 'kappa': 1.482552842657598}. Best is trial 9 with value: 0.04104677810071432.
Trial 26 finished with value: -0.008569579324107096 and parameters: {'lambda': 734.2857057358376, 'kappa': 2.328179887247454}. Best is trial 9 with value: 0.04104677810071432.
Trial 27 finished with value: -0.11712895239166116 and parameters: {'lambda': 1364.3550052881037, 'kappa': 1.3278319223700858}. Best is trial 9 with value: 0.04104677810071432.
Trial 28 finished with value: -0.018408967603223195 and parameters: {'lambda': 856.3509923657083, 'kappa': 2.7728516239057583}. Best is trial 9 with value: 0.04104677810071432.
Trial 29 finished with value: 0.04104677810071432 and parameters: {'lambda': 751.9147446287808, 'kappa': 1.9634385218258887}. Best is trial 9 with value: 0.04104677810071432.
Optuna best λ=873.1778, κ=1.9095393660962992, Sharpe=0.0410
A new study created in memory with name: no-name-8beade56-3503-4eb5-9776-66ec0239049a
Trial 0 finished with value: 0.7209628101754324 and parameters: {'lambda': 759.7853498839952, 'kappa': 3.9691811987040015}. Best is trial 0 with value: 0.7209628101754324.
Trial 1 finished with value: 0.32431077905974515 and parameters: {'lambda': 1465.8673507626895, 'kappa': 2.869673679819506}. Best is trial 0 with value: 0.7209628101754324.
Trial 2 finished with value: 0.5763826101724059 and parameters: {'lambda': 328.1377557200871, 'kappa': 1.487187364027523}. Best is trial 0 with value: 0.7209628101754324.
Trial 3 finished with value: 0.5792503132628464 and parameters: {'lambda': 134.68574520140024, 'kappa': 3.705159593645523}. Best is trial 0 with value: 0.7209628101754324.
Trial 4 finished with value: 0.32431077905974515 and parameters: {'lambda': 1207.3409317440553, 'kappa': 3.2113854510604285}. Best is trial 0 with value: 0.7209628101754324.
Trial 5 finished with value: 0.3625750856875427 and parameters: {'lambda': 60.6133742333842, 'kappa': 4.029130915629118}. Best is trial 0 with value: 0.7209628101754324.
Trial 6 finished with value: 0.32431077905974515 and parameters: {'lambda': 1664.2846394063226, 'kappa': 1.6631574710979753}. Best is trial 0 with value: 0.7209628101754324.
Trial 7 finished with value: 0.7576576130731748 and parameters: {'lambda': 379.11324308858104, 'kappa': 1.5727916564869089}. Best is trial 7 with value: 0.7576576130731748.
Trial 8 finished with value: 0.7176954229688955 and parameters: {'lambda': 620.9252743284724, 'kappa': 2.638869763709691}. Best is trial 7 with value: 0.7576576130731748.
Trial 9 finished with value: 0.7099603134704692 and parameters: {'lambda': 873.1778048064807, 'kappa': 1.9095393660962992}. Best is trial 7 with value: 0.7576576130731748.
Trial 10 finished with value: 0.6411244099132771 and parameters: {'lambda': 430.0641332089457, 'kappa': 1.0187298358271706}. Best is trial 7 with value: 0.7576576130731748.
Trial 11 finished with value: 0.7802777121136113 and parameters: {'lambda': 809.873088210113, 'kappa': 2.236590256472323}. Best is trial 11 with value: 0.7802777121136113.
Trial 12 finished with value: 0.32431077905974515 and parameters: {'lambda': 1137.2136429924706, 'kappa': 2.1512259120733077}. Best is trial 11 with value: 0.7802777121136113.
Trial 13 finished with value: 0.6238955991670196 and parameters: {'lambda': 535.6066945428024, 'kappa': 2.2256718351156524}. Best is trial 11 with value: 0.7802777121136113.
Trial 14 finished with value: 0.32431077905974515 and parameters: {'lambda': 997.0283057518049, 'kappa': 1.1056629248595973}. Best is trial 11 with value: 0.7802777121136113.
Trial 15 finished with value: 0.32431077905974515 and parameters: {'lambda': 1931.1367191612144, 'kappa': 2.3740078356482943}. Best is trial 11 with value: 0.7802777121136113.
Trial 16 finished with value: 0.5763826101724059 and parameters: {'lambda': 334.52000418483817, 'kappa': 1.4202427724198328}. Best is trial 11 with value: 0.7802777121136113.
Trial 17 finished with value: 0.645939173968397 and parameters: {'lambda': 696.5277851829601, 'kappa': 1.914517587648854}. Best is trial 11 with value: 0.7802777121136113.
Trial 18 finished with value: 0.32431077905974515 and parameters: {'lambda': 1302.721486151835, 'kappa': 2.847890491959081}. Best is trial 11 with value: 0.7802777121136113.
Trial 19 finished with value: 0.640380606100134 and parameters: {'lambda': 911.8042184441267, 'kappa': 3.29302689037283}. Best is trial 11 with value: 0.7802777121136113.
Trial 20 finished with value: 0.6172716126037529 and parameters: {'lambda': 212.26908378417397, 'kappa': 1.864905268738863}. Best is trial 11 with value: 0.7802777121136113.
Trial 21 finished with value: 0.6546900187738087 and parameters: {'lambda': 562.7519318931224, 'kappa': 3.4656202671184477}. Best is trial 11 with value: 0.7802777121136113.
Trial 22 finished with value: 0.6518705783372222 and parameters: {'lambda': 706.6363076099412, 'kappa': 2.481234914365787}. Best is trial 11 with value: 0.7802777121136113.
Trial 23 finished with value: 0.7160663917838214 and parameters: {'lambda': 832.090650647492, 'kappa': 4.110664833508607}. Best is trial 11 with value: 0.7802777121136113.
Trial 24 finished with value: 0.7075294094652655 and parameters: {'lambda': 767.0712066031323, 'kappa': 1.385667224202428}. Best is trial 11 with value: 0.7802777121136113.
Trial 25 finished with value: 0.5914379389198929 and parameters: {'lambda': 1076.1076176909978, 'kappa': 2.767867966459686}. Best is trial 11 with value: 0.7802777121136113.
Trial 26 finished with value: 0.7988155892460599 and parameters: {'lambda': 458.27645750205875, 'kappa': 3.0718883492690034}. Best is trial 26 with value: 0.7988155892460599.
Trial 27 finished with value: 0.6637575846209907 and parameters: {'lambda': 426.36688179265417, 'kappa': 3.013384013148427}. Best is trial 26 with value: 0.7988155892460599.
Trial 28 finished with value: 0.5040019514394064 and parameters: {'lambda': 298.09422065216825, 'kappa': 2.1761954589761956}. Best is trial 26 with value: 0.7988155892460599.
Trial 29 finished with value: 0.6754683623791516 and parameters: {'lambda': 490.5869756612962, 'kappa': 3.747127202931212}. Best is trial 26 with value: 0.7988155892460599.
Optuna best λ=458.2765, κ=3.0718883492690034, Sharpe=0.7988
A new study created in memory with name: no-name-3e3e1e3b-0a37-4607-b013-2e89fa5cd291
Trial 0 finished with value: 0.14873092829284276 and parameters: {'lambda': 759.7853498839952, 'kappa': 3.9691811987040015}. Best is trial 0 with value: 0.14873092829284276.
Trial 1 finished with value: 0.45028140374435205 and parameters: {'lambda': 1465.8673507626895, 'kappa': 2.869673679819506}. Best is trial 1 with value: 0.45028140374435205.
Trial 2 finished with value: 0.46864788191636503 and parameters: {'lambda': 328.1377557200871, 'kappa': 1.487187364027523}. Best is trial 2 with value: 0.46864788191636503.
Trial 3 finished with value: -0.05883074566547298 and parameters: {'lambda': 134.68574520140024, 'kappa': 3.705159593645523}. Best is trial 2 with value: 0.46864788191636503.
Trial 4 finished with value: 0.45028140374435205 and parameters: {'lambda': 1207.3409317440553, 'kappa': 3.2113854510604285}. Best is trial 2 with value: 0.46864788191636503.
Trial 5 finished with value: 0.8196792154629282 and parameters: {'lambda': 60.6133742333842, 'kappa': 4.029130915629118}. Best is trial 5 with value: 0.8196792154629282.
Trial 6 finished with value: 0.45028140374435205 and parameters: {'lambda': 1664.2846394063226, 'kappa': 1.6631574710979753}. Best is trial 5 with value: 0.8196792154629282.
Trial 7 finished with value: 0.37628914807137 and parameters: {'lambda': 379.11324308858104, 'kappa': 1.5727916564869089}. Best is trial 5 with value: 0.8196792154629282.
Trial 8 finished with value: 0.35729323068702984 and parameters: {'lambda': 620.9252743284724, 'kappa': 2.638869763709691}. Best is trial 5 with value: 0.8196792154629282.
Trial 9 finished with value: 0.45028140374435205 and parameters: {'lambda': 873.1778048064807, 'kappa': 1.9095393660962992}. Best is trial 5 with value: 0.8196792154629282.
Trial 10 finished with value: 0.45028140374435205 and parameters: {'lambda': 1886.8899990604687, 'kappa': 3.403359914931464}. Best is trial 5 with value: 0.8196792154629282.
Trial 11 finished with value: 0.33558488935842906 and parameters: {'lambda': 34.8609161424165, 'kappa': 1.0799836552286157}. Best is trial 5 with value: 0.8196792154629282.
Trial 12 finished with value: 0.5614433738493847 and parameters: {'lambda': 370.70542639743644, 'kappa': 2.243131401327489}. Best is trial 5 with value: 0.8196792154629282.
Trial 13 finished with value: 0.5048079009002046 and parameters: {'lambda': 436.94392686564385, 'kappa': 2.21325173619893}. Best is trial 5 with value: 0.8196792154629282.
Trial 14 finished with value: 0.45028140374435205 and parameters: {'lambda': 1101.5497235715259, 'kappa': 2.332277748224854}. Best is trial 5 with value: 0.8196792154629282.
Trial 15 finished with value: 0.4498358119268551 and parameters: {'lambda': 204.00750582148405, 'kappa': 2.928375538167292}. Best is trial 5 with value: 0.8196792154629282.
Trial 16 finished with value: 0.015872941924869526 and parameters: {'lambda': 584.603409069565, 'kappa': 4.097964996435719}. Best is trial 5 with value: 0.8196792154629282.
Trial 17 finished with value: 0.4858792729778318 and parameters: {'lambda': 85.9133562281703, 'kappa': 2.0613042610599437}. Best is trial 5 with value: 0.8196792154629282.
Trial 18 finished with value: 0.36424987371331335 and parameters: {'lambda': 559.8525001629247, 'kappa': 2.6016429032774058}. Best is trial 5 with value: 0.8196792154629282.
Trial 19 finished with value: 0.17319344834341488 and parameters: {'lambda': 822.7103863504672, 'kappa': 3.3565930077476107}. Best is trial 5 with value: 0.8196792154629282.
Trial 20 finished with value: 0.04340833340039627 and parameters: {'lambda': 244.06378429326892, 'kappa': 3.695428500450457}. Best is trial 5 with value: 0.8196792154629282.
Trial 21 finished with value: 0.5444962306930725 and parameters: {'lambda': 408.11106957600913, 'kappa': 2.2253762334960396}. Best is trial 5 with value: 0.8196792154629282.
Trial 22 finished with value: 0.36424987371331335 and parameters: {'lambda': 568.7395308684673, 'kappa': 2.320679652117355}. Best is trial 5 with value: 0.8196792154629282.
Trial 23 finished with value: 0.4388789229114313 and parameters: {'lambda': 383.9196632453294, 'kappa': 1.8536020401829196}. Best is trial 5 with value: 0.8196792154629282.
Trial 24 finished with value: 0.04340833340039627 and parameters: {'lambda': 242.44049203105186, 'kappa': 2.9462832393254694}. Best is trial 5 with value: 0.8196792154629282.
Trial 25 finished with value: 0.062068176032740306 and parameters: {'lambda': 27.787617468079873, 'kappa': 1.1572729131205266}. Best is trial 5 with value: 0.8196792154629282.
Trial 26 finished with value: 0.45028140374435205 and parameters: {'lambda': 1001.4774175620676, 'kappa': 2.497623284161972}. Best is trial 5 with value: 0.8196792154629282.
Trial 27 finished with value: 0.45028140374435205 and parameters: {'lambda': 1365.007617530211, 'kappa': 2.0748378916997163}. Best is trial 5 with value: 0.8196792154629282.
Trial 28 finished with value: -0.12156341044262252 and parameters: {'lambda': 454.60443467441155, 'kappa': 1.326184431810769}. Best is trial 5 with value: 0.8196792154629282.
Trial 29 finished with value: 0.09703006344492883 and parameters: {'lambda': 784.2464622998527, 'kappa': 3.8448898707672257}. Best is trial 5 with value: 0.8196792154629282.
Optuna best λ=60.6134, κ=4.029130915629118, Sharpe=0.8197
A new study created in memory with name: no-name-082589b8-6fdc-45a5-84ce-11a2deb909a4
Trial 0 finished with value: 0.9419956167353616 and parameters: {'lambda': 759.7853498839952, 'kappa': 3.9691811987040015}. Best is trial 0 with value: 0.9419956167353616.
Trial 1 finished with value: 0.8295622429661221 and parameters: {'lambda': 1465.8673507626895, 'kappa': 2.869673679819506}. Best is trial 0 with value: 0.9419956167353616.
Trial 2 finished with value: 0.8459176796119287 and parameters: {'lambda': 328.1377557200871, 'kappa': 1.487187364027523}. Best is trial 0 with value: 0.9419956167353616.
Trial 3 finished with value: 0.9003128184732396 and parameters: {'lambda': 134.68574520140024, 'kappa': 3.705159593645523}. Best is trial 0 with value: 0.9419956167353616.
Trial 4 finished with value: 0.8295622429661221 and parameters: {'lambda': 1207.3409317440553, 'kappa': 3.2113854510604285}. Best is trial 0 with value: 0.9419956167353616.
Trial 5 finished with value: 1.3096398816110877 and parameters: {'lambda': 60.6133742333842, 'kappa': 4.029130915629118}. Best is trial 5 with value: 1.3096398816110877.
