Trial 29 finished with value: 0.5626305928198788 and parameters: {'lambda': 1531.029759487401, 'kappa': 3.747127202931212}. Best is trial 1 with value: 0.5626305928198788.
Optuna best λ=1465.8674, κ=2.869673679819506, Sharpe=0.5626
A new study created in memory with name: no-name-e23ea12e-5685-4761-8d11-66525501ea85
Trial 0 finished with value: -0.0444462676148492 and parameters: {'lambda': 759.7853498839952, 'kappa': 3.9691811987040015}. Best is trial 0 with value: -0.0444462676148492.
Trial 1 finished with value: -0.33914907280371215 and parameters: {'lambda': 1465.8673507626895, 'kappa': 2.869673679819506}. Best is trial 0 with value: -0.0444462676148492.
Trial 2 finished with value: -1.2643040991839782 and parameters: {'lambda': 328.1377557200871, 'kappa': 1.487187364027523}. Best is trial 0 with value: -0.0444462676148492.
Trial 3 finished with value: -0.4714549303737985 and parameters: {'lambda': 134.68574520140024, 'kappa': 3.705159593645523}. Best is trial 0 with value: -0.0444462676148492.
Trial 4 finished with value: -0.33914907280371215 and parameters: {'lambda': 1207.3409317440553, 'kappa': 3.2113854510604285}. Best is trial 0 with value: -0.0444462676148492.
Trial 5 finished with value: -0.3073515460251913 and parameters: {'lambda': 60.6133742333842, 'kappa': 4.029130915629118}. Best is trial 0 with value: -0.0444462676148492.
Trial 6 finished with value: -0.33914907280371215 and parameters: {'lambda': 1664.2846394063226, 'kappa': 1.6631574710979753}. Best is trial 0 with value: -0.0444462676148492.
Trial 7 finished with value: -1.3343619876140298 and parameters: {'lambda': 379.11324308858104, 'kappa': 1.5727916564869089}. Best is trial 0 with value: -0.0444462676148492.
Trial 8 finished with value: -0.8905722251496415 and parameters: {'lambda': 620.9252743284724, 'kappa': 2.638869763709691}. Best is trial 0 with value: -0.0444462676148492.
Trial 9 finished with value: 0.3349771236477337 and parameters: {'lambda': 873.1778048064807, 'kappa': 1.9095393660962992}. Best is trial 9 with value: 0.3349771236477337.
Trial 10 finished with value: 0.33497712364773385 and parameters: {'lambda': 1050.221228040157, 'kappa': 2.1258152001831987}. Best is trial 10 with value: 0.33497712364773385.
Trial 11 finished with value: 0.33497712364773385 and parameters: {'lambda': 1043.2364548982364, 'kappa': 2.083251970202521}. Best is trial 10 with value: 0.33497712364773385.
Trial 12 finished with value: -0.33914907280371215 and parameters: {'lambda': 1201.5817902915182, 'kappa': 2.162587680277213}. Best is trial 10 with value: 0.33497712364773385.
Trial 13 finished with value: -0.33914907280371215 and parameters: {'lambda': 1102.7281876281083, 'kappa': 1.0858122970753041}. Best is trial 10 with value: 0.33497712364773385.
Trial 14 finished with value: -0.33914907280371215 and parameters: {'lambda': 1890.4955953664362, 'kappa': 2.2014578780513987}. Best is trial 10 with value: 0.33497712364773385.
Trial 15 finished with value: -0.33914907280371215 and parameters: {'lambda': 1438.9763544070654, 'kappa': 2.3740078356482943}. Best is trial 10 with value: 0.33497712364773385.
Trial 16 finished with value: 0.33497712364773363 and parameters: {'lambda': 933.2263656684999, 'kappa': 2.7489226550583026}. Best is trial 10 with value: 0.33497712364773385.
Trial 17 finished with value: -1.0182853103812135 and parameters: {'lambda': 564.9266015928292, 'kappa': 3.1369146314807645}. Best is trial 10 with value: 0.33497712364773385.
Trial 18 finished with value: -0.33914907280371215 and parameters: {'lambda': 1382.6998626855793, 'kappa': 1.0581905091678447}. Best is trial 10 with value: 0.33497712364773385.
Trial 19 finished with value: -0.33914907280371215 and parameters: {'lambda': 1770.6751236233758, 'kappa': 2.047326045997744}. Best is trial 10 with value: 0.33497712364773385.
Trial 20 finished with value: 0.33497712364773363 and parameters: {'lambda': 1033.0773749057491, 'kappa': 2.4277809810807183}. Best is trial 10 with value: 0.33497712364773385.
Trial 21 finished with value: 0.3349771236477337 and parameters: {'lambda': 898.1592636581183, 'kappa': 1.8572455642060295}. Best is trial 10 with value: 0.33497712364773385.
Trial 22 finished with value: -0.3579571919277584 and parameters: {'lambda': 726.4572549349385, 'kappa': 1.8172935508089583}. Best is trial 10 with value: 0.33497712364773385.
Trial 23 finished with value: 0.3349771236477337 and parameters: {'lambda': 872.9254967031928, 'kappa': 1.3438734111328312}. Best is trial 10 with value: 0.33497712364773385.
Trial 24 finished with value: -0.33914907280371215 and parameters: {'lambda': 1305.9104486819938, 'kappa': 1.9769117305797634}. Best is trial 10 with value: 0.33497712364773385.
Trial 25 finished with value: -0.33914907280371215 and parameters: {'lambda': 1107.4581339426268, 'kappa': 2.302099589726057}. Best is trial 10 with value: 0.33497712364773385.
Trial 26 finished with value: -1.2992630326001275 and parameters: {'lambda': 463.75188414391994, 'kappa': 1.2942759910731851}. Best is trial 10 with value: 0.33497712364773385.
Trial 27 finished with value: -0.33914907280371215 and parameters: {'lambda': 1607.790301434486, 'kappa': 3.013384013148427}. Best is trial 10 with value: 0.33497712364773385.
Trial 28 finished with value: -0.0444462676148492 and parameters: {'lambda': 767.896653290953, 'kappa': 2.540025766523626}. Best is trial 10 with value: 0.33497712364773385.
Trial 29 finished with value: -1.0556170314129156 and parameters: {'lambda': 781.4944093663933, 'kappa': 1.7118001612497928}. Best is trial 10 with value: 0.33497712364773385.
Optuna best λ=1050.2212, κ=2.1258152001831987, Sharpe=0.3350
A new study created in memory with name: no-name-965113c6-ef68-44bd-a460-0fc98b130c66
Trial 0 finished with value: -0.6822292071687676 and parameters: {'lambda': 759.7853498839952, 'kappa': 3.9691811987040015}. Best is trial 0 with value: -0.6822292071687676.
Trial 1 finished with value: -0.6245018191864944 and parameters: {'lambda': 1465.8673507626895, 'kappa': 2.869673679819506}. Best is trial 1 with value: -0.6245018191864944.
Trial 2 finished with value: -0.03844087142784407 and parameters: {'lambda': 328.1377557200871, 'kappa': 1.487187364027523}. Best is trial 2 with value: -0.03844087142784407.
Trial 3 finished with value: 0.5870619411398682 and parameters: {'lambda': 134.68574520140024, 'kappa': 3.705159593645523}. Best is trial 3 with value: 0.5870619411398682.
Trial 4 finished with value: -0.6245018191864944 and parameters: {'lambda': 1207.3409317440553, 'kappa': 3.2113854510604285}. Best is trial 3 with value: 0.5870619411398682.
Trial 5 finished with value: -0.39811735954591804 and parameters: {'lambda': 60.6133742333842, 'kappa': 4.029130915629118}. Best is trial 3 with value: 0.5870619411398682.
Trial 6 finished with value: -0.6245018191864944 and parameters: {'lambda': 1664.2846394063226, 'kappa': 1.6631574710979753}. Best is trial 3 with value: 0.5870619411398682.
Trial 7 finished with value: 0.13404965323225698 and parameters: {'lambda': 379.11324308858104, 'kappa': 1.5727916564869089}. Best is trial 3 with value: 0.5870619411398682.
Trial 8 finished with value: -0.525615321136661 and parameters: {'lambda': 620.9252743284724, 'kappa': 2.638869763709691}. Best is trial 3 with value: 0.5870619411398682.
Trial 9 finished with value: -0.6245018191864944 and parameters: {'lambda': 873.1778048064807, 'kappa': 1.9095393660962992}. Best is trial 3 with value: 0.5870619411398682.
Trial 10 finished with value: -0.6245018191864944 and parameters: {'lambda': 1886.8899990604687, 'kappa': 3.4270596555033017}. Best is trial 3 with value: 0.5870619411398682.
Trial 11 finished with value: -0.4171332578993183 and parameters: {'lambda': 34.8609161424165, 'kappa': 1.0343686984968272}. Best is trial 3 with value: 0.5870619411398682.
Trial 12 finished with value: 0.17989462276210874 and parameters: {'lambda': 467.05035260163925, 'kappa': 2.0743178083052256}. Best is trial 3 with value: 0.5870619411398682.
Trial 13 finished with value: -0.18343762824925128 and parameters: {'lambda': 448.8568148384836, 'kappa': 2.2256718351156524}. Best is trial 3 with value: 0.5870619411398682.
Trial 14 finished with value: -0.6245018191864944 and parameters: {'lambda': 1101.5497235715259, 'kappa': 2.1943367574802375}. Best is trial 3 with value: 0.5870619411398682.
Trial 15 finished with value: -0.19577219991839903 and parameters: {'lambda': 219.44160719022477, 'kappa': 3.4226504092668155}. Best is trial 3 with value: 0.5870619411398682.
Trial 16 finished with value: -0.68040005813824 and parameters: {'lambda': 584.603409069565, 'kappa': 2.4018429262841074}. Best is trial 3 with value: 0.5870619411398682.
Trial 17 finished with value: -0.08611144584024434 and parameters: {'lambda': 224.1443631275878, 'kappa': 2.941859250399054}. Best is trial 3 with value: 0.5870619411398682.
Trial 18 finished with value: -0.6245018191864944 and parameters: {'lambda': 900.1658968038295, 'kappa': 1.0572481166293688}. Best is trial 3 with value: 0.5870619411398682.
Trial 19 finished with value: -0.6220646410507057 and parameters: {'lambda': 616.8474706643977, 'kappa': 3.6381337847486916}. Best is trial 3 with value: 0.5870619411398682.
Trial 20 finished with value: -0.6245018191864944 and parameters: {'lambda': 1309.8360941711126, 'kappa': 2.7453571094926583}. Best is trial 3 with value: 0.5870619411398682.
Trial 21 finished with value: 0.27696727546920397 and parameters: {'lambda': 402.26289983812853, 'kappa': 1.8572455642060295}. Best is trial 3 with value: 0.5870619411398682.
Trial 22 finished with value: 0.0696326389708177 and parameters: {'lambda': 204.98336571784262, 'kappa': 1.9084807647719944}. Best is trial 3 with value: 0.5870619411398682.
Trial 23 finished with value: 0.08625182278659713 and parameters: {'lambda': 492.90257317687303, 'kappa': 2.004300783638993}. Best is trial 3 with value: 0.5870619411398682.
Trial 24 finished with value: -0.6245018191864944 and parameters: {'lambda': 750.8209584171443, 'kappa': 1.3241131033273477}. Best is trial 3 with value: 0.5870619411398682.
Trial 25 finished with value: -0.37234809371755745 and parameters: {'lambda': 27.473961464361025, 'kappa': 2.433374364262768}. Best is trial 3 with value: 0.5870619411398682.
Trial 26 finished with value: 0.3308473492304623 and parameters: {'lambda': 297.6790536331243, 'kappa': 1.7544015700865967}. Best is trial 3 with value: 0.5870619411398682.
Trial 27 finished with value: 0.3140732250388669 and parameters: {'lambda': 254.89889453971278, 'kappa': 1.7765542144404003}. Best is trial 3 with value: 0.5870619411398682.
Trial 28 finished with value: -0.026793586448206213 and parameters: {'lambda': 205.8970039227248, 'kappa': 1.326184431810769}. Best is trial 3 with value: 0.5870619411398682.
Trial 29 finished with value: -0.5860699794009703 and parameters: {'lambda': 805.0661777532182, 'kappa': 3.8289445699201945}. Best is trial 3 with value: 0.5870619411398682.
Optuna best λ=134.6857, κ=3.705159593645523, Sharpe=0.5871
A new study created in memory with name: no-name-9257e5d6-fa4f-4e90-851c-a03dd05022d0
Trial 0 finished with value: 0.5881900455997299 and parameters: {'lambda': 759.7853498839952, 'kappa': 3.9691811987040015}. Best is trial 0 with value: 0.5881900455997299.
Trial 1 finished with value: 0.5881900455997302 and parameters: {'lambda': 1465.8673507626895, 'kappa': 2.869673679819506}. Best is trial 1 with value: 0.5881900455997302.
Trial 2 finished with value: 0.5512258865445495 and parameters: {'lambda': 328.1377557200871, 'kappa': 1.487187364027523}. Best is trial 1 with value: 0.5881900455997302.
Trial 3 finished with value: 0.5398442357044091 and parameters: {'lambda': 134.68574520140024, 'kappa': 3.705159593645523}. Best is trial 1 with value: 0.5881900455997302.
Trial 4 finished with value: 0.5881900455997302 and parameters: {'lambda': 1207.3409317440553, 'kappa': 3.2113854510604285}. Best is trial 1 with value: 0.5881900455997302.
Trial 5 finished with value: 0.09829849083219522 and parameters: {'lambda': 60.6133742333842, 'kappa': 4.029130915629118}. Best is trial 1 with value: 0.5881900455997302.
Trial 6 finished with value: 0.5881900455997302 and parameters: {'lambda': 1664.2846394063226, 'kappa': 1.6631574710979753}. Best is trial 1 with value: 0.5881900455997302.
Trial 7 finished with value: 0.3987006836811662 and parameters: {'lambda': 379.11324308858104, 'kappa': 1.5727916564869089}. Best is trial 1 with value: 0.5881900455997302.
Trial 8 finished with value: 0.5881900455997299 and parameters: {'lambda': 620.9252743284724, 'kappa': 2.638869763709691}. Best is trial 1 with value: 0.5881900455997302.
Trial 9 finished with value: 0.5881900455997299 and parameters: {'lambda': 873.1778048064807, 'kappa': 1.9095393660962992}. Best is trial 1 with value: 0.5881900455997302.
Trial 10 finished with value: 0.5881900455997302 and parameters: {'lambda': 1936.5795254032687, 'kappa': 2.4782512203936142}. Best is trial 1 with value: 0.5881900455997302.
Trial 11 finished with value: 0.5881900455997302 and parameters: {'lambda': 1390.2252518943073, 'kappa': 3.18332783541338}. Best is trial 1 with value: 0.5881900455997302.
Trial 12 finished with value: 0.5881900455997302 and parameters: {'lambda': 1284.3256456958843, 'kappa': 3.155714518529925}. Best is trial 1 with value: 0.5881900455997302.
Trial 13 finished with value: 0.5881900455997302 and parameters: {'lambda': 1241.1722695690644, 'kappa': 3.021337815946988}. Best is trial 1 with value: 0.5881900455997302.
Trial 14 finished with value: 0.5881900455997302 and parameters: {'lambda': 1567.8638086019419, 'kappa': 2.1855441481340363}. Best is trial 1 with value: 0.5881900455997302.
Trial 15 finished with value: 0.5881900455997302 and parameters: {'lambda': 1141.6398330287896, 'kappa': 3.4226504092668155}. Best is trial 1 with value: 0.5881900455997302.
Trial 16 finished with value: 0.5881900455997302 and parameters: {'lambda': 1798.7518030151937, 'kappa': 2.6871233931365808}. Best is trial 1 with value: 0.5881900455997302.
Trial 17 finished with value: 0.5881900455997302 and parameters: {'lambda': 971.8471135857591, 'kappa': 3.5210584037895685}. Best is trial 1 with value: 0.5881900455997302.
Trial 18 finished with value: 0.5881900455997302 and parameters: {'lambda': 1463.2644939284787, 'kappa': 2.847890491959081}. Best is trial 1 with value: 0.5881900455997302.
Trial 19 finished with value: 0.5881900455997302 and parameters: {'lambda': 1103.0929973510547, 'kappa': 2.2347208910546077}. Best is trial 1 with value: 0.5881900455997302.
Trial 20 finished with value: 0.5881900455997302 and parameters: {'lambda': 1670.218171188245, 'kappa': 1.0823503127445389}. Best is trial 1 with value: 0.5881900455997302.
Trial 21 finished with value: 0.5881900455997302 and parameters: {'lambda': 1804.261315957426, 'kappa': 2.3795644956684163}. Best is trial 1 with value: 0.5881900455997302.
Trial 22 finished with value: 0.5881900455997302 and parameters: {'lambda': 1629.6967826907173, 'kappa': 1.104892266180197}. Best is trial 1 with value: 0.5881900455997302.
Trial 23 finished with value: 0.5881900455997302 and parameters: {'lambda': 1399.5072184544717, 'kappa': 1.8558208467023807}. Best is trial 1 with value: 0.5881900455997302.
Trial 24 finished with value: 0.5881900455997302 and parameters: {'lambda': 1962.4761132743597, 'kappa': 2.8720401051615}. Best is trial 1 with value: 0.5881900455997302.
Trial 25 finished with value: 0.5881900455997302 and parameters: {'lambda': 1482.6981312366265, 'kappa': 3.211900005641687}. Best is trial 1 with value: 0.5881900455997302.
Trial 26 finished with value: 0.5881900455997302 and parameters: {'lambda': 1277.6242602859804, 'kappa': 3.4357071359018256}. Best is trial 1 with value: 0.5881900455997302.
Trial 27 finished with value: 0.5881900455997302 and parameters: {'lambda': 1740.7367296028574, 'kappa': 1.9682790081244042}. Best is trial 1 with value: 0.5881900455997302.
Trial 28 finished with value: 0.5881900455997302 and parameters: {'lambda': 1074.196407294737, 'kappa': 1.407321078454788}. Best is trial 1 with value: 0.5881900455997302.
Trial 29 finished with value: 0.5881900455997302 and parameters: {'lambda': 1531.029759487401, 'kappa': 3.747127202931212}. Best is trial 1 with value: 0.5881900455997302.
Optuna best λ=1465.8674, κ=2.869673679819506, Sharpe=0.5882
A new study created in memory with name: no-name-672f3fb4-4e88-4f92-9651-7b08d77c88d2
Trial 0 finished with value: 0.10302529823405138 and parameters: {'lambda': 759.7853498839952, 'kappa': 3.9691811987040015}. Best is trial 0 with value: 0.10302529823405138.
Trial 1 finished with value: 0.10302529823405152 and parameters: {'lambda': 1465.8673507626895, 'kappa': 2.869673679819506}. Best is trial 1 with value: 0.10302529823405152.
Trial 2 finished with value: 0.05627078701550333 and parameters: {'lambda': 328.1377557200871, 'kappa': 1.487187364027523}. Best is trial 1 with value: 0.10302529823405152.
Trial 3 finished with value: -0.04582810208625628 and parameters: {'lambda': 134.68574520140024, 'kappa': 3.705159593645523}. Best is trial 1 with value: 0.10302529823405152.
Trial 4 finished with value: 0.10302529823405152 and parameters: {'lambda': 1207.3409317440553, 'kappa': 3.2113854510604285}. Best is trial 1 with value: 0.10302529823405152.
Trial 5 finished with value: -0.027042586454604403 and parameters: {'lambda': 60.6133742333842, 'kappa': 4.029130915629118}. Best is trial 1 with value: 0.10302529823405152.
Trial 6 finished with value: 0.10302529823405152 and parameters: {'lambda': 1664.2846394063226, 'kappa': 1.6631574710979753}. Best is trial 1 with value: 0.10302529823405152.
Trial 7 finished with value: -0.09876586981242579 and parameters: {'lambda': 379.11324308858104, 'kappa': 1.5727916564869089}. Best is trial 1 with value: 0.10302529823405152.
Trial 8 finished with value: 0.10302529823405138 and parameters: {'lambda': 620.9252743284724, 'kappa': 2.638869763709691}. Best is trial 1 with value: 0.10302529823405152.
Trial 9 finished with value: 0.10302529823405134 and parameters: {'lambda': 873.1778048064807, 'kappa': 1.9095393660962992}. Best is trial 1 with value: 0.10302529823405152.
Trial 10 finished with value: 0.10302529823405152 and parameters: {'lambda': 1936.5795254032687, 'kappa': 2.4782512203936142}. Best is trial 1 with value: 0.10302529823405152.
Trial 11 finished with value: 0.10302529823405152 and parameters: {'lambda': 1390.2252518943073, 'kappa': 3.18332783541338}. Best is trial 1 with value: 0.10302529823405152.
Trial 12 finished with value: 0.10302529823405152 and parameters: {'lambda': 1284.3256456958843, 'kappa': 3.155714518529925}. Best is trial 1 with value: 0.10302529823405152.
Trial 13 finished with value: 0.10302529823405152 and parameters: {'lambda': 1241.1722695690644, 'kappa': 3.021337815946988}. Best is trial 1 with value: 0.10302529823405152.
Trial 14 finished with value: 0.10302529823405152 and parameters: {'lambda': 1567.8638086019419, 'kappa': 2.1855441481340363}. Best is trial 1 with value: 0.10302529823405152.
Trial 15 finished with value: 0.10302529823405152 and parameters: {'lambda': 1141.6398330287896, 'kappa': 3.4226504092668155}. Best is trial 1 with value: 0.10302529823405152.
Trial 16 finished with value: 0.10302529823405152 and parameters: {'lambda': 1798.7518030151937, 'kappa': 2.6871233931365808}. Best is trial 1 with value: 0.10302529823405152.
Trial 17 finished with value: 0.10302529823405146 and parameters: {'lambda': 971.8471135857591, 'kappa': 3.5210584037895685}. Best is trial 1 with value: 0.10302529823405152.
Trial 18 finished with value: 0.10302529823405152 and parameters: {'lambda': 1463.2644939284787, 'kappa': 2.847890491959081}. Best is trial 1 with value: 0.10302529823405152.
Trial 19 finished with value: 0.10302529823405152 and parameters: {'lambda': 1103.0929973510547, 'kappa': 2.2347208910546077}. Best is trial 1 with value: 0.10302529823405152.
Trial 20 finished with value: 0.10302529823405152 and parameters: {'lambda': 1670.218171188245, 'kappa': 1.0823503127445389}. Best is trial 1 with value: 0.10302529823405152.
Trial 21 finished with value: 0.10302529823405152 and parameters: {'lambda': 1804.261315957426, 'kappa': 2.3795644956684163}. Best is trial 1 with value: 0.10302529823405152.
Trial 22 finished with value: 0.10302529823405152 and parameters: {'lambda': 1629.6967826907173, 'kappa': 1.104892266180197}. Best is trial 1 with value: 0.10302529823405152.
Trial 23 finished with value: 0.10302529823405152 and parameters: {'lambda': 1399.5072184544717, 'kappa': 1.8558208467023807}. Best is trial 1 with value: 0.10302529823405152.
Trial 24 finished with value: 0.10302529823405152 and parameters: {'lambda': 1962.4761132743597, 'kappa': 2.8720401051615}. Best is trial 1 with value: 0.10302529823405152.
Trial 25 finished with value: 0.10302529823405152 and parameters: {'lambda': 1482.6981312366265, 'kappa': 3.211900005641687}. Best is trial 1 with value: 0.10302529823405152.
Trial 26 finished with value: 0.10302529823405152 and parameters: {'lambda': 1277.6242602859804, 'kappa': 3.4357071359018256}. Best is trial 1 with value: 0.10302529823405152.
Trial 27 finished with value: 0.10302529823405152 and parameters: {'lambda': 1740.7367296028574, 'kappa': 1.9682790081244042}. Best is trial 1 with value: 0.10302529823405152.
Trial 28 finished with value: 0.10302529823405152 and parameters: {'lambda': 1074.196407294737, 'kappa': 1.407321078454788}. Best is trial 1 with value: 0.10302529823405152.
Trial 29 finished with value: 0.10302529823405152 and parameters: {'lambda': 1531.029759487401, 'kappa': 3.747127202931212}. Best is trial 1 with value: 0.10302529823405152.
Optuna best λ=1465.8674, κ=2.869673679819506, Sharpe=0.1030
A new study created in memory with name: no-name-9b637f80-196a-4ff2-875a-116930950269
Trial 0 finished with value: 0.21168089245979116 and parameters: {'lambda': 759.7853498839952, 'kappa': 3.9691811987040015}. Best is trial 0 with value: 0.21168089245979116.
